✔ [1421/1439] Built Mathlib.Data.ENNReal.Real (6.4s)
✔ [1422/1441] Built Mathlib.Order.UpperLower.Closure (6.5s)
✔ [1423/1446] Built Mathlib.Topology.Constructions (11s)
✔ [1424/1447] Built Mathlib.Analysis.Normed.Group.Seminorm (15s)
✔ [1426/1447] Built Mathlib.Data.ENNReal.Operations (13s)
✔ [1427/1447] Built Mathlib.Topology.ContinuousOn (13s)
✔ [1428/1447] Built Mathlib.Topology.UniformSpace.Defs (10s)
✔ [1429/1447] Built Mathlib.Topology.Inseparable (8.9s)
✔ [1430/1447] Built Mathlib.Topology.Piecewise (4.4s)
✔ [1431/1447] Built Mathlib.Data.ENNReal.Inv (18s)
✔ [1432/1447] Built Mathlib.Topology.Bases (15s)
✔ [1433/1447] Built Mathlib.Data.Rel (34s)
✔ [1434/1447] Built Mathlib.Topology.LocallyFinite (3.2s)
✔ [1435/1452] Built Mathlib.Topology.Irreducible (4.4s)
✔ [1437/1452] Built Mathlib.Topology.UniformSpace.OfFun (2.8s)
✔ [1438/1452] Built Mathlib.Order.SuccPred.Relation (4.6s)
✔ [1439/1454] Built Mathlib.Logic.Equiv.Fin.Basic (7.5s)
✔ [1440/1454] Built Mathlib.Topology.UniformSpace.Basic (12s)
✔ [1441/1456] Built Mathlib.Order.Filter.CountableInter (4.7s)
✔ [1442/1464] Built Mathlib.Topology.Compactness.Compact (15s)
✔ [1443/1464] Built Mathlib.Topology.Connected.Basic (7.5s)
✔ [1444/1464] Built Mathlib.Topology.Compactness.LocallyFinite (3.1s)
✔ [1445/1464] Built Mathlib.Topology.UniformSpace.Compact (4.9s)
✔ [1446/1468] Built Mathlib.Data.Set.Functor (5.1s)
✔ [1447/1468] Built Mathlib.Topology.Compactness.LocallyCompact (4.9s)
✔ [1448/1468] Built Mathlib.Data.Set.BoolIndicator (3.7s)
✔ [1449/1471] Built Mathlib.Topology.Connected.LocallyConnected (4.2s)
✔ [1450/1471] Built Mathlib.Topology.EMetricSpace.Defs (12s)
✔ [1451/1471] Built Mathlib.Topology.UniformSpace.DiscreteUniformity (3.8s)
✔ [1452/1473] Built Mathlib.Data.Set.Subset (5.1s)
✔ [1453/1473] Built Mathlib.Topology.Compactness.SigmaCompact (5.6s)
✔ [1454/1475] Built Mathlib.Topology.Clopen (4.2s)
✔ [1455/1475] Built Mathlib.Topology.Compactness.Lindelof (10s)
✔ [1456/1475] Built Mathlib.Topology.Connected.Clopen (8.8s)
✔ [1457/1475] Built Mathlib.Topology.Separation.Basic (16s)
✔ [1458/1477] Built Mathlib.Topology.Bornology.Constructions (4.1s)
✔ [1459/1477] Built Mathlib.Topology.Connected.TotallyDisconnected (4.5s)
✔ [1460/1480] Built Mathlib.Topology.MetricSpace.Pseudo.Defs (16s)
✔ [1461/1480] Built Mathlib.Algebra.Ring.Pointwise.Set (2.2s)
✔ [1462/1482] Built Mathlib.Order.Filter.AtTopBot.CompleteLattice (3.0s)
✔ [1463/1483] Built Mathlib.Order.Filter.AtTopBot.Map (2.9s)
✔ [1464/1484] Built Mathlib.Topology.Separation.Hausdorff (6.4s)
✔ [1465/1490] Built Mathlib.Order.Filter.AtTopBot.Monoid (4.3s)
✔ [1466/1490] Built Mathlib.Order.OrdContinuous (4.2s)
✔ [1467/1490] Built Mathlib.Order.Interval.Set.Pi (5.7s)
✔ [1468/1490] Built Mathlib.Order.Filter.Interval (8.5s)
✔ [1469/1491] Built Mathlib.Topology.Order.LeftRight (2.0s)
✔ [1470/1491] Built Mathlib.Topology.Separation.Regular (6.4s)
✔ [1471/1494] Built Mathlib.Topology.Algebra.Support (5.9s)
✔ [1472/1496] Built Mathlib.Data.ENNReal.Lemmas (2.6s)
✔ [1473/1496] Built Mathlib.Order.Filter.AtTopBot.Group (3.7s)
✔ [1474/1497] Built Mathlib.Topology.UniformSpace.Separation (3.7s)
✔ [1475/1503] Built Mathlib.Topology.MetricSpace.Defs (3.8s)
✔ [1476/1503] Built Mathlib.Topology.DenseEmbedding (4.6s)
✔ [1477/1507] Built Mathlib.Topology.Order.OrderClosed (11s)
✔ [1478/1507] Built Mathlib.Order.Interval.Set.OrdConnectedComponent (3.9s)
✔ [1479/1507] Built Mathlib.Topology.Homeomorph.Lemmas (6.8s)
✔ [1480/1508] Built Mathlib.Data.EReal.Basic (10s)
✔ [1481/1508] Built Mathlib.Order.Filter.AtTopBot.Ring (3.6s)
✔ [1482/1508] Built Mathlib.Topology.Algebra.Constructions (7.4s)
✔ [1483/1508] Built Mathlib.Topology.Order.Basic (12s)
✔ [1484/1508] Built Mathlib.Order.Filter.AtTopBot.Field (7.2s)
✔ [1485/1508] Built Mathlib.Algebra.Order.Group.Pointwise.Interval (22s)
✔ [1486/1508] Built Mathlib.Algebra.Field.Subfield.Defs (11s)
✔ [1487/1510] Built Mathlib.Topology.Order.T5 (4.9s)
✔ [1488/1510] Built Mathlib.Data.EReal.Operations (20s)
✔ [1489/1511] Built Mathlib.Topology.UniformSpace.Cauchy (9.3s)
✔ [1490/1511] Built Mathlib.Topology.Order.Real (2.9s)
✔ [1491/1514] Built Mathlib.Order.Filter.NAry (4.2s)
✔ [1493/1515] Built Mathlib.Topology.UniformSpace.UniformEmbedding (8.4s)
✔ [1494/1517] Built Mathlib.Topology.UniformSpace.UniformConvergence (7.8s)
✔ [1495/1517] Built Mathlib.Topology.Order.LeftRightNhds (14s)
✔ [1496/1517] Built Mathlib.Topology.UniformSpace.Pi (3.1s)
✔ [1497/1517] Built Mathlib.Algebra.Group.Pointwise.Set.Lattice (4.4s)
✔ [1498/1517] Built Mathlib.Topology.MetricSpace.Pseudo.Constructions (5.2s)
✔ [1499/1517] Built Mathlib.Topology.Algebra.Monoid.Defs (2.9s)
✔ [1500/1517] Built Mathlib.Topology.UniformSpace.LocallyUniformConvergence (3.7s)
✔ [1501/1519] Built Mathlib.Order.Filter.Pointwise (14s)
✔ [1502/1519] Built Mathlib.Algebra.Group.Subgroup.MulOpposite (4.4s)
✔ [1503/1524] Built Mathlib.Topology.Order.IsLUB (8.1s)
✔ [1506/1524] Built Mathlib.Topology.EMetricSpace.Basic (7.7s)
✔ [1507/1525] Built Mathlib.Algebra.Group.Subgroup.MulOppositeLemmas (4.2s)
✔ [1508/1525] Built Mathlib.Order.WellQuasiOrder (3.1s)
✔ [1509/1525] Built Mathlib.Topology.Algebra.ConstMulAction (13s)
✔ [1510/1529] Built Mathlib.Topology.EMetricSpace.Pi (3.6s)
✔ [1511/1530] Built Mathlib.Topology.Order.DenselyOrdered (8.0s)
✔ [1512/1530] Built Mathlib.Algebra.Group.Subgroup.ZPowers.Basic (3.7s)
✔ [1513/1530] Built Mathlib.Topology.MetricSpace.Pseudo.Basic (6.9s)
✔ [1514/1534] Built Mathlib.Topology.MetricSpace.Pseudo.Pi (5.1s)
✔ [1515/1536] Built Mathlib.Topology.Algebra.MulAction (6.9s)
✔ [1516/1538] Built Mathlib.Order.WellFoundedSet (9.0s)
✔ [1517/1538] Built Mathlib.GroupTheory.Subgroup.Center (4.3s)
✔ [1518/1539] Built Mathlib.Topology.Algebra.Group.Defs (3.2s)
✔ [1519/1539] Built Mathlib.Topology.MetricSpace.Pseudo.Lemmas (3.7s)
✔ [1520/1539] Built Mathlib.Topology.Order.LocalExtr (7.0s)
✔ [1521/1539] Built Mathlib.GroupTheory.Subgroup.Centralizer (4.8s)
✔ [1522/1539] Built Mathlib.Algebra.Group.Submonoid.Pointwise (6.4s)
✔ [1523/1540] Built Mathlib.Topology.MetricSpace.Basic (3.6s)
✔ [1524/1540] Built Mathlib.Topology.Algebra.Order.Group (5.0s)
✔ [1525/1540] Built Mathlib.GroupTheory.GroupAction.ConjAct (4.4s)
✔ [1526/1540] Built Mathlib.Topology.Algebra.Monoid (14s)
✔ [1527/1540] Built Mathlib.Topology.Order.Bornology (2.6s)
✔ [1528/1543] Built Mathlib.Algebra.Group.Submonoid.Units (6.1s)
✔ [1530/1548] Built Mathlib.Tactic.Order.Preprocessing (3.1s)
✔ [1531/1550] Built Mathlib.Topology.Algebra.GroupWithZero (5.0s)
✔ [1532/1553] Built Mathlib.Tactic.Order.Graph.Basic (3.4s)
✔ [1533/1553] Built Mathlib.Algebra.Group.Subgroup.Pointwise (9.5s)
✔ [1534/1553] Built Mathlib.Topology.MetricSpace.ProperSpace (4.0s)
✔ [1535/1554] Built Mathlib.Tactic.Order.Graph.Tarjan (3.0s)
✔ [1536/1555] Built Mathlib.Topology.MetricSpace.Cauchy (4.5s)
✔ [1537/1555] Built Mathlib.Topology.EMetricSpace.Diam (4.7s)
✔ [1538/1555] Built Mathlib.Tactic.Order (4.1s)
✔ [1539/1555] Built Mathlib.Data.Int.Interval (4.7s)
✔ [1540/1560] Built Mathlib.Data.Int.ConditionallyCompleteOrder (3.4s)
✔ [1541/1561] Built Mathlib.Data.Fintype.Pigeonhole (2.7s)
✔ [1542/1561] Built Mathlib.Topology.Order.Monotone (8.3s)
✔ [1543/1561] Built Mathlib.Analysis.Normed.Group.Basic (31s)
✔ [1544/1561] Built Mathlib.Order.Filter.AtTopBot.Archimedean (8.2s)
✔ [1545/1561] Built Mathlib.Topology.Order.MonotoneContinuity (5.5s)
✔ [1546/1561] Built Mathlib.Order.SuccPred.LinearLocallyFinite (6.8s)
✔ [1547/1565] Built Mathlib.Analysis.Normed.Group.Submodule (3.4s)
✔ [1548/1565] Built Mathlib.Topology.Algebra.Group.Basic (26s)
✔ [1549/1565] Built Mathlib.Topology.Instances.Discrete (3.6s)
✔ [1550/1567] Built Mathlib.Data.Set.UnionLift (3.6s)
✔ [1551/1567] Built Mathlib.Analysis.Normed.Group.Constructions (7.8s)
✔ [1552/1570] Built Mathlib.Topology.Algebra.Group.GroupTopology (3.7s)
✔ [1553/1570] Built Mathlib.Topology.Metrizable.Basic (3.0s)
✔ [1554/1570] Built Mathlib.Topology.Order.IntermediateValue (14s)
✔ [1555/1571] Built Mathlib.Topology.Defs.Sequences (1.8s)
✔ [1556/1571] Built Mathlib.Topology.Algebra.Ring.Basic (5.0s)
✔ [1557/1571] Built Mathlib.Topology.ContinuousMap.Basic (6.6s)
✔ [1558/1571] Built Mathlib.Topology.Metrizable.Uniformity (5.1s)
✔ [1559/1571] Built Mathlib.Topology.UniformSpace.CompleteSeparated (2.5s)
✔ [1560/1571] Built Mathlib.Topology.Sequences (4.0s)
✔ [1561/1572] Built Mathlib.Topology.Algebra.IsUniformGroup.Defs (16s)
✔ [1562/1577] Built Mathlib.Topology.Order.Compact (7.2s)
✔ [1563/1577] Built Mathlib.Topology.UniformSpace.Real (3.0s)
✔ [1564/1578] Built Mathlib.Topology.Coherent (3.8s)
✔ [1565/1578] Built Mathlib.Topology.Algebra.Field (6.0s)
✔ [1566/1578] Built Mathlib.Topology.UniformSpace.Equiv (5.7s)
✔ [1567/1579] Built Mathlib.Topology.UniformSpace.UniformApproximation (3.4s)
✔ [1568/1580] Built Mathlib.Topology.Algebra.IsUniformGroup.Constructions (4.4s)
✔ [1569/1580] Built Mathlib.Topology.MetricSpace.Bounded (8.2s)
✔ [1570/1580] Built Mathlib.Algebra.Group.Subgroup.Actions (3.1s)
✔ [1571/1580] Built Mathlib.Algebra.Group.Subgroup.ZPowers.Lemmas (3.7s)
✔ [1572/1585] Built Mathlib.Topology.Algebra.Order.Field (9.2s)
✔ [1573/1588] Built Mathlib.Topology.Instances.Int (4.6s)
✔ [1575/1592] Built Mathlib.Topology.Bornology.Real (4.3s)
✔ [1576/1593] Built Mathlib.Data.List.Lemmas (2.7s)
✔ [1578/1596] Built Mathlib.Topology.UniformSpace.UniformConvergenceTopology (12s)
✔ [1579/1598] Built Mathlib.Topology.Algebra.Ring.Real (3.6s)
✔ [1580/1598] Built Mathlib.Data.List.Permutation (4.5s)
✔ [1581/1598] Built Mathlib.GroupTheory.Congruence.Defs (8.1s)
✔ [1582/1598] Built Mathlib.GroupTheory.Coset.Defs (6.1s)
✔ [1583/1601] Built Mathlib.Data.Finite.Sigma (2.5s)
✔ [1584/1601] Built Mathlib.Topology.UniformSpace.Equicontinuity (7.5s)
✔ [1585/1601] Built Mathlib.Data.Fintype.List (3.6s)
✔ [1586/1601] Built Mathlib.Analysis.Normed.Group.Continuity (7.8s)
✔ [1587/1601] Built Mathlib.GroupTheory.Congruence.Hom (5.4s)
✔ [1588/1601] Built Mathlib.Topology.Algebra.Group.Pointwise (9.9s)
✔ [1589/1601] Built Mathlib.Tactic.TautoSet (2.3s)
✔ [1590/1601] Built Mathlib.Topology.UniformSpace.HeineCantor (3.5s)
✔ [1591/1601] Built Mathlib.GroupTheory.GroupAction.Basic (7.2s)
✔ [1592/1602] Built Mathlib.GroupTheory.Coset.Basic (10s)
✔ [1593/1602] Built Mathlib.Algebra.Module.LinearMap.DivisionRing (3.6s)
✔ [1594/1608] Built Mathlib.Data.List.Cycle (8.2s)
✔ [1595/1610] Built Mathlib.Topology.DiscreteSubset (5.4s)
✔ [1596/1610] Built Mathlib.Algebra.Group.Fin.Tuple (3.0s)
✔ [1597/1613] Built Mathlib.Algebra.Algebra.Prod (4.1s)
✔ [1598/1613] Built Mathlib.GroupTheory.QuotientGroup.Defs (9.8s)
✔ [1599/1613] Built Mathlib.Dynamics.PeriodicPts.Defs (5.1s)
✔ [1600/1613] Built Mathlib.Algebra.Group.Graph (7.2s)
✔ [1601/1613] Built Mathlib.LinearAlgebra.GeneralLinearGroup (3.9s)
✔ [1602/1616] Built Mathlib.Order.Sublattice (9.5s)
✔ [1603/1616] Built Mathlib.GroupTheory.Commutator.Basic (6.1s)
✔ [1604/1617] Built Mathlib.LinearAlgebra.Quotient.Defs (6.7s)
✔ [1606/1617] Built Mathlib.Algebra.Module.Submodule.Invariant (4.4s)
✔ [1607/1622] Built Mathlib.GroupTheory.QuotientGroup.Basic (11s)
✔ [1609/1625] Built Mathlib.Data.Finsupp.Option (4.3s)
✔ [1610/1625] Built Mathlib.GroupTheory.GroupAction.Quotient (9.5s)
✔ [1611/1626] Built Mathlib.Topology.Algebra.ContinuousMonoidHom (11s)
✔ [1612/1627] Built Mathlib.Topology.UniformSpace.AbstractCompletion (6.8s)
✔ [1613/1628] Built Mathlib.Topology.Algebra.Group.Quotient (7.6s)
✔ [1614/1628] Built Mathlib.Order.Interval.Set.ProjIcc (7.0s)
✔ [1615/1628] Built Mathlib.LinearAlgebra.Prod (26s)
✔ [1616/1628] Built Mathlib.LinearAlgebra.Finsupp.LinearCombination (17s)
✔ [1617/1628] Built Mathlib.Topology.Bornology.Hom (3.7s)
✔ [1618/1633] Built Mathlib.Topology.UniformSpace.Completion (7.1s)
✔ [1619/1633] Built Mathlib.Topology.EMetricSpace.Lipschitz (7.8s)
✔ [1620/1638] Built Mathlib.Topology.Algebra.UniformMulAction (6.6s)
✔ [1621/1639] Built Mathlib.Order.Interval.Set.Monotone (3.6s)
✔ [1622/1639] Built Mathlib.Topology.Algebra.IsUniformGroup.Basic (13s)
✔ [1623/1639] Built Mathlib.Data.Fintype.Lattice (2.6s)
✔ [1624/1639] Built Mathlib.LinearAlgebra.Pi (13s)
✔ [1625/1639] Built Mathlib.Topology.MetricSpace.Antilipschitz (3.7s)
✔ [1626/1642] Built Mathlib.Topology.Filter (3.4s)
✔ [1627/1642] Built Mathlib.Topology.Algebra.Module.Basic (6.7s)
✔ [1628/1643] Built Mathlib.Topology.Maps.Proper.Basic (4.7s)
✔ [1629/1643] Built Mathlib.Topology.MetricSpace.Isometry (10s)
✔ [1630/1643] Built Mathlib.LinearAlgebra.Basis.Defs (13s)
✔ [1631/1647] Built Mathlib.Data.DFinsupp.Ext (2.4s)
✔ [1632/1647] Built Mathlib.LinearAlgebra.Quotient.Basic (14s)
✔ [1633/1648] Built Mathlib.Data.DFinsupp.Module (4.4s)
✔ [1634/1648] Built Mathlib.Topology.MetricSpace.Lipschitz (5.6s)
✔ [1635/1648] Built Mathlib.Data.List.Pi (2.9s)
✔ [1636/1648] Built Mathlib.LinearAlgebra.Finsupp.SumProd (3.7s)
✔ [1637/1648] Built Mathlib.Data.Finsupp.ToDFinsupp (4.6s)
✔ [1638/1648] Built Mathlib.Data.Fintype.Quotient (3.3s)
✔ [1639/1649] Built Mathlib.Data.DFinsupp.BigOperators (12s)
✔ [1640/1654] Built Mathlib.Data.DFinsupp.Sigma (4.1s)
✔ [1641/1654] Built Mathlib.Data.DFinsupp.Submonoid (3.4s)
✔ [1642/1656] Built Mathlib.Data.Finset.Fin (2.6s)
✔ [1643/1658] Built Mathlib.LinearAlgebra.Projection (22s)
✔ [1644/1658] Built Mathlib.Topology.MetricSpace.IsometricSMul (18s)
✔ [1645/1658] Built Mathlib.Order.Interval.Set.Fin (10s)
✔ [1646/1661] Built Mathlib.Algebra.Group.Fin.Basic (3.3s)
✔ [1647/1662] Built Mathlib.Tactic.LinearCombination.Lemmas (6.9s)
✔ [1648/1662] Built Mathlib.LinearAlgebra.LinearIndependent.Defs (19s)
✔ [1649/1665] Built Mathlib.Order.Interval.Finset.Fin (12s)
✔ [1650/1665] Built Mathlib.Logic.Equiv.Fin.Rotate (2.6s)
✔ [1651/1665] Built Mathlib.Tactic.Ring.Compare (5.8s)
✔ [1652/1668] Built Mathlib.Data.Fintype.Fin (2.9s)
✔ [1653/1668] Built Mathlib.Tactic.NoncommRing (2.9s)
✔ [1654/1671] Built Mathlib.Tactic.LinearCombination (4.8s)
✔ [1655/1671] Built Mathlib.Algebra.BigOperators.Fin (20s)
✔ [1656/1671] Built Mathlib.Algebra.Algebra.NonUnitalHom (17s)
✔ [1657/1671] Built Mathlib.Tactic.Module (30s)
✔ [1658/1671] Built Mathlib.Topology.Algebra.Module.LinearMap (44s)
✔ [1659/1671] Built Mathlib.Data.Fin.Tuple.Reflection (6.0s)
✔ [1660/1671] Built Mathlib.RingTheory.NonUnitalSubring.Basic (11s)
✔ [1661/1672] Built Mathlib.Topology.Algebra.Module.LinearMapPiProd (13s)
✔ [1662/1674] Built Mathlib.LinearAlgebra.LinearIndependent.Basic (19s)
✔ [1663/1679] Built Mathlib.Topology.Algebra.SeparationQuotient.Basic (11s)
✔ [1664/1679] Built Mathlib.GroupTheory.Congruence.Basic (7.4s)
✔ [1665/1682] Built Mathlib.RingTheory.Congruence.Defs (10s)
✔ [1666/1682] Built Mathlib.Topology.MetricSpace.Algebra (7.8s)
✔ [1667/1685] Built Mathlib.GroupTheory.Congruence.Opposite (2.3s)
✔ [1668/1688] Built Mathlib.Algebra.Algebra.NonUnitalSubalgebra (37s)
✔ [1669/1688] Built Mathlib.LinearAlgebra.LinearIndependent.Lemmas (29s)
✔ [1670/1688] Built Mathlib.RingTheory.Congruence.Basic (5.2s)
✔ [1671/1688] Built Mathlib.Analysis.Normed.Group.Subgroup (3.3s)
✔ [1672/1688] Built Mathlib.Data.ENNReal.Action (3.6s)
✔ [1673/1691] Built Mathlib.Topology.Algebra.Module.Equiv (39s)
✔ [1674/1692] Built Mathlib.RingTheory.Congruence.Opposite (2.1s)
✔ [1675/1692] Built Mathlib.Analysis.Normed.Group.Uniform (12s)
✔ [1676/1692] Built Mathlib.Algebra.Algebra.RestrictScalars (4.6s)
✔ [1677/1692] Built Mathlib.Algebra.Algebra.Opposite (7.9s)
✔ [1678/1693] Built Mathlib.RingTheory.TwoSidedIdeal.Basic (5.5s)
✔ [1679/1693] Built Mathlib.Algebra.Module.Rat (4.6s)
✔ [1680/1693] Built Mathlib.LinearAlgebra.DFinsupp (14s)
✔ [1681/1699] Built Mathlib.Analysis.Normed.Group.Int (3.3s)
✔ [1682/1699] Built Mathlib.Algebra.Algebra.Pi (5.6s)
✔ [1683/1701] Built Mathlib.RingTheory.TwoSidedIdeal.Lattice (5.0s)
✔ [1684/1701] Built Mathlib.RingTheory.TwoSidedIdeal.Kernel (2.7s)
✔ [1685/1701] Built Mathlib.Algebra.Group.Subgroup.Order (3.3s)
✔ [1686/1703] Built Mathlib.Topology.Instances.Nat (3.4s)
✔ [1687/1703] Built Mathlib.RingTheory.SimpleRing.Defs (2.2s)
✔ [1688/1706] Built Mathlib.Algebra.Order.GroupWithZero.Finset (3.0s)
✔ [1689/1706] Built Mathlib.Analysis.Normed.Group.Bounded (5.9s)
✔ [1690/1706] Built Mathlib.GroupTheory.Archimedean (5.0s)
✔ [1691/1708] Built Mathlib.RingTheory.SimpleRing.Basic (3.1s)
✔ [1692/1708] Built Mathlib.Topology.MetricSpace.Dilation (6.6s)
✔ [1693/1710] Built Mathlib.Topology.Algebra.Order.Archimedean (3.6s)
✔ [1694/1713] Built Mathlib.Data.Finsupp.Fintype (2.5s)
✔ [1695/1713] Built Mathlib.LinearAlgebra.Basis.Basic (5.6s)
✔ [1696/1713] Built Mathlib.Topology.MetricSpace.DilationEquiv (5.9s)
✔ [1697/1713] Built Mathlib.Logic.Small.Basic (2.2s)
✔ [1698/1713] Built Mathlib.Topology.Instances.Rat (5.6s)
✔ [1699/1713] Built Mathlib.LinearAlgebra.FreeModule.Basic (5.3s)
✔ [1700/1714] Built Mathlib.Analysis.Normed.Group.Rat (3.7s)
✔ [1701/1714] Built Mathlib.Algebra.Algebra.Subalgebra.Basic (22s)
✔ [1702/1717] Built Mathlib.GroupTheory.GroupAction.Pointwise (3.7s)
✔ [1704/1718] Built Mathlib.Algebra.Ring.Action.Pointwise.Set (2.7s)
✔ [1705/1718] Built Mathlib.Algebra.Order.Module.Synonym (3.5s)
✔ [1706/1720] Built Mathlib.Algebra.Module.LinearMap.Prod (3.6s)
✔ [1707/1724] Built Mathlib.LinearAlgebra.LinearPMap (29s)
✔ [1708/1724] Built Mathlib.Algebra.AddTorsor.Basic (3.1s)
✔ [1709/1725] Built Mathlib.Analysis.Normed.Ring.Basic (26s)
✔ [1711/1725] Built Mathlib.LinearAlgebra.Basis.VectorSpace (6.9s)
✔ [1712/1725] Built Mathlib.Analysis.Normed.Operator.LinearIsometry (71s)
✔ [1713/1732] Built Mathlib.Analysis.Normed.Ring.Lemmas (8.7s)
✔ [1714/1733] Built Mathlib.Algebra.Order.GroupWithZero.Submonoid (2.2s)
✔ [1715/1735] Built Mathlib.Algebra.Order.Module.Algebra (4.0s)
✔ [1716/1736] Built Mathlib.Analysis.Normed.Field.Basic (12s)
✔ [1717/1736] Built Mathlib.Algebra.Ring.Subring.Units (2.6s)
✔ [1718/1736] Built Mathlib.LinearAlgebra.BilinearMap (30s)
✔ [1719/1736] Built Mathlib.Topology.Bornology.Absorbs (4.9s)
✔ [1720/1738] Built Mathlib.Analysis.Normed.Field.Lemmas (6.7s)
✔ [1721/1741] Built Mathlib.Analysis.Normed.MulAction (10s)
✔ [1723/1741] Built Mathlib.LinearAlgebra.AffineSpace.AffineSubspace.Defs (22s)
✔ [1724/1741] Built Mathlib.LinearAlgebra.Ray (22s)
✔ [1725/1743] Built Mathlib.Algebra.Order.Pi (3.7s)
✔ [1726/1743] Built Mathlib.Analysis.Normed.Operator.ContinuousLinearMap (13s)
✔ [1727/1744] Built Mathlib.Logic.Encodable.Lattice (2.6s)
✔ [1728/1747] Built Mathlib.Order.Filter.AtTopBot.Finset (3.1s)
✔ [1729/1747] Built Mathlib.Analysis.Normed.Module.Basic (24s)
✔ [1730/1750] Built Mathlib.Data.ENat.Pow (3.7s)
✔ [1731/1751] Built Mathlib.Data.Nat.GCD.Basic (4.7s)
✔ [1732/1752] Built Mathlib.Analysis.Normed.Module.Span (7.8s)
✔ [1733/1753] Built Mathlib.LinearAlgebra.AffineSpace.AffineMap (37s)
✔ [1734/1753] Built Mathlib.Data.Nat.ModEq (5.3s)
✔ [1735/1753] Built Mathlib.Data.Countable.Small (2.3s)
✔ [1737/1756] Built Mathlib.Logic.Small.Set (2.8s)
✔ [1738/1758] Built Mathlib.Algebra.Order.Hom.Monoid (10s)
✔ [1739/1758] Built Mathlib.Data.ZMod.Defs (4.1s)
✔ [1740/1758] Built Mathlib.Algebra.Order.Hom.MonoidWithZero (5.8s)
✔ [1742/1766] Built Mathlib.Order.SuccPred.CompleteLinearOrder (3.9s)
✔ [1743/1767] Built Mathlib.Order.Hom.Order (2.0s)
✔ [1744/1767] Built Mathlib.Data.Sum.Order (10s)
✔ [1745/1767] Built Mathlib.Algebra.Order.Hom.Ring (5.2s)
✔ [1746/1775] Built Mathlib.Algebra.BigOperators.Group.Finset.Indicator (3.1s)
✔ [1747/1777] Built Mathlib.Order.FixedPoints (4.6s)
✔ [1748/1777] Built Mathlib.Order.Hom.Lex (3.3s)
✔ [1749/1777] Built Mathlib.LinearAlgebra.AffineSpace.AffineEquiv (17s)
✔ [1750/1777] Built Mathlib.Order.Filter.AtTopBot.BigOperators (2.6s)
✔ [1751/1782] Built Mathlib.SetTheory.Cardinal.SchroederBernstein (4.8s)
✔ [1752/1782] Built Mathlib.Topology.Order.MonotoneConvergence (5.2s)
✔ [1753/1785] Built Mathlib.Order.Filter.IsBounded (6.8s)
✔ [1754/1785] Built Mathlib.Topology.Algebra.Star (2.8s)
✔ [1755/1786] Built Mathlib.Order.InitialSeg (7.7s)
✔ [1756/1786] Built Mathlib.LinearAlgebra.AffineSpace.Midpoint (7.9s)
✔ [1757/1786] Built Mathlib.Topology.MetricSpace.Equicontinuity (3.9s)
✔ [1758/1786] Built Mathlib.Order.LiminfLimsup (12s)
✔ [1759/1787] Built Mathlib.SetTheory.Cardinal.Order (7.3s)
✔ [1760/1787] Built Mathlib.Topology.Algebra.UniformConvergence (12s)
✔ [1761/1787] Built Mathlib.Topology.Algebra.FilterBasis (10s)
✔ [1762/1787] Built Mathlib.Topology.Algebra.InfiniteSum.SummationFilter (5.4s)
✔ [1763/1790] Built Mathlib.Topology.Algebra.Equicontinuity (5.2s)
✔ [1764/1793] Built Mathlib.SetTheory.Cardinal.Basic (11s)
✔ [1765/1794] Built Mathlib.Analysis.Convex.Segment (13s)
✔ [1766/1797] Built Mathlib.Topology.Algebra.InfiniteSum.Defs (9.3s)
✔ [1767/1797] Built Mathlib.SetTheory.Cardinal.ENat (6.0s)
✔ [1768/1797] Built Mathlib.Data.Sign.Defs (6.0s)
✔ [1769/1797] Built Mathlib.LinearAlgebra.Basis.SMul (6.2s)
✔ [1770/1799] Built Mathlib.Analysis.Convex.Star (9.3s)
✔ [1771/1799] Built Mathlib.LinearAlgebra.AffineSpace.AffineSubspace.Basic (14s)
✔ [1772/1799] Built Mathlib.SetTheory.Cardinal.ToNat (3.1s)
✔ [1773/1801] Built Mathlib.Data.Sign.Basic (6.5s)
✔ [1774/1801] Built Mathlib.Topology.Algebra.InfiniteSum.Basic (14s)
✔ [1775/1801] Built Mathlib.LinearAlgebra.Finsupp.Pi (7.0s)
✔ [1776/1801] Built Mathlib.LinearAlgebra.AffineSpace.Pointwise (6.6s)
✔ [1777/1801] Built Mathlib.Analysis.Convex.Basic (13s)
✔ [1778/1805] Built Mathlib.Data.Rat.Encodable (2.8s)
✔ [1779/1805] Built Mathlib.SetTheory.Cardinal.Finite (6.1s)
✔ [1780/1805] Built Mathlib.Topology.Algebra.Monoid.FunOnFinite (2.8s)
✔ [1781/1805] Built Mathlib.Analysis.Convex.Hull (5.6s)
✔ [1782/1808] Built Mathlib.LinearAlgebra.AffineSpace.Combination (14s)
✔ [1784/1808] Built Mathlib.Topology.MetricSpace.ProperSpace.Real (3.3s)
✔ [1785/1808] Built Mathlib.Analysis.Convex.Strict (10s)
✔ [1786/1808] Built Mathlib.Topology.Algebra.InfiniteSum.Group (10s)
✔ [1787/1808] Built Mathlib.Analysis.LocallyConvex.Basic (11s)
✔ [1788/1808] Built Mathlib.LinearAlgebra.AffineSpace.Centroid (7.7s)
✔ [1789/1808] Built Mathlib.Analysis.Convex.Function (26s)
✔ [1790/1808] Built Mathlib.Topology.Algebra.Group.AddTorsor (5.3s)
✔ [1791/1808] Built Mathlib.LinearAlgebra.AffineSpace.Independent (19s)
✔ [1792/1808] Built Mathlib.Algebra.Order.Interval.Set.Instances (9.6s)
✔ [1793/1809] Built Mathlib.Analysis.LocallyConvex.BalancedCoreHull (6.1s)
✔ [1794/1809] Built Mathlib.Topology.Algebra.InfiniteSum.NatInt (9.3s)
✔ [1795/1809] Built Mathlib.Topology.Algebra.Affine (3.0s)
✔ [1796/1809] Built Mathlib.Topology.UnitInterval (8.1s)
✔ [1797/1809] Built Mathlib.LinearAlgebra.AffineSpace.Basis (9.5s)
✔ [1798/1814] Built Mathlib.Topology.Order.ProjIcc (2.0s)
✔ [1799/1814] Built Mathlib.Topology.Algebra.InfiniteSum.Order (9.1s)
✔ [1800/1815] Built Mathlib.Topology.Hom.ContinuousEvalConst (3.5s)
✔ [1801/1819] Built Mathlib.Topology.Hom.ContinuousEval (4.0s)
✔ [1802/1822] Built Mathlib.Tactic.Peel (4.2s)
✔ [1803/1822] Built Mathlib.Topology.Algebra.InfiniteSum.Constructions (46s)
✔ [1804/1822] Built Mathlib.Analysis.Seminorm (45s)
✔ [1805/1823] Built Mathlib.Topology.NhdsKer (4.4s)
✔ [1806/1823] Built Mathlib.Topology.CompactOpen (8.3s)
✔ [1807/1823] Built Mathlib.Topology.Compactness.NhdsKer (2.7s)
✔ [1808/1823] Built Mathlib.Topology.Algebra.InfiniteSum.Ring (4.6s)
✔ [1809/1823] Built Mathlib.Analysis.Convex.Combination (29s)
✔ [1810/1823] Built Mathlib.Topology.AlexandrovDiscrete (4.2s)
✔ [1811/1827] Built Mathlib.Topology.Instances.NNReal.Lemmas (5.6s)
✔ [1812/1827] Built Mathlib.Analysis.LocallyConvex.Bounded (14s)
✔ [1813/1830] Built Mathlib.Analysis.Convex.StdSimplex (10s)
✔ [1815/1830] Built Mathlib.Topology.Path (14s)
✔ [1816/1830] Built Mathlib.Algebra.Group.TransferInstance (3.0s)
✔ [1817/1830] Built Mathlib.Data.Real.Sqrt (10s)
✔ [1818/1830] Built Mathlib.Algebra.Group.Action.TransferInstance (3.2s)
✔ [1819/1830] Built Mathlib.Topology.Algebra.Module.UniformConvergence (6.3s)
✔ [1820/1833] Built Mathlib.Topology.Connected.PathConnected (6.9s)
✔ [1821/1833] Built Mathlib.Algebra.GroupWithZero.Action.TransferInstance (2.8s)
✔ [1822/1833] Built Mathlib.Analysis.Convex.Topology (9.7s)
✔ [1823/1833] Built Mathlib.Algebra.Group.Shrink (3.4s)
✔ [1824/1839] Built Mathlib.Topology.Connected.LocPathConnected (3.5s)
✔ [1825/1839] Built Mathlib.Analysis.Convex.PathConnected (6.0s)
✔ [1826/1839] Built Mathlib.Algebra.Module.TransferInstance (3.9s)
✔ [1827/1840] Built Mathlib.Algebra.Module.Submodule.Bilinear (4.5s)
✔ [1828/1850] Built Mathlib.Algebra.Module.Shrink (2.4s)
✔ [1829/1850] Built Mathlib.Algebra.DirectSum.Basic (9.2s)
✔ [1830/1853] Built Mathlib.GroupTheory.Abelianization.Defs (3.6s)
✔ [1831/1853] Built Mathlib.Topology.Algebra.Module.LocallyConvex (8.6s)
✔ [1832/1855] Built Mathlib.Analysis.Normed.Module.RCLike.Real (5.6s)
✔ [1833/1856] Built Mathlib.Algebra.DirectSum.Module (12s)
✔ [1834/1856] Built Mathlib.Logic.Equiv.Embedding (2.6s)
✔ [1835/1856] Built Mathlib.GroupTheory.FreeGroup.Basic (16s)
✔ [1836/1856] Built Mathlib.Algebra.DirectSum.Finsupp (2.7s)
✔ [1837/1856] Built Mathlib.Topology.Algebra.MetricSpace.Lipschitz (3.1s)
✔ [1838/1857] Built Mathlib.Data.Fintype.CardEmbedding (3.2s)
✔ [1839/1864] Built Mathlib.Algebra.BigOperators.Group.Finset.Powerset (3.5s)
✔ [1840/1868] Built Mathlib.Data.Fintype.Inv (2.9s)
✔ [1841/1868] Built Mathlib.Logic.Equiv.Fintype (3.5s)
✔ [1842/1869] Built Mathlib.Analysis.LocallyConvex.WithSeminorms (24s)
✔ [1843/1870] Built Mathlib.GroupTheory.FreeAbelianGroup (13s)
✔ [1844/1870] Built Mathlib.Data.Fintype.Sort (2.9s)
✔ [1845/1870] Built Mathlib.Algebra.BigOperators.Module (6.5s)
✔ [1846/1871] Built Mathlib.Algebra.FreeAbelianGroup.Finsupp (6.5s)
✔ [1847/1871] Built Mathlib.LinearAlgebra.Finsupp.VectorSpace (5.8s)
✔ [1848/1876] Built Mathlib.Algebra.Order.Field.Power (7.2s)
✔ [1849/1877] Built Mathlib.Algebra.Polynomial.Monomial (3.9s)
✔ [1850/1877] Built Mathlib.Algebra.Polynomial.Degree.TrailingDegree (6.3s)
✔ [1851/1877] Built Mathlib.Algebra.Polynomial.Degree.Monomial (3.3s)
✔ [1852/1880] Built Mathlib.Algebra.Polynomial.EraseLead (7.8s)
✔ [1853/1880] Built Mathlib.LinearAlgebra.TensorProduct.Basic (72s)
✔ [1854/1883] Built Mathlib.LinearAlgebra.Multilinear.Basic (36s)
✔ [1855/1883] Built Mathlib.Algebra.Polynomial.Reverse (8.2s)
✔ [1856/1883] Built Mathlib.Algebra.BigOperators.WithTop (3.3s)
