✔ [621/651] Built Mathlib.Algebra.Ring.Action.Basic (2.3s)
✔ [622/652] Built Mathlib.Order.BoundedOrder.Lattice (2.4s)
✔ [623/656] Built Mathlib.Algebra.Group.Units.Equiv (3.8s)
✔ [624/657] Built Mathlib.Algebra.Group.WithOne.Defs (3.8s)
✔ [625/658] Built Mathlib.Order.Disjoint (7.1s)
✔ [626/658] Built Mathlib.Data.Option.NAry (2.2s)
✔ [627/660] Built Mathlib.Algebra.Group.Prod (10s)
✔ [628/661] Built Mathlib.Order.PropInstances (1.0s)
✔ [629/661] Built Mathlib.Algebra.GroupWithZero.Action.Hom (2.7s)
✔ [630/661] Built Mathlib.Algebra.Group.Hom.End (3.4s)
✔ [631/661] Built Mathlib.Algebra.Group.Action.Prod (5.3s)
✔ [632/661] Built Mathlib.Algebra.GroupWithZero.WithZero (10s)
✔ [633/661] Built Mathlib.Data.Set.Basic (11s)
✔ [634/661] Built Mathlib.Algebra.Ring.Opposite (9.7s)
✔ [635/662] Built Mathlib.Algebra.Module.End (3.7s)
✔ [636/662] Built Mathlib.Order.Heyting.Basic (16s)
✔ [637/666] Built Mathlib.GroupTheory.GroupAction.Hom (30s)
✔ [638/666] Built Mathlib.Algebra.GroupWithZero.Prod (2.9s)
✔ [639/666] Built Mathlib.Data.Set.Inclusion (2.2s)
✔ [640/666] Built Mathlib.Data.Set.Disjoint (2.0s)
✔ [641/666] Built Mathlib.Order.BooleanAlgebra.Defs (2.9s)
✔ [642/671] Built Mathlib.Logic.Pairwise (2.4s)
✔ [643/674] Built Mathlib.Algebra.GroupWithZero.Pi (2.0s)
✔ [644/674] Built Mathlib.Algebra.Group.End (10s)
✔ [645/678] Built Mathlib.Algebra.NoZeroSMulDivisors.Defs (3.5s)
✔ [646/681] Built Mathlib.Data.Set.Insert (9.4s)
✔ [647/681] Built Mathlib.Algebra.Group.Action.End (3.3s)
✔ [648/681] Built Mathlib.Algebra.GroupWithZero.Action.Opposite (2.2s)
✔ [649/681] Built Mathlib.Order.BooleanAlgebra.Basic (11s)
✔ [650/681] Built Mathlib.Algebra.GroupWithZero.Action.Basic (2.0s)
✔ [651/681] Built Mathlib.Data.Set.Subsingleton (3.5s)
✔ [652/681] Built Mathlib.Algebra.GroupWithZero.Action.Prod (3.2s)
✔ [653/685] Built Mathlib.Algebra.Module.Opposite (2.2s)
✔ [654/686] Built Mathlib.Algebra.Module.Prod (2.0s)
✔ [655/686] Built Mathlib.Tactic.SetLike (1.6s)
✔ [656/690] Built Mathlib.Data.Bool.Set (2.7s)
✔ [657/690] Built Mathlib.Data.SetLike.Basic (4.1s)
✔ [658/691] Built Mathlib.Control.ULift (1.5s)
✔ [659/692] Built Mathlib.Order.BooleanAlgebra.Set (7.5s)
✔ [660/693] Built Mathlib.Order.SymmDiff (7.6s)
✔ [661/693] Built Mathlib.Order.Bounds.Defs (958ms)
✔ [662/698] Built Mathlib.Data.ULift (2.2s)
✔ [663/698] Built Mathlib.Data.Set.SymmDiff (1.0s)
✔ [664/698] Built Mathlib.Order.Interval.Set.Defs (1.9s)
✔ [665/704] Built Mathlib.Order.BoundedOrder.Monotone (2.1s)
✔ [666/704] Built Mathlib.Algebra.Group.Subsemigroup.Defs (4.5s)
✔ [667/704] Built Mathlib.Order.RelIso.Basic (8.7s)
✔ [668/704] Built Mathlib.Order.Interval.Set.Basic (10s)
✔ [669/714] Built Mathlib.Order.SetNotation (11s)
✔ [670/719] Built Mathlib.Order.TypeTags (2.1s)
✔ [671/721] Built Mathlib.Algebra.Group.Submonoid.Defs (6.8s)
✔ [672/721] Built Mathlib.Data.Set.Image (16s)
✔ [673/721] Built Mathlib.Algebra.Group.Submonoid.MulAction (3.3s)
✔ [674/721] Built Mathlib.Order.Directed (5.1s)
✔ [675/721] Built Mathlib.Order.Hom.Basic (15s)
✔ [676/721] Built Mathlib.Data.Nat.Set (2.4s)
✔ [677/721] Built Mathlib.Algebra.Group.Subgroup.Defs (12s)
✔ [678/721] Built Mathlib.Data.Set.Restrict (3.5s)
✔ [679/723] Built Mathlib.Tactic.ApplyFun (5.9s)
✔ [680/723] Built Mathlib.Order.WithBot (46s)
✔ [681/724] Built Mathlib.Order.Bounds.Basic (38s)
✔ [682/724] Built Mathlib.Algebra.Notation.Support (32s)
✔ [683/725] Built Mathlib.Algebra.BigOperators.Group.List.Defs (8.7s)
✔ [684/725] Built Mathlib.Data.Set.Prod (50s)
✔ [685/728] Built Mathlib.Control.Basic (18s)
✔ [686/728] Built Mathlib.Algebra.Group.Support (20s)
✔ [687/728] Built Mathlib.Order.CompleteLattice.Defs (32s)
✔ [688/734] Built Mathlib.Control.Functor (10s)
✔ [689/734] Built Mathlib.Logic.OpClass (4.4s)
✔ [690/735] Built Mathlib.Data.List.Monad (4.0s)
✔ [691/746] Built Mathlib.Data.Set.NAry (27s)
✔ [692/746] Built Mathlib.Data.List.Defs (5.6s)
✔ [693/746] Built Mathlib.Data.List.Count (6.4s)
✔ [694/750] Built Mathlib.Data.Set.List (3.8s)
✔ [695/758] Built Mathlib.Order.Bounds.Image (7.9s)
✔ [696/759] Built Mathlib.Data.Set.Function (27s)
✔ [697/759] Built Mathlib.Data.Finset.Attr (2.4s)
✔ [698/759] Built Mathlib.Order.MinMax (4.8s)
✔ [699/759] Built Mathlib.Data.List.TakeDrop (6.3s)
✔ [700/759] Built Mathlib.Order.WellFounded (4.0s)
✔ [701/764] Built Mathlib.Data.Set.Piecewise (3.8s)
✔ [702/764] Built Mathlib.Algebra.Group.Action.Pi (3.8s)
✔ [703/766] Built Mathlib.Data.Set.Pairwise.Basic (12s)
✔ [704/766] Built Mathlib.Algebra.NoZeroSMulDivisors.Pi (2.2s)
✔ [705/768] Built Mathlib.Logic.Equiv.Set (8.6s)
✔ [706/768] Built Mathlib.Algebra.GroupWithZero.Action.Pi (3.2s)
✔ [707/771] Built Mathlib.Order.Hom.Set (4.5s)
✔ [708/772] Built Mathlib.Data.List.Basic (25s)
✔ [709/772] Built Mathlib.Algebra.Group.Pi.Lemmas (12s)
✔ [710/772] Built Mathlib.Data.List.Induction (4.1s)
✔ [711/772] Built Mathlib.Data.List.InsertIdx (4.2s)
✔ [712/772] Built Mathlib.Data.List.Lattice (5.8s)
✔ [713/776] Built Mathlib.Algebra.Ring.Equiv (14s)
✔ [714/776] Built Mathlib.Data.List.Perm.Subperm (2.7s)
✔ [715/776] Built Mathlib.Order.CompleteLattice.Basic (13s)
✔ [716/777] Built Mathlib.Data.List.Forall2 (5.7s)
✔ [717/779] Built Mathlib.Data.Finite.Defs (2.7s)
✔ [718/779] Built Mathlib.Algebra.Ring.CompTypeclasses (3.5s)
✔ [719/779] Built Mathlib.Data.List.Infix (4.6s)
✔ [720/779] Built Mathlib.GroupTheory.GroupAction.DomAct.Basic (6.6s)
✔ [721/779] Built Mathlib.Order.CompleteLattice.Lemmas (3.0s)
✔ [722/779] Built Mathlib.Data.Multiset.Defs (4.6s)
✔ [723/779] Built Mathlib.Order.GaloisConnection.Basic (7.1s)
✔ [724/779] Built Mathlib.Data.List.Perm.Basic (6.4s)
✔ [725/779] Built Mathlib.Data.List.Nodup (9.8s)
✔ [726/779] Built Mathlib.Algebra.Ring.Pi (7.0s)
✔ [727/779] Built Mathlib.Algebra.Module.Hom (4.6s)
✔ [728/780] Built Mathlib.Data.Finset.Defs (5.0s)
