✔ [8/72] Built ImportGraph.RequiredModules (2.4s)
✔ [9/72] Built Qq.ForLean.ReduceEval (2.5s)
✔ [10/72] Built Qq.ForLean.ToExpr (2.3s)
✔ [11/72] Built Mathlib.Tactic.Linter.DirectoryDependency (3.7s)
✔ [12/72] Built Batteries.Lean.Meta.Inaccessible (1.1s)
✔ [13/72] Built Batteries.Lean.NameMapAttribute (1.6s)
✔ [14/72] Built Batteries.Tactic.Unreachable (1.8s)
✔ [15/72] Built Batteries.Util.LibraryNote (1.7s)
✔ [16/73] Built Batteries.Tactic.Lint.Basic (1.4s)
✔ [17/73] Built Batteries.Tactic.OpenPrivate (2.3s)
✔ [18/74] Built Batteries.CodeAction.Deprecated (1.4s)
✔ [19/74] Built ImportGraph.Imports (1.3s)
✔ [20/74] Built Qq.Typ (1.4s)
✔ [21/74] Built Batteries.Tactic.Trans (5.5s)
✔ [22/74] Built Batteries.Tactic.Lint.TypeClass (884ms)
✔ [23/74] Built Mathlib.Tactic.Linter.Header (2.3s)
✔ [24/74] Built Batteries.Tactic.Lint.Misc (2.2s)
✔ [25/74] Built Batteries.Tactic.Lint.Frontend (2.9s)
✔ [26/74] Built Batteries.Tactic.Lint.Simp (2.2s)
✔ [27/74] Built Mathlib.Util.ParseCommand (840ms)
✔ [28/74] Built Mathlib.Tactic.MinImports (1.7s)
✔ [29/74] Built Batteries.Tactic.Alias (3.3s)
✔ [30/74] Built Mathlib.Lean.Elab.Tactic.Meta (904ms)
✔ [31/74] Built Mathlib.Lean.Environment (715ms)
✔ [32/74] Built Mathlib.Tactic.Linter.PrivateModule (942ms)
✔ [33/74] Built Mathlib.Tactic.Linter.UnusedTacticExtension (1.4s)
✔ [34/74] Built Mathlib.Tactic.Linter.OldObtain (1.1s)
✔ [35/74] Built Mathlib.Tactic.DeclarationNames (864ms)
✔ [36/74] Built Mathlib.Tactic.Linter.Multigoal (1.3s)
✔ [37/74] Built Mathlib.Tactic.Linter.GlobalAttributeIn (952ms)
✔ [38/74] Built Mathlib.Tactic.Linter.HashCommandLinter (1.3s)
✔ [39/74] Built Mathlib.Tactic.Linter.FlexibleLinter (2.9s)
✔ [40/74] Built Mathlib.Tactic.Linter.EmptyLine (1.4s)
✔ [41/74] Built Mathlib.Tactic.Linter.DocString (1.4s)
✔ [42/76] Built Mathlib.Tactic.Linter.DocPrime (1.9s)
✔ [43/76] Built Mathlib.Tactic.Linter.DeprecatedSyntaxLinter (1.9s)
✔ [44/76] Built Mathlib.Tactic.Linter.CommandStart (1.8s)
✔ [45/76] Built Batteries.Tactic.Lint (705ms)
✔ [46/76] Built Qq.Macro (9.7s)
✔ [47/76] Built Mathlib.Lean.ContextInfo (1.0s)
✔ [48/76] Built Batteries.Logic (942ms)
✔ [49/76] Built Mathlib.Lean.Elab.InfoTree (1.0s)
✔ [50/76] Built Mathlib.Tactic.ExtractGoal (2.2s)
✔ [51/78] Built Mathlib.Lean.Expr.Basic (2.1s)
✔ [52/79] Built Mathlib.Tactic.Linter.UnusedTactic (1.6s)
✔ [53/79] Built Qq.SortLocalDecls (868ms)
✔ [54/79] Built Qq.ForLean.Do (1.5s)
✔ [55/79] Built Mathlib.Tactic.Linter.Lint (1.3s)
✔ [56/84] Built Mathlib.Tactic.TacticAnalysis (2.3s)
✔ [57/97] Built Mathlib.Tactic.Linter.UnusedInstancesInType (1.3s)
✔ [58/99] Built Mathlib.Tactic.Linter.Style (4.1s)
✔ [59/101] Built Batteries.Lean.Position (496ms)
✔ [60/102] Built Qq.Delab (3.4s)
✔ [61/102] Built Batteries.Data.List.ArrayMap (518ms)
✔ [62/103] Built Batteries.CodeAction.Attr (1.2s)
✔ [63/103] Built Batteries.Data.List.Count (433ms)
✔ [64/103] Built Qq.MetaM (1.8s)
✔ [65/103] Built Mathlib.Tactic.TacticAnalysis.Declarations (3.6s)
✔ [66/103] Built Batteries.Data.List.Init.Lemmas (426ms)
✔ [67/103] Built Batteries.CodeAction.Basic (1.4s)
✔ [68/103] Built Batteries.CodeAction.Misc (4.0s)
✔ [69/103] Built Qq.MatchImpl (1.5s)
✔ [70/106] Built Qq.AssertInstancesCommute (2.6s)
✔ [71/106] Built Mathlib.Init (1.2s)
✔ [72/106] Built Qq.Simp (1.3s)
✔ [73/108] Built Batteries.Control.ForInStep.Basic (462ms)
✔ [74/108] Built Batteries.Data.List.Basic (7.7s)
✔ [75/108] Built Mathlib.Data.Nat.BinaryRec (1.6s)
✔ [76/108] Built Qq.Commands (2.6s)
✔ [77/108] Built Mathlib.Data.Int.Notation (1.0s)
✔ [78/108] Built Mathlib.Util.AssertExistsExt (990ms)
✔ [79/108] Built Mathlib.Data.String.Defs (885ms)
✔ [80/108] Built Mathlib.Tactic.ExtendDoc (1.1s)
✔ [81/108] Built Mathlib.Tactic.PPWithUniv (1.2s)
✔ [82/108] Built Mathlib.Tactic.Eqns (879ms)
✔ [83/108] Built Mathlib.Tactic.Simps.NotationClass (1.7s)
✔ [84/108] Built Mathlib.Lean.Name (1.1s)
✔ [85/108] Built Mathlib.Util.MemoFix (1.0s)
✔ [86/108] Built Mathlib.Lean.Meta.Simp (1.5s)
✔ [87/108] Built Mathlib.Data.Nat.Notation (953ms)
✔ [88/108] Built Mathlib.Tactic.TypeStar (814ms)
✔ [89/108] Built Mathlib.Data.Array.Defs (844ms)
✔ [90/109] Built Mathlib.Tactic.Lemma (792ms)
✔ [91/109] Built Batteries.Control.ForInStep.Lemmas (520ms)
✔ [92/109] Built Batteries.Data.Array.Match (1.3s)
✔ [93/112] Built Mathlib.Util.AssertExists (1.5s)
✔ [94/113] Built Mathlib.Lean.Expr.ReplaceRec (1.1s)
✔ [95/113] Built Mathlib.Tactic.Translate.GuessName (2.5s)
✔ [96/113] Built Qq.Match (10s)
✔ [97/114] Built Batteries.Lean.EStateM (1.9s)
✔ [98/120] Built Batteries.Data.List.Matcher (972ms)
✔ [99/122] Built Batteries.Lean.Except (1.2s)
✔ [100/122] Built Batteries.Data.List.Pairwise (1.8s)
✔ [101/122] Built Qq (2.2s)
✔ [102/122] Built Batteries.Data.List.Scan (2.7s)
✔ [103/124] Built Mathlib.Tactic.OfNat (1.4s)
✔ [104/124] Built Batteries.Classes.SatisfiesM (2.5s)
✔ [105/127] Built Batteries.Data.List.Monadic (679ms)
✔ [106/132] Built Batteries.Util.ExtendedBinder (1.7s)
✔ [107/134] Built Batteries.Lean.Expr (1.2s)
✔ [110/134] Built Mathlib.Tactic.Simproc.ExistsAndEq (4.4s)
✔ [111/135] Built Mathlib.Data.Set.Defs (3.4s)
✔ [112/138] Built Mathlib.Tactic.Core (2.8s)
✔ [113/138] Built Aesop.Check (911ms)
✔ [114/138] Built Mathlib.Tactic.Basic (3.4s)
✔ [115/139] Built Aesop.Options.Public (2.3s)
✔ [116/140] Built Mathlib.Tactic.SplitIfs (2.4s)
✔ [117/140] Built Aesop.Forward.PremiseIndex (482ms)
✔ [118/142] Built Aesop.Options.Internal (1.2s)
✔ [119/142] Built Batteries.Data.List.Lemmas (14s)
✔ [120/143] Built Aesop.Forward.SlotIndex (499ms)
✔ [121/143] Built Aesop.Forward.LevelIndex (535ms)
✔ [122/144] Built Aesop.Options (1.2s)
✔ [123/144] Built Batteries.Data.List.Perm (1.7s)
✔ [124/146] Built Aesop.Index.DiscrTreeConfig (1.4s)
✔ [125/149] Built Aesop.Nanos (745ms)
✔ [126/149] Built Batteries.Data.List (743ms)
✔ [127/149] Built Batteries.Data.String.Basic (632ms)
✔ [128/149] Built Batteries.Data.Array.Merge (2.8s)
✔ [129/149] Built Batteries.CodeAction.Match (1.8s)
✔ [130/150] Built Aesop.Util.UnorderedArraySet (740ms)
✔ [131/150] Built Batteries.CodeAction (703ms)
✔ [132/150] Built Aesop.RPINF.Basic (7.6s)
✔ [133/157] Built Aesop.Rule.Name (1.2s)
✔ [134/160] Built Batteries.Data.Array.Basic (821ms)
✔ [135/163] Built Mathlib.Tactic.Simps.Basic (10s)
✔ [136/163] Built Mathlib.Lean.Meta (1.4s)
✔ [137/163] Built Aesop.Percent (563ms)
✔ [138/163] Built Aesop.Util.UnionFind (808ms)
✔ [139/167] Built Aesop.RuleTac.RuleTerm (608ms)
✔ [140/168] Built Aesop.Util.Basic (4.0s)
✔ [141/168] Built Aesop.RuleTac.FVarIdSubst (1.5s)
✔ [142/173] Built Batteries.Control.Lemmas (717ms)
✔ [143/173] Built Mathlib.Tactic.MkIffOfInductiveProp (2.0s)
✔ [144/174] Built Aesop.Script.CtorNames (1.9s)
✔ [145/174] Built Aesop.Tracing (2.5s)
✔ [146/176] Built Aesop.Forward.Substitution (3.0s)
✔ [147/176] Built Batteries.Control.LawfulMonadState (2.4s)
✔ [148/176] Built Aesop.Script.Tactic (1.1s)
✔ [149/176] Built Aesop.RulePattern.Cache (1.2s)
✔ [150/182] Built Aesop.Stats.Basic (1.0s)
✔ [151/182] Built Aesop.Script.GoalWithMVars (1.2s)
✔ [152/185] Built Batteries.Control.OptionT (709ms)
✔ [153/185] Built Batteries.Lean.MonadBacktrack (390ms)
✔ [154/188] Built Aesop.BaseM (1.3s)
✔ [155/188] Built Batteries.Tactic.PermuteGoals (867ms)
✔ [156/188] Built Batteries.Control.AlternativeMonad (1.3s)
✔ [157/190] Built Batteries.Lean.Meta.Basic (869ms)
✔ [158/190] Built Aesop.ElabM (1.4s)
✔ [159/192] Built Aesop.RPINF (1.9s)
✔ [160/192] Built Batteries.Lean.Meta.SavedState (530ms)
✔ [161/192] Built Aesop.Util.Tactic (1.1s)
✔ [162/194] Built Aesop.Util.Tactic.Ext (1.6s)
✔ [163/194] Built Aesop.Script.TacticState (1.4s)
✔ [164/194] Built Mathlib.Tactic.Translate.Core (13s)
✔ [165/194] Built Aesop.RuleTac.ElabRuleTerm (1.6s)
✔ [166/196] Built Aesop.Util.EqualUpToIds (3.6s)
✔ [167/196] Built Aesop.Util.Unfold (1.7s)
✔ [168/196] Built Aesop.RuleTac.GoalDiff (2.4s)
✔ [169/196] Built Aesop.RulePattern (3.1s)
✔ [170/196] Built Mathlib.Tactic.Translate.ToDual (1.0s)
✔ [171/197] Built Aesop.RuleTac.Forward.Basic (1.5s)
✔ [172/197] Built Aesop.Script.Util (1.3s)
✔ [173/197] Built Mathlib.Tactic.Translate.ToAdditive (2.1s)
✔ [174/197] Built Batteries.Lean.Meta.UnusedNames (643ms)
✔ [175/198] Built Aesop.Util.OrderedHashSet (587ms)
✔ [176/201] Built Aesop.Util.Tactic.Unfold (1.7s)
✔ [177/201] Built Mathlib.Tactic.ToDual (1.5s)
✔ [178/202] Built Batteries.Lean.Meta.Expr (407ms)
✔ [179/204] Built Aesop.Forward.RuleInfo (2.4s)
✔ [180/204] Built Batteries.Lean.PersistentHashMap (474ms)
✔ [181/204] Built Mathlib.Tactic.ToAdditive (1.3s)
✔ [182/205] Built Aesop.Script.Step (2.2s)
✔ [183/205] Built Batteries.Lean.Meta.InstantiateMVars (540ms)
✔ [184/205] Built Batteries.Lean.Meta.DiscrTree (517ms)
✔ [185/207] Built Batteries.Lean.PersistentHashSet (612ms)
✔ [186/207] Built Aesop.Rule.Forward (1.4s)
✔ [187/210] Built Aesop.Script.ScriptM (1.3s)
✔ [188/210] Built Mathlib.Order.Defs.Unbundled (2.8s)
✔ [189/212] Built Aesop.RuleSet.Name (1.1s)
✔ [190/212] Built Mathlib.Algebra.Notation.Defs (2.8s)
✔ [191/212] Built Aesop.Forward.Match.Types (1.4s)
✔ [192/212] Built Aesop.RuleSet.Filter (1.2s)
✔ [193/215] Built Aesop.Script.UScript (1.3s)
✔ [194/216] Built Mathlib.Algebra.Regular.Defs (1.5s)
✔ [195/218] Built Aesop.Index.Basic (1.5s)
✔ [196/218] Built Aesop.Script.Check (1.5s)
✔ [197/218] Built Aesop.Script.SScript (1.9s)
✔ [198/218] Built Aesop.Script.SpecificTactics (5.5s)
✔ [199/218] Built Aesop.RuleTac.Basic (2.3s)
✔ [200/218] Built Aesop.Index.Forward (2.1s)
✔ [201/218] Built Aesop.Index.RulePattern (2.8s)
✔ [202/222] Built Aesop.Script.OptimizeSyntax (2.1s)
✔ [203/223] Built Aesop.RuleTac.Descr (1.9s)
✔ [204/223] Built Aesop.Script.UScriptToSScript (3.4s)
✔ [205/223] Built Aesop.RuleTac.Apply (2.2s)
✔ [206/226] Built Aesop.RuleTac.Cases (2.2s)
✔ [207/226] Built Aesop.Script.StructureStatic (2.2s)
✔ [208/227] Built Aesop.Rule.Basic (1.3s)
✔ [209/228] Built Aesop.RuleTac.Preprocess (1.4s)
✔ [210/228] Built Aesop.Script.StructureDynamic (3.5s)
✔ [211/228] Built Mathlib.Algebra.Group.Defs (12s)
✔ [212/228] Built Aesop.Rule (1.9s)
✔ [213/228] Built Aesop.RuleTac.Tactic (2.2s)
✔ [214/228] Built Aesop.Search.Expansion.Basic (1.7s)
✔ [215/228] Built Aesop.Search.Expansion.Simp (1.1s)
✔ [216/232] Built Aesop.Script.Main (1.8s)
✔ [217/243] Built Aesop.Constants (438ms)
✔ [218/245] Built Mathlib.Algebra.Group.Semiconj.Defs (2.3s)
✔ [219/245] Built Aesop.RuleSet.Member (1.4s)
✔ [220/245] Built Batteries.Lean.HashSet (585ms)
✔ [221/245] Built Aesop.Forward.Match (3.2s)
✔ [222/246] Built Aesop.Tree.UnsafeQueue (1.3s)
✔ [223/246] Built Aesop.Exception (1.2s)
✔ [224/246] Built Mathlib.Algebra.Group.Commute.Defs (2.8s)
✔ [225/252] Built Aesop.Tree.Data.ForwardRuleMatches (1.7s)
✔ [226/252] Built Aesop.RuleTac.Forward (3.5s)
✔ [227/256] Built Batteries.Linter.UnreachableTactic (1.5s)
✔ [228/258] Built Aesop.Index (2.3s)
✔ [229/263] Built Batteries.Lean.TagAttribute (467ms)
✔ [230/263] Built Aesop.RuleTac (1.3s)
✔ [231/263] Built Batteries.Tactic.Init (1.5s)
✔ [232/263] Built Batteries.Tactic.SeqFocus (1.1s)
✔ [233/266] Built Batteries.Lean.AttributeExtra (725ms)
✔ [234/268] Built Batteries.Util.ProofWanted (947ms)
✔ [235/270] Built Aesop.Forward.State (8.3s)
✔ [236/273] Built Aesop.Builder.Basic (1.9s)
✔ [237/273] Built Batteries.Linter.UnnecessarySeqFocus (2.4s)
✔ [238/273] Built Aesop.RuleSet (4.7s)
✔ [239/274] Built Aesop.Builder.Constructors (1.3s)
✔ [240/274] Built Aesop.Builder.NormSimp (1.3s)
✔ [241/277] Built Aesop.Builder.Cases (1.5s)
✔ [242/277] Built Batteries.Linter (766ms)
✔ [243/277] Built Aesop.Builder.Apply (1.3s)
✔ [244/277] Built Aesop.Builder.Tactic (1.4s)
✔ [245/277] Built Aesop.Tree.Data (3.5s)
✔ [246/278] Built Aesop.Frontend.Extension.Init (1.3s)
✔ [247/280] Built Aesop.Forward.State.ApplyGoalDiff (1.8s)
✔ [248/280] Built Aesop.Forward.State.Initial (1.7s)
✔ [249/280] Built Batteries.Tactic.Basic (671ms)
✔ [250/280] Built Aesop.Builder.Unfold (1.3s)
✔ [251/280] Built Aesop.Builder.Forward (2.4s)
✔ [252/280] Built Aesop.Builder.Default (1.4s)
✔ [253/280] Built Aesop.Tree.Traversal (1.5s)
✔ [254/280] Built Aesop.Search.Queue.Class (1.2s)
✔ [255/281] Built Aesop.Tree.RunMetaM (1.5s)
✔ [256/281] Built Aesop.Frontend.Extension (1.9s)
✔ [257/281] Built Aesop.Stats.Extension (1.3s)
✔ [258/281] Built Aesop.Stats.File (1.3s)
✔ [259/281] Built Batteries.Classes.Order (1.3s)
✔ [260/282] Built Aesop.Tree.TreeM (2.1s)
✔ [261/284] Built Aesop.Tree.State (2.0s)
✔ [262/284] Built Aesop.Tree.Tracing (2.6s)
✔ [263/284] Built Aesop.Search.SearchM (2.1s)
✔ [264/284] Built Aesop.Frontend.RuleExpr (5.2s)
✔ [265/284] Built Aesop.Tree.Free (1.6s)
✔ [266/284] Built Aesop.Tree.ExtractScript (3.3s)
✔ [267/284] Built Aesop.Tree.ExtractProof (2.8s)
✔ [268/284] Built Aesop.Tree.AddRapp (5.2s)
✔ [269/287] Built Aesop.Frontend.Basic (1.0s)
✔ [270/287] Built Aesop.Stats.Report (1.8s)
✔ [271/287] Built Aesop.Search.RuleSelection (1.7s)
✔ [272/288] Built Aesop.Tree.Check (3.2s)
✔ [273/288] Built Batteries.Data.BinomialHeap.Basic (11s)
✔ [274/288] Built Aesop.Frontend.Attribute (1.9s)
✔ [275/290] Built Aesop.Tree (1.3s)
✔ [276/290] Built Aesop.Frontend.Tactic (2.8s)
✔ [277/290] Built Aesop.Frontend.Command (3.0s)
✔ [278/290] Built Aesop.BuiltinRules.Assumption (1.0s)
✔ [279/291] Built Aesop.Search.Queue (1.7s)
✔ [280/292] Built Aesop.BuiltinRules.ApplyHyps (1.8s)
✔ [281/293] Built Aesop.Saturate (4.2s)
✔ [282/294] Built Aesop.BuiltinRules.DestructProducts (2.1s)
✔ [283/294] Built Aesop.Search.Expansion.Norm (6.7s)
✔ [284/297] Built Aesop.BuiltinRules.Ext (1.6s)
✔ [285/298] Built Aesop.BuiltinRules.Intros (1.5s)
✔ [286/298] Built Aesop.BuiltinRules.Rfl (1.3s)
✔ [287/298] Built Aesop.Frontend.Saturate (2.4s)
✔ [288/298] Built Aesop.BuiltinRules.Split (1.6s)
✔ [289/301] Built Aesop.Frontend (1.6s)
✔ [290/302] Built Aesop.BuiltinRules.Subst (2.2s)
✔ [291/304] Built Aesop.Search.Expansion (3.9s)
✔ [292/304] Built Mathlib.Data.Int.Init (3.1s)
✔ [293/304] Built Mathlib.Tactic.Attr.Register (1.7s)
✔ [294/304] Built Mathlib.Tactic.AdaptationNote (1.7s)
✔ [295/309] Built Aesop.BuiltinRules (1.4s)
✔ [296/309] Built Mathlib.Logic.Nonempty (1.2s)
✔ [297/311] Built Mathlib.Logic.ExistsUnique (1.9s)
✔ [298/312] Built Aesop.Search.ExpandSafePrefix (2.6s)
✔ [299/312] Built Mathlib.Logic.Function.Defs (1.5s)
✔ [300/312] Built Mathlib.Tactic.Push.Attr (1.9s)
✔ [301/312] Built Mathlib.Tactic.SimpRw (1.9s)
✔ [302/316] Built Mathlib.Logic.Nontrivial.Defs (1.5s)
✔ [303/316] Built Mathlib.Logic.Basic (5.7s)
✔ [304/316] Built Mathlib.Logic.Relator (1.5s)
✔ [305/321] Built Mathlib.Tactic.Inhabit (1.2s)
✔ [306/324] Built Aesop.Search.Main (5.3s)
✔ [307/325] Built Mathlib.Data.Ordering.Basic (840ms)
✔ [308/325] Built Mathlib.Order.Defs.PartialOrder (3.3s)
✔ [309/325] Built Aesop.Main (3.3s)
✔ [310/330] Built Mathlib.Algebra.Group.Units.Defs (8.8s)
✔ [311/330] Built Mathlib.Tactic.Attr.Core (1.0s)
✔ [312/330] Built Mathlib.Logic.Function.Basic (6.1s)
✔ [313/330] Built Aesop (1.4s)
✔ [314/331] Built Mathlib.Tactic.Lift (2.0s)
✔ [315/331] Built Mathlib.Order.Defs.LinearOrder (3.7s)
✔ [316/331] Built Mathlib.Tactic.Subsingleton (2.9s)
✔ [317/334] Built Mathlib.Algebra.Group.Invertible.Defs (2.9s)
✔ [318/336] Built Mathlib.Logic.IsEmpty (2.4s)
✔ [319/336] Built Mathlib.Logic.Function.Conjugate (2.6s)
✔ [320/339] Built Mathlib.Algebra.Notation.Pi.Defs (4.0s)
✔ [321/341] Built Mathlib.Logic.Unique (3.9s)
✔ [322/341] Built Mathlib.Util.CompileInductive (5.8s)
✔ [323/341] Built Mathlib.Tactic.WithoutCDot (2.1s)
✔ [324/343] Built Mathlib.Lean.Elab.Term (1.7s)
✔ [325/346] Built Mathlib.Logic.Function.Iterate (4.2s)
✔ [326/346] Built Mathlib.Lean.PrettyPrinter.Delaborator (1.3s)
✔ [327/346] Built Mathlib.Util.WithWeakNamespace (950ms)
✔ [328/347] Built Mathlib.Data.FunLike.Basic (1.9s)
✔ [329/348] Built Batteries.Lean.Syntax (402ms)
✔ [330/348] Built Mathlib.Tactic.Use (2.8s)
✔ [331/348] Built Mathlib.Data.Prod.Basic (3.6s)
✔ [332/348] Built Mathlib.Tactic.ScopedNS (3.5s)
✔ [333/351] Built Mathlib.Data.FunLike.Embedding (1.6s)
✔ [334/351] Built Mathlib.Data.Subtype (2.6s)
✔ [335/351] Built Mathlib.Tactic.Conv (2.7s)
✔ [336/351] Built Mathlib.Logic.Nontrivial.Basic (1.0s)
✔ [337/351] Built Mathlib.Logic.Relation (5.3s)
✔ [338/351] Built Mathlib.Algebra.Group.Hom.Defs (12s)
✔ [339/351] Built Mathlib.Data.FunLike.Equiv (2.1s)
✔ [340/352] Built Mathlib.Tactic.Substs (1.0s)
✔ [341/355] Built Mathlib.Algebra.Group.Basic (18s)
✔ [342/355] Built Mathlib.Tactic.Nontriviality.Core (4.3s)
✔ [343/360] Built Mathlib.Tactic.Nontriviality (2.5s)
✔ [344/360] Built Mathlib.Algebra.GroupWithZero.Defs (5.6s)
✔ [345/360] Built Mathlib.Algebra.NeZero (3.1s)
✔ [346/360] Built Batteries.Tactic.Exact (834ms)
✔ [347/360] Built Mathlib.Tactic.GCongr.ForwardAttr (1.4s)
✔ [348/360] Built Mathlib.Algebra.GroupWithZero.NeZero (1.8s)
✔ [349/364] Built Mathlib.Util.Notation3 (16s)
✔ [350/364] Built Mathlib.Data.Nat.Init (4.9s)
✔ [351/364] Built Mathlib.Algebra.Group.Units.Basic (8.0s)
✔ [352/367] Built Mathlib.Algebra.GroupWithZero.Basic (4.7s)
✔ [353/370] Built Mathlib.Lean.Meta.CongrTheorems (4.9s)
✔ [354/370] Built Mathlib.Util.AtLocation (1.4s)
✔ [355/370] Built Mathlib.Tactic.GCongr.Core (7.4s)
✔ [356/370] Built Mathlib.Algebra.Group.Semiconj.Units (2.9s)
✔ [357/370] Built Mathlib.Data.Quot (4.8s)
✔ [358/370] Built Mathlib.Tactic.Spread (2.1s)
✔ [359/370] Built Mathlib.Data.Nat.Basic (2.5s)
✔ [360/373] Built Mathlib.Algebra.Group.Commute.Units (4.1s)
✔ [361/375] Built Mathlib.Tactic.CongrExclamation (6.7s)
✔ [362/376] Built Mathlib.Tactic.Push (6.1s)
✔ [363/377] Built Mathlib.Data.Nat.Cast.Defs (3.0s)
✔ [364/377] Built Mathlib.Tactic.StacksAttribute (2.2s)
✔ [365/379] Built Mathlib.Tactic.Convert (3.5s)
✔ [366/379] Built Mathlib.Algebra.Group.Int.Defs (1.9s)
✔ [367/381] Built Mathlib.Tactic.Contrapose (2.9s)
✔ [368/382] Built Mathlib.Data.Int.Cast.Defs (1.8s)
✔ [370/382] Built Mathlib.Logic.Equiv.Defs (8.8s)
✔ [371/383] Built Mathlib.Data.Int.Basic (2.4s)
✔ [373/383] Built Mathlib.Data.Int.Cast.Basic (2.5s)
✔ [374/385] Built Mathlib.Algebra.CharZero.Defs (1.0s)
✔ [375/386] Built Plausible.Random (1.4s)
✔ [376/389] Built Mathlib.Algebra.Group.Invertible.Basic (2.8s)
✔ [377/394] Built Plausible.Attr (801ms)
✔ [378/397] Built Mathlib.Algebra.Ring.Defs (5.2s)
✔ [379/397] Built Plausible.Gen (1.5s)
✔ [381/397] Built Mathlib.Algebra.GroupWithZero.Units.Basic (5.6s)
✔ [382/398] Built Batteries.Tactic.Case (3.3s)
✔ [384/399] Built Mathlib.Algebra.Ring.GrindInstances (2.5s)
✔ [385/399] Built Plausible.Arbitrary (1.3s)
✔ [386/401] Built LeanSearchClient.Basic (529ms)
✔ [387/402] Built Mathlib.Algebra.GroupWithZero.Invertible (3.0s)
✔ [388/402] Built Mathlib.Algebra.Ring.Int.Defs (2.0s)
✔ [389/402] Built Plausible.Sampleable (1.6s)
✔ [390/404] Built Plausible.ArbitraryFueled (420ms)
✔ [391/404] Built Batteries.Tactic.HelpCmd (7.0s)
✔ [392/404] Built Mathlib.Tactic.ApplyCongr (1.2s)
✔ [393/405] Built Batteries.Tactic.GeneralizeProofs (7.1s)
✔ [394/406] Built LeanSearchClient.Syntax (3.3s)
✔ [395/406] Built Mathlib.Lean.Meta.Basic (1.4s)
✔ [396/407] Built Plausible.Testable (3.4s)
✔ [397/407] Built Mathlib.Tactic.ApplyWith (1.1s)
✔ [398/408] Built Plausible.DeriveArbitrary (3.4s)
✔ [399/408] Built Mathlib.Tactic.ByCases (1.6s)
✔ [400/408] Built Mathlib.Tactic.ApplyAt (1.2s)
✔ [401/409] Built Plausible.Functions (978ms)
✔ [402/409] Built LeanSearchClient.LoogleSyntax (2.3s)
✔ [403/412] Built Plausible.Tactic (1.2s)
✔ [404/412] Built LeanSearchClient (680ms)
✔ [405/412] Built Plausible (672ms)
✔ [406/413] Built Mathlib.Tactic.ByContra (1.9s)
✔ [407/414] Built Mathlib.Tactic.Check (1.3s)
✔ [408/415] Built Mathlib.Tactic.CasesM (2.1s)
✔ [409/415] Built Mathlib.Util.Tactic (926ms)
✔ [410/417] Built Mathlib.Tactic.ClearExclamation (936ms)
✔ [411/418] Built Mathlib.Tactic.ClearExcept (1.0s)
✔ [412/419] Built Mathlib.Tactic.Clear_ (1.0s)
✔ [413/420] Built Mathlib.Tactic.Coe (1.3s)
✔ [414/421] Built Mathlib.Tactic.Constructor (966ms)
✔ [415/422] Built Mathlib.Tactic.Choose (3.1s)
✔ [416/423] Built Mathlib.Tactic.DeprecateTo (2.6s)
✔ [417/423] Built Mathlib.Tactic.DefEqTransformations (3.7s)
✔ [418/425] Built Mathlib.Tactic.ExistsI (1.0s)
✔ [419/426] Built Mathlib.Tactic.ErwQuestion (2.2s)
✔ [420/429] Built Mathlib.Tactic.FailIfNoProgress (1.3s)
✔ [421/431] Built Batteries.Util.Cache (993ms)
✔ [422/432] Built Mathlib.Tactic.FunProp.Decl (2.0s)
✔ [423/432] Built Mathlib.Tactic.FunProp.Mor (1.6s)
✔ [424/436] Built Mathlib.Tactic.FunProp.ToBatteries (1.6s)
✔ [425/437] Built Mathlib.Tactic.TermCongr (7.3s)
✔ [426/440] Built Mathlib.Tactic.Find (1.5s)
✔ [427/444] Built Mathlib.Tactic.CongrM (1.8s)
✔ [428/447] Built Mathlib.Lean.Meta.RefinedDiscrTree.Basic (2.5s)
✔ [429/447] Built Mathlib.Tactic.GCongr.CoreAttrs (1.6s)
✔ [430/448] Built Mathlib.Tactic.FunProp.FunctionData (3.0s)
✔ [431/449] Built Batteries.Data.MLList.Basic (1.0s)
✔ [432/449] Built Mathlib.Lean.Meta.RefinedDiscrTree.Encode (2.4s)
✔ [433/450] Built Mathlib.Tactic.GRewrite.Core (2.2s)
✔ [434/450] Built Mathlib.Tactic.GuardGoalNums (947ms)
✔ [435/450] Built Mathlib.Lean.Meta.RefinedDiscrTree.Initialize (3.1s)
✔ [436/450] Built Batteries.Control.Nondet.Basic (1.1s)
✔ [437/451] Built Mathlib.Tactic.FunProp.Types (2.6s)
✔ [438/451] Built Mathlib.Tactic.GuardHypNums (909ms)
✔ [439/451] Built Mathlib.Tactic.HigherOrder (1.0s)
✔ [440/453] Built Mathlib.Lean.Meta.RefinedDiscrTree.Lookup (2.7s)
✔ [441/454] Built Mathlib.Tactic.Hint (2.3s)
✔ [442/455] Built Mathlib.Tactic.GRewrite.Elab (3.2s)
✔ [443/455] Built Mathlib.Tactic.InferParam (1.1s)
✔ [444/456] Built Mathlib.Util.TermReduce (1.5s)
✔ [445/456] Built Mathlib.Tactic.GCongr (1.4s)
✔ [446/457] Built Mathlib.Tactic.Linter.DeprecatedModule (1.9s)
✔ [447/457] Built Mathlib.Tactic.GRewrite (1.5s)
✔ [448/457] Built Mathlib.Tactic.Linter.HaveLetLinter (1.4s)
✔ [449/461] Built Mathlib.Tactic.FunProp.Theorems (3.6s)
✔ [450/461] Built Mathlib.Tactic.Linter.MinImports (2.2s)
✔ [451/461] Built Mathlib.Tactic.Linter.PPRoundtrip (1.4s)
✔ [452/462] Built Mathlib.Tactic.IrreducibleDef (3.2s)
✔ [453/463] Built Mathlib.Tactic.FunProp.Attr (1.6s)
✔ [454/464] Built ImportGraph.Meta (1.9s)
✔ [455/465] Built Mathlib.Tactic.NthRewrite (1.5s)
✔ [456/465] Built Mathlib.Tactic.Observe (1.7s)
✔ [457/466] Built Mathlib.Tactic.RSuffices (1.8s)
✔ [458/467] Built Mathlib.Tactic.Linter.UpstreamableDecl (1.6s)
✔ [459/468] Built Mathlib.Tactic.Relation.Rfl (1.2s)
✔ [460/468] Built Mathlib.Tactic.Recover (1.8s)
✔ [461/469] Built Mathlib.Tactic.Rename (1.5s)
✔ [462/470] Built Mathlib.Tactic.Linter (816ms)
✔ [463/471] Built Mathlib.Tactic.RenameBVar (1.2s)
✔ [464/472] Built Mathlib.Tactic.Set (1.7s)
✔ [465/473] Built Mathlib.Tactic.FunProp.Core (8.8s)
✔ [466/473] Built Mathlib.Tactic.Says (2.4s)
✔ [467/473] Built Mathlib.Tactic.SimpIntro (1.7s)
✔ [468/475] Built Mathlib.Tactic.SuccessIfFailWithMsg (1.2s)
✔ [469/478] Built Mathlib.Tactic.SudoSetOption (1.1s)
✔ [470/479] Built Mathlib.Tactic.SwapVar (1.1s)
✔ [471/480] Built Mathlib.Lean.Elab.Tactic.Basic (813ms)
✔ [472/481] Built Mathlib.Tactic.ToLevel (859ms)
✔ [473/481] Built Mathlib.Util.WhatsNew (1.6s)
✔ [474/482] Built Mathlib.Tactic.Trace (1.1s)
✔ [475/482] Built Mathlib.Tactic.FunProp.Elab (2.0s)
✔ [476/482] Built Mathlib.Tactic.TypeCheck (972ms)
✔ [477/490] Built Mathlib.Tactic.UnsetOption (853ms)
✔ [478/490] Built Mathlib.Tactic.ToExpr (1.2s)
✔ [479/503] Built Mathlib.Tactic.FunProp (1.4s)
✔ [495/504] Built Mathlib.Tactic.Widget.SelectInsertParamsClass (1.1s)
✔ [496/506] Built Mathlib.Lean.Meta.RefinedDiscrTree (1.3s)
✔ [497/508] Built Mathlib.Tactic.Tauto (4.5s)
✔ [498/510] Built Mathlib.Lean.GoalsLocation (956ms)
✔ [500/511] Built Mathlib.Tactic.Variable (3.9s)
✔ [501/515] Built Mathlib.Lean.Meta.KAbstractPositions (1.2s)
✔ [502/515] Built Mathlib.Tactic.Widget.SelectPanelUtils (1.9s)
✔ [503/515] Built Mathlib.Util.TransImports (1.0s)
✔ [504/515] Built Mathlib.Util.PrintSorries (1.6s)
✔ [505/515] Built Mathlib.Tactic.WLOG (2.7s)
✔ [506/515] Built Mathlib.Util.CountHeartbeats (2.7s)
✔ [507/517] Built Mathlib.Tactic.Widget.Conv (1.8s)
✔ [508/517] Built Mathlib.Tactic.Widget.InteractiveUnfold (2.6s)
✔ [509/517] Built Mathlib.Tactic.Widget.CongrM (1.9s)
✔ [510/518] Built Mathlib.Tactic.Widget.Calc (2.7s)
✔ [511/522] Built Mathlib.Control.EquivFunctor (2.3s)
✔ [512/522] Built Mathlib.Control.Combinators (908ms)
✔ [513/523] Built Mathlib.Algebra.Group.Hom.Basic (5.2s)
✔ [514/528] Built Mathlib.Data.Option.Defs (1.0s)
✔ [515/528] Built Mathlib.Tactic.Widget.LibraryRewrite (5.7s)
✔ [516/529] Built Mathlib.Algebra.Group.Equiv.Defs (7.3s)
✔ [517/529] Built Mathlib.Data.Prod.PProd (964ms)
✔ [518/530] Built Mathlib.Data.Sigma.Basic (2.5s)
✔ [519/533] Built Mathlib.Data.Option.Basic (3.1s)
✔ [520/533] Built Mathlib.Tactic.Common (1.9s)
✔ [521/533] Built Mathlib.Algebra.Group.Torsion (2.6s)
✔ [522/535] Built Mathlib.Logic.Equiv.Option (4.5s)
✔ [523/535] Built Mathlib.Logic.Equiv.Prod (7.0s)
✔ [524/536] Built Mathlib.Algebra.Group.InjSurj (7.3s)
✔ [525/536] Built Mathlib.Algebra.Opposites (6.4s)
✔ [526/538] Built Mathlib.Algebra.Notation.Pi.Basic (3.0s)
✔ [527/541] Built Mathlib.Algebra.Divisibility.Basic (4.8s)
✔ [528/541] Built Mathlib.Data.Set.CoeSort (965ms)
✔ [529/541] Built Mathlib.Logic.Equiv.Sum (5.1s)
✔ [530/541] Built Mathlib.Tactic.FBinop (3.5s)
✔ [531/542] Built Mathlib.Algebra.Divisibility.Hom (1.0s)
✔ [532/542] Built Mathlib.Algebra.Group.Opposite (4.5s)
✔ [533/544] Built Mathlib.Data.SProd (1.0s)
✔ [534/544] Built Mathlib.Algebra.Group.TypeTags.Basic (5.8s)
✔ [535/545] Built Mathlib.Algebra.Group.Nat.Defs (1.8s)
✔ [536/545] Built Mathlib.Order.Notation (3.3s)
✔ [537/549] Built Mathlib.Algebra.Group.TypeTags.Hom (3.6s)
✔ [538/549] Built Mathlib.Algebra.GroupWithZero.Hom (4.4s)
✔ [539/549] Built Mathlib.Data.Set.Operations (4.5s)
✔ [540/554] Built Mathlib.Data.Sum.Basic (3.5s)
✔ [541/554] Built Mathlib.Logic.Equiv.Basic (9.7s)
✔ [542/554] Built Mathlib.Tactic.FastInstance (2.6s)
✔ [543/557] Built Mathlib.Algebra.Group.Nat.Hom (2.7s)
✔ [544/557] Built Mathlib.Data.List.TFAE (1.2s)
✔ [545/557] Built Mathlib.Util.AtomM (2.0s)
✔ [546/559] Built Mathlib.Algebra.GroupWithZero.Nat (1.5s)
✔ [547/560] Built Mathlib.Algebra.Group.Pi.Basic (4.2s)
✔ [548/560] Built Mathlib.Algebra.GroupWithZero.Semiconj (1.0s)
✔ [549/560] Built Mathlib.Algebra.Ring.Nat (1.0s)
✔ [550/562] Built Mathlib.Algebra.Group.Equiv.Basic (5.0s)
✔ [551/562] Built Mathlib.Algebra.Ring.Semiconj (1.8s)
✔ [552/564] Built Mathlib.Algebra.GroupWithZero.Commute (2.0s)
✔ [553/567] Built Mathlib.Tactic.TFAE (6.5s)
✔ [554/567] Built Mathlib.Algebra.GroupWithZero.InjSurj (3.0s)
✔ [555/567] Built Mathlib.Algebra.Group.Hom.Instances (6.6s)
✔ [556/568] Built Mathlib.Algebra.Group.Equiv.Opposite (4.5s)
✔ [557/568] Built Mathlib.Data.Bracket (1.1s)
✔ [558/568] Built Mathlib.Lean.Expr.Rat (884ms)
✔ [559/574] Built Mathlib.Algebra.Group.Units.Hom (4.4s)
✔ [560/576] Built Batteries.Classes.RatCast (415ms)
✔ [561/577] Built Mathlib.Util.Qq (1.9s)
✔ [562/577] Built Mathlib.Algebra.Ring.Basic (3.8s)
✔ [563/579] Built Mathlib.Data.Rat.Init (1.3s)
✔ [564/579] Built Mathlib.Algebra.Group.Even (4.0s)
✔ [565/579] Built Mathlib.Tactic.HaveI (1.1s)
✔ [566/579] Built Mathlib.Tactic.TryThis (1.1s)
✔ [567/579] Built Mathlib.Algebra.Field.Defs (2.7s)
✔ [568/579] Built Mathlib.Util.AtomM.Recurse (2.2s)
✔ [569/584] Built Mathlib.Algebra.Ring.InjSurj (8.7s)
✔ [570/592] Built Mathlib.Algebra.GroupWithZero.Opposite (2.5s)
✔ [571/592] Built Mathlib.Algebra.Ring.Hom.Defs (7.0s)
✔ [572/592] Built Batteries.Data.Nat.Basic (982ms)
✔ [573/592] Built Mathlib.Tactic.NormNum.Result (6.2s)
✔ [574/592] Built Mathlib.Algebra.Ring.Units (3.0s)
✔ [575/595] Built Mathlib.Algebra.Group.Action.Defs (7.3s)
✔ [576/595] Built Mathlib.Data.Nat.Cast.Basic (3.4s)
✔ [577/595] Built Mathlib.Data.Nat.Sqrt (4.0s)
✔ [578/600] Built Mathlib.Algebra.Ring.Commute (4.1s)
✔ [579/600] Built Mathlib.Algebra.Group.Action.Opposite (3.0s)
✔ [580/600] Built Mathlib.Tactic.NormNum.Core (5.1s)
✔ [581/600] Built Mathlib.Algebra.Group.Action.TypeTags (1.9s)
✔ [582/600] Built Mathlib.Data.Int.Sqrt (1.7s)
✔ [583/600] Built Mathlib.Algebra.Group.Action.Faithful (2.6s)
✔ [584/602] Built Mathlib.Data.Nat.Cast.Commute (2.2s)
✔ [585/602] Built Mathlib.Algebra.Group.Nat.Even (4.1s)
✔ [586/602] Built Mathlib.Algebra.GroupWithZero.Action.Defs (4.7s)
✔ [587/602] Built Mathlib.Algebra.Group.Action.Pretransitive (1.0s)
✔ [588/602] Built Mathlib.Algebra.Group.Action.Units (3.2s)
✔ [589/602] Built Mathlib.Algebra.GroupWithZero.Equiv (1.8s)
✔ [590/602] Built Mathlib.Algebra.Notation.Prod (3.1s)
✔ [591/602] Built Mathlib.Algebra.Module.Defs (3.6s)
✔ [592/603] Built Mathlib.Algebra.Group.Int.Even (4.2s)
✔ [593/603] Built Mathlib.Algebra.Group.Action.Hom (2.5s)
✔ [594/603] Built Mathlib.Algebra.GroupWithZero.Action.Units (2.6s)
✔ [595/606] Built Batteries.Tactic.Congr (2.1s)
✔ [596/608] Built Mathlib.Algebra.GroupWithZero.Action.End (2.6s)
✔ [597/610] Built Mathlib.Tactic.NormNum.Basic (12s)
✔ [598/610] Built Mathlib.Logic.Function.ULift (969ms)
✔ [599/610] Built Mathlib.Algebra.Module.RingHom (2.7s)
✔ [600/611] Built Mathlib.Tactic.Finiteness.Attr (2.0s)
✔ [601/613] Built Mathlib.Algebra.Ring.Parity (10s)
✔ [602/613] Built Mathlib.Data.Bool.Basic (3.4s)
✔ [603/614] Built Mathlib.Order.Basic (11s)
✔ [604/614] Built Mathlib.Data.Int.Order.Basic (1.0s)
✔ [605/627] Built Mathlib.Tactic.Abel (9.8s)
✔ [606/627] Built Mathlib.Data.Int.Cast.Lemmas (5.5s)
✔ [607/627] Built Mathlib.Order.ULift (2.1s)
✔ [608/627] Built Batteries.WF (753ms)
✔ [609/627] Built Mathlib.Order.Synonym (2.4s)
✔ [610/627] Built Mathlib.Util.PPOptions (911ms)
✔ [611/627] Built Mathlib.Order.Monotone.Defs (4.5s)
✔ [612/635] Built Mathlib.Algebra.Module.NatInt (4.6s)
✔ [613/635] Built Mathlib.Order.Compare (2.9s)
✔ [614/646] Built Mathlib.Tactic.Monotonicity.Attr (936ms)
✔ [615/646] Built Mathlib.Logic.Function.CompTypeclasses (941ms)
✔ [616/646] Built Mathlib.Order.RelClasses (5.5s)
✔ [617/652] Built Mathlib.Order.Max (3.5s)
✔ [618/652] Built Mathlib.Algebra.Group.Hom.CompTypeclasses (1.9s)
✔ [619/652] Built Mathlib.Algebra.Regular.SMul (3.0s)
✔ [620/652] Built Mathlib.Order.Monotone.Basic (5.2s)
✔ [621/652] Built Mathlib.Order.BoundedOrder.Basic (4.7s)
✔ [622/653] Built Mathlib.Logic.Embedding.Basic (4.9s)
✔ [623/654] Built Mathlib.Util.Delaborators (11s)
✔ [624/657] Built Mathlib.Order.GaloisConnection.Defs (3.3s)
✔ [625/658] Built Mathlib.Algebra.Group.Action.Basic (3.9s)
✔ [626/658] Built Mathlib.Algebra.Group.Equiv.TypeTags (5.4s)
✔ [627/659] Built Mathlib.Order.Lattice (8.8s)
