✖ [3220/3221] Building Calibrator (62s)
trace: .> LEAN_PATH=/app/.lake/packages/Cli/.lake/build/lib/lean:/app/.lake/packages/batteries/.lake/build/lib/lean:/app/.lake/packages/Qq/.lake/build/lib/lean:/app/.lake/packages/aesop/.lake/build/lib/lean:/app/.lake/packages/proofwidgets/.lake/build/lib/lean:/app/.lake/packages/importGraph/.lake/build/lib/lean:/app/.lake/packages/LeanSearchClient/.lake/build/lib/lean:/app/.lake/packages/plausible/.lake/build/lib/lean:/app/.lake/packages/mathlib/.lake/build/lib/lean:/app/.lake/build/lib/lean /home/jules/.elan/toolchains/leanprover--lean4---v4.26.0/bin/lean /app/proofs/Calibrator.lean -o /app/.lake/build/lib/lean/Calibrator.olean -i /app/.lake/build/lib/lean/Calibrator.ilean -c /app/.lake/build/ir/Calibrator.c --setup /app/.lake/build/ir/Calibrator.setup.json --json
warning: proofs/Calibrator.lean:430:33: This simp argument is unused:
  zero_mul

Hint: Omit it from the simp argument list.
  simp only [mul_zero, add_zero, z̵e̵r̵o̵_̵m̵u̵l̵,̵ ̵mul_one] at h0 h1

Note: This linter can be disabled with `set_option linter.unusedSimpArgs false`
warning: proofs/Calibrator.lean:1188:29: This simp argument is unused:
  ha_def

Hint: Omit it from the simp argument list.
  simp only [model', ha̵_̵d̵e̵f̵,̵ ̵h̵b_def] at h

Note: This linter can be disabled with `set_option linter.unusedSimpArgs false`
warning: proofs/Calibrator.lean:1188:37: This simp argument is unused:
  hb_def

Hint: Omit it from the simp argument list.
  simp only [model', ha_def,̵ ̵h̵b̵_̵d̵e̵f̵] at h

Note: This linter can be disabled with `set_option linter.unusedSimpArgs false`
warning: proofs/Calibrator.lean:1189:32: 'ring' tactic does nothing

Note: This linter can be disabled with `set_option linter.unusedTactic false`
warning: proofs/Calibrator.lean:1189:32: this tactic is never executed

Note: This linter can be disabled with `set_option linter.unreachableTactic false`
warning: proofs/Calibrator.lean:1488:3: unused variable `h_indep`

Note: This linter can be disabled with `set_option linter.unusedVariables false`
warning: proofs/Calibrator.lean:1489:3: unused variable `h_true_fn`

Note: This linter can be disabled with `set_option linter.unusedVariables false`
warning: proofs/Calibrator.lean:1499:78: unused variable `h_norm`

Note: This linter can be disabled with `set_option linter.unusedVariables false`
warning: proofs/Calibrator.lean:1698:34: try 'simp' instead of 'simpa'

Note: This linter can be disabled with `set_option linter.unnecessarySimpa false`
warning: proofs/Calibrator.lean:1701:34: try 'simp' instead of 'simpa'

Note: This linter can be disabled with `set_option linter.unnecessarySimpa false`
warning: proofs/Calibrator.lean:1742:28: try 'simp' instead of 'simpa'

Note: This linter can be disabled with `set_option linter.unnecessarySimpa false`
warning: proofs/Calibrator.lean:1747:35: try 'simp' instead of 'simpa'

Note: This linter can be disabled with `set_option linter.unnecessarySimpa false`
warning: proofs/Calibrator.lean:1735:66: try 'simp' instead of 'simpa'

Note: This linter can be disabled with `set_option linter.unnecessarySimpa false`
warning: proofs/Calibrator.lean:1738:44: try 'simp' instead of 'simpa'

Note: This linter can be disabled with `set_option linter.unnecessarySimpa false`
warning: proofs/Calibrator.lean:1754:30: try 'simp' instead of 'simpa'

Note: This linter can be disabled with `set_option linter.unnecessarySimpa false`
warning: proofs/Calibrator.lean:1759:30: try 'simp' instead of 'simpa'

Note: This linter can be disabled with `set_option linter.unnecessarySimpa false`
warning: proofs/Calibrator.lean:1770:68: try 'simp' instead of 'simpa'

Note: This linter can be disabled with `set_option linter.unnecessarySimpa false`
warning: proofs/Calibrator.lean:1773:46: try 'simp' instead of 'simpa'

Note: This linter can be disabled with `set_option linter.unnecessarySimpa false`
warning: proofs/Calibrator.lean:1792:30: try 'simp' instead of 'simpa'

Note: This linter can be disabled with `set_option linter.unnecessarySimpa false`
warning: proofs/Calibrator.lean:1796:31: try 'simp' instead of 'simpa'

Note: This linter can be disabled with `set_option linter.unnecessarySimpa false`
warning: proofs/Calibrator.lean:1803:32: try 'simp' instead of 'simpa'

Note: This linter can be disabled with `set_option linter.unnecessarySimpa false`
warning: proofs/Calibrator.lean:1807:32: try 'simp' instead of 'simpa'

Note: This linter can be disabled with `set_option linter.unnecessarySimpa false`
warning: proofs/Calibrator.lean:1815:32: try 'simp' instead of 'simpa'

Note: This linter can be disabled with `set_option linter.unnecessarySimpa false`
warning: proofs/Calibrator.lean:1821:30: try 'simp' instead of 'simpa'

Note: This linter can be disabled with `set_option linter.unnecessarySimpa false`
warning: proofs/Calibrator.lean:1826:32: try 'simp' instead of 'simpa'

Note: This linter can be disabled with `set_option linter.unnecessarySimpa false`
warning: proofs/Calibrator.lean:1831:33: try 'simp' instead of 'simpa'

Note: This linter can be disabled with `set_option linter.unnecessarySimpa false`
warning: proofs/Calibrator.lean:1837:37: try 'simp' instead of 'simpa'

Note: This linter can be disabled with `set_option linter.unnecessarySimpa false`
warning: proofs/Calibrator.lean:1843:30: try 'simp' instead of 'simpa'

Note: This linter can be disabled with `set_option linter.unnecessarySimpa false`
warning: proofs/Calibrator.lean:1848:37: try 'simp' instead of 'simpa'

Note: This linter can be disabled with `set_option linter.unnecessarySimpa false`
warning: proofs/Calibrator.lean:1778:56: This simp argument is unused:
  mul_left_comm

Hint: Omit it from the simp argument list.
  simp [g, ParamIx.equivSum, mul_assoc, m̵u̵l̵_̵l̵e̵f̵t̵_̵c̵o̵m̵m̵,̵ ̵mul_comm]

Note: This linter can be disabled with `set_option linter.unusedSimpArgs false`
warning: proofs/Calibrator.lean:1850:79: This simp argument is unused:
  Finset.sum_mul

Hint: Omit it from the simp argument list.
  simp [linearPredictor, evalSmooth, Finset.sum_add_distrib, Finset.mul_sum, F̵i̵n̵s̵e̵t̵.̵s̵u̵m̵_̵m̵u̵l̵,̵add_mul, mul_add,
  ̲  ̲ ̲ ̲ ̲ ̲mul_comm, mul_left_comm, mul_assoc]

Note: This linter can be disabled with `set_option linter.unusedSimpArgs false`
warning: proofs/Calibrator.lean:1851:6: This simp argument is unused:
  add_mul

Hint: Omit it from the simp argument list.
  simp [linearPredictor, evalSmooth, Finset.sum_add_distrib, Finset.mul_sum, Finset.sum_mul,
        a̵d̵d̵_̵mul,̵ ̵m̵u̵l̵_add, mul_comm, mul_left_comm, mul_assoc]

Note: This linter can be disabled with `set_option linter.unusedSimpArgs false`
warning: proofs/Calibrator.lean:1851:34: This simp argument is unused:
  mul_left_comm

Hint: Omit it from the simp argument list.
  simp [linearPredictor, evalSmooth, Finset.sum_add_distrib, Finset.mul_sum, Finset.sum_mul,
        add_mul, mul_add, mul_comm, mul_l̵e̵f̵t̵_̵c̵o̵m̵m̵,̵ ̵m̵u̵l̵_̵assoc]

Note: This linter can be disabled with `set_option linter.unusedSimpArgs false`
warning: proofs/Calibrator.lean:1851:49: This simp argument is unused:
  mul_assoc

Hint: Omit it from the simp argument list.
  simp [linearPredictor, evalSmooth, Finset.sum_add_distrib, Finset.mul_sum, Finset.sum_mul,
        add_mul, mul_add, mul_comm, mul_left_comm,̵ ̵m̵u̵l̵_̵a̵s̵s̵o̵c̵]

Note: This linter can be disabled with `set_option linter.unusedSimpArgs false`
warning: proofs/Calibrator.lean:1852:29: This simp argument is unused:
  mul_comm

Hint: Omit it from the simp argument list.
  simp [hsum_pc, hsum_int, mul_c̵o̵m̵m̵,̵ ̵m̵u̵l_̵l̵eft_comm, mul_assoc]

Note: This linter can be disabled with `set_option linter.unusedSimpArgs false`
warning: proofs/Calibrator.lean:1852:39: This simp argument is unused:
  mul_left_comm

Hint: Omit it from the simp argument list.
  simp [hsum_pc, hsum_int, mul_comm, mul_l̵e̵f̵t̵_̵c̵o̵m̵m̵,̵ ̵m̵u̵l̵_̵assoc]

Note: This linter can be disabled with `set_option linter.unusedSimpArgs false`
warning: proofs/Calibrator.lean:1852:54: This simp argument is unused:
  mul_assoc

Hint: Omit it from the simp argument list.
  simp [hsum_pc, hsum_int, mul_comm, mul_left_comm,̵ ̵m̵u̵l̵_̵a̵s̵s̵o̵c̵]

Note: This linter can be disabled with `set_option linter.unusedSimpArgs false`
warning: proofs/Calibrator.lean:2017:4: try 'simp' instead of 'simpa'

Note: This linter can be disabled with `set_option linter.unnecessarySimpa false`
warning: proofs/Calibrator.lean:2027:31: Try `simp at this` instead of `simpa using this`

Note: This linter can be disabled with `set_option linter.unnecessarySimpa false`
warning: proofs/Calibrator.lean:2041:38: This simp argument is unused:
  norm_norm

Hint: Omit it from the simp argument list.
  simp [u, norm_smul, norm_inv, n̵o̵r̵m̵_̵n̵o̵r̵m̵,̵ ̵hnorm]

Note: This linter can be disabled with `set_option linter.unusedSimpArgs false`
warning: proofs/Calibrator.lean:2223:20: try 'simp' instead of 'simpa'

Note: This linter can be disabled with `set_option linter.unnecessarySimpa false`
warning: proofs/Calibrator.lean:2225:20: try 'simp' instead of 'simpa'

Note: This linter can be disabled with `set_option linter.unnecessarySimpa false`
warning: proofs/Calibrator.lean:2179:66: This simp argument is unused:
  Finset.sum_mul

Hint: Omit it from the simp argument list.
  simp [Finset.sum_add_distrib, Finset.mul_sum, F̵i̵n̵s̵e̵t̵.̵s̵u̵m̵_̵m̵u̵l̵,̵ ̵sub_eq_add_neg, add_comm,
  ̲  ̲ ̲ ̲ ̲ ̲ ̲ ̲ ̲ ̲ ̲ ̲ ̲ ̲ ̲ ̲ ̲ ̲ ̲ ̲ ̲ ̲add_left_comm, add_assoc, mul_comm, mul_left_comm, mul_assoc]

Note: This linter can be disabled with `set_option linter.unusedSimpArgs false`
warning: proofs/Calibrator.lean:2180:22: This simp argument is unused:
  add_comm

Hint: Omit it from the simp argument list.
  simp [Finset.sum_add_distrib, Finset.mul_sum, Finset.sum_mul, sub_eq_add_neg,
                        add_c̵o̵m̵m̵,̵ ̵a̵d̵d̵_̵left_comm, add_assoc, mul_comm, mul_left_comm, mul_assoc]

Note: This linter can be disabled with `set_option linter.unusedSimpArgs false`
warning: proofs/Calibrator.lean:2180:32: This simp argument is unused:
  add_left_comm

Hint: Omit it from the simp argument list.
  simp [Finset.sum_add_distrib, Finset.mul_sum, Finset.sum_mul, sub_eq_add_neg,
                        add_comm, add_l̵e̵f̵t̵_̵c̵o̵m̵m̵,̵ ̵ad̵d̵_̵a̵ssoc, mul_comm, mul_left_comm, mul_assoc]

Note: This linter can be disabled with `set_option linter.unusedSimpArgs false`
warning: proofs/Calibrator.lean:2180:47: This simp argument is unused:
  add_assoc

Hint: Omit it from the simp argument list.
  simp [Finset.sum_add_distrib, Finset.mul_sum, Finset.sum_mul, sub_eq_add_neg,
                        add_comm, add_left_comm, a̵d̵d̵_̵a̵s̵s̵o̵c̵,̵ ̵mul_comm, mul_left_comm, mul_assoc]

Note: This linter can be disabled with `set_option linter.unusedSimpArgs false`
warning: proofs/Calibrator.lean:2180:68: This simp argument is unused:
  mul_left_comm

Hint: Omit it from the simp argument list.
  simp [Finset.sum_add_distrib, Finset.mul_sum, Finset.sum_mul, sub_eq_add_neg,
                        add_comm, add_left_comm, add_assoc, mul_comm, mul_l̵e̵f̵t̵_̵c̵o̵m̵m̵,̵ ̵m̵u̵l̵_̵assoc]

Note: This linter can be disabled with `set_option linter.unusedSimpArgs false`
warning: proofs/Calibrator.lean:2180:83: This simp argument is unused:
  mul_assoc

Hint: Omit it from the simp argument list.
  simp [Finset.sum_add_distrib, Finset.mul_sum, Finset.sum_mul, sub_eq_add_neg,
                        add_comm, add_left_comm, add_assoc, mul_comm, mul_left_comm,̵ ̵m̵u̵l̵_̵a̵s̵s̵o̵c̵]

Note: This linter can be disabled with `set_option linter.unusedSimpArgs false`
warning: proofs/Calibrator.lean:2190:14: This simp argument is unused:
  Finset.sum_ite_eq'

Hint: Omit it from the simp argument list.
  simp [S, Matrix.mulVec, dotProduct, Matrix.diagonal_apply, F̵i̵n̵s̵e̵t̵.̵s̵u̵m̵_̵i̵t̵e̵_̵e̵q̵'̵,̵ ̵Finset.sum_ite_eq, mul_comm,
  ̲  ̲ ̲ ̲ ̲ ̲ ̲ ̲ ̲ ̲ ̲ ̲ ̲ ̲mul_left_comm, mul_assoc]

Note: This linter can be disabled with `set_option linter.unusedSimpArgs false`
warning: proofs/Calibrator.lean:2190:63: This simp argument is unused:
  mul_left_comm

Hint: Omit it from the simp argument list.
  simp [S, Matrix.mulVec, dotProduct, Matrix.diagonal_apply, Finset.sum_ite_eq',
  ̲  ̲ ̲ ̲ ̲ ̲ ̲ ̲ ̲ ̲ ̲ ̲ ̲ ̲Finset.sum_ite_eq, mul_comm, m̵u̵l̵_̵l̵e̵f̵t̵_̵c̵o̵m̵m̵,̵ ̵mul_assoc]

Note: This linter can be disabled with `set_option linter.unusedSimpArgs false`
warning: proofs/Calibrator.lean:2190:78: This simp argument is unused:
  mul_assoc

Hint: Omit it from the simp argument list.
  simp [S, Matrix.mulVec, dotProduct, Matrix.diagonal_apply, Finset.sum_ite_eq',
  ̲  ̲ ̲ ̲ ̲ ̲ ̲ ̲ ̲ ̲ ̲ ̲ ̲ ̲Finset.sum_ite_eq, mul_comm, m̵u̵l̵_̵l̵e̵f̵t̵_̵c̵o̵m̵m̵,̵ ̵m̵u̵l̵_̵a̵s̵s̵o̵c̵]̵m̲u̲l̲_̲l̲e̲f̲t̲_̲c̲o̲m̲m̲]̲

Note: This linter can be disabled with `set_option linter.unusedSimpArgs false`
warning: proofs/Calibrator.lean:2191:46: This simp argument is unused:
  mul_left_comm

Hint: Omit it from the simp argument list.
  simp [hSi, s, mul_comm, mul_l̵e̵f̵t̵_̵c̵o̵m̵m̵,̵ ̵m̵u̵l̵_̵assoc, mul_self_nonneg]

Note: This linter can be disabled with `set_option linter.unusedSimpArgs false`
warning: proofs/Calibrator.lean:2191:61: This simp argument is unused:
  mul_assoc

Hint: Omit it from the simp argument list.
  simp [hSi, s, mul_comm, mul_left_comm, mul_a̵ss̵o̵c̵,̵ ̵m̵u̵l̵_̵s̵elf_nonneg]

Note: This linter can be disabled with `set_option linter.unusedSimpArgs false`
warning: proofs/Calibrator.lean:2210:37: This simp argument is unused:
  mul_comm

Hint: Omit it from the simp argument list.
  simp [dotProduct, pow_two,̵ ̵m̵u̵l̵_̵c̵o̵m̵m̵]

Note: This linter can be disabled with `set_option linter.unusedSimpArgs false`
warning: proofs/Calibrator.lean:2214:28: This simp argument is unused:
  mul_comm

Hint: Omit it from the simp argument list.
  simp [dotProduct,̵ ̵m̵u̵l̵_̵c̵o̵m̵m̵]

Note: This linter can be disabled with `set_option linter.unusedSimpArgs false`
warning: proofs/Calibrator.lean:2383:20: try 'simp' instead of 'simpa'

Note: This linter can be disabled with `set_option linter.unnecessarySimpa false`
warning: proofs/Calibrator.lean:2385:20: try 'simp' instead of 'simpa'

Note: This linter can be disabled with `set_option linter.unnecessarySimpa false`
warning: proofs/Calibrator.lean:2340:66: This simp argument is unused:
  Finset.sum_mul

Hint: Omit it from the simp argument list.
  simp [Finset.sum_add_distrib, Finset.mul_sum, F̵i̵n̵s̵e̵t̵.̵s̵u̵m̵_̵m̵u̵l̵,̵ ̵sub_eq_add_neg, add_comm,
  ̲  ̲ ̲ ̲ ̲ ̲ ̲ ̲ ̲ ̲ ̲ ̲ ̲ ̲ ̲ ̲ ̲ ̲ ̲ ̲ ̲ ̲add_left_comm, add_assoc, mul_comm, mul_left_comm, mul_assoc]

Note: This linter can be disabled with `set_option linter.unusedSimpArgs false`
warning: proofs/Calibrator.lean:2341:22: This simp argument is unused:
  add_comm

Hint: Omit it from the simp argument list.
  simp [Finset.sum_add_distrib, Finset.mul_sum, Finset.sum_mul, sub_eq_add_neg,
                        add_c̵o̵m̵m̵,̵ ̵a̵d̵d̵_̵left_comm, add_assoc, mul_comm, mul_left_comm, mul_assoc]

Note: This linter can be disabled with `set_option linter.unusedSimpArgs false`
warning: proofs/Calibrator.lean:2341:32: This simp argument is unused:
  add_left_comm

Hint: Omit it from the simp argument list.
  simp [Finset.sum_add_distrib, Finset.mul_sum, Finset.sum_mul, sub_eq_add_neg,
                        add_comm, add_l̵e̵f̵t̵_̵c̵o̵m̵m̵,̵ ̵ad̵d̵_̵a̵ssoc, mul_comm, mul_left_comm, mul_assoc]

Note: This linter can be disabled with `set_option linter.unusedSimpArgs false`
warning: proofs/Calibrator.lean:2341:47: This simp argument is unused:
  add_assoc

Hint: Omit it from the simp argument list.
  simp [Finset.sum_add_distrib, Finset.mul_sum, Finset.sum_mul, sub_eq_add_neg,
                        add_comm, add_left_comm, a̵d̵d̵_̵a̵s̵s̵o̵c̵,̵ ̵mul_comm, mul_left_comm, mul_assoc]

Note: This linter can be disabled with `set_option linter.unusedSimpArgs false`
warning: proofs/Calibrator.lean:2341:68: This simp argument is unused:
  mul_left_comm

Hint: Omit it from the simp argument list.
  simp [Finset.sum_add_distrib, Finset.mul_sum, Finset.sum_mul, sub_eq_add_neg,
                        add_comm, add_left_comm, add_assoc, mul_comm, mul_l̵e̵f̵t̵_̵c̵o̵m̵m̵,̵ ̵m̵u̵l̵_̵assoc]

Note: This linter can be disabled with `set_option linter.unusedSimpArgs false`
warning: proofs/Calibrator.lean:2341:83: This simp argument is unused:
  mul_assoc

Hint: Omit it from the simp argument list.
  simp [Finset.sum_add_distrib, Finset.mul_sum, Finset.sum_mul, sub_eq_add_neg,
                        add_comm, add_left_comm, add_assoc, mul_comm, mul_left_comm,̵ ̵m̵u̵l̵_̵a̵s̵s̵o̵c̵]

Note: This linter can be disabled with `set_option linter.unusedSimpArgs false`
warning: proofs/Calibrator.lean:2351:14: This simp argument is unused:
  Finset.sum_ite_eq'

Hint: Omit it from the simp argument list.
  simp [S, Matrix.mulVec, dotProduct, Matrix.diagonal_apply, F̵i̵n̵s̵e̵t̵.̵s̵u̵m̵_̵i̵t̵e̵_̵e̵q̵'̵,̵ ̵Finset.sum_ite_eq, mul_comm,
  ̲  ̲ ̲ ̲ ̲ ̲ ̲ ̲ ̲ ̲ ̲ ̲ ̲ ̲mul_left_comm, mul_assoc]

Note: This linter can be disabled with `set_option linter.unusedSimpArgs false`
warning: proofs/Calibrator.lean:2351:63: This simp argument is unused:
  mul_left_comm

Hint: Omit it from the simp argument list.
  simp [S, Matrix.mulVec, dotProduct, Matrix.diagonal_apply, Finset.sum_ite_eq',
  ̲  ̲ ̲ ̲ ̲ ̲ ̲ ̲ ̲ ̲ ̲ ̲ ̲ ̲Finset.sum_ite_eq, mul_comm, m̵u̵l̵_̵l̵e̵f̵t̵_̵c̵o̵m̵m̵,̵ ̵mul_assoc]

Note: This linter can be disabled with `set_option linter.unusedSimpArgs false`
warning: proofs/Calibrator.lean:2351:78: This simp argument is unused:
  mul_assoc

Hint: Omit it from the simp argument list.
  simp [S, Matrix.mulVec, dotProduct, Matrix.diagonal_apply, Finset.sum_ite_eq',
  ̲  ̲ ̲ ̲ ̲ ̲ ̲ ̲ ̲ ̲ ̲ ̲ ̲ ̲Finset.sum_ite_eq, mul_comm, m̵u̵l̵_̵l̵e̵f̵t̵_̵c̵o̵m̵m̵,̵ ̵m̵u̵l̵_̵a̵s̵s̵o̵c̵]̵m̲u̲l̲_̲l̲e̲f̲t̲_̲c̲o̲m̲m̲]̲

Note: This linter can be disabled with `set_option linter.unusedSimpArgs false`
warning: proofs/Calibrator.lean:2352:46: This simp argument is unused:
  mul_left_comm

Hint: Omit it from the simp argument list.
  simp [hSi, s, mul_comm, mul_l̵e̵f̵t̵_̵c̵o̵m̵m̵,̵ ̵m̵u̵l̵_̵assoc, mul_self_nonneg]

Note: This linter can be disabled with `set_option linter.unusedSimpArgs false`
warning: proofs/Calibrator.lean:2352:61: This simp argument is unused:
  mul_assoc

Hint: Omit it from the simp argument list.
  simp [hSi, s, mul_comm, mul_left_comm, mul_a̵ss̵o̵c̵,̵ ̵m̵u̵l̵_̵s̵elf_nonneg]

Note: This linter can be disabled with `set_option linter.unusedSimpArgs false`
warning: proofs/Calibrator.lean:2370:37: This simp argument is unused:
  mul_comm

Hint: Omit it from the simp argument list.
  simp [dotProduct, pow_two,̵ ̵m̵u̵l̵_̵c̵o̵m̵m̵]

Note: This linter can be disabled with `set_option linter.unusedSimpArgs false`
warning: proofs/Calibrator.lean:2374:28: This simp argument is unused:
  mul_comm

Hint: Omit it from the simp argument list.
  simp [dotProduct,̵ ̵m̵u̵l̵_̵c̵o̵m̵m̵]

Note: This linter can be disabled with `set_option linter.unusedSimpArgs false`
warning: proofs/Calibrator.lean:2427:44: This simp argument is unused:
  Pi.sub_apply

Hint: Omit it from the simp argument list.
  simp [pointwiseNLL, hm.dist_gaussian, P̵i̵.̵s̵u̵b̵_̵a̵p̵p̵l̵y̵,̵ ̵h_lin, X]

Note: This linter can be disabled with `set_option linter.unusedSimpArgs false`
warning: proofs/Calibrator.lean:2432:8: This simp argument is unused:
  Finset.sum_ite_eq'

Hint: Omit it from the simp argument list.
  simp [S, Matrix.mulVec, dotProduct, Matrix.diagonal_apply, F̵i̵n̵s̵e̵t̵.̵s̵u̵m̵_̵i̵t̵e̵_̵e̵q̵'̵,̵ ̵Finset.sum_ite_eq, mul_comm,
  ̲  ̲ ̲ ̲ ̲ ̲ ̲ ̲mul_left_comm, mul_assoc]

Note: This linter can be disabled with `set_option linter.unusedSimpArgs false`
warning: proofs/Calibrator.lean:2432:57: This simp argument is unused:
  mul_left_comm

Hint: Omit it from the simp argument list.
  simp [S, Matrix.mulVec, dotProduct, Matrix.diagonal_apply, Finset.sum_ite_eq',
  ̲  ̲ ̲ ̲ ̲ ̲ ̲ ̲Finset.sum_ite_eq, mul_comm, m̵u̵l̵_̵l̵e̵f̵t̵_̵c̵o̵m̵m̵,̵ ̵mul_assoc]

Note: This linter can be disabled with `set_option linter.unusedSimpArgs false`
warning: proofs/Calibrator.lean:2432:72: This simp argument is unused:
  mul_assoc

Hint: Omit it from the simp argument list.
  simp [S, Matrix.mulVec, dotProduct, Matrix.diagonal_apply, Finset.sum_ite_eq',
  ̲  ̲ ̲ ̲ ̲ ̲ ̲ ̲Finset.sum_ite_eq, mul_comm, m̵u̵l̵_̵l̵e̵f̵t̵_̵c̵o̵m̵m̵,̵ ̵m̵u̵l̵_̵a̵s̵s̵o̵c̵]̵m̲u̲l̲_̲l̲e̲f̲t̲_̲c̲o̲m̲m̲]̲

Note: This linter can be disabled with `set_option linter.unusedSimpArgs false`
warning: proofs/Calibrator.lean:2443:41: This simp argument is unused:
  mul_left_comm

Hint: Omit it from the simp argument list.
  simp [h_diag, pow_two, mul_comm, mul_l̵e̵f̵t̵_̵c̵o̵m̵m̵,̵ ̵m̵u̵l̵_̵assoc]

Note: This linter can be disabled with `set_option linter.unusedSimpArgs false`
warning: proofs/Calibrator.lean:2493:52: This simp argument is unused:
  Finset.sum_add_distrib

Hint: Omit it from the simp argument list.
  simp [g, ParamIxSum, hsum_pc, hsum_int,̵ ̵F̵i̵n̵s̵e̵t̵.̵s̵u̵m̵_̵a̵d̵d̵_̵d̵i̵s̵t̵r̵i̵b̵]

Note: This linter can be disabled with `set_option linter.unusedSimpArgs false`
warning: proofs/Calibrator.lean:2679:73: try 'simp' instead of 'simpa'

Note: This linter can be disabled with `set_option linter.unnecessarySimpa false`
warning: proofs/Calibrator.lean:2778:10: try 'simp' instead of 'simpa'

Note: This linter can be disabled with `set_option linter.unnecessarySimpa false`
warning: proofs/Calibrator.lean:2635:54: This simp argument is unused:
  Finset.sum_mul

Hint: Omit it from the simp argument list.
  simp [Finset.sum_add_distrib, Finset.mul_sum, F̵i̵n̵s̵e̵t̵.̵s̵u̵m̵_̵m̵u̵l̵,̵ ̵sub_eq_add_neg, add_comm, add_left_comm,
  ̲  ̲ ̲ ̲ ̲ ̲ ̲ ̲ ̲ ̲add_assoc]

Note: This linter can be disabled with `set_option linter.unusedSimpArgs false`
warning: proofs/Calibrator.lean:2636:10: This simp argument is unused:
  add_comm

Hint: Omit it from the simp argument list.
  simp [Finset.sum_add_distrib, Finset.mul_sum, Finset.sum_mul, sub_eq_add_neg, a̵d̵d̵_̵c̵o̵m̵m̵,̵ ̵add_left_comm,
  ̲  ̲ ̲ ̲ ̲ ̲ ̲ ̲ ̲ ̲add_assoc]

Note: This linter can be disabled with `set_option linter.unusedSimpArgs false`
warning: proofs/Calibrator.lean:2636:20: This simp argument is unused:
  add_left_comm

Hint: Omit it from the simp argument list.
  simp [Finset.sum_add_distrib, Finset.mul_sum, Finset.sum_mul, sub_eq_add_neg, add_comm,
  ̲  ̲ ̲ ̲ ̲ ̲ ̲ ̲ ̲ ̲a̵d̵d̵_̵l̵e̵f̵t̵_̵c̵o̵m̵m̵,̵ ̵add_assoc]

Note: This linter can be disabled with `set_option linter.unusedSimpArgs false`
warning: proofs/Calibrator.lean:2640:30: This simp argument is unused:
  mul_left_comm

Hint: Omit it from the simp argument list.
  simp [Finset.mul_sum, m̵u̵l̵_̵l̵e̵f̵t̵_̵c̵o̵m̵m̵,̵ ̵mul_comm, mul_assoc]

Note: This linter can be disabled with `set_option linter.unusedSimpArgs false`
warning: proofs/Calibrator.lean:2640:45: This simp argument is unused:
  mul_comm

Hint: Omit it from the simp argument list.
  simp [Finset.mul_sum, mul_left_comm, mul_c̵o̵m̵m̵,̵ ̵m̵u̵l̵_̵assoc]

Note: This linter can be disabled with `set_option linter.unusedSimpArgs false`
warning: proofs/Calibrator.lean:2712:62: This simp argument is unused:
  Finset.sum_mul

Hint: Omit it from the simp argument list.
  simp [Finset.sum_add_distrib, Finset.mul_sum, F̵i̵n̵s̵e̵t̵.̵s̵u̵m̵_̵m̵u̵l̵,̵ ̵sub_eq_add_neg, add_comm,
  ̲  ̲ ̲ ̲ ̲ ̲ ̲ ̲ ̲ ̲ ̲ ̲ ̲ ̲ ̲ ̲ ̲ ̲add_left_comm, add_assoc]

Note: This linter can be disabled with `set_option linter.unusedSimpArgs false`
warning: proofs/Calibrator.lean:2713:18: This simp argument is unused:
  add_comm

Hint: Omit it from the simp argument list.
  simp [Finset.sum_add_distrib, Finset.mul_sum, Finset.sum_mul, sub_eq_add_neg,
                    add_c̵o̵m̵m̵,̵ ̵a̵d̵d̵_̵left_comm, add_assoc]

Note: This linter can be disabled with `set_option linter.unusedSimpArgs false`
warning: proofs/Calibrator.lean:2713:28: This simp argument is unused:
  add_left_comm

Hint: Omit it from the simp argument list.
  simp [Finset.sum_add_distrib, Finset.mul_sum, Finset.sum_mul, sub_eq_add_neg,
                    add_comm, add_l̵e̵f̵t̵_̵c̵o̵m̵m̵,̵ ̵ad̵d̵_̵a̵ssoc]

Note: This linter can be disabled with `set_option linter.unusedSimpArgs false`
warning: proofs/Calibrator.lean:2717:61: This simp argument is unused:
  Matrix.mulVec_sub

Hint: Omit it from the simp argument list.
  simp [Matrix.mulVec_add, Matrix.mulVec_smul, M̵a̵t̵r̵i̵x̵.̵m̵u̵l̵V̵e̵c̵_̵s̵u̵b̵,̵ ̵Matrix.mulVec_neg, Pi.add_apply,
  ̲  ̲ ̲ ̲ ̲ ̲ ̲ ̲ ̲ ̲ ̲ ̲ ̲ ̲ ̲ ̲ ̲ ̲Pi.sub_apply, Pi.neg_apply, Pi.smul_apply, smul_eq_mul, mul_add, add_mul,
  ̲  ̲ ̲ ̲ ̲ ̲ ̲ ̲ ̲ ̲ ̲ ̲ ̲ ̲ ̲ ̲ ̲ ̲sub_eq_add_neg, hb']

Note: This linter can be disabled with `set_option linter.unusedSimpArgs false`
warning: proofs/Calibrator.lean:2722:38: This simp argument is unused:
  mul_left_comm

Hint: Omit it from the simp argument list.
  simp [Finset.mul_sum, m̵u̵l̵_̵l̵e̵f̵t̵_̵c̵o̵m̵m̵,̵ ̵mul_comm, mul_assoc]

Note: This linter can be disabled with `set_option linter.unusedSimpArgs false`
warning: proofs/Calibrator.lean:2887:15: unused variable `hlam`

Note: This linter can be disabled with `set_option linter.unusedVariables false`
warning: proofs/Calibrator.lean:2887:32: unused variable `hS_posDef`

Note: This linter can be disabled with `set_option linter.unusedVariables false`
warning: proofs/Calibrator.lean:3205:58: try 'simp' instead of 'simpa'

Note: This linter can be disabled with `set_option linter.unnecessarySimpa false`
warning: proofs/Calibrator.lean:3206:57: try 'simp' instead of 'simpa'

Note: This linter can be disabled with `set_option linter.unnecessarySimpa false`
warning: proofs/Calibrator.lean:3250:18: try 'simp' instead of 'simpa'

Note: This linter can be disabled with `set_option linter.unnecessarySimpa false`
warning: proofs/Calibrator.lean:3303:18: try 'simp' instead of 'simpa'

Note: This linter can be disabled with `set_option linter.unnecessarySimpa false`
warning: proofs/Calibrator.lean:3252:40: This simp argument is unused:
  mul_assoc

Hint: Omit it from the simp argument list.
  simp [Finset.mul_sum, m̵u̵l̵_̵a̵s̵s̵o̵c̵,̵ ̵mul_left_comm, mul_comm]

Note: This linter can be disabled with `set_option linter.unusedSimpArgs false`
warning: proofs/Calibrator.lean:3252:51: This simp argument is unused:
  mul_left_comm

Hint: Omit it from the simp argument list.
  simp [Finset.mul_sum, mul_assoc, m̵u̵l̵_̵l̵e̵f̵t̵_̵c̵o̵m̵m̵,̵ ̵mul_comm]

Note: This linter can be disabled with `set_option linter.unusedSimpArgs false`
warning: proofs/Calibrator.lean:3252:66: This simp argument is unused:
  mul_comm

Hint: Omit it from the simp argument list.
  simp [Finset.mul_sum, mul_assoc, mul_left_comm,̵ ̵m̵u̵l̵_̵c̵o̵m̵m̵]

Note: This linter can be disabled with `set_option linter.unusedSimpArgs false`
warning: proofs/Calibrator.lean:3284:64: This simp argument is unused:
  mul_add

Hint: Omit it from the simp argument list.
  simp [Finset.sum_add_distrib, Finset.mul_sum, m̵u̵l̵_̵a̵d̵d̵,̵ ̵add_mul, mul_assoc, mul_left_comm,
  ̲  ̲ ̲ ̲ ̲ ̲ ̲ ̲ ̲ ̲ ̲ ̲ ̲ ̲ ̲ ̲ ̲ ̲ ̲ ̲mul_comm]

Note: This linter can be disabled with `set_option linter.unusedSimpArgs false`
warning: proofs/Calibrator.lean:3284:73: This simp argument is unused:
  add_mul

Hint: Omit it from the simp argument list.
  simp [Finset.sum_add_distrib, Finset.mul_sum, mul_add, a̵d̵d̵_̵m̵u̵l̵,̵ ̵mul_assoc, mul_left_comm,
  ̲  ̲ ̲ ̲ ̲ ̲ ̲ ̲ ̲ ̲ ̲ ̲ ̲ ̲ ̲ ̲ ̲ ̲ ̲ ̲mul_comm]

Note: This linter can be disabled with `set_option linter.unusedSimpArgs false`
warning: proofs/Calibrator.lean:3284:82: This simp argument is unused:
  mul_assoc

Hint: Omit it from the simp argument list.
  simp [Finset.sum_add_distrib, Finset.mul_sum, mul_add, add_mul, m̵u̵l̵_̵a̵s̵s̵o̵c̵,̵ ̵mul_left_comm,
  ̲  ̲ ̲ ̲ ̲ ̲ ̲ ̲ ̲ ̲ ̲ ̲ ̲ ̲ ̲ ̲ ̲ ̲ ̲ ̲mul_comm]

Note: This linter can be disabled with `set_option linter.unusedSimpArgs false`
warning: proofs/Calibrator.lean:3284:93: This simp argument is unused:
  mul_left_comm

Hint: Omit it from the simp argument list.
  simp [Finset.sum_add_distrib, Finset.mul_sum, mul_add, add_mul, mul_assoc,
  ̲  ̲ ̲ ̲ ̲ ̲ ̲ ̲ ̲ ̲ ̲ ̲ ̲ ̲ ̲ ̲ ̲ ̲ ̲ ̲m̵u̵l̵_̵l̵e̵f̵t̵_̵c̵o̵m̵m̵,̵ ̵mul_comm]

Note: This linter can be disabled with `set_option linter.unusedSimpArgs false`
warning: proofs/Calibrator.lean:3284:108: This simp argument is unused:
  mul_comm

Hint: Omit it from the simp argument list.
  simp [Finset.sum_add_distrib, Finset.mul_sum, mul_add, add_mul, mul_assoc,
  ̲  ̲ ̲ ̲ ̲ ̲ ̲ ̲ ̲ ̲ ̲ ̲ ̲ ̲ ̲ ̲ ̲ ̲ ̲ ̲m̵u̵l̵_̵l̵e̵f̵t̵_̵c̵o̵m̵m̵,̵ ̵m̵u̵l̵_̵c̵o̵m̵m̵]̵m̲u̲l̲_̲l̲e̲f̲t̲_̲c̲o̲m̲m̲]̲

Note: This linter can be disabled with `set_option linter.unusedSimpArgs false`
warning: proofs/Calibrator.lean:3337:64: This simp argument is unused:
  mul_add

Hint: Omit it from the simp argument list.
  simp [Finset.sum_add_distrib, Finset.mul_sum, m̵u̵l̵_̵a̵d̵d̵,̵ ̵add_mul, mul_assoc, mul_left_comm,
  ̲  ̲ ̲ ̲ ̲ ̲ ̲ ̲ ̲ ̲ ̲ ̲ ̲ ̲ ̲ ̲ ̲ ̲ ̲ ̲mul_comm]

Note: This linter can be disabled with `set_option linter.unusedSimpArgs false`
warning: proofs/Calibrator.lean:3337:73: This simp argument is unused:
  add_mul

Hint: Omit it from the simp argument list.
  simp [Finset.sum_add_distrib, Finset.mul_sum, mul_add, a̵d̵d̵_̵m̵u̵l̵,̵ ̵mul_assoc, mul_left_comm,
  ̲  ̲ ̲ ̲ ̲ ̲ ̲ ̲ ̲ ̲ ̲ ̲ ̲ ̲ ̲ ̲ ̲ ̲ ̲ ̲mul_comm]

Note: This linter can be disabled with `set_option linter.unusedSimpArgs false`
warning: proofs/Calibrator.lean:3337:82: This simp argument is unused:
  mul_assoc

Hint: Omit it from the simp argument list.
  simp [Finset.sum_add_distrib, Finset.mul_sum, mul_add, add_mul, m̵u̵l̵_̵a̵s̵s̵o̵c̵,̵ ̵mul_left_comm,
  ̲  ̲ ̲ ̲ ̲ ̲ ̲ ̲ ̲ ̲ ̲ ̲ ̲ ̲ ̲ ̲ ̲ ̲ ̲ ̲mul_comm]

Note: This linter can be disabled with `set_option linter.unusedSimpArgs false`
warning: proofs/Calibrator.lean:3337:93: This simp argument is unused:
  mul_left_comm

Hint: Omit it from the simp argument list.
  simp [Finset.sum_add_distrib, Finset.mul_sum, mul_add, add_mul, mul_assoc,
  ̲  ̲ ̲ ̲ ̲ ̲ ̲ ̲ ̲ ̲ ̲ ̲ ̲ ̲ ̲ ̲ ̲ ̲ ̲ ̲m̵u̵l̵_̵l̵e̵f̵t̵_̵c̵o̵m̵m̵,̵ ̵mul_comm]

Note: This linter can be disabled with `set_option linter.unusedSimpArgs false`
warning: proofs/Calibrator.lean:3337:108: This simp argument is unused:
  mul_comm

Hint: Omit it from the simp argument list.
  simp [Finset.sum_add_distrib, Finset.mul_sum, mul_add, add_mul, mul_assoc,
  ̲  ̲ ̲ ̲ ̲ ̲ ̲ ̲ ̲ ̲ ̲ ̲ ̲ ̲ ̲ ̲ ̲ ̲ ̲ ̲m̵u̵l̵_̵l̵e̵f̵t̵_̵c̵o̵m̵m̵,̵ ̵m̵u̵l̵_̵c̵o̵m̵m̵]̵m̲u̲l̲_̲l̲e̲f̲t̲_̲c̲o̲m̲m̲]̲

Note: This linter can be disabled with `set_option linter.unusedSimpArgs false`
warning: proofs/Calibrator.lean:3359:10: This simp argument is unused:
  Finset.sum_ite_eq'

Hint: Omit it from the simp argument list.
  simp [S, Matrix.mulVec, dotProduct, Matrix.diagonal_apply, F̵i̵n̵s̵e̵t̵.̵s̵u̵m̵_̵i̵t̵e̵_̵e̵q̵'̵,̵ ̵Finset.sum_ite_eq, mul_comm,
  ̲  ̲ ̲ ̲ ̲ ̲ ̲ ̲ ̲ ̲mul_left_comm, mul_assoc]

Note: This linter can be disabled with `set_option linter.unusedSimpArgs false`
warning: proofs/Calibrator.lean:3359:59: This simp argument is unused:
  mul_left_comm

Hint: Omit it from the simp argument list.
  simp [S, Matrix.mulVec, dotProduct, Matrix.diagonal_apply, Finset.sum_ite_eq',
  ̲  ̲ ̲ ̲ ̲ ̲ ̲ ̲ ̲ ̲Finset.sum_ite_eq, mul_comm, m̵u̵l̵_̵l̵e̵f̵t̵_̵c̵o̵m̵m̵,̵ ̵mul_assoc]

Note: This linter can be disabled with `set_option linter.unusedSimpArgs false`
warning: proofs/Calibrator.lean:3359:74: This simp argument is unused:
  mul_assoc

Hint: Omit it from the simp argument list.
  simp [S, Matrix.mulVec, dotProduct, Matrix.diagonal_apply, Finset.sum_ite_eq',
  ̲  ̲ ̲ ̲ ̲ ̲ ̲ ̲ ̲ ̲Finset.sum_ite_eq, mul_comm, m̵u̵l̵_̵l̵e̵f̵t̵_̵c̵o̵m̵m̵,̵ ̵m̵u̵l̵_̵a̵s̵s̵o̵c̵]̵m̲u̲l̲_̲l̲e̲f̲t̲_̲c̲o̲m̲m̲]̲

Note: This linter can be disabled with `set_option linter.unusedSimpArgs false`
warning: proofs/Calibrator.lean:3360:33: This simp argument is unused:
  mul_comm

Hint: Omit it from the simp argument list.
  simp [s, hmul, mul_c̵o̵m̵m̵,̵ ̵m̵u̵l_̵l̵eft_comm, mul_assoc, mul_self_nonneg]

Note: This linter can be disabled with `set_option linter.unusedSimpArgs false`
warning: proofs/Calibrator.lean:3360:43: This simp argument is unused:
  mul_left_comm

Hint: Omit it from the simp argument list.
  simp [s, hmul, mul_comm, mul_l̵e̵f̵t̵_̵c̵o̵m̵m̵,̵ ̵m̵u̵l̵_̵assoc, mul_self_nonneg]

Note: This linter can be disabled with `set_option linter.unusedSimpArgs false`
warning: proofs/Calibrator.lean:3360:58: This simp argument is unused:
  mul_assoc

Hint: Omit it from the simp argument list.
  simp [s, hmul, mul_comm, mul_left_comm, mul_a̵ss̵o̵c̵,̵ ̵m̵u̵l̵_̵s̵elf_nonneg]

Note: This linter can be disabled with `set_option linter.unusedSimpArgs false`
warning: proofs/Calibrator.lean:3383:10: This simp argument is unused:
  Finset.sum_ite_eq'

Hint: Omit it from the simp argument list.
  simp [S, Matrix.mulVec, dotProduct, Matrix.diagonal_apply, F̵i̵n̵s̵e̵t̵.̵s̵u̵m̵_̵i̵t̵e̵_̵e̵q̵'̵,̵ ̵Finset.sum_ite_eq, mul_comm,
  ̲  ̲ ̲ ̲ ̲ ̲ ̲ ̲ ̲ ̲mul_left_comm, mul_assoc]

Note: This linter can be disabled with `set_option linter.unusedSimpArgs false`
warning: proofs/Calibrator.lean:3383:59: This simp argument is unused:
  mul_left_comm

Hint: Omit it from the simp argument list.
  simp [S, Matrix.mulVec, dotProduct, Matrix.diagonal_apply, Finset.sum_ite_eq',
  ̲  ̲ ̲ ̲ ̲ ̲ ̲ ̲ ̲ ̲Finset.sum_ite_eq, mul_comm, m̵u̵l̵_̵l̵e̵f̵t̵_̵c̵o̵m̵m̵,̵ ̵mul_assoc]

Note: This linter can be disabled with `set_option linter.unusedSimpArgs false`
warning: proofs/Calibrator.lean:3383:74: This simp argument is unused:
  mul_assoc

Hint: Omit it from the simp argument list.
  simp [S, Matrix.mulVec, dotProduct, Matrix.diagonal_apply, Finset.sum_ite_eq',
  ̲  ̲ ̲ ̲ ̲ ̲ ̲ ̲ ̲ ̲Finset.sum_ite_eq, mul_comm, m̵u̵l̵_̵l̵e̵f̵t̵_̵c̵o̵m̵m̵,̵ ̵m̵u̵l̵_̵a̵s̵s̵o̵c̵]̵m̲u̲l̲_̲l̲e̲f̲t̲_̲c̲o̲m̲m̲]̲

Note: This linter can be disabled with `set_option linter.unusedSimpArgs false`
warning: proofs/Calibrator.lean:3394:43: This simp argument is unused:
  mul_left_comm

Hint: Omit it from the simp argument list.
  simp [h_diag, pow_two, mul_comm, mul_l̵e̵f̵t̵_̵c̵o̵m̵m̵,̵ ̵m̵u̵l̵_̵assoc]

Note: This linter can be disabled with `set_option linter.unusedSimpArgs false`
warning: proofs/Calibrator.lean:3443:50: This simp argument is unused:
  Finset.sum_add_distrib

Hint: Omit it from the simp argument list.
  simp [ParamIxSum, g, hsum_pc, hsum_int,̵ ̵F̵i̵n̵s̵e̵t̵.̵s̵u̵m̵_̵a̵d̵d̵_̵d̵i̵s̵t̵r̵i̵b̵]

Note: This linter can be disabled with `set_option linter.unusedSimpArgs false`
warning: proofs/Calibrator.lean:3873:5: unused variable `hf_int`

Note: This linter can be disabled with `set_option linter.unusedVariables false`
error: proofs/Calibrator.lean:4140:47: expected token
error: proofs/Calibrator.lean:4003:40: failed to synthesize
  LE Type

Hint: Additional diagnostic information may be available using the `set_option diagnostics true` command.
error: proofs/Calibrator.lean:4003:42: failed to synthesize
  OfNat Type 0
numerals are polymorphic in Lean, but the numeral `0` cannot be used in a context where the expected type is
  Type
due to the absence of the instance above

Hint: Additional diagnostic information may be available using the `set_option diagnostics true` command.
error: proofs/Calibrator.lean:4003:101: failed to synthesize
  LE Type

Hint: Additional diagnostic information may be available using the `set_option diagnostics true` command.
error: proofs/Calibrator.lean:4003:103: failed to synthesize
  OfNat Type 0
numerals are polymorphic in Lean, but the numeral `0` cannot be used in a context where the expected type is
  Type
due to the absence of the instance above

Hint: Additional diagnostic information may be available using the `set_option diagnostics true` command.
error: proofs/Calibrator.lean:4007:28: Application type mismatch: The argument
  Nat.cast_ne_zero.mpr (Nat.succ_ne_zero n)
has type
  ↑n.succ ≠ @OfNat.ofNat ?m.723 0 (@Zero.toOfNat0 ?m.723 AddMonoidWithOne.toAddMonoid.toAddZeroClass.toZero)
but is expected to have type
  ?m.722 ≠
    @OfNat.ofNat ?m.720 0 (@Zero.toOfNat0 ?m.720 GroupWithZero.toMonoidWithZero.toMulZeroOneClass.toMulZeroClass.toZero)
in the application
  div_self (Nat.cast_ne_zero.mpr (Nat.succ_ne_zero n))
error: proofs/Calibrator.lean:4053:8: `simp` made no progress
error: proofs/Calibrator.lean:4068:12: Tactic `rewrite` failed: Did not find an occurrence of the pattern
  ∫ (a : ℝ), k_val ^ 2 * a ^ 2 + ((fun p => 2 * predictorBase m c * k_val * p) + fun x => predictorBase m c ^ 2) a ∂μP
in the target expression
  ∫ (p : ℝ), k_val ^ 2 * p ^ 2 + (2 * predictorBase m c * k_val * p + predictorBase m c ^ 2) ∂μP =
    predictorBase m c ^ 2 + k_val ^ 2

k : ℕ
inst✝ : Fintype (Fin k)
scaling_func : (Fin k → ℝ) → ℝ
h_scaling_meas : AEStronglyMeasurable scaling_func (Measure.map Prod.snd (stdNormalProdMeasure k))
h_integrable : Integrable (fun pc => (scaling_func pc.2 * pc.1) ^ 2) (stdNormalProdMeasure k)
h_scaling_sq_int : Integrable (fun c => scaling_func c ^ 2) (Measure.map Prod.snd (stdNormalProdMeasure k))
h_mean_1 : ∫ (c : Fin k → ℝ), scaling_func c ∂Measure.map Prod.snd (stdNormalProdMeasure k) = 1
model_norm : PhenotypeInformedGAM 1 k 1
h_norm_opt : IsBayesOptimalInNormalizedClass (dgpMultiplicativeBias scaling_func) model_norm
h_linear_basis : model_norm.pgsBasis.B 1 = id ∧ model_norm.pgsBasis.B 0 = fun x => 1
h_norm_int : Integrable (fun pc => linearPredictor model_norm pc.1 pc.2 ^ 2) (stdNormalProdMeasure k)
h_base_meas : AEStronglyMeasurable (predictorBase model_norm) (Measure.map Prod.snd (stdNormalProdMeasure k))
model_oracle : PhenotypeInformedGAM 1 k 1
h_oracle_opt : IsBayesOptimalInClass (dgpMultiplicativeBias scaling_func) model_oracle
h_capable :
  ∃ m,
    ∀ (p_val : ℝ) (c_val : Fin k → ℝ),
      linearPredictor m p_val c_val = (dgpMultiplicativeBias scaling_func).trueExpectation p_val c_val
dgp : DataGeneratingProcess k := dgpMultiplicativeBias scaling_func
h_oracle_risk_zero : (expectedSquaredError dgp fun p c => linearPredictor model_oracle p c) = 0
h_diff_eq_norm_sq :
  ((expectedSquaredError dgp fun p c => linearPredictor model_norm p c) -
      expectedSquaredError dgp fun p c => linearPredictor model_oracle p c) =
    ∫ (pc : ℝ × (Fin k → ℝ)),
      (dgp.trueExpectation pc.1 pc.2 - linearPredictor model_norm pc.1 pc.2) ^ 2 ∂dgp.jointMeasure
model_star : PhenotypeInformedGAM 1 k 1 :=
  { pgsBasis := model_norm.pgsBasis, pcSplineBasis := model_norm.pcSplineBasis, γ₀₀ := 0, γₘ₀ := fun x => 1,
    f₀ₗ := fun x x_1 => 0, fₘₗ := fun x x_1 x_2 => 0, link := model_norm.link, dist := model_norm.dist }
h_star_pred : ∀ (p : ℝ) (c : Fin k → ℝ), linearPredictor model_star p c = p
h_star_in_class : IsNormalizedScoreModel model_star
h_risk_star :
  (expectedSquaredError (dgpMultiplicativeBias scaling_func) fun p c => linearPredictor model_star p c) =
    ∫ (pc : ℝ × (Fin k → ℝ)), ((scaling_func pc.2 - 1) * pc.1) ^ 2 ∂stdNormalProdMeasure k
m : PhenotypeInformedGAM 1 k 1 := model_norm
hm_norm : IsNormalizedScoreModel model_norm
μP : Measure ℝ := ProbabilityTheory.gaussianReal 0 1
μC : Measure (Fin k → ℝ) := Measure.pi fun x => ProbabilityTheory.gaussianReal 0 1
h_prod : stdNormalProdMeasure k = μP.prod μC
this✝ : IsProbabilityMeasure μP
this : IsProbabilityMeasure μC
h_gauss_moments : ∀ (n : ℕ), Integrable (fun x => x ^ n) μP
h_p_int : Integrable (fun p => p) μP
h_p2_int : Integrable (fun p => p ^ 2) μP
h_map : Measure.map Prod.snd (stdNormalProdMeasure k) = μC
h_scaling_meas' : AEStronglyMeasurable scaling_func μC
h_scaling_sq_int' : Integrable (fun c => scaling_func c ^ 2) μC
h_S_int : Integrable scaling_func μC
h_Sm1_int : Integrable (fun c => scaling_func c - 1) μC
k_val : ℝ := m.γₘ₀ 0
f : ℝ × (Fin k → ℝ) → ℝ := fun pc => (predictorBase m pc.2 + k_val * pc.1) ^ 2
h_int_f : Integrable f (μP.prod μC)
c : Fin k → ℝ
h_poly :
  ∀ (p : ℝ),
    (predictorBase m c + k_val * p) ^ 2 =
      k_val ^ 2 * p ^ 2 + (2 * predictorBase m c * k_val * p + predictorBase m c ^ 2)
h_A_int : Integrable (fun x => predictorBase m c ^ 2) μP
h_B_int : Integrable (fun p => 2 * predictorBase m c * k_val * p) μP
h_C_int : Integrable (fun p => k_val ^ 2 * p ^ 2) μP
⊢ ∫ (p : ℝ), k_val ^ 2 * p ^ 2 + (2 * predictorBase m c * k_val * p + predictorBase m c ^ 2) ∂μP =
    predictorBase m c ^ 2 + k_val ^ 2
error: proofs/Calibrator.lean:4093:18: Unknown constant `MeasureTheory.MemLp.integrable_of_le`
error: proofs/Calibrator.lean:4109:10: `simp` made no progress
error: proofs/Calibrator.lean:4120:14: Tactic `rewrite` failed: Did not find an occurrence of the pattern
  ∫ (a : ℝ), k_val ^ 2 * a ^ 2 + ((fun p => 2 * predictorBase m c * k_val * p) + fun x => predictorBase m c ^ 2) a ∂μP
in the target expression
  ∫ (p : ℝ), k_val ^ 2 * p ^ 2 + (2 * predictorBase m c * k_val * p + predictorBase m c ^ 2) ∂μP =
    predictorBase m c ^ 2 + k_val ^ 2

k : ℕ
inst✝ : Fintype (Fin k)
scaling_func : (Fin k → ℝ) → ℝ
h_scaling_meas : AEStronglyMeasurable scaling_func (Measure.map Prod.snd (stdNormalProdMeasure k))
h_integrable : Integrable (fun pc => (scaling_func pc.2 * pc.1) ^ 2) (stdNormalProdMeasure k)
h_scaling_sq_int : Integrable (fun c => scaling_func c ^ 2) (Measure.map Prod.snd (stdNormalProdMeasure k))
h_mean_1 : ∫ (c : Fin k → ℝ), scaling_func c ∂Measure.map Prod.snd (stdNormalProdMeasure k) = 1
model_norm : PhenotypeInformedGAM 1 k 1
h_norm_opt : IsBayesOptimalInNormalizedClass (dgpMultiplicativeBias scaling_func) model_norm
h_linear_basis : model_norm.pgsBasis.B 1 = id ∧ model_norm.pgsBasis.B 0 = fun x => 1
h_norm_int : Integrable (fun pc => linearPredictor model_norm pc.1 pc.2 ^ 2) (stdNormalProdMeasure k)
h_base_meas : AEStronglyMeasurable (predictorBase model_norm) (Measure.map Prod.snd (stdNormalProdMeasure k))
model_oracle : PhenotypeInformedGAM 1 k 1
h_oracle_opt : IsBayesOptimalInClass (dgpMultiplicativeBias scaling_func) model_oracle
h_capable :
  ∃ m,
    ∀ (p_val : ℝ) (c_val : Fin k → ℝ),
      linearPredictor m p_val c_val = (dgpMultiplicativeBias scaling_func).trueExpectation p_val c_val
dgp : DataGeneratingProcess k := dgpMultiplicativeBias scaling_func
h_oracle_risk_zero : (expectedSquaredError dgp fun p c => linearPredictor model_oracle p c) = 0
h_diff_eq_norm_sq :
  ((expectedSquaredError dgp fun p c => linearPredictor model_norm p c) -
      expectedSquaredError dgp fun p c => linearPredictor model_oracle p c) =
    ∫ (pc : ℝ × (Fin k → ℝ)),
      (dgp.trueExpectation pc.1 pc.2 - linearPredictor model_norm pc.1 pc.2) ^ 2 ∂dgp.jointMeasure
model_star : PhenotypeInformedGAM 1 k 1 :=
  { pgsBasis := model_norm.pgsBasis, pcSplineBasis := model_norm.pcSplineBasis, γ₀₀ := 0, γₘ₀ := fun x => 1,
    f₀ₗ := fun x x_1 => 0, fₘₗ := fun x x_1 x_2 => 0, link := model_norm.link, dist := model_norm.dist }
h_star_pred : ∀ (p : ℝ) (c : Fin k → ℝ), linearPredictor model_star p c = p
h_star_in_class : IsNormalizedScoreModel model_star
h_risk_star :
  (expectedSquaredError (dgpMultiplicativeBias scaling_func) fun p c => linearPredictor model_star p c) =
    ∫ (pc : ℝ × (Fin k → ℝ)), ((scaling_func pc.2 - 1) * pc.1) ^ 2 ∂stdNormalProdMeasure k
m : PhenotypeInformedGAM 1 k 1 := model_norm
hm_norm : IsNormalizedScoreModel model_norm
μP : Measure ℝ := ProbabilityTheory.gaussianReal 0 1
μC : Measure (Fin k → ℝ) := Measure.pi fun x => ProbabilityTheory.gaussianReal 0 1
h_prod : stdNormalProdMeasure k = μP.prod μC
this✝ : IsProbabilityMeasure μP
this : IsProbabilityMeasure μC
h_gauss_moments : ∀ (n : ℕ), Integrable (fun x => x ^ n) μP
h_p_int : Integrable (fun p => p) μP
h_p2_int : Integrable (fun p => p ^ 2) μP
h_map : Measure.map Prod.snd (stdNormalProdMeasure k) = μC
h_scaling_meas' : AEStronglyMeasurable scaling_func μC
h_scaling_sq_int' : Integrable (fun c => scaling_func c ^ 2) μC
h_S_int : Integrable scaling_func μC
h_Sm1_int : Integrable (fun c => scaling_func c - 1) μC
h_base_int : Integrable (predictorBase m) μC
h_mem_S_minus_1 : MemLp (fun c => scaling_func c - 1) 2 μC
h_base_meas' : AEStronglyMeasurable (predictorBase m) μC
k_val : ℝ := m.γₘ₀ 0
f : ℝ × (Fin k → ℝ) → ℝ := fun pc => (predictorBase m pc.2 + k_val * pc.1) ^ 2
h_int_f : Integrable f (μP.prod μC)
c : Fin k → ℝ
h_poly :
  ∀ (p : ℝ),
    (predictorBase m c + k_val * p) ^ 2 =
      k_val ^ 2 * p ^ 2 + (2 * predictorBase m c * k_val * p + predictorBase m c ^ 2)
h_A_int : Integrable (fun x => predictorBase m c ^ 2) μP
h_B_int : Integrable (fun p => 2 * predictorBase m c * k_val * p) μP
h_C_int : Integrable (fun p => k_val ^ 2 * p ^ 2) μP
⊢ ∫ (p : ℝ), k_val ^ 2 * p ^ 2 + (2 * predictorBase m c * k_val * p + predictorBase m c ^ 2) ∂μP =
    predictorBase m c ^ 2 + k_val ^ 2
error: proofs/Calibrator.lean:3983:78: unsolved goals
k : ℕ
inst✝ : Fintype (Fin k)
scaling_func : (Fin k → ℝ) → ℝ
h_scaling_meas : AEStronglyMeasurable scaling_func (Measure.map Prod.snd (stdNormalProdMeasure k))
h_integrable : Integrable (fun pc => (scaling_func pc.2 * pc.1) ^ 2) (stdNormalProdMeasure k)
h_scaling_sq_int : Integrable (fun c => scaling_func c ^ 2) (Measure.map Prod.snd (stdNormalProdMeasure k))
h_mean_1 : ∫ (c : Fin k → ℝ), scaling_func c ∂Measure.map Prod.snd (stdNormalProdMeasure k) = 1
model_norm : PhenotypeInformedGAM 1 k 1
h_norm_opt : IsBayesOptimalInNormalizedClass (dgpMultiplicativeBias scaling_func) model_norm
h_linear_basis : model_norm.pgsBasis.B 1 = id ∧ model_norm.pgsBasis.B 0 = fun x => 1
h_norm_int : Integrable (fun pc => linearPredictor model_norm pc.1 pc.2 ^ 2) (stdNormalProdMeasure k)
h_base_meas : AEStronglyMeasurable (predictorBase model_norm) (Measure.map Prod.snd (stdNormalProdMeasure k))
model_oracle : PhenotypeInformedGAM 1 k 1
h_oracle_opt : IsBayesOptimalInClass (dgpMultiplicativeBias scaling_func) model_oracle
h_capable :
  ∃ m,
    ∀ (p_val : ℝ) (c_val : Fin k → ℝ),
      linearPredictor m p_val c_val = (dgpMultiplicativeBias scaling_func).trueExpectation p_val c_val
dgp : DataGeneratingProcess k := dgpMultiplicativeBias scaling_func
h_oracle_risk_zero : (expectedSquaredError dgp fun p c => linearPredictor model_oracle p c) = 0
h_diff_eq_norm_sq :
  ((expectedSquaredError dgp fun p c => linearPredictor model_norm p c) -
      expectedSquaredError dgp fun p c => linearPredictor model_oracle p c) =
    ∫ (pc : ℝ × (Fin k → ℝ)),
      (dgp.trueExpectation pc.1 pc.2 - linearPredictor model_norm pc.1 pc.2) ^ 2 ∂dgp.jointMeasure
model_star : PhenotypeInformedGAM 1 k 1 :=
  { pgsBasis := model_norm.pgsBasis, pcSplineBasis := model_norm.pcSplineBasis, γ₀₀ := 0, γₘ₀ := fun x => 1,
    f₀ₗ := fun x x_1 => 0, fₘₗ := fun x x_1 x_2 => 0, link := model_norm.link, dist := model_norm.dist }
h_star_pred : ∀ (p : ℝ) (c : Fin k → ℝ), linearPredictor model_star p c = p
h_star_in_class : IsNormalizedScoreModel model_star
h_risk_star :
  (expectedSquaredError (dgpMultiplicativeBias scaling_func) fun p c => linearPredictor model_star p c) =
    ∫ (pc : ℝ × (Fin k → ℝ)), ((scaling_func pc.2 - 1) * pc.1) ^ 2 ∂stdNormalProdMeasure k
m : PhenotypeInformedGAM 1 k 1 := model_norm
hm_norm : IsNormalizedScoreModel model_norm
μP : Measure ℝ := ProbabilityTheory.gaussianReal 0 1
μC : Measure (Fin k → ℝ) := Measure.pi fun x => ProbabilityTheory.gaussianReal 0 1
h_prod : stdNormalProdMeasure k = μP.prod μC
this✝ : IsProbabilityMeasure μP
this : IsProbabilityMeasure μC
h_gauss_moments : ∀ (n : ℕ), Integrable (fun x => x ^ n) μP
h_p_int : Integrable (fun p => p) μP
h_p2_int : Integrable (fun p => p ^ 2) μP
h_map : Measure.map Prod.snd (stdNormalProdMeasure k) = μC
h_scaling_meas' : AEStronglyMeasurable scaling_func μC
h_scaling_sq_int' : Integrable (fun c => scaling_func c ^ 2) μC
h_S_int : Integrable scaling_func μC
h_Sm1_int : Integrable (fun c => scaling_func c - 1) μC
h_base_int : Integrable (predictorBase m) μC
h_Sm1_base_int : Integrable (fun c => (scaling_func c - 1) * predictorBase m c) μC
⊢ (expectedSquaredError dgp fun p c => linearPredictor model_norm p c) ≥
    expectedSquaredError dgp fun p c => linearPredictor model_star p c
error: proofs/Calibrator.lean:3931:66: unsolved goals
k : ℕ
inst✝ : Fintype (Fin k)
scaling_func : (Fin k → ℝ) → ℝ
h_scaling_meas : AEStronglyMeasurable scaling_func (Measure.map Prod.snd (stdNormalProdMeasure k))
h_integrable : Integrable (fun pc => (scaling_func pc.2 * pc.1) ^ 2) (stdNormalProdMeasure k)
h_scaling_sq_int : Integrable (fun c => scaling_func c ^ 2) (Measure.map Prod.snd (stdNormalProdMeasure k))
h_mean_1 : ∫ (c : Fin k → ℝ), scaling_func c ∂Measure.map Prod.snd (stdNormalProdMeasure k) = 1
model_norm : PhenotypeInformedGAM 1 k 1
h_norm_opt : IsBayesOptimalInNormalizedClass (dgpMultiplicativeBias scaling_func) model_norm
h_linear_basis : model_norm.pgsBasis.B 1 = id ∧ model_norm.pgsBasis.B 0 = fun x => 1
h_norm_int : Integrable (fun pc => linearPredictor model_norm pc.1 pc.2 ^ 2) (stdNormalProdMeasure k)
h_base_meas : AEStronglyMeasurable (predictorBase model_norm) (Measure.map Prod.snd (stdNormalProdMeasure k))
model_oracle : PhenotypeInformedGAM 1 k 1
h_oracle_opt : IsBayesOptimalInClass (dgpMultiplicativeBias scaling_func) model_oracle
h_capable :
  ∃ m,
    ∀ (p_val : ℝ) (c_val : Fin k → ℝ),
      linearPredictor m p_val c_val = (dgpMultiplicativeBias scaling_func).trueExpectation p_val c_val
dgp : DataGeneratingProcess k := dgpMultiplicativeBias scaling_func
h_oracle_risk_zero : (expectedSquaredError dgp fun p c => linearPredictor model_oracle p c) = 0
h_diff_eq_norm_sq :
  ((expectedSquaredError dgp fun p c => linearPredictor model_norm p c) -
      expectedSquaredError dgp fun p c => linearPredictor model_oracle p c) =
    ∫ (pc : ℝ × (Fin k → ℝ)),
      (dgp.trueExpectation pc.1 pc.2 - linearPredictor model_norm pc.1 pc.2) ^ 2 ∂dgp.jointMeasure
model_star : PhenotypeInformedGAM 1 k 1 :=
  { pgsBasis := model_norm.pgsBasis, pcSplineBasis := model_norm.pcSplineBasis, γ₀₀ := 0, γₘ₀ := fun x => 1,
    f₀ₗ := fun x x_1 => 0, fₘₗ := fun x x_1 x_2 => 0, link := model_norm.link, dist := model_norm.dist }
h_star_pred : ∀ (p : ℝ) (c : Fin k → ℝ), linearPredictor model_star p c = p
h_star_in_class : IsNormalizedScoreModel model_star
h_risk_star :
  (expectedSquaredError (dgpMultiplicativeBias scaling_func) fun p c => linearPredictor model_star p c) =
    ∫ (pc : ℝ × (Fin k → ℝ)), ((scaling_func pc.2 - 1) * pc.1) ^ 2 ∂stdNormalProdMeasure k
h_risk_lower_bound :
  (expectedSquaredError dgp fun p c => linearPredictor model_norm p c) ≥
    expectedSquaredError dgp fun p c => linearPredictor model_star p c
⊢ ∫ (pc : ℝ × (Fin k → ℝ)),
      (dgp.trueExpectation pc.1 pc.2 - linearPredictor model_norm pc.1 pc.2) ^ 2 ∂dgp.jointMeasure =
    ∫ (pc : ℝ × (Fin k → ℝ)), ((scaling_func pc.2 - 1) * pc.1) ^ 2 ∂(dgpMultiplicativeBias scaling_func).jointMeasure
warning: proofs/Calibrator.lean:4502:8: declaration uses 'sorry'
warning: proofs/Calibrator.lean:4575:44: unused variable `h_opt1`

Note: This linter can be disabled with `set_option linter.unusedVariables false`
warning: proofs/Calibrator.lean:5445:10: try 'simp' instead of 'simpa'

Note: This linter can be disabled with `set_option linter.unnecessarySimpa false`
warning: proofs/Calibrator.lean:5464:14: try 'simp' instead of 'simpa'

Note: This linter can be disabled with `set_option linter.unnecessarySimpa false`
warning: proofs/Calibrator.lean:5431:8: This simp argument is unused:
  Matrix.diagonal_apply

Hint: Omit it from the simp argument list.
  simp ̵[̵M̵a̵t̵r̵i̵x̵.̵d̵i̵a̵g̵o̵n̵a̵l̵_̵a̵p̵p̵l̵y̵]̵

Note: This linter can be disabled with `set_option linter.unusedSimpArgs false`
warning: proofs/Calibrator.lean:5500:31: This simp argument is unused:
  Matrix.transpose_apply

Hint: Omit it from the simp argument list.
  simp only [Matrix.mul_apply, M̵a̵t̵r̵i̵x̵.̵t̵r̵a̵n̵s̵p̵o̵s̵e̵_̵a̵p̵p̵l̵y̵,̵ ̵sumToZeroConstraint]

Note: This linter can be disabled with `set_option linter.unusedSimpArgs false`
warning: proofs/Calibrator.lean:5500:55: This simp argument is unused:
  sumToZeroConstraint

Hint: Omit it from the simp argument list.
  simp only [Matrix.mul_apply, Matrix.transpose_apply,̵ ̵s̵u̵m̵T̵o̵Z̵e̵r̵o̵C̵o̵n̵s̵t̵r̵a̵i̵n̵t̵]

Note: This linter can be disabled with `set_option linter.unusedSimpArgs false`
warning: proofs/Calibrator.lean:6078:41: unused variable `hμ_pos`

Note: This linter can be disabled with `set_option linter.unusedVariables false`
warning: proofs/Calibrator.lean:6146:229: unused variable `log_lik`

Note: This linter can be disabled with `set_option linter.unusedVariables false`
warning: proofs/Calibrator.lean:6157:8: declaration uses 'sorry'
error: Lean exited with code 1
Some required targets logged failures:
- Calibrator
error: build failed
