âœ– [3219/3220] Building Calibrator (61s)
trace: .> LEAN_PATH=/app/.lake/packages/Cli/.lake/build/lib/lean:/app/.lake/packages/batteries/.lake/build/lib/lean:/app/.lake/packages/Qq/.lake/build/lib/lean:/app/.lake/packages/aesop/.lake/build/lib/lean:/app/.lake/packages/proofwidgets/.lake/build/lib/lean:/app/.lake/packages/importGraph/.lake/build/lib/lean:/app/.lake/packages/LeanSearchClient/.lake/build/lib/lean:/app/.lake/packages/plausible/.lake/build/lib/lean:/app/.lake/packages/mathlib/.lake/build/lib/lean:/app/.lake/build/lib/lean /home/jules/.elan/toolchains/leanprover--lean4---v4.26.0/bin/lean /app/proofs/Calibrator.lean -o /app/.lake/build/lib/lean/Calibrator.olean -i /app/.lake/build/lib/lean/Calibrator.ilean -c /app/.lake/build/ir/Calibrator.c --setup /app/.lake/build/ir/Calibrator.setup.json --json
warning: proofs/Calibrator.lean:428:33: This simp argument is unused:
  zero_mul

Hint: Omit it from the simp argument list.
  simp only [mul_zero, add_zero, zÌµeÌµrÌµoÌµ_ÌµmÌµuÌµlÌµ,Ìµ Ìµmul_one] at h0 h1

Note: This linter can be disabled with `set_option linter.unusedSimpArgs false`
warning: proofs/Calibrator.lean:1186:29: This simp argument is unused:
  ha_def

Hint: Omit it from the simp argument list.
  simp only [model', haÌµ_ÌµdÌµeÌµfÌµ,Ìµ ÌµhÌµb_def] at h

Note: This linter can be disabled with `set_option linter.unusedSimpArgs false`
warning: proofs/Calibrator.lean:1186:37: This simp argument is unused:
  hb_def

Hint: Omit it from the simp argument list.
  simp only [model', ha_def,Ìµ ÌµhÌµbÌµ_ÌµdÌµeÌµfÌµ] at h

Note: This linter can be disabled with `set_option linter.unusedSimpArgs false`
warning: proofs/Calibrator.lean:1187:32: 'ring' tactic does nothing

Note: This linter can be disabled with `set_option linter.unusedTactic false`
warning: proofs/Calibrator.lean:1187:32: this tactic is never executed

Note: This linter can be disabled with `set_option linter.unreachableTactic false`
warning: proofs/Calibrator.lean:1486:3: unused variable `h_indep`

Note: This linter can be disabled with `set_option linter.unusedVariables false`
warning: proofs/Calibrator.lean:1487:3: unused variable `h_true_fn`

Note: This linter can be disabled with `set_option linter.unusedVariables false`
warning: proofs/Calibrator.lean:1497:78: unused variable `h_norm`

Note: This linter can be disabled with `set_option linter.unusedVariables false`
warning: proofs/Calibrator.lean:1696:34: try 'simp' instead of 'simpa'

Note: This linter can be disabled with `set_option linter.unnecessarySimpa false`
warning: proofs/Calibrator.lean:1699:34: try 'simp' instead of 'simpa'

Note: This linter can be disabled with `set_option linter.unnecessarySimpa false`
warning: proofs/Calibrator.lean:1740:28: try 'simp' instead of 'simpa'

Note: This linter can be disabled with `set_option linter.unnecessarySimpa false`
warning: proofs/Calibrator.lean:1745:35: try 'simp' instead of 'simpa'

Note: This linter can be disabled with `set_option linter.unnecessarySimpa false`
warning: proofs/Calibrator.lean:1733:66: try 'simp' instead of 'simpa'

Note: This linter can be disabled with `set_option linter.unnecessarySimpa false`
warning: proofs/Calibrator.lean:1736:44: try 'simp' instead of 'simpa'

Note: This linter can be disabled with `set_option linter.unnecessarySimpa false`
warning: proofs/Calibrator.lean:1752:30: try 'simp' instead of 'simpa'

Note: This linter can be disabled with `set_option linter.unnecessarySimpa false`
warning: proofs/Calibrator.lean:1757:30: try 'simp' instead of 'simpa'

Note: This linter can be disabled with `set_option linter.unnecessarySimpa false`
warning: proofs/Calibrator.lean:1768:68: try 'simp' instead of 'simpa'

Note: This linter can be disabled with `set_option linter.unnecessarySimpa false`
warning: proofs/Calibrator.lean:1771:46: try 'simp' instead of 'simpa'

Note: This linter can be disabled with `set_option linter.unnecessarySimpa false`
warning: proofs/Calibrator.lean:1790:30: try 'simp' instead of 'simpa'

Note: This linter can be disabled with `set_option linter.unnecessarySimpa false`
warning: proofs/Calibrator.lean:1794:31: try 'simp' instead of 'simpa'

Note: This linter can be disabled with `set_option linter.unnecessarySimpa false`
warning: proofs/Calibrator.lean:1801:32: try 'simp' instead of 'simpa'

Note: This linter can be disabled with `set_option linter.unnecessarySimpa false`
warning: proofs/Calibrator.lean:1805:32: try 'simp' instead of 'simpa'

Note: This linter can be disabled with `set_option linter.unnecessarySimpa false`
warning: proofs/Calibrator.lean:1813:32: try 'simp' instead of 'simpa'

Note: This linter can be disabled with `set_option linter.unnecessarySimpa false`
warning: proofs/Calibrator.lean:1819:30: try 'simp' instead of 'simpa'

Note: This linter can be disabled with `set_option linter.unnecessarySimpa false`
warning: proofs/Calibrator.lean:1824:32: try 'simp' instead of 'simpa'

Note: This linter can be disabled with `set_option linter.unnecessarySimpa false`
warning: proofs/Calibrator.lean:1829:33: try 'simp' instead of 'simpa'

Note: This linter can be disabled with `set_option linter.unnecessarySimpa false`
warning: proofs/Calibrator.lean:1835:37: try 'simp' instead of 'simpa'

Note: This linter can be disabled with `set_option linter.unnecessarySimpa false`
warning: proofs/Calibrator.lean:1841:30: try 'simp' instead of 'simpa'

Note: This linter can be disabled with `set_option linter.unnecessarySimpa false`
warning: proofs/Calibrator.lean:1846:37: try 'simp' instead of 'simpa'

Note: This linter can be disabled with `set_option linter.unnecessarySimpa false`
warning: proofs/Calibrator.lean:1776:56: This simp argument is unused:
  mul_left_comm

Hint: Omit it from the simp argument list.
  simp [g, ParamIx.equivSum, mul_assoc, mÌµuÌµlÌµ_ÌµlÌµeÌµfÌµtÌµ_ÌµcÌµoÌµmÌµmÌµ,Ìµ Ìµmul_comm]

Note: This linter can be disabled with `set_option linter.unusedSimpArgs false`
warning: proofs/Calibrator.lean:1848:79: This simp argument is unused:
  Finset.sum_mul

Hint: Omit it from the simp argument list.
  simp [linearPredictor, evalSmooth, Finset.sum_add_distrib, Finset.mul_sum, FÌµiÌµnÌµsÌµeÌµtÌµ.ÌµsÌµuÌµmÌµ_ÌµmÌµuÌµlÌµ,Ìµadd_mul, mul_add,
  Ì²  Ì² Ì² Ì² Ì² Ì²mul_comm, mul_left_comm, mul_assoc]

Note: This linter can be disabled with `set_option linter.unusedSimpArgs false`
warning: proofs/Calibrator.lean:1849:6: This simp argument is unused:
  add_mul

Hint: Omit it from the simp argument list.
  simp [linearPredictor, evalSmooth, Finset.sum_add_distrib, Finset.mul_sum, Finset.sum_mul,
        aÌµdÌµdÌµ_Ìµmul,Ìµ ÌµmÌµuÌµlÌµ_add, mul_comm, mul_left_comm, mul_assoc]

Note: This linter can be disabled with `set_option linter.unusedSimpArgs false`
warning: proofs/Calibrator.lean:1849:34: This simp argument is unused:
  mul_left_comm

Hint: Omit it from the simp argument list.
  simp [linearPredictor, evalSmooth, Finset.sum_add_distrib, Finset.mul_sum, Finset.sum_mul,
        add_mul, mul_add, mul_comm, mul_lÌµeÌµfÌµtÌµ_ÌµcÌµoÌµmÌµmÌµ,Ìµ ÌµmÌµuÌµlÌµ_Ìµassoc]

Note: This linter can be disabled with `set_option linter.unusedSimpArgs false`
warning: proofs/Calibrator.lean:1849:49: This simp argument is unused:
  mul_assoc

Hint: Omit it from the simp argument list.
  simp [linearPredictor, evalSmooth, Finset.sum_add_distrib, Finset.mul_sum, Finset.sum_mul,
        add_mul, mul_add, mul_comm, mul_left_comm,Ìµ ÌµmÌµuÌµlÌµ_ÌµaÌµsÌµsÌµoÌµcÌµ]

Note: This linter can be disabled with `set_option linter.unusedSimpArgs false`
warning: proofs/Calibrator.lean:1850:29: This simp argument is unused:
  mul_comm

Hint: Omit it from the simp argument list.
  simp [hsum_pc, hsum_int, mul_cÌµoÌµmÌµmÌµ,Ìµ ÌµmÌµuÌµl_ÌµlÌµeft_comm, mul_assoc]

Note: This linter can be disabled with `set_option linter.unusedSimpArgs false`
warning: proofs/Calibrator.lean:1850:39: This simp argument is unused:
  mul_left_comm

Hint: Omit it from the simp argument list.
  simp [hsum_pc, hsum_int, mul_comm, mul_lÌµeÌµfÌµtÌµ_ÌµcÌµoÌµmÌµmÌµ,Ìµ ÌµmÌµuÌµlÌµ_Ìµassoc]

Note: This linter can be disabled with `set_option linter.unusedSimpArgs false`
warning: proofs/Calibrator.lean:1850:54: This simp argument is unused:
  mul_assoc

Hint: Omit it from the simp argument list.
  simp [hsum_pc, hsum_int, mul_comm, mul_left_comm,Ìµ ÌµmÌµuÌµlÌµ_ÌµaÌµsÌµsÌµoÌµcÌµ]

Note: This linter can be disabled with `set_option linter.unusedSimpArgs false`
warning: proofs/Calibrator.lean:2015:4: try 'simp' instead of 'simpa'

Note: This linter can be disabled with `set_option linter.unnecessarySimpa false`
warning: proofs/Calibrator.lean:2025:31: Try `simp at this` instead of `simpa using this`

Note: This linter can be disabled with `set_option linter.unnecessarySimpa false`
warning: proofs/Calibrator.lean:2039:38: This simp argument is unused:
  norm_norm

Hint: Omit it from the simp argument list.
  simp [u, norm_smul, norm_inv, nÌµoÌµrÌµmÌµ_ÌµnÌµoÌµrÌµmÌµ,Ìµ Ìµhnorm]

Note: This linter can be disabled with `set_option linter.unusedSimpArgs false`
warning: proofs/Calibrator.lean:2220:20: try 'simp' instead of 'simpa'

Note: This linter can be disabled with `set_option linter.unnecessarySimpa false`
warning: proofs/Calibrator.lean:2222:20: try 'simp' instead of 'simpa'

Note: This linter can be disabled with `set_option linter.unnecessarySimpa false`
warning: proofs/Calibrator.lean:2176:66: This simp argument is unused:
  Finset.sum_mul

Hint: Omit it from the simp argument list.
  simp [Finset.sum_add_distrib, Finset.mul_sum, FÌµiÌµnÌµsÌµeÌµtÌµ.ÌµsÌµuÌµmÌµ_ÌµmÌµuÌµlÌµ,Ìµ Ìµsub_eq_add_neg, add_comm,
  Ì²  Ì² Ì² Ì² Ì² Ì² Ì² Ì² Ì² Ì² Ì² Ì² Ì² Ì² Ì² Ì² Ì² Ì² Ì² Ì² Ì² Ì²add_left_comm, add_assoc, mul_comm, mul_left_comm, mul_assoc]

Note: This linter can be disabled with `set_option linter.unusedSimpArgs false`
warning: proofs/Calibrator.lean:2177:22: This simp argument is unused:
  add_comm

Hint: Omit it from the simp argument list.
  simp [Finset.sum_add_distrib, Finset.mul_sum, Finset.sum_mul, sub_eq_add_neg,
                        add_cÌµoÌµmÌµmÌµ,Ìµ ÌµaÌµdÌµdÌµ_Ìµleft_comm, add_assoc, mul_comm, mul_left_comm, mul_assoc]

Note: This linter can be disabled with `set_option linter.unusedSimpArgs false`
warning: proofs/Calibrator.lean:2177:32: This simp argument is unused:
  add_left_comm

Hint: Omit it from the simp argument list.
  simp [Finset.sum_add_distrib, Finset.mul_sum, Finset.sum_mul, sub_eq_add_neg,
                        add_comm, add_lÌµeÌµfÌµtÌµ_ÌµcÌµoÌµmÌµmÌµ,Ìµ ÌµadÌµdÌµ_ÌµaÌµssoc, mul_comm, mul_left_comm, mul_assoc]

Note: This linter can be disabled with `set_option linter.unusedSimpArgs false`
warning: proofs/Calibrator.lean:2177:47: This simp argument is unused:
  add_assoc

Hint: Omit it from the simp argument list.
  simp [Finset.sum_add_distrib, Finset.mul_sum, Finset.sum_mul, sub_eq_add_neg,
                        add_comm, add_left_comm, aÌµdÌµdÌµ_ÌµaÌµsÌµsÌµoÌµcÌµ,Ìµ Ìµmul_comm, mul_left_comm, mul_assoc]

Note: This linter can be disabled with `set_option linter.unusedSimpArgs false`
warning: proofs/Calibrator.lean:2177:68: This simp argument is unused:
  mul_left_comm

Hint: Omit it from the simp argument list.
  simp [Finset.sum_add_distrib, Finset.mul_sum, Finset.sum_mul, sub_eq_add_neg,
                        add_comm, add_left_comm, add_assoc, mul_comm, mul_lÌµeÌµfÌµtÌµ_ÌµcÌµoÌµmÌµmÌµ,Ìµ ÌµmÌµuÌµlÌµ_Ìµassoc]

Note: This linter can be disabled with `set_option linter.unusedSimpArgs false`
warning: proofs/Calibrator.lean:2177:83: This simp argument is unused:
  mul_assoc

Hint: Omit it from the simp argument list.
  simp [Finset.sum_add_distrib, Finset.mul_sum, Finset.sum_mul, sub_eq_add_neg,
                        add_comm, add_left_comm, add_assoc, mul_comm, mul_left_comm,Ìµ ÌµmÌµuÌµlÌµ_ÌµaÌµsÌµsÌµoÌµcÌµ]

Note: This linter can be disabled with `set_option linter.unusedSimpArgs false`
warning: proofs/Calibrator.lean:2187:14: This simp argument is unused:
  Finset.sum_ite_eq'

Hint: Omit it from the simp argument list.
  simp [S, Matrix.mulVec, dotProduct, Matrix.diagonal_apply, FÌµiÌµnÌµsÌµeÌµtÌµ.ÌµsÌµuÌµmÌµ_ÌµiÌµtÌµeÌµ_ÌµeÌµqÌµ'Ìµ,Ìµ ÌµFinset.sum_ite_eq, mul_comm,
  Ì²  Ì² Ì² Ì² Ì² Ì² Ì² Ì² Ì² Ì² Ì² Ì² Ì² Ì²mul_left_comm, mul_assoc]

Note: This linter can be disabled with `set_option linter.unusedSimpArgs false`
warning: proofs/Calibrator.lean:2187:63: This simp argument is unused:
  mul_left_comm

Hint: Omit it from the simp argument list.
  simp [S, Matrix.mulVec, dotProduct, Matrix.diagonal_apply, Finset.sum_ite_eq',
  Ì²  Ì² Ì² Ì² Ì² Ì² Ì² Ì² Ì² Ì² Ì² Ì² Ì² Ì²Finset.sum_ite_eq, mul_comm, mÌµuÌµlÌµ_ÌµlÌµeÌµfÌµtÌµ_ÌµcÌµoÌµmÌµmÌµ,Ìµ Ìµmul_assoc]

Note: This linter can be disabled with `set_option linter.unusedSimpArgs false`
warning: proofs/Calibrator.lean:2187:78: This simp argument is unused:
  mul_assoc

Hint: Omit it from the simp argument list.
  simp [S, Matrix.mulVec, dotProduct, Matrix.diagonal_apply, Finset.sum_ite_eq',
  Ì²  Ì² Ì² Ì² Ì² Ì² Ì² Ì² Ì² Ì² Ì² Ì² Ì² Ì²Finset.sum_ite_eq, mul_comm, mÌµuÌµlÌµ_ÌµlÌµeÌµfÌµtÌµ_ÌµcÌµoÌµmÌµmÌµ,Ìµ ÌµmÌµuÌµlÌµ_ÌµaÌµsÌµsÌµoÌµcÌµ]ÌµmÌ²uÌ²lÌ²_Ì²lÌ²eÌ²fÌ²tÌ²_Ì²cÌ²oÌ²mÌ²mÌ²]Ì²

Note: This linter can be disabled with `set_option linter.unusedSimpArgs false`
warning: proofs/Calibrator.lean:2188:46: This simp argument is unused:
  mul_left_comm

Hint: Omit it from the simp argument list.
  simp [hSi, s, mul_comm, mul_lÌµeÌµfÌµtÌµ_ÌµcÌµoÌµmÌµmÌµ,Ìµ ÌµmÌµuÌµlÌµ_Ìµassoc, mul_self_nonneg]

Note: This linter can be disabled with `set_option linter.unusedSimpArgs false`
warning: proofs/Calibrator.lean:2188:61: This simp argument is unused:
  mul_assoc

Hint: Omit it from the simp argument list.
  simp [hSi, s, mul_comm, mul_left_comm, mul_aÌµssÌµoÌµcÌµ,Ìµ ÌµmÌµuÌµlÌµ_ÌµsÌµelf_nonneg]

Note: This linter can be disabled with `set_option linter.unusedSimpArgs false`
warning: proofs/Calibrator.lean:2207:37: This simp argument is unused:
  mul_comm

Hint: Omit it from the simp argument list.
  simp [dotProduct, pow_two,Ìµ ÌµmÌµuÌµlÌµ_ÌµcÌµoÌµmÌµmÌµ]

Note: This linter can be disabled with `set_option linter.unusedSimpArgs false`
warning: proofs/Calibrator.lean:2211:28: This simp argument is unused:
  mul_comm

Hint: Omit it from the simp argument list.
  simp [dotProduct,Ìµ ÌµmÌµuÌµlÌµ_ÌµcÌµoÌµmÌµmÌµ]

Note: This linter can be disabled with `set_option linter.unusedSimpArgs false`
warning: proofs/Calibrator.lean:2380:20: try 'simp' instead of 'simpa'

Note: This linter can be disabled with `set_option linter.unnecessarySimpa false`
warning: proofs/Calibrator.lean:2382:20: try 'simp' instead of 'simpa'

Note: This linter can be disabled with `set_option linter.unnecessarySimpa false`
warning: proofs/Calibrator.lean:2337:66: This simp argument is unused:
  Finset.sum_mul

Hint: Omit it from the simp argument list.
  simp [Finset.sum_add_distrib, Finset.mul_sum, FÌµiÌµnÌµsÌµeÌµtÌµ.ÌµsÌµuÌµmÌµ_ÌµmÌµuÌµlÌµ,Ìµ Ìµsub_eq_add_neg, add_comm,
  Ì²  Ì² Ì² Ì² Ì² Ì² Ì² Ì² Ì² Ì² Ì² Ì² Ì² Ì² Ì² Ì² Ì² Ì² Ì² Ì² Ì² Ì²add_left_comm, add_assoc, mul_comm, mul_left_comm, mul_assoc]

Note: This linter can be disabled with `set_option linter.unusedSimpArgs false`
warning: proofs/Calibrator.lean:2338:22: This simp argument is unused:
  add_comm

Hint: Omit it from the simp argument list.
  simp [Finset.sum_add_distrib, Finset.mul_sum, Finset.sum_mul, sub_eq_add_neg,
                        add_cÌµoÌµmÌµmÌµ,Ìµ ÌµaÌµdÌµdÌµ_Ìµleft_comm, add_assoc, mul_comm, mul_left_comm, mul_assoc]

Note: This linter can be disabled with `set_option linter.unusedSimpArgs false`
warning: proofs/Calibrator.lean:2338:32: This simp argument is unused:
  add_left_comm

Hint: Omit it from the simp argument list.
  simp [Finset.sum_add_distrib, Finset.mul_sum, Finset.sum_mul, sub_eq_add_neg,
                        add_comm, add_lÌµeÌµfÌµtÌµ_ÌµcÌµoÌµmÌµmÌµ,Ìµ ÌµadÌµdÌµ_ÌµaÌµssoc, mul_comm, mul_left_comm, mul_assoc]

Note: This linter can be disabled with `set_option linter.unusedSimpArgs false`
warning: proofs/Calibrator.lean:2338:47: This simp argument is unused:
  add_assoc

Hint: Omit it from the simp argument list.
  simp [Finset.sum_add_distrib, Finset.mul_sum, Finset.sum_mul, sub_eq_add_neg,
                        add_comm, add_left_comm, aÌµdÌµdÌµ_ÌµaÌµsÌµsÌµoÌµcÌµ,Ìµ Ìµmul_comm, mul_left_comm, mul_assoc]

Note: This linter can be disabled with `set_option linter.unusedSimpArgs false`
warning: proofs/Calibrator.lean:2338:68: This simp argument is unused:
  mul_left_comm

Hint: Omit it from the simp argument list.
  simp [Finset.sum_add_distrib, Finset.mul_sum, Finset.sum_mul, sub_eq_add_neg,
                        add_comm, add_left_comm, add_assoc, mul_comm, mul_lÌµeÌµfÌµtÌµ_ÌµcÌµoÌµmÌµmÌµ,Ìµ ÌµmÌµuÌµlÌµ_Ìµassoc]

Note: This linter can be disabled with `set_option linter.unusedSimpArgs false`
warning: proofs/Calibrator.lean:2338:83: This simp argument is unused:
  mul_assoc

Hint: Omit it from the simp argument list.
  simp [Finset.sum_add_distrib, Finset.mul_sum, Finset.sum_mul, sub_eq_add_neg,
                        add_comm, add_left_comm, add_assoc, mul_comm, mul_left_comm,Ìµ ÌµmÌµuÌµlÌµ_ÌµaÌµsÌµsÌµoÌµcÌµ]

Note: This linter can be disabled with `set_option linter.unusedSimpArgs false`
warning: proofs/Calibrator.lean:2348:14: This simp argument is unused:
  Finset.sum_ite_eq'

Hint: Omit it from the simp argument list.
  simp [S, Matrix.mulVec, dotProduct, Matrix.diagonal_apply, FÌµiÌµnÌµsÌµeÌµtÌµ.ÌµsÌµuÌµmÌµ_ÌµiÌµtÌµeÌµ_ÌµeÌµqÌµ'Ìµ,Ìµ ÌµFinset.sum_ite_eq, mul_comm,
  Ì²  Ì² Ì² Ì² Ì² Ì² Ì² Ì² Ì² Ì² Ì² Ì² Ì² Ì²mul_left_comm, mul_assoc]

Note: This linter can be disabled with `set_option linter.unusedSimpArgs false`
warning: proofs/Calibrator.lean:2348:63: This simp argument is unused:
  mul_left_comm

Hint: Omit it from the simp argument list.
  simp [S, Matrix.mulVec, dotProduct, Matrix.diagonal_apply, Finset.sum_ite_eq',
  Ì²  Ì² Ì² Ì² Ì² Ì² Ì² Ì² Ì² Ì² Ì² Ì² Ì² Ì²Finset.sum_ite_eq, mul_comm, mÌµuÌµlÌµ_ÌµlÌµeÌµfÌµtÌµ_ÌµcÌµoÌµmÌµmÌµ,Ìµ Ìµmul_assoc]

Note: This linter can be disabled with `set_option linter.unusedSimpArgs false`
warning: proofs/Calibrator.lean:2348:78: This simp argument is unused:
  mul_assoc

Hint: Omit it from the simp argument list.
  simp [S, Matrix.mulVec, dotProduct, Matrix.diagonal_apply, Finset.sum_ite_eq',
  Ì²  Ì² Ì² Ì² Ì² Ì² Ì² Ì² Ì² Ì² Ì² Ì² Ì² Ì²Finset.sum_ite_eq, mul_comm, mÌµuÌµlÌµ_ÌµlÌµeÌµfÌµtÌµ_ÌµcÌµoÌµmÌµmÌµ,Ìµ ÌµmÌµuÌµlÌµ_ÌµaÌµsÌµsÌµoÌµcÌµ]ÌµmÌ²uÌ²lÌ²_Ì²lÌ²eÌ²fÌ²tÌ²_Ì²cÌ²oÌ²mÌ²mÌ²]Ì²

Note: This linter can be disabled with `set_option linter.unusedSimpArgs false`
warning: proofs/Calibrator.lean:2349:46: This simp argument is unused:
  mul_left_comm

Hint: Omit it from the simp argument list.
  simp [hSi, s, mul_comm, mul_lÌµeÌµfÌµtÌµ_ÌµcÌµoÌµmÌµmÌµ,Ìµ ÌµmÌµuÌµlÌµ_Ìµassoc, mul_self_nonneg]

Note: This linter can be disabled with `set_option linter.unusedSimpArgs false`
warning: proofs/Calibrator.lean:2349:61: This simp argument is unused:
  mul_assoc

Hint: Omit it from the simp argument list.
  simp [hSi, s, mul_comm, mul_left_comm, mul_aÌµssÌµoÌµcÌµ,Ìµ ÌµmÌµuÌµlÌµ_ÌµsÌµelf_nonneg]

Note: This linter can be disabled with `set_option linter.unusedSimpArgs false`
warning: proofs/Calibrator.lean:2367:37: This simp argument is unused:
  mul_comm

Hint: Omit it from the simp argument list.
  simp [dotProduct, pow_two,Ìµ ÌµmÌµuÌµlÌµ_ÌµcÌµoÌµmÌµmÌµ]

Note: This linter can be disabled with `set_option linter.unusedSimpArgs false`
warning: proofs/Calibrator.lean:2371:28: This simp argument is unused:
  mul_comm

Hint: Omit it from the simp argument list.
  simp [dotProduct,Ìµ ÌµmÌµuÌµlÌµ_ÌµcÌµoÌµmÌµmÌµ]

Note: This linter can be disabled with `set_option linter.unusedSimpArgs false`
warning: proofs/Calibrator.lean:2424:44: This simp argument is unused:
  Pi.sub_apply

Hint: Omit it from the simp argument list.
  simp [pointwiseNLL, hm.dist_gaussian, PÌµiÌµ.ÌµsÌµuÌµbÌµ_ÌµaÌµpÌµpÌµlÌµyÌµ,Ìµ Ìµh_lin, X]

Note: This linter can be disabled with `set_option linter.unusedSimpArgs false`
warning: proofs/Calibrator.lean:2429:8: This simp argument is unused:
  Finset.sum_ite_eq'

Hint: Omit it from the simp argument list.
  simp [S, Matrix.mulVec, dotProduct, Matrix.diagonal_apply, FÌµiÌµnÌµsÌµeÌµtÌµ.ÌµsÌµuÌµmÌµ_ÌµiÌµtÌµeÌµ_ÌµeÌµqÌµ'Ìµ,Ìµ ÌµFinset.sum_ite_eq, mul_comm,
  Ì²  Ì² Ì² Ì² Ì² Ì² Ì² Ì²mul_left_comm, mul_assoc]

Note: This linter can be disabled with `set_option linter.unusedSimpArgs false`
warning: proofs/Calibrator.lean:2429:57: This simp argument is unused:
  mul_left_comm

Hint: Omit it from the simp argument list.
  simp [S, Matrix.mulVec, dotProduct, Matrix.diagonal_apply, Finset.sum_ite_eq',
  Ì²  Ì² Ì² Ì² Ì² Ì² Ì² Ì²Finset.sum_ite_eq, mul_comm, mÌµuÌµlÌµ_ÌµlÌµeÌµfÌµtÌµ_ÌµcÌµoÌµmÌµmÌµ,Ìµ Ìµmul_assoc]

Note: This linter can be disabled with `set_option linter.unusedSimpArgs false`
warning: proofs/Calibrator.lean:2429:72: This simp argument is unused:
  mul_assoc

Hint: Omit it from the simp argument list.
  simp [S, Matrix.mulVec, dotProduct, Matrix.diagonal_apply, Finset.sum_ite_eq',
  Ì²  Ì² Ì² Ì² Ì² Ì² Ì² Ì²Finset.sum_ite_eq, mul_comm, mÌµuÌµlÌµ_ÌµlÌµeÌµfÌµtÌµ_ÌµcÌµoÌµmÌµmÌµ,Ìµ ÌµmÌµuÌµlÌµ_ÌµaÌµsÌµsÌµoÌµcÌµ]ÌµmÌ²uÌ²lÌ²_Ì²lÌ²eÌ²fÌ²tÌ²_Ì²cÌ²oÌ²mÌ²mÌ²]Ì²

Note: This linter can be disabled with `set_option linter.unusedSimpArgs false`
warning: proofs/Calibrator.lean:2440:41: This simp argument is unused:
  mul_left_comm

Hint: Omit it from the simp argument list.
  simp [h_diag, pow_two, mul_comm, mul_lÌµeÌµfÌµtÌµ_ÌµcÌµoÌµmÌµmÌµ,Ìµ ÌµmÌµuÌµlÌµ_Ìµassoc]

Note: This linter can be disabled with `set_option linter.unusedSimpArgs false`
warning: proofs/Calibrator.lean:2490:52: This simp argument is unused:
  Finset.sum_add_distrib

Hint: Omit it from the simp argument list.
  simp [g, ParamIxSum, hsum_pc, hsum_int,Ìµ ÌµFÌµiÌµnÌµsÌµeÌµtÌµ.ÌµsÌµuÌµmÌµ_ÌµaÌµdÌµdÌµ_ÌµdÌµiÌµsÌµtÌµrÌµiÌµbÌµ]

Note: This linter can be disabled with `set_option linter.unusedSimpArgs false`
warning: proofs/Calibrator.lean:2676:73: try 'simp' instead of 'simpa'

Note: This linter can be disabled with `set_option linter.unnecessarySimpa false`
warning: proofs/Calibrator.lean:2775:10: try 'simp' instead of 'simpa'

Note: This linter can be disabled with `set_option linter.unnecessarySimpa false`
warning: proofs/Calibrator.lean:2632:54: This simp argument is unused:
  Finset.sum_mul

Hint: Omit it from the simp argument list.
  simp [Finset.sum_add_distrib, Finset.mul_sum, FÌµiÌµnÌµsÌµeÌµtÌµ.ÌµsÌµuÌµmÌµ_ÌµmÌµuÌµlÌµ,Ìµ Ìµsub_eq_add_neg, add_comm, add_left_comm,
  Ì²  Ì² Ì² Ì² Ì² Ì² Ì² Ì² Ì² Ì²add_assoc]

Note: This linter can be disabled with `set_option linter.unusedSimpArgs false`
warning: proofs/Calibrator.lean:2633:10: This simp argument is unused:
  add_comm

Hint: Omit it from the simp argument list.
  simp [Finset.sum_add_distrib, Finset.mul_sum, Finset.sum_mul, sub_eq_add_neg, aÌµdÌµdÌµ_ÌµcÌµoÌµmÌµmÌµ,Ìµ Ìµadd_left_comm,
  Ì²  Ì² Ì² Ì² Ì² Ì² Ì² Ì² Ì² Ì²add_assoc]

Note: This linter can be disabled with `set_option linter.unusedSimpArgs false`
warning: proofs/Calibrator.lean:2633:20: This simp argument is unused:
  add_left_comm

Hint: Omit it from the simp argument list.
  simp [Finset.sum_add_distrib, Finset.mul_sum, Finset.sum_mul, sub_eq_add_neg, add_comm,
  Ì²  Ì² Ì² Ì² Ì² Ì² Ì² Ì² Ì² Ì²aÌµdÌµdÌµ_ÌµlÌµeÌµfÌµtÌµ_ÌµcÌµoÌµmÌµmÌµ,Ìµ Ìµadd_assoc]

Note: This linter can be disabled with `set_option linter.unusedSimpArgs false`
warning: proofs/Calibrator.lean:2637:30: This simp argument is unused:
  mul_left_comm

Hint: Omit it from the simp argument list.
  simp [Finset.mul_sum, mÌµuÌµlÌµ_ÌµlÌµeÌµfÌµtÌµ_ÌµcÌµoÌµmÌµmÌµ,Ìµ Ìµmul_comm, mul_assoc]

Note: This linter can be disabled with `set_option linter.unusedSimpArgs false`
warning: proofs/Calibrator.lean:2637:45: This simp argument is unused:
  mul_comm

Hint: Omit it from the simp argument list.
  simp [Finset.mul_sum, mul_left_comm, mul_cÌµoÌµmÌµmÌµ,Ìµ ÌµmÌµuÌµlÌµ_Ìµassoc]

Note: This linter can be disabled with `set_option linter.unusedSimpArgs false`
warning: proofs/Calibrator.lean:2709:62: This simp argument is unused:
  Finset.sum_mul

Hint: Omit it from the simp argument list.
  simp [Finset.sum_add_distrib, Finset.mul_sum, FÌµiÌµnÌµsÌµeÌµtÌµ.ÌµsÌµuÌµmÌµ_ÌµmÌµuÌµlÌµ,Ìµ Ìµsub_eq_add_neg, add_comm,
  Ì²  Ì² Ì² Ì² Ì² Ì² Ì² Ì² Ì² Ì² Ì² Ì² Ì² Ì² Ì² Ì² Ì² Ì²add_left_comm, add_assoc]

Note: This linter can be disabled with `set_option linter.unusedSimpArgs false`
warning: proofs/Calibrator.lean:2710:18: This simp argument is unused:
  add_comm

Hint: Omit it from the simp argument list.
  simp [Finset.sum_add_distrib, Finset.mul_sum, Finset.sum_mul, sub_eq_add_neg,
                    add_cÌµoÌµmÌµmÌµ,Ìµ ÌµaÌµdÌµdÌµ_Ìµleft_comm, add_assoc]

Note: This linter can be disabled with `set_option linter.unusedSimpArgs false`
warning: proofs/Calibrator.lean:2710:28: This simp argument is unused:
  add_left_comm

Hint: Omit it from the simp argument list.
  simp [Finset.sum_add_distrib, Finset.mul_sum, Finset.sum_mul, sub_eq_add_neg,
                    add_comm, add_lÌµeÌµfÌµtÌµ_ÌµcÌµoÌµmÌµmÌµ,Ìµ ÌµadÌµdÌµ_ÌµaÌµssoc]

Note: This linter can be disabled with `set_option linter.unusedSimpArgs false`
warning: proofs/Calibrator.lean:2714:61: This simp argument is unused:
  Matrix.mulVec_sub

Hint: Omit it from the simp argument list.
  simp [Matrix.mulVec_add, Matrix.mulVec_smul, MÌµaÌµtÌµrÌµiÌµxÌµ.ÌµmÌµuÌµlÌµVÌµeÌµcÌµ_ÌµsÌµuÌµbÌµ,Ìµ ÌµMatrix.mulVec_neg, Pi.add_apply,
  Ì²  Ì² Ì² Ì² Ì² Ì² Ì² Ì² Ì² Ì² Ì² Ì² Ì² Ì² Ì² Ì² Ì² Ì²Pi.sub_apply, Pi.neg_apply, Pi.smul_apply, smul_eq_mul, mul_add, add_mul,
  Ì²  Ì² Ì² Ì² Ì² Ì² Ì² Ì² Ì² Ì² Ì² Ì² Ì² Ì² Ì² Ì² Ì² Ì²sub_eq_add_neg, hb']

Note: This linter can be disabled with `set_option linter.unusedSimpArgs false`
warning: proofs/Calibrator.lean:2719:38: This simp argument is unused:
  mul_left_comm

Hint: Omit it from the simp argument list.
  simp [Finset.mul_sum, mÌµuÌµlÌµ_ÌµlÌµeÌµfÌµtÌµ_ÌµcÌµoÌµmÌµmÌµ,Ìµ Ìµmul_comm, mul_assoc]

Note: This linter can be disabled with `set_option linter.unusedSimpArgs false`
warning: proofs/Calibrator.lean:2884:15: unused variable `hlam`

Note: This linter can be disabled with `set_option linter.unusedVariables false`
warning: proofs/Calibrator.lean:2884:32: unused variable `hS_posDef`

Note: This linter can be disabled with `set_option linter.unusedVariables false`
warning: proofs/Calibrator.lean:3202:58: try 'simp' instead of 'simpa'

Note: This linter can be disabled with `set_option linter.unnecessarySimpa false`
warning: proofs/Calibrator.lean:3203:57: try 'simp' instead of 'simpa'

Note: This linter can be disabled with `set_option linter.unnecessarySimpa false`
warning: proofs/Calibrator.lean:3247:18: try 'simp' instead of 'simpa'

Note: This linter can be disabled with `set_option linter.unnecessarySimpa false`
warning: proofs/Calibrator.lean:3300:18: try 'simp' instead of 'simpa'

Note: This linter can be disabled with `set_option linter.unnecessarySimpa false`
warning: proofs/Calibrator.lean:3249:40: This simp argument is unused:
  mul_assoc

Hint: Omit it from the simp argument list.
  simp [Finset.mul_sum, mÌµuÌµlÌµ_ÌµaÌµsÌµsÌµoÌµcÌµ,Ìµ Ìµmul_left_comm, mul_comm]

Note: This linter can be disabled with `set_option linter.unusedSimpArgs false`
warning: proofs/Calibrator.lean:3249:51: This simp argument is unused:
  mul_left_comm

Hint: Omit it from the simp argument list.
  simp [Finset.mul_sum, mul_assoc, mÌµuÌµlÌµ_ÌµlÌµeÌµfÌµtÌµ_ÌµcÌµoÌµmÌµmÌµ,Ìµ Ìµmul_comm]

Note: This linter can be disabled with `set_option linter.unusedSimpArgs false`
warning: proofs/Calibrator.lean:3249:66: This simp argument is unused:
  mul_comm

Hint: Omit it from the simp argument list.
  simp [Finset.mul_sum, mul_assoc, mul_left_comm,Ìµ ÌµmÌµuÌµlÌµ_ÌµcÌµoÌµmÌµmÌµ]

Note: This linter can be disabled with `set_option linter.unusedSimpArgs false`
warning: proofs/Calibrator.lean:3281:64: This simp argument is unused:
  mul_add

Hint: Omit it from the simp argument list.
  simp [Finset.sum_add_distrib, Finset.mul_sum, mÌµuÌµlÌµ_ÌµaÌµdÌµdÌµ,Ìµ Ìµadd_mul, mul_assoc, mul_left_comm,
  Ì²  Ì² Ì² Ì² Ì² Ì² Ì² Ì² Ì² Ì² Ì² Ì² Ì² Ì² Ì² Ì² Ì² Ì² Ì² Ì²mul_comm]

Note: This linter can be disabled with `set_option linter.unusedSimpArgs false`
warning: proofs/Calibrator.lean:3281:73: This simp argument is unused:
  add_mul

Hint: Omit it from the simp argument list.
  simp [Finset.sum_add_distrib, Finset.mul_sum, mul_add, aÌµdÌµdÌµ_ÌµmÌµuÌµlÌµ,Ìµ Ìµmul_assoc, mul_left_comm,
  Ì²  Ì² Ì² Ì² Ì² Ì² Ì² Ì² Ì² Ì² Ì² Ì² Ì² Ì² Ì² Ì² Ì² Ì² Ì² Ì²mul_comm]

Note: This linter can be disabled with `set_option linter.unusedSimpArgs false`
warning: proofs/Calibrator.lean:3281:82: This simp argument is unused:
  mul_assoc

Hint: Omit it from the simp argument list.
  simp [Finset.sum_add_distrib, Finset.mul_sum, mul_add, add_mul, mÌµuÌµlÌµ_ÌµaÌµsÌµsÌµoÌµcÌµ,Ìµ Ìµmul_left_comm,
  Ì²  Ì² Ì² Ì² Ì² Ì² Ì² Ì² Ì² Ì² Ì² Ì² Ì² Ì² Ì² Ì² Ì² Ì² Ì² Ì²mul_comm]

Note: This linter can be disabled with `set_option linter.unusedSimpArgs false`
warning: proofs/Calibrator.lean:3281:93: This simp argument is unused:
  mul_left_comm

Hint: Omit it from the simp argument list.
  simp [Finset.sum_add_distrib, Finset.mul_sum, mul_add, add_mul, mul_assoc,
  Ì²  Ì² Ì² Ì² Ì² Ì² Ì² Ì² Ì² Ì² Ì² Ì² Ì² Ì² Ì² Ì² Ì² Ì² Ì² Ì²mÌµuÌµlÌµ_ÌµlÌµeÌµfÌµtÌµ_ÌµcÌµoÌµmÌµmÌµ,Ìµ Ìµmul_comm]

Note: This linter can be disabled with `set_option linter.unusedSimpArgs false`
warning: proofs/Calibrator.lean:3281:108: This simp argument is unused:
  mul_comm

Hint: Omit it from the simp argument list.
  simp [Finset.sum_add_distrib, Finset.mul_sum, mul_add, add_mul, mul_assoc,
  Ì²  Ì² Ì² Ì² Ì² Ì² Ì² Ì² Ì² Ì² Ì² Ì² Ì² Ì² Ì² Ì² Ì² Ì² Ì² Ì²mÌµuÌµlÌµ_ÌµlÌµeÌµfÌµtÌµ_ÌµcÌµoÌµmÌµmÌµ,Ìµ ÌµmÌµuÌµlÌµ_ÌµcÌµoÌµmÌµmÌµ]ÌµmÌ²uÌ²lÌ²_Ì²lÌ²eÌ²fÌ²tÌ²_Ì²cÌ²oÌ²mÌ²mÌ²]Ì²

Note: This linter can be disabled with `set_option linter.unusedSimpArgs false`
warning: proofs/Calibrator.lean:3334:64: This simp argument is unused:
  mul_add

Hint: Omit it from the simp argument list.
  simp [Finset.sum_add_distrib, Finset.mul_sum, mÌµuÌµlÌµ_ÌµaÌµdÌµdÌµ,Ìµ Ìµadd_mul, mul_assoc, mul_left_comm,
  Ì²  Ì² Ì² Ì² Ì² Ì² Ì² Ì² Ì² Ì² Ì² Ì² Ì² Ì² Ì² Ì² Ì² Ì² Ì² Ì²mul_comm]

Note: This linter can be disabled with `set_option linter.unusedSimpArgs false`
warning: proofs/Calibrator.lean:3334:73: This simp argument is unused:
  add_mul

Hint: Omit it from the simp argument list.
  simp [Finset.sum_add_distrib, Finset.mul_sum, mul_add, aÌµdÌµdÌµ_ÌµmÌµuÌµlÌµ,Ìµ Ìµmul_assoc, mul_left_comm,
  Ì²  Ì² Ì² Ì² Ì² Ì² Ì² Ì² Ì² Ì² Ì² Ì² Ì² Ì² Ì² Ì² Ì² Ì² Ì² Ì²mul_comm]

Note: This linter can be disabled with `set_option linter.unusedSimpArgs false`
warning: proofs/Calibrator.lean:3334:82: This simp argument is unused:
  mul_assoc

Hint: Omit it from the simp argument list.
  simp [Finset.sum_add_distrib, Finset.mul_sum, mul_add, add_mul, mÌµuÌµlÌµ_ÌµaÌµsÌµsÌµoÌµcÌµ,Ìµ Ìµmul_left_comm,
  Ì²  Ì² Ì² Ì² Ì² Ì² Ì² Ì² Ì² Ì² Ì² Ì² Ì² Ì² Ì² Ì² Ì² Ì² Ì² Ì²mul_comm]

Note: This linter can be disabled with `set_option linter.unusedSimpArgs false`
warning: proofs/Calibrator.lean:3334:93: This simp argument is unused:
  mul_left_comm

Hint: Omit it from the simp argument list.
  simp [Finset.sum_add_distrib, Finset.mul_sum, mul_add, add_mul, mul_assoc,
  Ì²  Ì² Ì² Ì² Ì² Ì² Ì² Ì² Ì² Ì² Ì² Ì² Ì² Ì² Ì² Ì² Ì² Ì² Ì² Ì²mÌµuÌµlÌµ_ÌµlÌµeÌµfÌµtÌµ_ÌµcÌµoÌµmÌµmÌµ,Ìµ Ìµmul_comm]

Note: This linter can be disabled with `set_option linter.unusedSimpArgs false`
warning: proofs/Calibrator.lean:3334:108: This simp argument is unused:
  mul_comm

Hint: Omit it from the simp argument list.
  simp [Finset.sum_add_distrib, Finset.mul_sum, mul_add, add_mul, mul_assoc,
  Ì²  Ì² Ì² Ì² Ì² Ì² Ì² Ì² Ì² Ì² Ì² Ì² Ì² Ì² Ì² Ì² Ì² Ì² Ì² Ì²mÌµuÌµlÌµ_ÌµlÌµeÌµfÌµtÌµ_ÌµcÌµoÌµmÌµmÌµ,Ìµ ÌµmÌµuÌµlÌµ_ÌµcÌµoÌµmÌµmÌµ]ÌµmÌ²uÌ²lÌ²_Ì²lÌ²eÌ²fÌ²tÌ²_Ì²cÌ²oÌ²mÌ²mÌ²]Ì²

Note: This linter can be disabled with `set_option linter.unusedSimpArgs false`
warning: proofs/Calibrator.lean:3356:10: This simp argument is unused:
  Finset.sum_ite_eq'

Hint: Omit it from the simp argument list.
  simp [S, Matrix.mulVec, dotProduct, Matrix.diagonal_apply, FÌµiÌµnÌµsÌµeÌµtÌµ.ÌµsÌµuÌµmÌµ_ÌµiÌµtÌµeÌµ_ÌµeÌµqÌµ'Ìµ,Ìµ ÌµFinset.sum_ite_eq, mul_comm,
  Ì²  Ì² Ì² Ì² Ì² Ì² Ì² Ì² Ì² Ì²mul_left_comm, mul_assoc]

Note: This linter can be disabled with `set_option linter.unusedSimpArgs false`
warning: proofs/Calibrator.lean:3356:59: This simp argument is unused:
  mul_left_comm

Hint: Omit it from the simp argument list.
  simp [S, Matrix.mulVec, dotProduct, Matrix.diagonal_apply, Finset.sum_ite_eq',
  Ì²  Ì² Ì² Ì² Ì² Ì² Ì² Ì² Ì² Ì²Finset.sum_ite_eq, mul_comm, mÌµuÌµlÌµ_ÌµlÌµeÌµfÌµtÌµ_ÌµcÌµoÌµmÌµmÌµ,Ìµ Ìµmul_assoc]

Note: This linter can be disabled with `set_option linter.unusedSimpArgs false`
warning: proofs/Calibrator.lean:3356:74: This simp argument is unused:
  mul_assoc

Hint: Omit it from the simp argument list.
  simp [S, Matrix.mulVec, dotProduct, Matrix.diagonal_apply, Finset.sum_ite_eq',
  Ì²  Ì² Ì² Ì² Ì² Ì² Ì² Ì² Ì² Ì²Finset.sum_ite_eq, mul_comm, mÌµuÌµlÌµ_ÌµlÌµeÌµfÌµtÌµ_ÌµcÌµoÌµmÌµmÌµ,Ìµ ÌµmÌµuÌµlÌµ_ÌµaÌµsÌµsÌµoÌµcÌµ]ÌµmÌ²uÌ²lÌ²_Ì²lÌ²eÌ²fÌ²tÌ²_Ì²cÌ²oÌ²mÌ²mÌ²]Ì²

Note: This linter can be disabled with `set_option linter.unusedSimpArgs false`
warning: proofs/Calibrator.lean:3357:33: This simp argument is unused:
  mul_comm

Hint: Omit it from the simp argument list.
  simp [s, hmul, mul_cÌµoÌµmÌµmÌµ,Ìµ ÌµmÌµuÌµl_ÌµlÌµeft_comm, mul_assoc, mul_self_nonneg]

Note: This linter can be disabled with `set_option linter.unusedSimpArgs false`
warning: proofs/Calibrator.lean:3357:43: This simp argument is unused:
  mul_left_comm

Hint: Omit it from the simp argument list.
  simp [s, hmul, mul_comm, mul_lÌµeÌµfÌµtÌµ_ÌµcÌµoÌµmÌµmÌµ,Ìµ ÌµmÌµuÌµlÌµ_Ìµassoc, mul_self_nonneg]

Note: This linter can be disabled with `set_option linter.unusedSimpArgs false`
warning: proofs/Calibrator.lean:3357:58: This simp argument is unused:
  mul_assoc

Hint: Omit it from the simp argument list.
  simp [s, hmul, mul_comm, mul_left_comm, mul_aÌµssÌµoÌµcÌµ,Ìµ ÌµmÌµuÌµlÌµ_ÌµsÌµelf_nonneg]

Note: This linter can be disabled with `set_option linter.unusedSimpArgs false`
warning: proofs/Calibrator.lean:3380:10: This simp argument is unused:
  Finset.sum_ite_eq'

Hint: Omit it from the simp argument list.
  simp [S, Matrix.mulVec, dotProduct, Matrix.diagonal_apply, FÌµiÌµnÌµsÌµeÌµtÌµ.ÌµsÌµuÌµmÌµ_ÌµiÌµtÌµeÌµ_ÌµeÌµqÌµ'Ìµ,Ìµ ÌµFinset.sum_ite_eq, mul_comm,
  Ì²  Ì² Ì² Ì² Ì² Ì² Ì² Ì² Ì² Ì²mul_left_comm, mul_assoc]

Note: This linter can be disabled with `set_option linter.unusedSimpArgs false`
warning: proofs/Calibrator.lean:3380:59: This simp argument is unused:
  mul_left_comm

Hint: Omit it from the simp argument list.
  simp [S, Matrix.mulVec, dotProduct, Matrix.diagonal_apply, Finset.sum_ite_eq',
  Ì²  Ì² Ì² Ì² Ì² Ì² Ì² Ì² Ì² Ì²Finset.sum_ite_eq, mul_comm, mÌµuÌµlÌµ_ÌµlÌµeÌµfÌµtÌµ_ÌµcÌµoÌµmÌµmÌµ,Ìµ Ìµmul_assoc]

Note: This linter can be disabled with `set_option linter.unusedSimpArgs false`
warning: proofs/Calibrator.lean:3380:74: This simp argument is unused:
  mul_assoc

Hint: Omit it from the simp argument list.
  simp [S, Matrix.mulVec, dotProduct, Matrix.diagonal_apply, Finset.sum_ite_eq',
  Ì²  Ì² Ì² Ì² Ì² Ì² Ì² Ì² Ì² Ì²Finset.sum_ite_eq, mul_comm, mÌµuÌµlÌµ_ÌµlÌµeÌµfÌµtÌµ_ÌµcÌµoÌµmÌµmÌµ,Ìµ ÌµmÌµuÌµlÌµ_ÌµaÌµsÌµsÌµoÌµcÌµ]ÌµmÌ²uÌ²lÌ²_Ì²lÌ²eÌ²fÌ²tÌ²_Ì²cÌ²oÌ²mÌ²mÌ²]Ì²

Note: This linter can be disabled with `set_option linter.unusedSimpArgs false`
warning: proofs/Calibrator.lean:3391:43: This simp argument is unused:
  mul_left_comm

Hint: Omit it from the simp argument list.
  simp [h_diag, pow_two, mul_comm, mul_lÌµeÌµfÌµtÌµ_ÌµcÌµoÌµmÌµmÌµ,Ìµ ÌµmÌµuÌµlÌµ_Ìµassoc]

Note: This linter can be disabled with `set_option linter.unusedSimpArgs false`
warning: proofs/Calibrator.lean:3440:50: This simp argument is unused:
  Finset.sum_add_distrib

Hint: Omit it from the simp argument list.
  simp [ParamIxSum, g, hsum_pc, hsum_int,Ìµ ÌµFÌµiÌµnÌµsÌµeÌµtÌµ.ÌµsÌµuÌµmÌµ_ÌµaÌµdÌµdÌµ_ÌµdÌµiÌµsÌµtÌµrÌµiÌµbÌµ]

Note: This linter can be disabled with `set_option linter.unusedSimpArgs false`
warning: proofs/Calibrator.lean:3870:5: unused variable `hf_int`

Note: This linter can be disabled with `set_option linter.unusedVariables false`
warning: proofs/Calibrator.lean:3909:8: declaration uses 'sorry'
warning: proofs/Calibrator.lean:4033:8: declaration uses 'sorry'
error: proofs/Calibrator.lean:4119:24: No applicable extensionality theorem found for type
  Type

Note: Extensionality theorems can be registered by marking them with the `[ext]` attribute
warning: proofs/Calibrator.lean:4202:44: unused variable `h_opt1`

Note: This linter can be disabled with `set_option linter.unusedVariables false`
warning: proofs/Calibrator.lean:5072:10: try 'simp' instead of 'simpa'

Note: This linter can be disabled with `set_option linter.unnecessarySimpa false`
warning: proofs/Calibrator.lean:5091:14: try 'simp' instead of 'simpa'

Note: This linter can be disabled with `set_option linter.unnecessarySimpa false`
warning: proofs/Calibrator.lean:5058:8: This simp argument is unused:
  Matrix.diagonal_apply

Hint: Omit it from the simp argument list.
  simp Ìµ[ÌµMÌµaÌµtÌµrÌµiÌµxÌµ.ÌµdÌµiÌµaÌµgÌµoÌµnÌµaÌµlÌµ_ÌµaÌµpÌµpÌµlÌµyÌµ]Ìµ

Note: This linter can be disabled with `set_option linter.unusedSimpArgs false`
warning: proofs/Calibrator.lean:5127:31: This simp argument is unused:
  Matrix.transpose_apply

Hint: Omit it from the simp argument list.
  simp only [Matrix.mul_apply, MÌµaÌµtÌµrÌµiÌµxÌµ.ÌµtÌµrÌµaÌµnÌµsÌµpÌµoÌµsÌµeÌµ_ÌµaÌµpÌµpÌµlÌµyÌµ,Ìµ ÌµsumToZeroConstraint]

Note: This linter can be disabled with `set_option linter.unusedSimpArgs false`
warning: proofs/Calibrator.lean:5127:55: This simp argument is unused:
  sumToZeroConstraint

Hint: Omit it from the simp argument list.
  simp only [Matrix.mul_apply, Matrix.transpose_apply,Ìµ ÌµsÌµuÌµmÌµTÌµoÌµZÌµeÌµrÌµoÌµCÌµoÌµnÌµsÌµtÌµrÌµaÌµiÌµnÌµtÌµ]

Note: This linter can be disabled with `set_option linter.unusedSimpArgs false`
error: proofs/Calibrator.lean:5650:4: Tactic `apply` failed: could not unify the conclusion of `@HasDerivAt.inv`
  HasDerivAt ?câ»Â¹ (-?c' / ?c ?x ^ 2) ?x
with the goal
  HasDerivAt (fun x => (f x)â»Â¹) (-f x ^ (-2) * -Real.exp (-x)) x

Note: The full type of `@HasDerivAt.inv` is
  âˆ€ {ğ•œ : Type ?u.359618} [inst : NontriviallyNormedField ğ•œ] {x : ğ•œ} {c : ğ•œ â†’ ğ•œ} {c' : ğ•œ},
    HasDerivAt c c' x â†’ c x â‰  0 â†’ HasDerivAt câ»Â¹ (-c' / c x ^ 2) x

x : â„
f : â„ â†’ â„ := fun x => 1 + Real.exp (-x)
hf : âˆ€ (x : â„), f x â‰  0
âŠ¢ HasDerivAt (fun x => (f x)â»Â¹) (-f x ^ (-2) * -Real.exp (-x)) x
info: proofs/Calibrator.lean:5658:2: Try this:
  [apply] ring_nf

  The `ring` tactic failed to close the goal. Use `ring_nf` to obtain a normal form.

  Note that `ring` works primarily in *commutative* rings. If you have a noncommutative ring, abelian group or module, consider using `noncomm_ring`, `abel` or `module` instead.
error: proofs/Calibrator.lean:5643:89: unsolved goals
case h.e'_9
x : â„
f : â„ â†’ â„ := fun x => 1 + Real.exp (-x)
hf : âˆ€ (x : â„), f x â‰  0
h : HasDerivAt (fun x => (f x)â»Â¹) (-f x ^ (-2) * -Real.exp (-x)) x
âŠ¢ (1 + Real.exp (-x))â»Â¹ - (1 + Real.exp (-x))â»Â¹ ^ 2 = Real.exp (-x) * f x ^ (-2)
warning: proofs/Calibrator.lean:5656:16: This simp argument is unused:
  sigmoid

Hint: Omit it from the simp argument list.
  simp only [f,Ìµ ÌµsÌµiÌµgÌµmÌµoÌµiÌµdÌµ]

Note: This linter can be disabled with `set_option linter.unusedSimpArgs false`
error: proofs/Calibrator.lean:5663:2: Tactic `apply` failed: could not unify the conclusion of `@HasDerivAt.mul`
  HasDerivAt (?c * ?d) (?c' * ?d ?x + ?c ?x * ?d') ?x
with the goal
  HasDerivAt (fun x => sigmoid x * (1 - sigmoid x)) (sigmoid x * (1 - sigmoid x) * (1 - 2 * sigmoid x)) x

Note: The full type of `@HasDerivAt.mul` is
  âˆ€ {ğ•œ : Type ?u.359241} [inst : NontriviallyNormedField ğ•œ] {x : ğ•œ} {ğ”¸ : Type ?u.359240} [inst_1 : NormedRing ğ”¸]
    [inst_2 : NormedAlgebra ğ•œ ğ”¸] {c d : ğ•œ â†’ ğ”¸} {c' d' : ğ”¸},
    HasDerivAt c c' x â†’ HasDerivAt d d' x â†’ HasDerivAt (c * d) (c' * d x + c x * d') x

x : â„
âŠ¢ HasDerivAt (fun x => sigmoid x * (1 - sigmoid x)) (sigmoid x * (1 - sigmoid x) * (1 - 2 * sigmoid x)) x
error: proofs/Calibrator.lean:5676:25: Unknown constant `Continuous.exp`
error: proofs/Calibrator.lean:5677:8: No goals to be solved
error: proofs/Calibrator.lean:5682:4: Type mismatch
  sigmoid_hasDerivAt x
has type
  HasDerivAt sigmoid (sigmoid x * (1 - sigmoid x)) x
but is expected to have type
  deriv^[2] sigmoid x < 0
error: proofs/Calibrator.lean:5683:2: No goals to be solved
error: proofs/Calibrator.lean:5703:37: Unknown constant `StrictConcaveOn.ae_eq_const_or_lt_map_average`
error: proofs/Calibrator.lean:5701:45: unsolved goals
Î© : Type u_1
instâœÂ¹ : MeasureSpace Î©
Î¼ : â„
hÎ¼_pos : Î¼ > 0
X : Î© â†’ â„
P : Measure Î©
instâœ : IsProbabilityMeasure P
h_measurable : Measurable X
h_integrable : Integrable X P
h_mean : âˆ« (Ï‰ : Î©), X Ï‰ âˆ‚P = Î¼
h_support : âˆ€áµ (Ï‰ : Î©) âˆ‚P, X Ï‰ > 0
h_non_degenerate : Â¬âˆ€áµ (Ï‰ : Î©) âˆ‚P, X Ï‰ = Î¼
âŠ¢ âˆ« (Ï‰ : Î©), sigmoid (X Ï‰) âˆ‚P < sigmoid (âˆ« (Ï‰ : Î©), X Ï‰ âˆ‚P)
warning: proofs/Calibrator.lean:5755:229: unused variable `log_lik`

Note: This linter can be disabled with `set_option linter.unusedVariables false`
warning: proofs/Calibrator.lean:5766:8: declaration uses 'sorry'
error: Lean exited with code 1
Some required targets logged failures:
- Calibrator
error: build failed
