✔ [1171/1217] Built Mathlib.CategoryTheory.Groupoid (11s)
✔ [1172/1217] Built Mathlib.CategoryTheory.Discrete.Basic (15s)
✔ [1173/1220] Built Mathlib.CategoryTheory.EpiMono (5.2s)
✔ [1176/1220] Built Mathlib.CategoryTheory.Products.Unitor (2.8s)
✔ [1177/1220] Built Mathlib.CategoryTheory.Quotient (6.2s)
✔ [1178/1220] Built Mathlib.CategoryTheory.Bicategory.LocallyDiscrete (5.8s)
✔ [1181/1220] Built Mathlib.CategoryTheory.Types.Basic (4.1s)
✔ [1182/1222] Built Mathlib.CategoryTheory.Monoidal.Category (29s)
✔ [1184/1222] Built Mathlib.CategoryTheory.PathCategory.Basic (3.0s)
✔ [1185/1222] Built Mathlib.Data.Finsupp.Basic (30s)
✔ [1186/1222] Built Mathlib.CategoryTheory.Functor.Hom (2.5s)
✔ [1187/1222] Built Mathlib.CategoryTheory.Category.Cat (4.9s)
✔ [1189/1222] Built Mathlib.CategoryTheory.ConcreteCategory.Basic (4.8s)
✔ [1190/1222] Built Mathlib.Tactic.CategoryTheory.MonoidalComp (2.8s)
✔ [1191/1222] Built Mathlib.Data.Finsupp.SMul (4.0s)
✔ [1192/1222] Built Mathlib.Tactic.CategoryTheory.ToApp (3.8s)
✔ [1194/1224] Built Mathlib.Tactic.CategoryTheory.Elementwise (3.7s)
✔ [1195/1224] Built Mathlib.CategoryTheory.Comma.Basic (21s)
✔ [1196/1224] Built Mathlib.Algebra.MonoidAlgebra.Defs (15s)
✔ [1197/1224] Built Mathlib.CategoryTheory.Yoneda (16s)
✔ [1198/1226] Built Mathlib.LinearAlgebra.Finsupp.Defs (7.6s)
✔ [1199/1227] Built Mathlib.Tactic.CategoryTheory.Monoidal.Datatypes (8.8s)
✔ [1200/1227] Built Mathlib.CategoryTheory.Bicategory.Functor.Lax (8.7s)
✔ [1201/1227] Built Mathlib.CategoryTheory.Bicategory.Functor.Oplax (7.5s)
✔ [1202/1227] Built Mathlib.CategoryTheory.Comma.Arrow (6.8s)
✔ [1203/1227] Built Mathlib.Algebra.MonoidAlgebra.Lift (5.6s)
✔ [1204/1227] Built Mathlib.Data.DFinsupp.Defs (12s)
✔ [1205/1227] Built Mathlib.Algebra.MonoidAlgebra.Opposite (6.1s)
✔ [1206/1230] Built Mathlib.LinearAlgebra.Finsupp.LSum (11s)
✔ [1208/1230] Built Mathlib.CategoryTheory.Adjunction.Basic (13s)
✔ [1209/1230] Built Mathlib.Tactic.CategoryTheory.Monoidal.PureCoherence (6.6s)
✔ [1210/1231] Built Mathlib.CategoryTheory.MorphismProperty.Basic (7.4s)
✔ [1211/1231] Built Mathlib.Tactic.CategoryTheory.Monoidal.Normalize (13s)
✔ [1212/1231] Built Mathlib.Algebra.MonoidAlgebra.Module (5.1s)
✔ [1213/1231] Built Mathlib.Data.Multiset.Sort (2.7s)
✔ [1215/1231] Built Mathlib.Algebra.Group.UniqueProds.Basic (15s)
✔ [1216/1231] Built Mathlib.CategoryTheory.Bicategory.Functor.Pseudofunctor (17s)
✔ [1217/1231] Built Mathlib.LinearAlgebra.Finsupp.Supported (5.7s)
✔ [1218/1231] Built Mathlib.CategoryTheory.Adjunction.FullyFaithful (5.0s)
✔ [1219/1231] Built Mathlib.Algebra.MonoidAlgebra.NoZeroDivisors (3.4s)
✔ [1220/1231] Built Mathlib.Tactic.CategoryTheory.Monoidal.Basic (5.7s)
✔ [1221/1236] Built Mathlib.Data.Finset.Sort (4.9s)
✔ [1222/1236] Built Mathlib.Algebra.MonoidAlgebra.Support (3.3s)
✔ [1223/1238] Built Mathlib.Order.SuccPred.Archimedean (5.7s)
✔ [1224/1238] Built Mathlib.Order.SuccPred.WithBot (3.1s)
✔ [1225/1241] Built Mathlib.Algebra.Polynomial.Basic (15s)
✔ [1226/1242] Built Mathlib.CategoryTheory.Bicategory.Free (17s)
✔ [1227/1242] Built Mathlib.Algebra.Order.Interval.Set.Monoid (2.6s)
✔ [1228/1246] Built Mathlib.Algebra.Order.Antidiag.Prod (3.4s)
✔ [1229/1246] Built Mathlib.Order.SuccPred.Limit (10s)
✔ [1230/1246] Built Mathlib.Data.List.NatAntidiagonal (2.3s)
✔ [1231/1246] Built Mathlib.Algebra.Order.Interval.Finset.Basic (2.5s)
✔ [1232/1246] Built Mathlib.Data.Multiset.NatAntidiagonal (2.3s)
✔ [1233/1246] Built Mathlib.CategoryTheory.Bicategory.Coherence (12s)
✔ [1234/1248] Built Mathlib.CategoryTheory.Monoidal.Functor (31s)
✔ [1235/1249] Built Mathlib.Algebra.Order.SuccPred (7.0s)
✔ [1236/1249] Built Mathlib.Data.Finset.NatAntidiagonal (4.6s)
✔ [1237/1252] Built Mathlib.Tactic.CategoryTheory.BicategoryCoherence (4.5s)
✔ [1238/1252] Built Mathlib.Algebra.BigOperators.NatAntidiagonal (2.6s)
✔ [1239/1252] Built Mathlib.Algebra.Order.Ring.Canonical (2.8s)
✔ [1240/1252] Built Mathlib.Data.Nat.SuccPred (2.3s)
✔ [1241/1252] Built Mathlib.Algebra.Order.Nonneg.Lattice (2.6s)
✔ [1242/1255] Built Mathlib.CategoryTheory.Monoidal.Free.Basic (6.6s)
✔ [1243/1256] Built Mathlib.Algebra.Order.Ring.InjSurj (2.2s)
✔ [1245/1256] Built Mathlib.Algebra.Order.Field.Canonical (2.5s)
✔ [1246/1260] Built Mathlib.Algebra.Order.Interval.Finset.SuccPred (5.6s)
✔ [1247/1260] Built Mathlib.Algebra.Order.Ring.Basic (4.8s)
✔ [1248/1261] Built Mathlib.Algebra.Order.Nonneg.Ring (4.6s)
✔ [1249/1261] Built Mathlib.Algebra.Order.Group.PosPart (5.7s)
✔ [1250/1261] Built Mathlib.CategoryTheory.Monoidal.Free.Coherence (8.0s)
✔ [1251/1262] Built Mathlib.Algebra.Order.Hom.Basic (4.0s)
✔ [1252/1262] Built Mathlib.Algebra.Order.BigOperators.Group.LocallyFinite (4.3s)
✔ [1253/1262] Built Mathlib.Algebra.Order.Nonneg.Field (4.3s)
✔ [1254/1262] Built Mathlib.Tactic.NormNum.Abs (3.1s)
✔ [1255/1267] Built Mathlib.Tactic.CategoryTheory.Coherence (4.9s)
✔ [1256/1268] Built Mathlib.Tactic.Positivity.Core (8.2s)
✔ [1257/1268] Built Mathlib.Tactic.NormNum.DivMod (4.3s)
✔ [1258/1274] Built Mathlib.Algebra.BigOperators.Intervals (4.0s)
✔ [1259/1274] Built Mathlib.Algebra.Order.Ring.Rat (2.2s)
✔ [1260/1274] Built Mathlib.Algebra.Order.Field.Rat (2.0s)
✔ [1261/1276] Built Mathlib.Algebra.Order.Positive.Ring (3.4s)
✔ [1262/1280] Built Mathlib.Tactic.Ring.RingNF (4.9s)
✔ [1263/1282] Built Mathlib.Data.PNat.Basic (4.5s)
✔ [1264/1286] Built Mathlib.Order.Filter.Defs (5.4s)
✔ [1266/1287] Built Mathlib.Data.Rat.Cast.Order (8.0s)
✔ [1267/1287] Built Mathlib.Tactic.Ring.PNat (2.3s)
✔ [1268/1287] Built Mathlib.Data.Nat.Cast.WithTop (1.9s)
✔ [1269/1290] Built Mathlib.Tactic.Positivity.Basic (16s)
✔ [1270/1290] Built Mathlib.Tactic.Ring (3.4s)
✔ [1271/1295] Built Mathlib.Data.Rat.Cast.Lemmas (3.9s)
✔ [1272/1295] Built Mathlib.Order.Filter.Basic (9.3s)
✔ [1273/1295] Built Mathlib.Data.Nat.WithBot (3.6s)
✔ [1274/1301] Built Mathlib.Algebra.Order.Ring.WithTop (10s)
✔ [1279/1301] Built Mathlib.Tactic.NormNum.OfScientific (3.4s)
✔ [1280/1303] Built Mathlib.Order.Filter.Map (8.4s)
✔ [1281/1303] Built Mathlib.Tactic.DeriveCountable (6.8s)
✔ [1282/1305] Built Mathlib.Algebra.Polynomial.Eval.Defs (9.9s)
✔ [1284/1305] Built Mathlib.Tactic.NormNum (2.4s)
✔ [1286/1309] Built Mathlib.Tactic.DeriveEncodable (8.4s)
✔ [1288/1310] Built Mathlib.Order.Filter.Tendsto (3.3s)
✔ [1290/1313] Built Mathlib.Tactic.Linarith (2.2s)
✔ [1292/1314] Built Mathlib.Algebra.Order.Sub.WithTop (2.2s)
✔ [1294/1321] Built Mathlib.Tactic.DeriveFintype (4.3s)
✔ [1300/1321] Built Mathlib.Order.Filter.Extr (4.7s)
✔ [1301/1322] Built Mathlib.Data.Nat.Choose.Sum (6.1s)
✔ [1302/1323] Built Mathlib.Tactic.FieldSimp.Discharger (5.4s)
✔ [1303/1323] Built Mathlib.Algebra.Field.Power (2.6s)
✔ [1304/1323] Built Mathlib.Tactic.FinCases (2.5s)
✔ [1306/1323] Built Mathlib.Data.ENat.Basic (8.7s)
✔ [1307/1323] Built Mathlib.Tactic.Finiteness (3.4s)
✔ [1308/1323] Built Mathlib.Algebra.Polynomial.Coeff (6.8s)
✔ [1309/1325] Built Mathlib.Tactic.ENatToNat (3.5s)
✔ [1310/1325] Built Mathlib.Tactic.FieldSimp.Lemmas (7.5s)
✔ [1311/1329] Built Mathlib.Algebra.Polynomial.Eval.Coeff (5.0s)
✔ [1312/1329] Built Mathlib.Algebra.Ring.Aut (4.8s)
✔ [1314/1329] Built Mathlib.Algebra.MonoidAlgebra.Degree (16s)
✔ [1315/1331] Built Mathlib.Algebra.Order.Group.Basic (5.4s)
✔ [1316/1332] Built Mathlib.Algebra.Star.Basic (8.5s)
✔ [1317/1333] Built Mathlib.Algebra.Polynomial.Degree.Definitions (8.2s)
✔ [1318/1333] Built Mathlib.Algebra.Order.Floor.Defs (5.2s)
✔ [1319/1333] Built Mathlib.Algebra.Order.Ring.Pow (3.5s)
✔ [1320/1333] Built Mathlib.Data.Int.LeastGreatest (3.6s)
✔ [1321/1333] Built Mathlib.Algebra.Polynomial.Degree.Operations (11s)
✔ [1322/1333] Built Mathlib.Algebra.Order.Module.Defs (22s)
✔ [1323/1333] Built Mathlib.Algebra.Order.Floor.Semiring (10s)
✔ [1324/1335] Built Mathlib.Algebra.Polynomial.Degree.Domain (3.6s)
✔ [1325/1336] Built Mathlib.Algebra.Polynomial.Degree.SmallDegree (4.9s)
✔ [1326/1336] Built Mathlib.Algebra.Polynomial.Degree.Support (3.7s)
✔ [1327/1336] Built Mathlib.Algebra.Ring.Int.Units (1.9s)
✔ [1328/1340] Built Mathlib.Algebra.Order.Nonneg.Module (3.2s)
✔ [1329/1344] Built Mathlib.Tactic.FieldSimp (38s)
✔ [1330/1345] Built Mathlib.Order.Bounds.OrderIso (2.1s)
✔ [1331/1345] Built Mathlib.Algebra.Polynomial.Degree.Units (3.1s)
✔ [1332/1345] Built Mathlib.Algebra.GroupWithZero.Units.Equiv (2.4s)
✔ [1333/1345] Built Mathlib.Algebra.Order.Group.Pointwise.Bounds (3.9s)
✔ [1334/1347] Built Mathlib.Algebra.Order.Ring.Abs (6.8s)
✔ [1335/1351] Built Mathlib.Algebra.Order.Interval.Set.Group (6.4s)
✔ [1336/1356] Built Mathlib.Algebra.Polynomial.Eval.Degree (5.3s)
✔ [1338/1356] Built Mathlib.Algebra.Order.GroupWithZero.Unbundled.OrderIso (2.9s)
✔ [1339/1356] Built Mathlib.Algebra.Order.Group.MinMax (4.4s)
✔ [1340/1356] Built Mathlib.Order.Interval.Set.Disjoint (6.3s)
✔ [1341/1357] Built Mathlib.Algebra.Polynomial.Degree.Lemmas (8.1s)
✔ [1342/1357] Built Mathlib.Order.ConditionallyCompleteLattice.Group (4.2s)
✔ [1343/1360] Built Mathlib.Algebra.Order.AbsoluteValue.Basic (10s)
✔ [1344/1360] Built Mathlib.Data.NNRat.Order (2.4s)
✔ [1345/1363] Built Mathlib.Algebra.Algebra.Rat (3.0s)
✔ [1346/1364] Built Mathlib.Tactic.ComputeDegree (6.6s)
✔ [1347/1364] Built Mathlib.Algebra.Order.BigOperators.Ring.List (3.6s)
✔ [1348/1366] Built Mathlib.Algebra.Order.Nonneg.Floor (3.6s)
✔ [1349/1370] Built Mathlib.Algebra.Order.BigOperators.Ring.Multiset (3.9s)
✔ [1350/1370] Built Mathlib.Algebra.GroupWithZero.Pointwise.Set.Basic (3.9s)
✔ [1351/1370] Built Mathlib.Data.Finset.Density (12s)
✔ [1352/1371] Built Mathlib.Algebra.Order.Field.Basic (19s)
✔ [1353/1371] Built Mathlib.Algebra.Order.Module.Field (7.2s)
✔ [1354/1371] Built Mathlib.Algebra.Order.BigOperators.Ring.Finset (14s)
✔ [1355/1371] Built Mathlib.Algebra.GroupWithZero.Action.Pointwise.Set (11s)
✔ [1356/1373] Built Mathlib.Algebra.BigOperators.Expect (9.5s)
✔ [1357/1374] Built Mathlib.Algebra.GroupWithZero.Indicator (2.9s)
✔ [1360/1378] Built Mathlib.Algebra.Order.Module.Pointwise (4.5s)
✔ [1361/1378] Built Mathlib.Order.Filter.AtTopBot.Defs (5.7s)
✔ [1362/1381] Built Mathlib.Order.Filter.Bases.Basic (9.3s)
✔ [1363/1381] Built Mathlib.Algebra.Order.CauSeq.Basic (18s)
✔ [1364/1387] Built Mathlib.Order.Filter.AtTopBot.Disjoint (2.5s)
✔ [1365/1389] Built Mathlib.Order.Filter.Finite (4.9s)
✔ [1366/1389] Built Mathlib.Order.Filter.Prod (6.7s)
✔ [1367/1392] Built Mathlib.Algebra.Order.Floor.Ring (22s)
✔ [1368/1392] Built Mathlib.Order.Filter.AtTopBot.Tendsto (2.0s)
✔ [1369/1392] Built Mathlib.Topology.Defs.Filter (4.0s)
✔ [1370/1393] Built Mathlib.Algebra.Order.CauSeq.Completion (10s)
✔ [1371/1393] Built Mathlib.Order.Filter.Lift (5.2s)
✔ [1372/1393] Built Mathlib.Order.Filter.AtTopBot.Basic (6.0s)
✔ [1373/1394] Built Mathlib.Topology.Basic (4.2s)
✔ [1374/1394] Built Mathlib.Algebra.Order.Round (7.8s)
✔ [1375/1396] Built Mathlib.Data.Set.Constructions (2.6s)
✔ [1376/1397] Built Mathlib.Topology.Defs.Induced (2.6s)
✔ [1377/1397] Built Mathlib.Topology.Closure (4.5s)
✔ [1378/1397] Built Mathlib.Data.Set.Finite.Lemmas (2.9s)
✔ [1379/1397] Built Mathlib.Data.Real.Basic (8.9s)
✔ [1380/1397] Built Mathlib.Order.Filter.Bases.Finite (2.0s)
✔ [1381/1402] Built Mathlib.Order.Filter.AtTopBot.Prod (2.7s)
✔ [1382/1402] Built Mathlib.Data.Countable.Basic (2.9s)
✔ [1383/1403] Built Mathlib.Topology.Neighborhoods (4.4s)
✔ [1384/1403] Built Mathlib.Data.Rat.Floor (7.0s)
✔ [1385/1403] Built Mathlib.Order.Filter.AtTopBot.Finite (3.9s)
✔ [1386/1404] Built Mathlib.Logic.Equiv.List (3.2s)
✔ [1387/1404] Built Mathlib.Topology.NhdsSet (3.2s)
✔ [1388/1406] Built Mathlib.Topology.ClusterPt (3.8s)
✔ [1389/1407] Built Mathlib.Data.Fin.VecNotation (5.7s)
✔ [1390/1407] Built Mathlib.Data.Set.Countable (3.2s)
✔ [1391/1407] Built Mathlib.Order.Filter.Ker (2.6s)
✔ [1392/1410] Built Mathlib.Order.Filter.Curry (2.1s)
✔ [1393/1412] Built Mathlib.Topology.Continuous (3.5s)
✔ [1394/1412] Built Mathlib.Order.Filter.Pi (5.1s)
✔ [1395/1413] Built Mathlib.Order.Filter.CountablyGenerated (6.6s)
✔ [1396/1413] Built Mathlib.Topology.Separation.SeparatedNhds (8.7s)
✔ [1397/1413] Built Mathlib.Order.Filter.AtTopBot.CountablyGenerated (6.3s)
✔ [1398/1420] Built Mathlib.Algebra.Order.Archimedean.Basic (18s)
✔ [1399/1425] Built Mathlib.Order.Filter.Cofinite (5.0s)
✔ [1400/1425] Built Mathlib.Topology.Order (11s)
✔ [1401/1425] Built Mathlib.Order.ZornAtoms (2.5s)
✔ [1402/1430] Built Mathlib.Topology.Bornology.Basic (3.6s)
✔ [1403/1430] Built Mathlib.Order.Filter.SmallSets (3.4s)
✔ [1404/1432] Built Mathlib.Data.Real.Archimedean (7.3s)
✔ [1405/1432] Built Mathlib.Topology.Maps.Basic (6.9s)
✔ [1406/1436] Built Mathlib.Order.Filter.Ultrafilter.Defs (5.2s)
✔ [1407/1436] Built Mathlib.Data.Real.Pointwise (4.6s)
✔ [1408/1436] Built Mathlib.Topology.Maps.OpenQuotient (2.5s)
✔ [1409/1436] Built Mathlib.Topology.Defs.Ultrafilter (2.0s)
✔ [1410/1436] Built Mathlib.Topology.Homeomorph.Defs (5.7s)
✔ [1411/1436] Built Mathlib.Order.Filter.Ultrafilter.Basic (3.5s)
✔ [1412/1438] Built Mathlib.Topology.Ultrafilter (3.9s)
✔ [1413/1438] Built Mathlib.Order.UpperLower.Basic (17s)
✔ [1414/1438] Built Mathlib.Data.NNReal.Defs (13s)
✔ [1415/1438] Built Mathlib.Order.UpperLower.Fibration (2.8s)
✔ [1416/1438] Built Mathlib.Data.NNReal.Basic (5.8s)
✔ [1417/1438] Built Mathlib.Topology.Constructions.SumProd (13s)
✔ [1418/1441] Built Mathlib.Order.UpperLower.CompleteLattice (8.8s)
✔ [1419/1441] Built Mathlib.Data.ENNReal.Basic (9.0s)
✔ [1420/1444] Built Mathlib.Order.UpperLower.Principal (3.2s)
