✖ [3276/3277] Building Calibrator (90s)
trace: .> LEAN_PATH=/app/.lake/packages/Cli/.lake/build/lib/lean:/app/.lake/packages/batteries/.lake/build/lib/lean:/app/.lake/packages/Qq/.lake/build/lib/lean:/app/.lake/packages/aesop/.lake/build/lib/lean:/app/.lake/packages/proofwidgets/.lake/build/lib/lean:/app/.lake/packages/importGraph/.lake/build/lib/lean:/app/.lake/packages/LeanSearchClient/.lake/build/lib/lean:/app/.lake/packages/plausible/.lake/build/lib/lean:/app/.lake/packages/mathlib/.lake/build/lib/lean:/app/.lake/build/lib/lean /home/jules/.elan/toolchains/leanprover--lean4---v4.24.0/bin/lean /app/proofs/Calibrator.lean -o /app/.lake/build/lib/lean/Calibrator.olean -i /app/.lake/build/lib/lean/Calibrator.ilean -c /app/.lake/build/ir/Calibrator.c --setup /app/.lake/build/ir/Calibrator.setup.json --json
info: proofs/Calibrator.lean:92:142: Try this:
  ring_nf

  The `ring` tactic failed to close the goal. Use `ring_nf` to obtain a normal form.

  Note that `ring` works primarily in *commutative* rings. If you have a noncommutative ring, abelian group or module, consider using `noncomm_ring`, `abel` or `module` instead.
info: proofs/Calibrator.lean:93:55: Try this:
  ring_nf

  The `ring` tactic failed to close the goal. Use `ring_nf` to obtain a normal form.

  Note that `ring` works primarily in *commutative* rings. If you have a noncommutative ring, abelian group or module, consider using `noncomm_ring`, `abel` or `module` instead.
warning: proofs/Calibrator.lean:87:21: This simp argument is unused:
  mul_comm

Hint: Omit it from the simp argument list.
  simp_all +decide [̵ ̵m̵u̵l̵_̵c̵o̵m̵m̵,̵ ̵P̵r̵o̵b̵a̵b̵i̵l̵i̵t̵y̵T̵h̵e̵o̵r̵y̵.̵g̵a̵u̵s̵s̵i̵a̵n̵R̵e̵a̵l̵ ̵]̵[̲P̲r̲o̲b̲a̲b̲i̲l̲i̲t̲y̲T̲h̲e̲o̲r̲y̲.̲g̲a̲u̲s̲s̲i̲a̲n̲R̲e̲a̲l̲]̲

Note: This linter can be disabled with `set_option linter.unusedSimpArgs false`
warning: proofs/Calibrator.lean:121:8: `MeasureTheory.Integrable.prod_mul` has been deprecated: Use `MeasureTheory.Integrable.mul_prod` instead
warning: proofs/Calibrator.lean:503:33: This simp argument is unused:
  zero_mul

Hint: Omit it from the simp argument list.
  simp only [mul_zero, add_zero, z̵e̵r̵o̵_̵m̵u̵l̵,̵ ̵mul_one] at h0 h1

Note: This linter can be disabled with `set_option linter.unusedSimpArgs false`
warning: proofs/Calibrator.lean:1261:29: This simp argument is unused:
  ha_def

Hint: Omit it from the simp argument list.
  simp only [model', ha̵_̵d̵e̵f̵,̵ ̵h̵b_def] at h

Note: This linter can be disabled with `set_option linter.unusedSimpArgs false`
warning: proofs/Calibrator.lean:1261:37: This simp argument is unused:
  hb_def

Hint: Omit it from the simp argument list.
  simp only [model', ha_def,̵ ̵h̵b̵_̵d̵e̵f̵] at h

Note: This linter can be disabled with `set_option linter.unusedSimpArgs false`
warning: proofs/Calibrator.lean:1262:32: 'ring' tactic does nothing

Note: This linter can be disabled with `set_option linter.unusedTactic false`
warning: proofs/Calibrator.lean:1262:32: this tactic is never executed

Note: This linter can be disabled with `set_option linter.unreachableTactic false`
warning: proofs/Calibrator.lean:1541:4: try 'simp' instead of 'simpa'

Note: This linter can be disabled with `set_option linter.unnecessarySimpa false`
warning: proofs/Calibrator.lean:1586:8: try 'simp' instead of 'simpa'

Note: This linter can be disabled with `set_option linter.unnecessarySimpa false`
warning: proofs/Calibrator.lean:1588:8: try 'simp' instead of 'simpa'

Note: This linter can be disabled with `set_option linter.unnecessarySimpa false`
warning: proofs/Calibrator.lean:1592:8: try 'simp' instead of 'simpa'

Note: This linter can be disabled with `set_option linter.unnecessarySimpa false`
warning: proofs/Calibrator.lean:1594:8: try 'simp' instead of 'simpa'

Note: This linter can be disabled with `set_option linter.unnecessarySimpa false`
warning: proofs/Calibrator.lean:1601:8: try 'simp' instead of 'simpa'

Note: This linter can be disabled with `set_option linter.unnecessarySimpa false`
warning: proofs/Calibrator.lean:1603:8: try 'simp' instead of 'simpa'

Note: This linter can be disabled with `set_option linter.unnecessarySimpa false`
warning: proofs/Calibrator.lean:1607:8: try 'simp' instead of 'simpa'

Note: This linter can be disabled with `set_option linter.unnecessarySimpa false`
warning: proofs/Calibrator.lean:1609:8: try 'simp' instead of 'simpa'

Note: This linter can be disabled with `set_option linter.unnecessarySimpa false`
warning: proofs/Calibrator.lean:1702:5: unused variable `hC_int`

Note: This linter can be disabled with `set_option linter.unusedVariables false`
warning: proofs/Calibrator.lean:1877:34: try 'simp' instead of 'simpa'

Note: This linter can be disabled with `set_option linter.unnecessarySimpa false`
warning: proofs/Calibrator.lean:1880:34: try 'simp' instead of 'simpa'

Note: This linter can be disabled with `set_option linter.unnecessarySimpa false`
warning: proofs/Calibrator.lean:1921:28: try 'simp' instead of 'simpa'

Note: This linter can be disabled with `set_option linter.unnecessarySimpa false`
warning: proofs/Calibrator.lean:1926:35: try 'simp' instead of 'simpa'

Note: This linter can be disabled with `set_option linter.unnecessarySimpa false`
warning: proofs/Calibrator.lean:1914:66: try 'simp' instead of 'simpa'

Note: This linter can be disabled with `set_option linter.unnecessarySimpa false`
warning: proofs/Calibrator.lean:1917:44: try 'simp' instead of 'simpa'

Note: This linter can be disabled with `set_option linter.unnecessarySimpa false`
warning: proofs/Calibrator.lean:1933:30: try 'simp' instead of 'simpa'

Note: This linter can be disabled with `set_option linter.unnecessarySimpa false`
warning: proofs/Calibrator.lean:1938:30: try 'simp' instead of 'simpa'

Note: This linter can be disabled with `set_option linter.unnecessarySimpa false`
warning: proofs/Calibrator.lean:1949:68: try 'simp' instead of 'simpa'

Note: This linter can be disabled with `set_option linter.unnecessarySimpa false`
warning: proofs/Calibrator.lean:1952:46: try 'simp' instead of 'simpa'

Note: This linter can be disabled with `set_option linter.unnecessarySimpa false`
warning: proofs/Calibrator.lean:1971:30: try 'simp' instead of 'simpa'

Note: This linter can be disabled with `set_option linter.unnecessarySimpa false`
warning: proofs/Calibrator.lean:1975:31: try 'simp' instead of 'simpa'

Note: This linter can be disabled with `set_option linter.unnecessarySimpa false`
warning: proofs/Calibrator.lean:1982:32: try 'simp' instead of 'simpa'

Note: This linter can be disabled with `set_option linter.unnecessarySimpa false`
warning: proofs/Calibrator.lean:1986:32: try 'simp' instead of 'simpa'

Note: This linter can be disabled with `set_option linter.unnecessarySimpa false`
warning: proofs/Calibrator.lean:1994:32: try 'simp' instead of 'simpa'

Note: This linter can be disabled with `set_option linter.unnecessarySimpa false`
warning: proofs/Calibrator.lean:2000:30: try 'simp' instead of 'simpa'

Note: This linter can be disabled with `set_option linter.unnecessarySimpa false`
warning: proofs/Calibrator.lean:2005:32: try 'simp' instead of 'simpa'

Note: This linter can be disabled with `set_option linter.unnecessarySimpa false`
warning: proofs/Calibrator.lean:2010:33: try 'simp' instead of 'simpa'

Note: This linter can be disabled with `set_option linter.unnecessarySimpa false`
warning: proofs/Calibrator.lean:2016:37: try 'simp' instead of 'simpa'

Note: This linter can be disabled with `set_option linter.unnecessarySimpa false`
warning: proofs/Calibrator.lean:2022:30: try 'simp' instead of 'simpa'

Note: This linter can be disabled with `set_option linter.unnecessarySimpa false`
warning: proofs/Calibrator.lean:2027:37: try 'simp' instead of 'simpa'

Note: This linter can be disabled with `set_option linter.unnecessarySimpa false`
warning: proofs/Calibrator.lean:1957:56: This simp argument is unused:
  mul_left_comm

Hint: Omit it from the simp argument list.
  simp [g, ParamIx.equivSum, mul_assoc, m̵u̵l̵_̵l̵e̵f̵t̵_̵c̵o̵m̵m̵,̵ ̵mul_comm]

Note: This linter can be disabled with `set_option linter.unusedSimpArgs false`
warning: proofs/Calibrator.lean:2029:79: This simp argument is unused:
  Finset.sum_mul

Hint: Omit it from the simp argument list.
  simp [linearPredictor, evalSmooth, Finset.sum_add_distrib, Finset.mul_sum, F̵i̵n̵s̵e̵t̵.̵s̵u̵m̵_̵m̵u̵l̵,̵add_mul, mul_add,
  ̲  ̲ ̲ ̲ ̲ ̲mul_comm, mul_left_comm, mul_assoc]

Note: This linter can be disabled with `set_option linter.unusedSimpArgs false`
warning: proofs/Calibrator.lean:2030:6: This simp argument is unused:
  add_mul

Hint: Omit it from the simp argument list.
  simp [linearPredictor, evalSmooth, Finset.sum_add_distrib, Finset.mul_sum, Finset.sum_mul,
        a̵d̵d̵_̵mul,̵ ̵m̵u̵l̵_add, mul_comm, mul_left_comm, mul_assoc]

Note: This linter can be disabled with `set_option linter.unusedSimpArgs false`
warning: proofs/Calibrator.lean:2030:34: This simp argument is unused:
  mul_left_comm

Hint: Omit it from the simp argument list.
  simp [linearPredictor, evalSmooth, Finset.sum_add_distrib, Finset.mul_sum, Finset.sum_mul,
        add_mul, mul_add, mul_comm, mul_l̵e̵f̵t̵_̵c̵o̵m̵m̵,̵ ̵m̵u̵l̵_̵assoc]

Note: This linter can be disabled with `set_option linter.unusedSimpArgs false`
warning: proofs/Calibrator.lean:2030:49: This simp argument is unused:
  mul_assoc

Hint: Omit it from the simp argument list.
  simp [linearPredictor, evalSmooth, Finset.sum_add_distrib, Finset.mul_sum, Finset.sum_mul,
        add_mul, mul_add, mul_comm, mul_left_comm,̵ ̵m̵u̵l̵_̵a̵s̵s̵o̵c̵]

Note: This linter can be disabled with `set_option linter.unusedSimpArgs false`
warning: proofs/Calibrator.lean:2031:29: This simp argument is unused:
  mul_comm

Hint: Omit it from the simp argument list.
  simp [hsum_pc, hsum_int, mul_c̵o̵m̵m̵,̵ ̵m̵u̵l_̵l̵eft_comm, mul_assoc]

Note: This linter can be disabled with `set_option linter.unusedSimpArgs false`
warning: proofs/Calibrator.lean:2031:39: This simp argument is unused:
  mul_left_comm

Hint: Omit it from the simp argument list.
  simp [hsum_pc, hsum_int, mul_comm, mul_l̵e̵f̵t̵_̵c̵o̵m̵m̵,̵ ̵m̵u̵l̵_̵assoc]

Note: This linter can be disabled with `set_option linter.unusedSimpArgs false`
warning: proofs/Calibrator.lean:2031:54: This simp argument is unused:
  mul_assoc

Hint: Omit it from the simp argument list.
  simp [hsum_pc, hsum_int, mul_comm, mul_left_comm,̵ ̵m̵u̵l̵_̵a̵s̵s̵o̵c̵]

Note: This linter can be disabled with `set_option linter.unusedSimpArgs false`
warning: proofs/Calibrator.lean:2196:4: try 'simp' instead of 'simpa'

Note: This linter can be disabled with `set_option linter.unnecessarySimpa false`
warning: proofs/Calibrator.lean:2206:31: Try `simp at this` instead of `simpa using this`

Note: This linter can be disabled with `set_option linter.unnecessarySimpa false`
warning: proofs/Calibrator.lean:2220:38: This simp argument is unused:
  norm_norm

Hint: Omit it from the simp argument list.
  simp [u, norm_smul, norm_inv, n̵o̵r̵m̵_̵n̵o̵r̵m̵,̵ ̵hnorm]

Note: This linter can be disabled with `set_option linter.unusedSimpArgs false`
warning: proofs/Calibrator.lean:2402:20: try 'simp' instead of 'simpa'

Note: This linter can be disabled with `set_option linter.unnecessarySimpa false`
warning: proofs/Calibrator.lean:2404:20: try 'simp' instead of 'simpa'

Note: This linter can be disabled with `set_option linter.unnecessarySimpa false`
warning: proofs/Calibrator.lean:2358:66: This simp argument is unused:
  Finset.sum_mul

Hint: Omit it from the simp argument list.
  simp [Finset.sum_add_distrib, Finset.mul_sum, F̵i̵n̵s̵e̵t̵.̵s̵u̵m̵_̵m̵u̵l̵,̵ ̵sub_eq_add_neg, add_comm,
  ̲  ̲ ̲ ̲ ̲ ̲ ̲ ̲ ̲ ̲ ̲ ̲ ̲ ̲ ̲ ̲ ̲ ̲ ̲ ̲ ̲ ̲add_left_comm, add_assoc, mul_comm, mul_left_comm, mul_assoc]

Note: This linter can be disabled with `set_option linter.unusedSimpArgs false`
warning: proofs/Calibrator.lean:2359:22: This simp argument is unused:
  add_comm

Hint: Omit it from the simp argument list.
  simp [Finset.sum_add_distrib, Finset.mul_sum, Finset.sum_mul, sub_eq_add_neg,
                        add_c̵o̵m̵m̵,̵ ̵a̵d̵d̵_̵left_comm, add_assoc, mul_comm, mul_left_comm, mul_assoc]

Note: This linter can be disabled with `set_option linter.unusedSimpArgs false`
warning: proofs/Calibrator.lean:2359:32: This simp argument is unused:
  add_left_comm

Hint: Omit it from the simp argument list.
  simp [Finset.sum_add_distrib, Finset.mul_sum, Finset.sum_mul, sub_eq_add_neg,
                        add_comm, add_l̵e̵f̵t̵_̵c̵o̵m̵m̵,̵ ̵ad̵d̵_̵a̵ssoc, mul_comm, mul_left_comm, mul_assoc]

Note: This linter can be disabled with `set_option linter.unusedSimpArgs false`
warning: proofs/Calibrator.lean:2359:47: This simp argument is unused:
  add_assoc

Hint: Omit it from the simp argument list.
  simp [Finset.sum_add_distrib, Finset.mul_sum, Finset.sum_mul, sub_eq_add_neg,
                        add_comm, add_left_comm, a̵d̵d̵_̵a̵s̵s̵o̵c̵,̵ ̵mul_comm, mul_left_comm, mul_assoc]

Note: This linter can be disabled with `set_option linter.unusedSimpArgs false`
warning: proofs/Calibrator.lean:2359:68: This simp argument is unused:
  mul_left_comm

Hint: Omit it from the simp argument list.
  simp [Finset.sum_add_distrib, Finset.mul_sum, Finset.sum_mul, sub_eq_add_neg,
                        add_comm, add_left_comm, add_assoc, mul_comm, mul_l̵e̵f̵t̵_̵c̵o̵m̵m̵,̵ ̵m̵u̵l̵_̵assoc]

Note: This linter can be disabled with `set_option linter.unusedSimpArgs false`
warning: proofs/Calibrator.lean:2359:83: This simp argument is unused:
  mul_assoc

Hint: Omit it from the simp argument list.
  simp [Finset.sum_add_distrib, Finset.mul_sum, Finset.sum_mul, sub_eq_add_neg,
                        add_comm, add_left_comm, add_assoc, mul_comm, mul_left_comm,̵ ̵m̵u̵l̵_̵a̵s̵s̵o̵c̵]

Note: This linter can be disabled with `set_option linter.unusedSimpArgs false`
warning: proofs/Calibrator.lean:2369:14: This simp argument is unused:
  Finset.sum_ite_eq'

Hint: Omit it from the simp argument list.
  simp [S, Matrix.mulVec, dotProduct, Matrix.diagonal_apply, F̵i̵n̵s̵e̵t̵.̵s̵u̵m̵_̵i̵t̵e̵_̵e̵q̵'̵,̵ ̵Finset.sum_ite_eq, mul_comm,
  ̲  ̲ ̲ ̲ ̲ ̲ ̲ ̲ ̲ ̲ ̲ ̲ ̲ ̲mul_left_comm, mul_assoc]

Note: This linter can be disabled with `set_option linter.unusedSimpArgs false`
warning: proofs/Calibrator.lean:2369:63: This simp argument is unused:
  mul_left_comm

Hint: Omit it from the simp argument list.
  simp [S, Matrix.mulVec, dotProduct, Matrix.diagonal_apply, Finset.sum_ite_eq',
  ̲  ̲ ̲ ̲ ̲ ̲ ̲ ̲ ̲ ̲ ̲ ̲ ̲ ̲Finset.sum_ite_eq, mul_comm, m̵u̵l̵_̵l̵e̵f̵t̵_̵c̵o̵m̵m̵,̵ ̵mul_assoc]

Note: This linter can be disabled with `set_option linter.unusedSimpArgs false`
warning: proofs/Calibrator.lean:2369:78: This simp argument is unused:
  mul_assoc

Hint: Omit it from the simp argument list.
  simp [S, Matrix.mulVec, dotProduct, Matrix.diagonal_apply, Finset.sum_ite_eq',
  ̲  ̲ ̲ ̲ ̲ ̲ ̲ ̲ ̲ ̲ ̲ ̲ ̲ ̲Finset.sum_ite_eq, mul_comm, m̵u̵l̵_̵l̵e̵f̵t̵_̵c̵o̵m̵m̵,̵ ̵m̵u̵l̵_̵a̵s̵s̵o̵c̵]̵m̲u̲l̲_̲l̲e̲f̲t̲_̲c̲o̲m̲m̲]̲

Note: This linter can be disabled with `set_option linter.unusedSimpArgs false`
warning: proofs/Calibrator.lean:2370:46: This simp argument is unused:
  mul_left_comm

Hint: Omit it from the simp argument list.
  simp [hSi, s, mul_comm, mul_l̵e̵f̵t̵_̵c̵o̵m̵m̵,̵ ̵m̵u̵l̵_̵assoc, mul_self_nonneg]

Note: This linter can be disabled with `set_option linter.unusedSimpArgs false`
warning: proofs/Calibrator.lean:2370:61: This simp argument is unused:
  mul_assoc

Hint: Omit it from the simp argument list.
  simp [hSi, s, mul_comm, mul_left_comm, mul_a̵ss̵o̵c̵,̵ ̵m̵u̵l̵_̵s̵elf_nonneg]

Note: This linter can be disabled with `set_option linter.unusedSimpArgs false`
warning: proofs/Calibrator.lean:2389:37: This simp argument is unused:
  mul_comm

Hint: Omit it from the simp argument list.
  simp [dotProduct, pow_two,̵ ̵m̵u̵l̵_̵c̵o̵m̵m̵]

Note: This linter can be disabled with `set_option linter.unusedSimpArgs false`
warning: proofs/Calibrator.lean:2393:28: This simp argument is unused:
  mul_comm

Hint: Omit it from the simp argument list.
  simp [dotProduct,̵ ̵m̵u̵l̵_̵c̵o̵m̵m̵]

Note: This linter can be disabled with `set_option linter.unusedSimpArgs false`
warning: proofs/Calibrator.lean:2562:20: try 'simp' instead of 'simpa'

Note: This linter can be disabled with `set_option linter.unnecessarySimpa false`
warning: proofs/Calibrator.lean:2564:20: try 'simp' instead of 'simpa'

Note: This linter can be disabled with `set_option linter.unnecessarySimpa false`
warning: proofs/Calibrator.lean:2519:66: This simp argument is unused:
  Finset.sum_mul

Hint: Omit it from the simp argument list.
  simp [Finset.sum_add_distrib, Finset.mul_sum, F̵i̵n̵s̵e̵t̵.̵s̵u̵m̵_̵m̵u̵l̵,̵ ̵sub_eq_add_neg, add_comm,
  ̲  ̲ ̲ ̲ ̲ ̲ ̲ ̲ ̲ ̲ ̲ ̲ ̲ ̲ ̲ ̲ ̲ ̲ ̲ ̲ ̲ ̲add_left_comm, add_assoc, mul_comm, mul_left_comm, mul_assoc]

Note: This linter can be disabled with `set_option linter.unusedSimpArgs false`
warning: proofs/Calibrator.lean:2520:22: This simp argument is unused:
  add_comm

Hint: Omit it from the simp argument list.
  simp [Finset.sum_add_distrib, Finset.mul_sum, Finset.sum_mul, sub_eq_add_neg,
                        add_c̵o̵m̵m̵,̵ ̵a̵d̵d̵_̵left_comm, add_assoc, mul_comm, mul_left_comm, mul_assoc]

Note: This linter can be disabled with `set_option linter.unusedSimpArgs false`
warning: proofs/Calibrator.lean:2520:32: This simp argument is unused:
  add_left_comm

Hint: Omit it from the simp argument list.
  simp [Finset.sum_add_distrib, Finset.mul_sum, Finset.sum_mul, sub_eq_add_neg,
                        add_comm, add_l̵e̵f̵t̵_̵c̵o̵m̵m̵,̵ ̵ad̵d̵_̵a̵ssoc, mul_comm, mul_left_comm, mul_assoc]

Note: This linter can be disabled with `set_option linter.unusedSimpArgs false`
warning: proofs/Calibrator.lean:2520:47: This simp argument is unused:
  add_assoc

Hint: Omit it from the simp argument list.
  simp [Finset.sum_add_distrib, Finset.mul_sum, Finset.sum_mul, sub_eq_add_neg,
                        add_comm, add_left_comm, a̵d̵d̵_̵a̵s̵s̵o̵c̵,̵ ̵mul_comm, mul_left_comm, mul_assoc]

Note: This linter can be disabled with `set_option linter.unusedSimpArgs false`
warning: proofs/Calibrator.lean:2520:68: This simp argument is unused:
  mul_left_comm

Hint: Omit it from the simp argument list.
  simp [Finset.sum_add_distrib, Finset.mul_sum, Finset.sum_mul, sub_eq_add_neg,
                        add_comm, add_left_comm, add_assoc, mul_comm, mul_l̵e̵f̵t̵_̵c̵o̵m̵m̵,̵ ̵m̵u̵l̵_̵assoc]

Note: This linter can be disabled with `set_option linter.unusedSimpArgs false`
warning: proofs/Calibrator.lean:2520:83: This simp argument is unused:
  mul_assoc

Hint: Omit it from the simp argument list.
  simp [Finset.sum_add_distrib, Finset.mul_sum, Finset.sum_mul, sub_eq_add_neg,
                        add_comm, add_left_comm, add_assoc, mul_comm, mul_left_comm,̵ ̵m̵u̵l̵_̵a̵s̵s̵o̵c̵]

Note: This linter can be disabled with `set_option linter.unusedSimpArgs false`
warning: proofs/Calibrator.lean:2530:14: This simp argument is unused:
  Finset.sum_ite_eq'

Hint: Omit it from the simp argument list.
  simp [S, Matrix.mulVec, dotProduct, Matrix.diagonal_apply, F̵i̵n̵s̵e̵t̵.̵s̵u̵m̵_̵i̵t̵e̵_̵e̵q̵'̵,̵ ̵Finset.sum_ite_eq, mul_comm,
  ̲  ̲ ̲ ̲ ̲ ̲ ̲ ̲ ̲ ̲ ̲ ̲ ̲ ̲mul_left_comm, mul_assoc]

Note: This linter can be disabled with `set_option linter.unusedSimpArgs false`
warning: proofs/Calibrator.lean:2530:63: This simp argument is unused:
  mul_left_comm

Hint: Omit it from the simp argument list.
  simp [S, Matrix.mulVec, dotProduct, Matrix.diagonal_apply, Finset.sum_ite_eq',
  ̲  ̲ ̲ ̲ ̲ ̲ ̲ ̲ ̲ ̲ ̲ ̲ ̲ ̲Finset.sum_ite_eq, mul_comm, m̵u̵l̵_̵l̵e̵f̵t̵_̵c̵o̵m̵m̵,̵ ̵mul_assoc]

Note: This linter can be disabled with `set_option linter.unusedSimpArgs false`
warning: proofs/Calibrator.lean:2530:78: This simp argument is unused:
  mul_assoc

Hint: Omit it from the simp argument list.
  simp [S, Matrix.mulVec, dotProduct, Matrix.diagonal_apply, Finset.sum_ite_eq',
  ̲  ̲ ̲ ̲ ̲ ̲ ̲ ̲ ̲ ̲ ̲ ̲ ̲ ̲Finset.sum_ite_eq, mul_comm, m̵u̵l̵_̵l̵e̵f̵t̵_̵c̵o̵m̵m̵,̵ ̵m̵u̵l̵_̵a̵s̵s̵o̵c̵]̵m̲u̲l̲_̲l̲e̲f̲t̲_̲c̲o̲m̲m̲]̲

Note: This linter can be disabled with `set_option linter.unusedSimpArgs false`
warning: proofs/Calibrator.lean:2531:46: This simp argument is unused:
  mul_left_comm

Hint: Omit it from the simp argument list.
  simp [hSi, s, mul_comm, mul_l̵e̵f̵t̵_̵c̵o̵m̵m̵,̵ ̵m̵u̵l̵_̵assoc, mul_self_nonneg]

Note: This linter can be disabled with `set_option linter.unusedSimpArgs false`
warning: proofs/Calibrator.lean:2531:61: This simp argument is unused:
  mul_assoc

Hint: Omit it from the simp argument list.
  simp [hSi, s, mul_comm, mul_left_comm, mul_a̵ss̵o̵c̵,̵ ̵m̵u̵l̵_̵s̵elf_nonneg]

Note: This linter can be disabled with `set_option linter.unusedSimpArgs false`
warning: proofs/Calibrator.lean:2549:37: This simp argument is unused:
  mul_comm

Hint: Omit it from the simp argument list.
  simp [dotProduct, pow_two,̵ ̵m̵u̵l̵_̵c̵o̵m̵m̵]

Note: This linter can be disabled with `set_option linter.unusedSimpArgs false`
warning: proofs/Calibrator.lean:2553:28: This simp argument is unused:
  mul_comm

Hint: Omit it from the simp argument list.
  simp [dotProduct,̵ ̵m̵u̵l̵_̵c̵o̵m̵m̵]

Note: This linter can be disabled with `set_option linter.unusedSimpArgs false`
warning: proofs/Calibrator.lean:2606:44: This simp argument is unused:
  Pi.sub_apply

Hint: Omit it from the simp argument list.
  simp [pointwiseNLL, hm.dist_gaussian, P̵i̵.̵s̵u̵b̵_̵a̵p̵p̵l̵y̵,̵ ̵h_lin, X]

Note: This linter can be disabled with `set_option linter.unusedSimpArgs false`
warning: proofs/Calibrator.lean:2611:8: This simp argument is unused:
  Finset.sum_ite_eq'

Hint: Omit it from the simp argument list.
  simp [S, Matrix.mulVec, dotProduct, Matrix.diagonal_apply, F̵i̵n̵s̵e̵t̵.̵s̵u̵m̵_̵i̵t̵e̵_̵e̵q̵'̵,̵ ̵Finset.sum_ite_eq, mul_comm,
  ̲  ̲ ̲ ̲ ̲ ̲ ̲ ̲mul_left_comm, mul_assoc]

Note: This linter can be disabled with `set_option linter.unusedSimpArgs false`
warning: proofs/Calibrator.lean:2611:57: This simp argument is unused:
  mul_left_comm

Hint: Omit it from the simp argument list.
  simp [S, Matrix.mulVec, dotProduct, Matrix.diagonal_apply, Finset.sum_ite_eq',
  ̲  ̲ ̲ ̲ ̲ ̲ ̲ ̲Finset.sum_ite_eq, mul_comm, m̵u̵l̵_̵l̵e̵f̵t̵_̵c̵o̵m̵m̵,̵ ̵mul_assoc]

Note: This linter can be disabled with `set_option linter.unusedSimpArgs false`
warning: proofs/Calibrator.lean:2611:72: This simp argument is unused:
  mul_assoc

Hint: Omit it from the simp argument list.
  simp [S, Matrix.mulVec, dotProduct, Matrix.diagonal_apply, Finset.sum_ite_eq',
  ̲  ̲ ̲ ̲ ̲ ̲ ̲ ̲Finset.sum_ite_eq, mul_comm, m̵u̵l̵_̵l̵e̵f̵t̵_̵c̵o̵m̵m̵,̵ ̵m̵u̵l̵_̵a̵s̵s̵o̵c̵]̵m̲u̲l̲_̲l̲e̲f̲t̲_̲c̲o̲m̲m̲]̲

Note: This linter can be disabled with `set_option linter.unusedSimpArgs false`
warning: proofs/Calibrator.lean:2622:41: This simp argument is unused:
  mul_left_comm

Hint: Omit it from the simp argument list.
  simp [h_diag, pow_two, mul_comm, mul_l̵e̵f̵t̵_̵c̵o̵m̵m̵,̵ ̵m̵u̵l̵_̵assoc]

Note: This linter can be disabled with `set_option linter.unusedSimpArgs false`
warning: proofs/Calibrator.lean:2672:52: This simp argument is unused:
  Finset.sum_add_distrib

Hint: Omit it from the simp argument list.
  simp [g, ParamIxSum, hsum_pc, hsum_int,̵ ̵F̵i̵n̵s̵e̵t̵.̵s̵u̵m̵_̵a̵d̵d̵_̵d̵i̵s̵t̵r̵i̵b̵]

Note: This linter can be disabled with `set_option linter.unusedSimpArgs false`
warning: proofs/Calibrator.lean:2869:73: try 'simp' instead of 'simpa'

Note: This linter can be disabled with `set_option linter.unnecessarySimpa false`
warning: proofs/Calibrator.lean:2968:10: try 'simp' instead of 'simpa'

Note: This linter can be disabled with `set_option linter.unnecessarySimpa false`
warning: proofs/Calibrator.lean:2825:54: This simp argument is unused:
  Finset.sum_mul

Hint: Omit it from the simp argument list.
  simp [Finset.sum_add_distrib, Finset.mul_sum, F̵i̵n̵s̵e̵t̵.̵s̵u̵m̵_̵m̵u̵l̵,̵ ̵sub_eq_add_neg, add_comm, add_left_comm,
  ̲  ̲ ̲ ̲ ̲ ̲ ̲ ̲ ̲ ̲add_assoc]

Note: This linter can be disabled with `set_option linter.unusedSimpArgs false`
warning: proofs/Calibrator.lean:2826:10: This simp argument is unused:
  add_comm

Hint: Omit it from the simp argument list.
  simp [Finset.sum_add_distrib, Finset.mul_sum, Finset.sum_mul, sub_eq_add_neg, a̵d̵d̵_̵c̵o̵m̵m̵,̵ ̵add_left_comm,
  ̲  ̲ ̲ ̲ ̲ ̲ ̲ ̲ ̲ ̲add_assoc]

Note: This linter can be disabled with `set_option linter.unusedSimpArgs false`
warning: proofs/Calibrator.lean:2826:20: This simp argument is unused:
  add_left_comm

Hint: Omit it from the simp argument list.
  simp [Finset.sum_add_distrib, Finset.mul_sum, Finset.sum_mul, sub_eq_add_neg, add_comm,
  ̲  ̲ ̲ ̲ ̲ ̲ ̲ ̲ ̲ ̲a̵d̵d̵_̵l̵e̵f̵t̵_̵c̵o̵m̵m̵,̵ ̵add_assoc]

Note: This linter can be disabled with `set_option linter.unusedSimpArgs false`
warning: proofs/Calibrator.lean:2902:62: This simp argument is unused:
  Finset.sum_mul

Hint: Omit it from the simp argument list.
  simp [Finset.sum_add_distrib, Finset.mul_sum, F̵i̵n̵s̵e̵t̵.̵s̵u̵m̵_̵m̵u̵l̵,̵ ̵sub_eq_add_neg, add_comm,
  ̲  ̲ ̲ ̲ ̲ ̲ ̲ ̲ ̲ ̲ ̲ ̲ ̲ ̲ ̲ ̲ ̲ ̲add_left_comm, add_assoc]

Note: This linter can be disabled with `set_option linter.unusedSimpArgs false`
warning: proofs/Calibrator.lean:2903:18: This simp argument is unused:
  add_comm

Hint: Omit it from the simp argument list.
  simp [Finset.sum_add_distrib, Finset.mul_sum, Finset.sum_mul, sub_eq_add_neg,
                    add_c̵o̵m̵m̵,̵ ̵a̵d̵d̵_̵left_comm, add_assoc]

Note: This linter can be disabled with `set_option linter.unusedSimpArgs false`
warning: proofs/Calibrator.lean:2903:28: This simp argument is unused:
  add_left_comm

Hint: Omit it from the simp argument list.
  simp [Finset.sum_add_distrib, Finset.mul_sum, Finset.sum_mul, sub_eq_add_neg,
                    add_comm, add_l̵e̵f̵t̵_̵c̵o̵m̵m̵,̵ ̵ad̵d̵_̵a̵ssoc]

Note: This linter can be disabled with `set_option linter.unusedSimpArgs false`
warning: proofs/Calibrator.lean:2907:61: This simp argument is unused:
  Matrix.mulVec_sub

Hint: Omit it from the simp argument list.
  simp [Matrix.mulVec_add, Matrix.mulVec_smul, M̵a̵t̵r̵i̵x̵.̵m̵u̵l̵V̵e̵c̵_̵s̵u̵b̵,̵ ̵Matrix.mulVec_neg, Pi.add_apply,
  ̲  ̲ ̲ ̲ ̲ ̲ ̲ ̲ ̲ ̲ ̲ ̲ ̲ ̲ ̲ ̲ ̲ ̲Pi.sub_apply, Pi.neg_apply, Pi.smul_apply, smul_eq_mul, mul_add, add_mul,
  ̲  ̲ ̲ ̲ ̲ ̲ ̲ ̲ ̲ ̲ ̲ ̲ ̲ ̲ ̲ ̲ ̲ ̲sub_eq_add_neg, hb']

Note: This linter can be disabled with `set_option linter.unusedSimpArgs false`
warning: proofs/Calibrator.lean:2912:38: This simp argument is unused:
  mul_left_comm

Hint: Omit it from the simp argument list.
  simp [Finset.mul_sum, m̵u̵l̵_̵l̵e̵f̵t̵_̵c̵o̵m̵m̵,̵ ̵mul_comm, mul_assoc]

Note: This linter can be disabled with `set_option linter.unusedSimpArgs false`
warning: proofs/Calibrator.lean:3077:15: unused variable `hlam`

Note: This linter can be disabled with `set_option linter.unusedVariables false`
warning: proofs/Calibrator.lean:3077:32: unused variable `hS_posDef`

Note: This linter can be disabled with `set_option linter.unusedVariables false`
warning: proofs/Calibrator.lean:3395:58: try 'simp' instead of 'simpa'

Note: This linter can be disabled with `set_option linter.unnecessarySimpa false`
warning: proofs/Calibrator.lean:3396:57: try 'simp' instead of 'simpa'

Note: This linter can be disabled with `set_option linter.unnecessarySimpa false`
warning: proofs/Calibrator.lean:3493:18: try 'simp' instead of 'simpa'

Note: This linter can be disabled with `set_option linter.unnecessarySimpa false`
warning: proofs/Calibrator.lean:3474:64: This simp argument is unused:
  mul_add

Hint: Omit it from the simp argument list.
  simp [Finset.sum_add_distrib, Finset.mul_sum, m̵u̵l̵_̵a̵d̵d̵,̵ ̵add_mul, mul_assoc, mul_left_comm,
  ̲  ̲ ̲ ̲ ̲ ̲ ̲ ̲ ̲ ̲ ̲ ̲ ̲ ̲ ̲ ̲ ̲ ̲ ̲ ̲mul_comm]

Note: This linter can be disabled with `set_option linter.unusedSimpArgs false`
warning: proofs/Calibrator.lean:3474:73: This simp argument is unused:
  add_mul

Hint: Omit it from the simp argument list.
  simp [Finset.sum_add_distrib, Finset.mul_sum, mul_add, a̵d̵d̵_̵m̵u̵l̵,̵ ̵mul_assoc, mul_left_comm,
  ̲  ̲ ̲ ̲ ̲ ̲ ̲ ̲ ̲ ̲ ̲ ̲ ̲ ̲ ̲ ̲ ̲ ̲ ̲ ̲mul_comm]

Note: This linter can be disabled with `set_option linter.unusedSimpArgs false`
warning: proofs/Calibrator.lean:3474:82: This simp argument is unused:
  mul_assoc

Hint: Omit it from the simp argument list.
  simp [Finset.sum_add_distrib, Finset.mul_sum, mul_add, add_mul, m̵u̵l̵_̵a̵s̵s̵o̵c̵,̵ ̵mul_left_comm,
  ̲  ̲ ̲ ̲ ̲ ̲ ̲ ̲ ̲ ̲ ̲ ̲ ̲ ̲ ̲ ̲ ̲ ̲ ̲ ̲mul_comm]

Note: This linter can be disabled with `set_option linter.unusedSimpArgs false`
warning: proofs/Calibrator.lean:3474:93: This simp argument is unused:
  mul_left_comm

Hint: Omit it from the simp argument list.
  simp [Finset.sum_add_distrib, Finset.mul_sum, mul_add, add_mul, mul_assoc,
  ̲  ̲ ̲ ̲ ̲ ̲ ̲ ̲ ̲ ̲ ̲ ̲ ̲ ̲ ̲ ̲ ̲ ̲ ̲ ̲m̵u̵l̵_̵l̵e̵f̵t̵_̵c̵o̵m̵m̵,̵ ̵mul_comm]

Note: This linter can be disabled with `set_option linter.unusedSimpArgs false`
warning: proofs/Calibrator.lean:3474:108: This simp argument is unused:
  mul_comm

Hint: Omit it from the simp argument list.
  simp [Finset.sum_add_distrib, Finset.mul_sum, mul_add, add_mul, mul_assoc,
  ̲  ̲ ̲ ̲ ̲ ̲ ̲ ̲ ̲ ̲ ̲ ̲ ̲ ̲ ̲ ̲ ̲ ̲ ̲ ̲m̵u̵l̵_̵l̵e̵f̵t̵_̵c̵o̵m̵m̵,̵ ̵m̵u̵l̵_̵c̵o̵m̵m̵]̵m̲u̲l̲_̲l̲e̲f̲t̲_̲c̲o̲m̲m̲]̲

Note: This linter can be disabled with `set_option linter.unusedSimpArgs false`
warning: proofs/Calibrator.lean:3527:64: This simp argument is unused:
  mul_add

Hint: Omit it from the simp argument list.
  simp [Finset.sum_add_distrib, Finset.mul_sum, m̵u̵l̵_̵a̵d̵d̵,̵ ̵add_mul, mul_assoc, mul_left_comm,
  ̲  ̲ ̲ ̲ ̲ ̲ ̲ ̲ ̲ ̲ ̲ ̲ ̲ ̲ ̲ ̲ ̲ ̲ ̲ ̲mul_comm]

Note: This linter can be disabled with `set_option linter.unusedSimpArgs false`
warning: proofs/Calibrator.lean:3527:73: This simp argument is unused:
  add_mul

Hint: Omit it from the simp argument list.
  simp [Finset.sum_add_distrib, Finset.mul_sum, mul_add, a̵d̵d̵_̵m̵u̵l̵,̵ ̵mul_assoc, mul_left_comm,
  ̲  ̲ ̲ ̲ ̲ ̲ ̲ ̲ ̲ ̲ ̲ ̲ ̲ ̲ ̲ ̲ ̲ ̲ ̲ ̲mul_comm]

Note: This linter can be disabled with `set_option linter.unusedSimpArgs false`
warning: proofs/Calibrator.lean:3527:82: This simp argument is unused:
  mul_assoc

Hint: Omit it from the simp argument list.
  simp [Finset.sum_add_distrib, Finset.mul_sum, mul_add, add_mul, m̵u̵l̵_̵a̵s̵s̵o̵c̵,̵ ̵mul_left_comm,
  ̲  ̲ ̲ ̲ ̲ ̲ ̲ ̲ ̲ ̲ ̲ ̲ ̲ ̲ ̲ ̲ ̲ ̲ ̲ ̲mul_comm]

Note: This linter can be disabled with `set_option linter.unusedSimpArgs false`
warning: proofs/Calibrator.lean:3527:93: This simp argument is unused:
  mul_left_comm

Hint: Omit it from the simp argument list.
  simp [Finset.sum_add_distrib, Finset.mul_sum, mul_add, add_mul, mul_assoc,
  ̲  ̲ ̲ ̲ ̲ ̲ ̲ ̲ ̲ ̲ ̲ ̲ ̲ ̲ ̲ ̲ ̲ ̲ ̲ ̲m̵u̵l̵_̵l̵e̵f̵t̵_̵c̵o̵m̵m̵,̵ ̵mul_comm]

Note: This linter can be disabled with `set_option linter.unusedSimpArgs false`
warning: proofs/Calibrator.lean:3527:108: This simp argument is unused:
  mul_comm

Hint: Omit it from the simp argument list.
  simp [Finset.sum_add_distrib, Finset.mul_sum, mul_add, add_mul, mul_assoc,
  ̲  ̲ ̲ ̲ ̲ ̲ ̲ ̲ ̲ ̲ ̲ ̲ ̲ ̲ ̲ ̲ ̲ ̲ ̲ ̲m̵u̵l̵_̵l̵e̵f̵t̵_̵c̵o̵m̵m̵,̵ ̵m̵u̵l̵_̵c̵o̵m̵m̵]̵m̲u̲l̲_̲l̲e̲f̲t̲_̲c̲o̲m̲m̲]̲

Note: This linter can be disabled with `set_option linter.unusedSimpArgs false`
warning: proofs/Calibrator.lean:3549:10: This simp argument is unused:
  Finset.sum_ite_eq'

Hint: Omit it from the simp argument list.
  simp [S, Matrix.mulVec, dotProduct, Matrix.diagonal_apply, F̵i̵n̵s̵e̵t̵.̵s̵u̵m̵_̵i̵t̵e̵_̵e̵q̵'̵,̵ ̵Finset.sum_ite_eq, mul_comm,
  ̲  ̲ ̲ ̲ ̲ ̲ ̲ ̲ ̲ ̲mul_left_comm, mul_assoc]

Note: This linter can be disabled with `set_option linter.unusedSimpArgs false`
warning: proofs/Calibrator.lean:3549:59: This simp argument is unused:
  mul_left_comm

Hint: Omit it from the simp argument list.
  simp [S, Matrix.mulVec, dotProduct, Matrix.diagonal_apply, Finset.sum_ite_eq',
  ̲  ̲ ̲ ̲ ̲ ̲ ̲ ̲ ̲ ̲Finset.sum_ite_eq, mul_comm, m̵u̵l̵_̵l̵e̵f̵t̵_̵c̵o̵m̵m̵,̵ ̵mul_assoc]

Note: This linter can be disabled with `set_option linter.unusedSimpArgs false`
warning: proofs/Calibrator.lean:3549:74: This simp argument is unused:
  mul_assoc

Hint: Omit it from the simp argument list.
  simp [S, Matrix.mulVec, dotProduct, Matrix.diagonal_apply, Finset.sum_ite_eq',
  ̲  ̲ ̲ ̲ ̲ ̲ ̲ ̲ ̲ ̲Finset.sum_ite_eq, mul_comm, m̵u̵l̵_̵l̵e̵f̵t̵_̵c̵o̵m̵m̵,̵ ̵m̵u̵l̵_̵a̵s̵s̵o̵c̵]̵m̲u̲l̲_̲l̲e̲f̲t̲_̲c̲o̲m̲m̲]̲

Note: This linter can be disabled with `set_option linter.unusedSimpArgs false`
warning: proofs/Calibrator.lean:3550:33: This simp argument is unused:
  mul_comm

Hint: Omit it from the simp argument list.
  simp [s, hmul, mul_c̵o̵m̵m̵,̵ ̵m̵u̵l_̵l̵eft_comm, mul_assoc, mul_self_nonneg]

Note: This linter can be disabled with `set_option linter.unusedSimpArgs false`
warning: proofs/Calibrator.lean:3550:43: This simp argument is unused:
  mul_left_comm

Hint: Omit it from the simp argument list.
  simp [s, hmul, mul_comm, mul_l̵e̵f̵t̵_̵c̵o̵m̵m̵,̵ ̵m̵u̵l̵_̵assoc, mul_self_nonneg]

Note: This linter can be disabled with `set_option linter.unusedSimpArgs false`
warning: proofs/Calibrator.lean:3550:58: This simp argument is unused:
  mul_assoc

Hint: Omit it from the simp argument list.
  simp [s, hmul, mul_comm, mul_left_comm, mul_a̵ss̵o̵c̵,̵ ̵m̵u̵l̵_̵s̵elf_nonneg]

Note: This linter can be disabled with `set_option linter.unusedSimpArgs false`
warning: proofs/Calibrator.lean:3573:10: This simp argument is unused:
  Finset.sum_ite_eq'

Hint: Omit it from the simp argument list.
  simp [S, Matrix.mulVec, dotProduct, Matrix.diagonal_apply, F̵i̵n̵s̵e̵t̵.̵s̵u̵m̵_̵i̵t̵e̵_̵e̵q̵'̵,̵ ̵Finset.sum_ite_eq, mul_comm,
  ̲  ̲ ̲ ̲ ̲ ̲ ̲ ̲ ̲ ̲mul_left_comm, mul_assoc]

Note: This linter can be disabled with `set_option linter.unusedSimpArgs false`
warning: proofs/Calibrator.lean:3573:59: This simp argument is unused:
  mul_left_comm

Hint: Omit it from the simp argument list.
  simp [S, Matrix.mulVec, dotProduct, Matrix.diagonal_apply, Finset.sum_ite_eq',
  ̲  ̲ ̲ ̲ ̲ ̲ ̲ ̲ ̲ ̲Finset.sum_ite_eq, mul_comm, m̵u̵l̵_̵l̵e̵f̵t̵_̵c̵o̵m̵m̵,̵ ̵mul_assoc]

Note: This linter can be disabled with `set_option linter.unusedSimpArgs false`
warning: proofs/Calibrator.lean:3573:74: This simp argument is unused:
  mul_assoc

Hint: Omit it from the simp argument list.
  simp [S, Matrix.mulVec, dotProduct, Matrix.diagonal_apply, Finset.sum_ite_eq',
  ̲  ̲ ̲ ̲ ̲ ̲ ̲ ̲ ̲ ̲Finset.sum_ite_eq, mul_comm, m̵u̵l̵_̵l̵e̵f̵t̵_̵c̵o̵m̵m̵,̵ ̵m̵u̵l̵_̵a̵s̵s̵o̵c̵]̵m̲u̲l̲_̲l̲e̲f̲t̲_̲c̲o̲m̲m̲]̲

Note: This linter can be disabled with `set_option linter.unusedSimpArgs false`
warning: proofs/Calibrator.lean:3584:43: This simp argument is unused:
  mul_left_comm

Hint: Omit it from the simp argument list.
  simp [h_diag, pow_two, mul_comm, mul_l̵e̵f̵t̵_̵c̵o̵m̵m̵,̵ ̵m̵u̵l̵_̵assoc]

Note: This linter can be disabled with `set_option linter.unusedSimpArgs false`
warning: proofs/Calibrator.lean:3633:50: This simp argument is unused:
  Finset.sum_add_distrib

Hint: Omit it from the simp argument list.
  simp [ParamIxSum, g, hsum_pc, hsum_int,̵ ̵F̵i̵n̵s̵e̵t̵.̵s̵u̵m̵_̵a̵d̵d̵_̵d̵i̵s̵t̵r̵i̵b̵]

Note: This linter can be disabled with `set_option linter.unusedSimpArgs false`
warning: proofs/Calibrator.lean:4061:5: unused variable `hf_int`

Note: This linter can be disabled with `set_option linter.unusedVariables false`
error: proofs/Calibrator.lean:4188:85: unsolved goals
k : ℕ
inst✝ : Fintype (Fin k)
scaling_func : (Fin k → ℝ) → ℝ
h_scaling_meas : AEStronglyMeasurable scaling_func (Measure.map Prod.snd (stdNormalProdMeasure k))
h_integrable : Integrable (fun pc => (scaling_func pc.2 * pc.1) ^ 2) (stdNormalProdMeasure k)
h_scaling_sq_int : Integrable (fun c => scaling_func c ^ 2) (Measure.map Prod.snd (stdNormalProdMeasure k))
h_mean_1 : ∫ (c : Fin k → ℝ), scaling_func c ∂Measure.map Prod.snd (stdNormalProdMeasure k) = 1
model_norm : PhenotypeInformedGAM 1 k 1
h_norm_opt : IsBayesOptimalInNormalizedClass (dgpMultiplicativeBias scaling_func) model_norm
h_linear_basis : model_norm.pgsBasis.B 1 = id ∧ model_norm.pgsBasis.B 0 = fun x => 1
h_norm_int : Integrable (fun pc => linearPredictor model_norm pc.1 pc.2 ^ 2) (stdNormalProdMeasure k)
h_spline_memLp : ∀ (i : Fin 1), MemLp (model_norm.pcSplineBasis.b i) 2 (ProbabilityTheory.gaussianReal 0 1)
h_pred_meas : AEStronglyMeasurable (fun pc => linearPredictor model_norm pc.1 pc.2) (stdNormalProdMeasure k)
model_oracle : PhenotypeInformedGAM 1 k 1
h_oracle_opt : IsBayesOptimalInClass (dgpMultiplicativeBias scaling_func) model_oracle
h_capable :
  ∃ m,
    ∀ (p_val : ℝ) (c_val : Fin k → ℝ),
      linearPredictor m p_val c_val = (dgpMultiplicativeBias scaling_func).trueExpectation p_val c_val
dgp : DataGeneratingProcess k := dgpMultiplicativeBias scaling_func
h_oracle_risk_zero : (expectedSquaredError dgp fun p c => linearPredictor model_oracle p c) = 0
h_diff_eq_norm_sq :
  ((expectedSquaredError dgp fun p c => linearPredictor model_norm p c) -
      expectedSquaredError dgp fun p c => linearPredictor model_oracle p c) =
    ∫ (pc : ℝ × (Fin k → ℝ)),
      (dgp.trueExpectation pc.1 pc.2 - linearPredictor model_norm pc.1 pc.2) ^ 2 ∂dgp.jointMeasure
model_star : PhenotypeInformedGAM 1 k 1 :=
  { pgsBasis := model_norm.pgsBasis, pcSplineBasis := model_norm.pcSplineBasis, γ₀₀ := 0, γₘ₀ := fun x => 1,
    f₀ₗ := fun x x => 0, fₘₗ := fun x x x => 0, link := model_norm.link, dist := model_norm.dist }
h_star_pred : ∀ (p : ℝ) (c : Fin k → ℝ), linearPredictor model_star p c = p
h_star_in_class : IsNormalizedScoreModel model_star
h_risk_star :
  (expectedSquaredError (dgpMultiplicativeBias scaling_func) fun p c => linearPredictor model_star p c) =
    ∫ (pc : ℝ × (Fin k → ℝ)), ((scaling_func pc.2 - 1) * pc.1) ^ 2 ∂stdNormalProdMeasure k
μ : Measure (ℝ × (Fin k → ℝ)) := dgp.jointMeasure
h_norm_linear : model_norm.pgsBasis.B 1 = id
h_pred_norm :
  ∀ (p : ℝ) (c : Fin k → ℝ),
    linearPredictor model_norm p c = predictorBase model_norm c + predictorSlope model_norm c * p
c : Fin k → ℝ
⊢ ∑ l, evalSmooth model_norm.pcSplineBasis (model_norm.fₘₗ 0 l) (c l) = 0
warning: proofs/Calibrator.lean:4191:12: This simp argument is unused:
  h_norm_opt.is_normalized.fₘₗ_zero

Hint: Omit it from the simp argument list.
  simp ̵[̵h̵_̵n̵o̵r̵m̵_̵o̵p̵t̵.̵i̵s̵_̵n̵o̵r̵m̵a̵l̵i̵z̵e̵d̵.̵f̵ₘ̵ₗ̵_̵z̵e̵r̵o̵]̵

Note: This linter can be disabled with `set_option linter.unusedSimpArgs false`
error: proofs/Calibrator.lean:4484:4: No goals to be solved
error: proofs/Calibrator.lean:4492:72: unsolved goals
case e_f.h
n : ℕ
K : Submodule ℝ (Fin n → ℝ)
y p : Fin n → ℝ
h_mem : p ∈ K
equiv : WithLp 2 (Fin n → ℝ) ≃ₗ[ℝ] Fin n → ℝ := WithLp.linearEquiv 2 ℝ (Fin n → ℝ)
K_E : Submodule ℝ (EuclideanSpace ℝ (Fin n)) := Submodule.map equiv.symm K
y_E : EuclideanSpace ℝ (Fin n) := equiv.symm y
p_E : EuclideanSpace ℝ (Fin n) := equiv.symm p
h_mem_E : p_E ∈ K_E
w_E : EuclideanSpace ℝ (Fin n)
hw_E : w_E ∈ K_E
w : Fin n → ℝ
hw : w ∈ K
hw_eq : equiv.symm w = w_E
h_min : l2norm_sq (y - p) ≤ l2norm_sq (y - w)
x : Fin n → ℝ
i : Fin n
⊢ x i ^ 2 = equiv.symm x i ^ 2
error: proofs/Calibrator.lean:4504:34: No goals to be solved
error: proofs/Calibrator.lean:4506:29: No goals to be solved
error: proofs/Calibrator.lean:4516:34: Type mismatch
  y_E - p_E
has type
  EuclideanSpace ℝ (Fin n)
of sort `outParam Type` but is expected to have type
  Type ?u.340444
of sort `Type (?u.340444 + 1)`
error: proofs/Calibrator.lean:4523:6: linarith failed to find a contradiction
case h
n : ℕ
K : Submodule ℝ (Fin n → ℝ)
y p : Fin n → ℝ
h_mem : p ∈ K
h_min : ∀ w ∈ K, l2norm_sq (y - p) ≤ l2norm_sq (y - w)
equiv : WithLp 2 (Fin n → ℝ) ≃ₗ[ℝ] Fin n → ℝ := WithLp.linearEquiv 2 ℝ (Fin n → ℝ)
K_E : Submodule ℝ (EuclideanSpace ℝ (Fin n)) := Submodule.map equiv.symm K
y_E : EuclideanSpace ℝ (Fin n) := equiv.symm y
p_E : EuclideanSpace ℝ (Fin n) := equiv.symm p
h_mem_E : p_E ∈ K_E
h_min_E : ∀ w_E ∈ K_E, dist y_E p_E ≤ dist y_E w_E
z : EuclideanSpace ℝ (Fin n)
hz : z ∈ K_E
t : ℝ
h_mem_t : p_E + t • z ∈ K_E
h_le : ‖y_E - p_E‖ ≤ ‖y_E - (p_E + t • z)‖
a✝ : ‖y_E - (p_E + t • z)‖ ^ 2 - ‖y_E - p_E‖ ^ 2 < 0
⊢ False
failed
error: proofs/Calibrator.lean:4526:24: Type mismatch
  y_E - p_E
has type
  EuclideanSpace ℝ (Fin n)
of sort `outParam Type` but is expected to have type
  Type ?u.348535
of sort `Type (?u.348535 + 1)`
error: proofs/Calibrator.lean:4534:76: Type mismatch
  y_E - p_E
has type
  EuclideanSpace ℝ (Fin n)
of sort `outParam Type` but is expected to have type
  Type ?u.355652
of sort `Type (?u.355652 + 1)`
error: proofs/Calibrator.lean:4541:59: Type mismatch
  Submodule.coe_mem ?m.747
has type
  ↑?m.747 ∈ ?m.746
but is expected to have type
  P ∈ K_E
error: proofs/Calibrator.lean:4568:2: Type mismatch
  h_unique
has type
  p_E = orthogonalProjection K_E y_E
but is expected to have type
  p_E =
    ↑((Submodule.map (WithLp.linearEquiv 2 ℝ (Fin n → ℝ)).symm K).orthogonalProjection
        ((WithLp.linearEquiv 2 ℝ (Fin n → ℝ)).symm y))
error: proofs/Calibrator.lean:4594:2: No goals to be solved
error: proofs/Calibrator.lean:4635:5: unknown tactic
error: proofs/Calibrator.lean:4634:74: unsolved goals
n k p sp : ℕ
inst✝³ : Fintype (Fin n)
inst✝² : Fintype (Fin k)
inst✝¹ : Fintype (Fin p)
inst✝ : Fintype (Fin sp)
A : Matrix (Fin k) (Fin k) ℝ
_hA : IsUnit A.det
b : Fin k → ℝ
data : RealizedData n k
lambda : ℝ
pgsBasis : PGSBasis p
splineBasis : SplineBasis sp
h_n_pos : n > 0
h_lambda_nonneg : 0 ≤ lambda
h_lambda_zero : lambda = 0
h_rank : (designMatrix data pgsBasis splineBasis).rank = Fintype.card (ParamIx p k sp)
h_range_eq :
  let data' := { y := data.y, p := data.p, c := fun i => A.mulVec (data.c i) + b };
  LinearMap.range (Matrix.toLin' (designMatrix data pgsBasis splineBasis)) =
    LinearMap.range (Matrix.toLin' (designMatrix data' pgsBasis splineBasis))
data' : RealizedData n k := { y := data.y, p := data.p, c := fun i => A.mulVec (data.c i) + b }
model : PhenotypeInformedGAM p k sp := fit p k sp n data lambda pgsBasis splineBasis h_n_pos h_lambda_nonneg h_rank
model_prime : PhenotypeInformedGAM p k sp := fit p k sp n data' lambda pgsBasis splineBasis h_n_pos h_lambda_nonneg ⋯
i : Fin n
X : Matrix (Fin n) (ParamIx p k sp) ℝ := designMatrix data pgsBasis splineBasis
X' : Matrix (Fin n) (ParamIx p k sp) ℝ := designMatrix data' pgsBasis splineBasis
K : Submodule ℝ (Fin n → ℝ) := LinearMap.range (Matrix.toLin' X)
K' : Submodule ℝ (Fin n → ℝ) := LinearMap.range (Matrix.toLin' X')
h_K_eq : K = K'
this :
  (fun j => linearPredictor model (data.p j) (data.c j)) = fun j => linearPredictor model_prime (data'.p j) (data'.c j)
⊢ linearPredictor model (data.p i) (data.c i) = linearPredictor model_prime (data'.p i) (data'.c i)
error: proofs/Calibrator.lean:4624:61: unsolved goals
n k p sp : ℕ
inst✝³ : Fintype (Fin n)
inst✝² : Fintype (Fin k)
inst✝¹ : Fintype (Fin p)
inst✝ : Fintype (Fin sp)
A : Matrix (Fin k) (Fin k) ℝ
_hA : IsUnit A.det
b : Fin k → ℝ
data : RealizedData n k
lambda : ℝ
pgsBasis : PGSBasis p
splineBasis : SplineBasis sp
h_n_pos : n > 0
h_lambda_nonneg : 0 ≤ lambda
h_lambda_zero : lambda = 0
h_rank : (designMatrix data pgsBasis splineBasis).rank = Fintype.card (ParamIx p k sp)
h_range_eq :
  let data' := { y := data.y, p := data.p, c := fun i => A.mulVec (data.c i) + b };
  LinearMap.range (Matrix.toLin' (designMatrix data pgsBasis splineBasis)) =
    LinearMap.range (Matrix.toLin' (designMatrix data' pgsBasis splineBasis))
data' : RealizedData n k := { y := data.y, p := data.p, c := fun i => A.mulVec (data.c i) + b }
model : PhenotypeInformedGAM p k sp := fit p k sp n data lambda pgsBasis splineBasis h_n_pos h_lambda_nonneg h_rank
model_prime : PhenotypeInformedGAM p k sp := fit p k sp n data' lambda pgsBasis splineBasis h_n_pos h_lambda_nonneg ⋯
i : Fin n
X : Matrix (Fin n) (ParamIx p k sp) ℝ := designMatrix data pgsBasis splineBasis
X' : Matrix (Fin n) (ParamIx p k sp) ℝ := designMatrix data' pgsBasis splineBasis
K : Submodule ℝ (Fin n → ℝ) := LinearMap.range (Matrix.toLin' X)
K' : Submodule ℝ (Fin n → ℝ) := LinearMap.range (Matrix.toLin' X')
h_K_eq : K = K'
⊢ (fun j => linearPredictor model (data.p j) (data.c j)) = fun j => linearPredictor model_prime (data'.p j) (data'.c j)
warning: proofs/Calibrator.lean:4800:44: unused variable `h_opt1`

Note: This linter can be disabled with `set_option linter.unusedVariables false`
warning: proofs/Calibrator.lean:5670:10: try 'simp' instead of 'simpa'

Note: This linter can be disabled with `set_option linter.unnecessarySimpa false`
warning: proofs/Calibrator.lean:5689:14: try 'simp' instead of 'simpa'

Note: This linter can be disabled with `set_option linter.unnecessarySimpa false`
warning: proofs/Calibrator.lean:6302:41: unused variable `hμ_pos`

Note: This linter can be disabled with `set_option linter.unusedVariables false`
info: proofs/Calibrator.lean:6393:141: Try this:
  ring_nf

  The `ring` tactic failed to close the goal. Use `ring_nf` to obtain a normal form.

  Note that `ring` works primarily in *commutative* rings. If you have a noncommutative ring, abelian group or module, consider using `noncomm_ring`, `abel` or `module` instead.
info: proofs/Calibrator.lean:6394:150: Try this:
  ring_nf

  The `ring` tactic failed to close the goal. Use `ring_nf` to obtain a normal form.

  Note that `ring` works primarily in *commutative* rings. If you have a noncommutative ring, abelian group or module, consider using `noncomm_ring`, `abel` or `module` instead.
info: proofs/Calibrator.lean:6415:87: Try this:
  ring_nf!

  The `ring!` tactic failed to close the goal. Use `ring_nf!` to obtain a normal form.

  Note that `ring!` works primarily in *commutative* rings. If you have a noncommutative ring, abelian group or module, consider using `noncomm_ring`, `abel` or `module` instead.
warning: proofs/Calibrator.lean:6359:8: declaration uses 'sorry'
warning: proofs/Calibrator.lean:6369:69: This simp argument is unused:
  Matrix.mul_apply

Hint: Omit it from the simp argument list.
  simp +decide [̵ ̵M̵a̵t̵r̵i̵x̵.̵d̵e̵t̵_̵a̵p̵p̵l̵y̵'̵,̵ ̵M̵a̵t̵r̵i̵x̵.̵a̵d̵j̵u̵g̵a̵t̵e̵_̵a̵p̵p̵l̵y̵,̵ ̵M̵a̵t̵r̵i̵x̵.̵m̵u̵l̵_̵a̵p̵p̵l̵y̵ ̵]̵[̲M̲a̲t̲r̲i̲x̲.̲d̲e̲t̲_̲a̲p̲p̲l̲y̲'̲,̲ ̲M̲a̲t̲r̲i̲x̲.̲a̲d̲j̲u̲g̲a̲t̲e̲_̲a̲p̲p̲l̲y̲]̲

Note: This linter can be disabled with `set_option linter.unusedSimpArgs false`
warning: proofs/Calibrator.lean:6393:100: This simp argument is unused:
  Finset.filter_ne'

Hint: Omit it from the simp argument list.
  simp +decide [̵ ̵F̵i̵n̵s̵e̵t̵.̵p̵r̵o̵d̵_̵i̵t̵e̵,̵ ̵F̵i̵n̵s̵e̵t̵.̵f̵i̵l̵t̵e̵r̵_̵n̵e̵'̵,̵ ̵F̵i̵n̵s̵e̵t̵.̵f̵i̵l̵t̵e̵r̵_̵e̵q̵'̵ ̵]̵[̲F̲i̲n̲s̲e̲t̲.̲p̲r̲o̲d̲_̲i̲t̲e̲,̲
  ̲ ̲ ̲ ̲ ̲ ̲ ̲ ̲ ̲ ̲ ̲ ̲ ̲ ̲ ̲F̲i̲n̲s̲e̲t̲.̲f̲i̲l̲t̲e̲r̲_̲e̲q̲'̲]̲

Note: This linter can be disabled with `set_option linter.unusedSimpArgs false`
warning: proofs/Calibrator.lean:6393:119: This simp argument is unused:
  Finset.filter_eq'

Hint: Omit it from the simp argument list.
  simp +decide [̵ ̵F̵i̵n̵s̵e̵t̵.̵p̵r̵o̵d̵_̵i̵t̵e̵,̵ ̵F̵i̵n̵s̵e̵t̵.̵f̵i̵l̵t̵e̵r̵_̵n̵e̵'̵,̵ ̵F̵i̵n̵s̵e̵t̵.̵f̵i̵l̵t̵e̵r̵_̵e̵q̵'̵ ̵]̵[̲F̲i̲n̲s̲e̲t̲.̲p̲r̲o̲d̲_̲i̲t̲e̲,̲
  ̲ ̲ ̲ ̲ ̲ ̲ ̲ ̲ ̲ ̲ ̲ ̲ ̲ ̲ ̲F̲i̲n̲s̲e̲t̲.̲f̲i̲l̲t̲e̲r̲_̲n̲e̲'̲]̲

Note: This linter can be disabled with `set_option linter.unusedSimpArgs false`
warning: proofs/Calibrator.lean:6394:92: This simp argument is unused:
  Finset.prod_ite

Hint: Omit it from the simp argument list.
  simp +decide [̵ ̵F̵i̵n̵s̵e̵t̵.̵p̵r̵o̵d̵_̵i̵t̵e̵,̵ ̵F̵i̵n̵s̵e̵t̵.̵f̵i̵l̵t̵e̵r̵_̵n̵e̵'̵,̵ ̵F̵i̵n̵s̵e̵t̵.̵f̵i̵l̵t̵e̵r̵_̵e̵q̵'̵ ̵]̵[̲F̲i̲n̲s̲e̲t̲.̲f̲i̲l̲t̲e̲r̲_̲n̲e̲'̲,̲
  ̲ ̲ ̲ ̲ ̲ ̲ ̲ ̲ ̲ ̲ ̲ ̲ ̲ ̲ ̲F̲i̲n̲s̲e̲t̲.̲f̲i̲l̲t̲e̲r̲_̲e̲q̲'̲]̲

Note: This linter can be disabled with `set_option linter.unusedSimpArgs false`
warning: proofs/Calibrator.lean:6395:56: This simp argument is unused:
  hj

Hint: Omit it from the simp argument list.
  simp +decide [ ̵Pi.single_apply,̵ ̵h̵j̵ ̵]

Note: This linter can be disabled with `set_option linter.unusedSimpArgs false`
warning: proofs/Calibrator.lean:6396:66: This simp argument is unused:
  hj

Hint: Omit it from the simp argument list.
  simp +decide ̵[̵ ̵h̵j̵ ̵]̵

Note: This linter can be disabled with `set_option linter.unusedSimpArgs false`
warning: proofs/Calibrator.lean:6400:45: This simp argument is unused:
  Finset.mul_sum _ _ _

Hint: Omit it from the simp argument list.
  simp +decide [̵ ̵M̵a̵t̵r̵i̵x̵.̵m̵u̵l̵_̵a̵p̵p̵l̵y̵,̵ ̵F̵i̵n̵s̵e̵t̵.̵m̵u̵l̵_̵s̵u̵m̵ ̵_̵ ̵_̵ ̵_̵ ̵]̵[̲M̲a̲t̲r̲i̲x̲.̲m̲u̲l̲_̲a̲p̲p̲l̲y̲]̲

Note: This linter can be disabled with `set_option linter.unusedSimpArgs false`
warning: proofs/Calibrator.lean:6408:41: This simp argument is unused:
  mul_assoc

Hint: Omit it from the simp argument list.
  simp_all +decide [̵ ̵M̵a̵t̵r̵i̵x̵.̵i̵n̵v̵_̵d̵e̵f̵,̵ ̵m̵u̵l̵_̵a̵s̵s̵o̵c̵,̵[̲M̲a̲t̲r̲i̲x̲.̲i̲n̲v̲_̲d̲e̲f̲,̲ mul_left_comm, mul_comm,
  ̲  ̲ ̲ ̲ ̲ ̲ ̲ ̲Matrix.trace_mul_comm (̵ ̵M̵a̵t̵r̵i̵x̵.̵a̵d̵j̵u̵g̵a̵t̵e̵ ̵_̵ ̵)̵ ̵]̵(̲M̲a̲t̲r̲i̲x̲.̲a̲d̲j̲u̲g̲a̲t̲e̲ ̲_̲)̲]̲

Note: This linter can be disabled with `set_option linter.unusedSimpArgs false`
warning: proofs/Calibrator.lean:6410:103: This simp argument is unused:
  mul_assoc

Hint: Omit it from the simp argument list.
  simp_all +decide [̵ ̵M̵a̵t̵r̵i̵x̵.̵t̵r̵a̵c̵e̵_̵s̵m̵u̵l̵,̵ ̵m̵u̵l̵_̵a̵s̵s̵o̵c̵,̵[̲M̲a̲t̲r̲i̲x̲.̲t̲r̲a̲c̲e̲_̲s̲m̲u̲l̲,̲
  ̲  ̲ ̲ ̲ ̲ ̲ ̲ ̲mul_comm, m̵u̵l̵_̵l̵e̵f̵t̵_̵c̵o̵m̵m̵ ̵]̵m̲u̲l̲_̲l̲e̲f̲t̲_̲c̲o̲m̲m̲]̲

Note: This linter can be disabled with `set_option linter.unusedSimpArgs false`
warning: proofs/Calibrator.lean:6410:124: This simp argument is unused:
  mul_left_comm

Hint: Omit it from the simp argument list.
  simp_all +decide [̵ ̵M̵a̵t̵r̵i̵x̵.̵t̵r̵a̵c̵e̵_̵s̵m̵u̵l̵,̵[̲M̲a̲t̲r̲i̲x̲.̲t̲r̲a̲c̲e̲_̲s̲m̲u̲l̲,̲
  ̲  ̲ ̲ ̲ ̲ ̲ ̲ ̲mul_assoc, m̵u̵l̵_̵c̵o̵m̵m̵,̵ ̵m̵u̵l̵_̵l̵e̵f̵t̵_̵c̵o̵m̵m̵ ̵]̵m̲u̲l̲_̲c̲o̲m̲m̲]̲

Note: This linter can be disabled with `set_option linter.unusedSimpArgs false`
warning: proofs/Calibrator.lean:6414:118: This simp argument is unused:
  Real.exp_ne_zero

Hint: Omit it from the simp argument list.
  simp_all +decide [̵ ̵R̵e̵a̵l̵.̵e̵x̵p̵_̵n̵e̵_̵z̵e̵r̵o̵,̵ ̵m̵u̵l̵_̵a̵s̵s̵o̵c̵,̵[̲m̲u̲l̲_̲a̲s̲s̲o̲c̲,̲
  ̲  ̲ ̲ ̲ ̲ ̲mul_comm, m̵u̵l̵_̵l̵e̵f̵t̵_̵c̵o̵m̵m̵ ̵]̵m̲u̲l̲_̲l̲e̲f̲t̲_̲c̲o̲m̲m̲]̲

Note: This linter can be disabled with `set_option linter.unusedSimpArgs false`
warning: proofs/Calibrator.lean:6414:136: This simp argument is unused:
  mul_assoc

Hint: Omit it from the simp argument list.
  simp_all +decide [̵ ̵R̵e̵a̵l̵.̵e̵x̵p̵_̵n̵e̵_̵z̵e̵r̵o̵,̵ ̵m̵u̵l̵_̵a̵s̵s̵o̵c̵,̵[̲R̲e̲a̲l̲.̲e̲x̲p̲_̲n̲e̲_̲z̲e̲r̲o̲,̲
  ̲  ̲ ̲ ̲ ̲ ̲mul_comm, m̵u̵l̵_̵l̵e̵f̵t̵_̵c̵o̵m̵m̵ ̵]̵m̲u̲l̲_̲l̲e̲f̲t̲_̲c̲o̲m̲m̲]̲

Note: This linter can be disabled with `set_option linter.unusedSimpArgs false`
warning: proofs/Calibrator.lean:6414:157: This simp argument is unused:
  mul_left_comm

Hint: Omit it from the simp argument list.
  simp_all +decide [̵ ̵R̵e̵a̵l̵.̵e̵x̵p̵_̵n̵e̵_̵z̵e̵r̵o̵,̵[̲R̲e̲a̲l̲.̲e̲x̲p̲_̲n̲e̲_̲z̲e̲r̲o̲,̲
  ̲  ̲ ̲ ̲ ̲ ̲mul_assoc, m̵u̵l̵_̵c̵o̵m̵m̵,̵ ̵m̵u̵l̵_̵l̵e̵f̵t̵_̵c̵o̵m̵m̵ ̵]̵m̲u̲l̲_̲c̲o̲m̲m̲]̲

Note: This linter can be disabled with `set_option linter.unusedSimpArgs false`
warning: proofs/Calibrator.lean:6451:229: unused variable `log_lik`

Note: This linter can be disabled with `set_option linter.unusedVariables false`
warning: proofs/Calibrator.lean:6462:8: declaration uses 'sorry'
warning: proofs/Calibrator.lean:6504:29: This simp argument is unused:
  h_linear_basis

Hint: Omit it from the simp argument list.
  simp [linearPredictor,̵ ̵h̵_̵l̵i̵n̵e̵a̵r̵_̵b̵a̵s̵i̵s̵]

Note: This linter can be disabled with `set_option linter.unusedSimpArgs false`
warning: proofs/Calibrator.lean:6716:5: unused variable `hP_int`

Note: This linter can be disabled with `set_option linter.unusedVariables false`
warning: proofs/Calibrator.lean:6717:5: unused variable `hC_int`

Note: This linter can be disabled with `set_option linter.unusedVariables false`
warning: proofs/Calibrator.lean:6731:5: unused variable `hP_int`

Note: This linter can be disabled with `set_option linter.unusedVariables false`
warning: proofs/Calibrator.lean:6732:5: unused variable `hC_int`

Note: This linter can be disabled with `set_option linter.unusedVariables false`
warning: proofs/Calibrator.lean:6866:10: `MeasureTheory.integral_mul_left` has been deprecated: Use `MeasureTheory.integral_const_mul` instead
warning: proofs/Calibrator.lean:6867:10: `MeasureTheory.integral_mul_left` has been deprecated: Use `MeasureTheory.integral_const_mul` instead
info: proofs/Calibrator.lean:7012:81: Try this:
  ring_nf

  The `ring` tactic failed to close the goal. Use `ring_nf` to obtain a normal form.

  Note that `ring` works primarily in *commutative* rings. If you have a noncommutative ring, abelian group or module, consider using `noncomm_ring`, `abel` or `module` instead.
warning: proofs/Calibrator.lean:6995:103: This simp argument is unused:
  MeasureTheory.integral_prod

Hint: Omit it from the simp argument list.
  simp +decide [̵ ̵m̵u̵l̵_̵c̵o̵m̵m̵,̵[̲m̲u̲l̲_̲c̲o̲m̲m̲,̲ MeasureTheory.integral_mul_const,
  ̲  ̲ ̲ ̲ ̲ ̲ ̲ ̲ ̲ ̲M̵e̵a̵s̵u̵r̵e̵T̵h̵e̵o̵r̵y̵.̵i̵n̵t̵e̵g̵r̵a̵l̵_̵c̵o̵n̵s̵t̵_̵m̵u̵l̵,̵ ̵M̵e̵a̵s̵u̵r̵e̵T̵h̵e̵o̵r̵y̵.̵i̵n̵t̵e̵g̵r̵a̵l̵_̵p̵r̵o̵d̵ ̵]̵M̲e̲a̲s̲u̲r̲e̲T̲h̲e̲o̲r̲y̲.̲i̲n̲t̲e̲g̲r̲a̲l̲_̲c̲o̲n̲s̲t̲_̲m̲u̲l̲]̲

Note: This linter can be disabled with `set_option linter.unusedSimpArgs false`
warning: proofs/Calibrator.lean:7005:30: This simp argument is unused:
  sub_mul

Hint: Omit it from the simp argument list.
  simp +decide [ ̵h_dgp, s̵u̵b̵_̵m̵u̵l̵,̵ ̵add_mul, mul_assoc, mul_comm, mul_left_comm, sq,
  ̲  ̲ ̲ ̲ ̲ ̲ ̲ ̲ ̲ ̲MeasureTheory.integral_const_mul, MeasureTheory.integral_mul_const ̵]

Note: This linter can be disabled with `set_option linter.unusedSimpArgs false`
warning: proofs/Calibrator.lean:7005:39: This simp argument is unused:
  add_mul

Hint: Omit it from the simp argument list.
  simp +decide [ ̵h_dgp, sub_mul, a̵d̵d̵_̵mul,̵ ̵m̵u̵l̵_assoc, mul_comm, mul_left_comm, sq,
  ̲  ̲ ̲ ̲ ̲ ̲ ̲ ̲ ̲ ̲MeasureTheory.integral_const_mul, MeasureTheory.integral_mul_const ̵]

Note: This linter can be disabled with `set_option linter.unusedSimpArgs false`
warning: proofs/Calibrator.lean:7005:48: This simp argument is unused:
  mul_assoc

Hint: Omit it from the simp argument list.
  simp +decide [ ̵h_dgp, sub_mul, add_mul, mul_a̵s̵s̵o̵c,̵ ̵m̵u̵l̵_̵c̵omm, mul_left_comm, sq,
  ̲  ̲ ̲ ̲ ̲ ̲ ̲ ̲ ̲ ̲MeasureTheory.integral_const_mul, MeasureTheory.integral_mul_const ̵]

Note: This linter can be disabled with `set_option linter.unusedSimpArgs false`
warning: proofs/Calibrator.lean:7005:69: This simp argument is unused:
  mul_left_comm

Hint: Omit it from the simp argument list.
  simp +decide [ ̵h_dgp, sub_mul, add_mul, mul_assoc, mul_comm, m̵u̵l̵_̵l̵e̵f̵t̵_̵c̵o̵m̵m̵,̵ ̵sq,
  ̲  ̲ ̲ ̲ ̲ ̲ ̲ ̲ ̲ ̲MeasureTheory.integral_const_mul, MeasureTheory.integral_mul_const ̵]

Note: This linter can be disabled with `set_option linter.unusedSimpArgs false`
warning: proofs/Calibrator.lean:7005:88: This simp argument is unused:
  MeasureTheory.integral_const_mul

Hint: Omit it from the simp argument list.
  simp +decide [̵ ̵h̵_̵d̵g̵p̵,̵[̲h̲_̲d̲g̲p̲,̲ sub_mul, add_mul, mul_assoc, mul_comm, mul_left_comm, sq,
  ̲  ̲ ̲ ̲ ̲ ̲ ̲ ̲ ̲ ̲M̵e̵a̵s̵u̵r̵e̵T̵h̵e̵o̵r̵y̵.̵i̵n̵t̵e̵g̵r̵a̵l̵_̵c̵o̵n̵s̵t̵_̵m̵u̵l̵,̵ ̵M̵e̵a̵s̵u̵r̵e̵T̵h̵e̵o̵r̵y̵.̵i̵n̵t̵e̵g̵r̵a̵l̵_̵m̵u̵l̵_̵c̵o̵n̵s̵t̵ ̵]̵M̲e̲a̲s̲u̲r̲e̲T̲h̲e̲o̲r̲y̲.̲i̲n̲t̲e̲g̲r̲a̲l̲_̲m̲u̲l̲_̲c̲o̲n̲s̲t̲]̲

Note: This linter can be disabled with `set_option linter.unusedSimpArgs false`
warning: proofs/Calibrator.lean:7005:122: This simp argument is unused:
  MeasureTheory.integral_mul_const

Hint: Omit it from the simp argument list.
  simp +decide [̵ ̵h̵_̵d̵g̵p̵,̵[̲h̲_̲d̲g̲p̲,̲ sub_mul, add_mul, mul_assoc, mul_comm, mul_left_comm, sq,
  ̲  ̲ ̲ ̲ ̲ ̲ ̲ ̲ ̲ ̲M̵e̵a̵s̵u̵r̵e̵T̵h̵e̵o̵r̵y̵.̵i̵n̵t̵e̵g̵r̵a̵l̵_̵c̵o̵n̵s̵t̵_̵m̵u̵l̵,̵ ̵M̵e̵a̵s̵u̵r̵e̵T̵h̵e̵o̵r̵y̵.̵i̵n̵t̵e̵g̵r̵a̵l̵_̵m̵u̵l̵_̵c̵o̵n̵s̵t̵ ̵]̵M̲e̲a̲s̲u̲r̲e̲T̲h̲e̲o̲r̲y̲.̲i̲n̲t̲e̲g̲r̲a̲l̲_̲c̲o̲n̲s̲t̲_̲m̲u̲l̲]̲

Note: This linter can be disabled with `set_option linter.unusedSimpArgs false`
warning: proofs/Calibrator.lean:7009:27: This simp argument is unused:
  mul_assoc

Hint: Omit it from the simp argument list.
  simp +decide [̵ ̵m̵u̵l̵_̵a̵s̵s̵o̵c̵,̵ ̵M̵e̵a̵s̵u̵r̵e̵T̵h̵e̵o̵r̵y̵.̵i̵n̵t̵e̵g̵r̵a̵l̵_̵c̵o̵n̵s̵t̵_̵m̵u̵l̵,̵[̲M̲e̲a̲s̲u̲r̲e̲T̲h̲e̲o̲r̲y̲.̲i̲n̲t̲e̲g̲r̲a̲l̲_̲c̲o̲n̲s̲t̲_̲m̲u̲l̲,̲ MeasureTheory.integral_mul_const, hP0,
  ̲  ̲ ̲ ̲ ̲ ̲ ̲ ̲ ̲ ̲ ̲ ̲hC0, h̵_̵i̵n̵t̵e̵g̵r̵a̵l̵_̵p̵r̵o̵d̵ ̵]̵h̲_̲i̲n̲t̲e̲g̲r̲a̲l̲_̲p̲r̲o̲d̲]̲

Note: This linter can be disabled with `set_option linter.unusedSimpArgs false`
warning: proofs/Calibrator.lean:7009:111: This simp argument is unused:
  hC0

Hint: Omit it from the simp argument list.
  simp +decide [ ̵mul_assoc, MeasureTheory.integral_const_mul,
  ̲  ̲ ̲ ̲ ̲ ̲ ̲ ̲ ̲ ̲ ̲ ̲MeasureTheory.integral_mul_const, hP0, hC̵0̵,̵ ̵h̵_integral_prod ̵]

Note: This linter can be disabled with `set_option linter.unusedSimpArgs false`
warning: proofs/Calibrator.lean:7009:116: This simp argument is unused:
  h_integral_prod

Hint: Omit it from the simp argument list.
  simp +decide [̵ ̵m̵u̵l̵_̵a̵s̵s̵o̵c̵,̵[̲m̲u̲l̲_̲a̲s̲s̲o̲c̲,̲ MeasureTheory.integral_const_mul,
  ̲  ̲ ̲ ̲ ̲ ̲ ̲ ̲ ̲ ̲ ̲ ̲MeasureTheory.integral_mul_const, hP0, h̵C̵0̵,̵ ̵h̵_̵i̵n̵t̵e̵g̵r̵a̵l̵_̵p̵r̵o̵d̵ ̵]̵h̲C̲0̲]̲

Note: This linter can be disabled with `set_option linter.unusedSimpArgs false`
warning: proofs/Calibrator.lean:7010:107: This simp argument is unused:
  hC0

Hint: Omit it from the simp argument list.
  simp +decide [̵ ̵h̵P̵0̵,̵ ̵h̵C̵0̵ ̵]̵[̲h̲P̲0̲]̲

Note: This linter can be disabled with `set_option linter.unusedSimpArgs false`
error: Lean exited with code 1
Some required targets logged failures:
- Calibrator
error: build failed
