✖ [3277/3277] Building Calibrator (104s)
trace: .> LEAN_PATH=/app/.lake/packages/Cli/.lake/build/lib/lean:/app/.lake/packages/batteries/.lake/build/lib/lean:/app/.lake/packages/Qq/.lake/build/lib/lean:/app/.lake/packages/aesop/.lake/build/lib/lean:/app/.lake/packages/proofwidgets/.lake/build/lib/lean:/app/.lake/packages/importGraph/.lake/build/lib/lean:/app/.lake/packages/LeanSearchClient/.lake/build/lib/lean:/app/.lake/packages/plausible/.lake/build/lib/lean:/app/.lake/packages/mathlib/.lake/build/lib/lean:/app/.lake/build/lib/lean /home/jules/.elan/toolchains/leanprover--lean4---v4.24.0/bin/lean /app/proofs/Calibrator.lean -o /app/.lake/build/lib/lean/Calibrator.olean -i /app/.lake/build/lib/lean/Calibrator.ilean -c /app/.lake/build/ir/Calibrator.c --setup /app/.lake/build/ir/Calibrator.setup.json --json
info: proofs/Calibrator.lean:96:142: Try this:
  ring_nf

  The `ring` tactic failed to close the goal. Use `ring_nf` to obtain a normal form.

  Note that `ring` works primarily in *commutative* rings. If you have a noncommutative ring, abelian group or module, consider using `noncomm_ring`, `abel` or `module` instead.
info: proofs/Calibrator.lean:97:55: Try this:
  ring_nf

  The `ring` tactic failed to close the goal. Use `ring_nf` to obtain a normal form.

  Note that `ring` works primarily in *commutative* rings. If you have a noncommutative ring, abelian group or module, consider using `noncomm_ring`, `abel` or `module` instead.
warning: proofs/Calibrator.lean:91:21: This simp argument is unused:
  mul_comm

Hint: Omit it from the simp argument list.
  simp_all +decide [̵ ̵m̵u̵l̵_̵c̵o̵m̵m̵,̵ ̵P̵r̵o̵b̵a̵b̵i̵l̵i̵t̵y̵T̵h̵e̵o̵r̵y̵.̵g̵a̵u̵s̵s̵i̵a̵n̵R̵e̵a̵l̵ ̵]̵[̲P̲r̲o̲b̲a̲b̲i̲l̲i̲t̲y̲T̲h̲e̲o̲r̲y̲.̲g̲a̲u̲s̲s̲i̲a̲n̲R̲e̲a̲l̲]̲

Note: This linter can be disabled with `set_option linter.unusedSimpArgs false`
warning: proofs/Calibrator.lean:125:8: `MeasureTheory.Integrable.prod_mul` has been deprecated: Use `MeasureTheory.Integrable.mul_prod` instead
warning: proofs/Calibrator.lean:431:2: try 'simp' instead of 'simpa'

Note: This linter can be disabled with `set_option linter.unnecessarySimpa false`
warning: proofs/Calibrator.lean:437:4: try 'simp' instead of 'simpa'

Note: This linter can be disabled with `set_option linter.unnecessarySimpa false`
warning: proofs/Calibrator.lean:475:18: try 'simp' instead of 'simpa'

Note: This linter can be disabled with `set_option linter.unnecessarySimpa false`
warning: proofs/Calibrator.lean:481:22: This simp argument is unused:
  gaussian_mean_zero

Hint: Omit it from the simp argument list.
  simp [g̵a̵u̵s̵s̵i̵a̵n̵_̵m̵e̵a̵n̵_̵z̵e̵r̵o̵,̵ ̵hC0]

Note: This linter can be disabled with `set_option linter.unusedSimpArgs false`
warning: proofs/Calibrator.lean:633:33: This simp argument is unused:
  zero_mul

Hint: Omit it from the simp argument list.
  simp only [mul_zero, add_zero, z̵e̵r̵o̵_̵m̵u̵l̵,̵ ̵mul_one] at h0 h1

Note: This linter can be disabled with `set_option linter.unusedSimpArgs false`
warning: proofs/Calibrator.lean:896:5: unused variable `h_pi_bar`

Note: This linter can be disabled with `set_option linter.unusedVariables false`
warning: proofs/Calibrator.lean:1468:29: This simp argument is unused:
  ha_def

Hint: Omit it from the simp argument list.
  simp only [model', ha̵_̵d̵e̵f̵,̵ ̵h̵b_def] at h

Note: This linter can be disabled with `set_option linter.unusedSimpArgs false`
warning: proofs/Calibrator.lean:1468:37: This simp argument is unused:
  hb_def

Hint: Omit it from the simp argument list.
  simp only [model', ha_def,̵ ̵h̵b̵_̵d̵e̵f̵] at h

Note: This linter can be disabled with `set_option linter.unusedSimpArgs false`
warning: proofs/Calibrator.lean:1469:32: 'ring' tactic does nothing

Note: This linter can be disabled with `set_option linter.unusedTactic false`
warning: proofs/Calibrator.lean:1469:32: this tactic is never executed

Note: This linter can be disabled with `set_option linter.unreachableTactic false`
warning: proofs/Calibrator.lean:1681:4: try 'simp' instead of 'simpa'

Note: This linter can be disabled with `set_option linter.unnecessarySimpa false`
warning: proofs/Calibrator.lean:1735:8: try 'simp' instead of 'simpa'

Note: This linter can be disabled with `set_option linter.unnecessarySimpa false`
warning: proofs/Calibrator.lean:1737:8: try 'simp' instead of 'simpa'

Note: This linter can be disabled with `set_option linter.unnecessarySimpa false`
warning: proofs/Calibrator.lean:1741:8: try 'simp' instead of 'simpa'

Note: This linter can be disabled with `set_option linter.unnecessarySimpa false`
warning: proofs/Calibrator.lean:1743:8: try 'simp' instead of 'simpa'

Note: This linter can be disabled with `set_option linter.unnecessarySimpa false`
warning: proofs/Calibrator.lean:1750:8: try 'simp' instead of 'simpa'

Note: This linter can be disabled with `set_option linter.unnecessarySimpa false`
warning: proofs/Calibrator.lean:1752:8: try 'simp' instead of 'simpa'

Note: This linter can be disabled with `set_option linter.unnecessarySimpa false`
warning: proofs/Calibrator.lean:1756:8: try 'simp' instead of 'simpa'

Note: This linter can be disabled with `set_option linter.unnecessarySimpa false`
warning: proofs/Calibrator.lean:1758:8: try 'simp' instead of 'simpa'

Note: This linter can be disabled with `set_option linter.unnecessarySimpa false`
warning: proofs/Calibrator.lean:1859:5: unused variable `hC_int`

Note: This linter can be disabled with `set_option linter.unusedVariables false`
warning: proofs/Calibrator.lean:2043:34: try 'simp' instead of 'simpa'

Note: This linter can be disabled with `set_option linter.unnecessarySimpa false`
warning: proofs/Calibrator.lean:2046:34: try 'simp' instead of 'simpa'

Note: This linter can be disabled with `set_option linter.unnecessarySimpa false`
warning: proofs/Calibrator.lean:2087:28: try 'simp' instead of 'simpa'

Note: This linter can be disabled with `set_option linter.unnecessarySimpa false`
warning: proofs/Calibrator.lean:2092:35: try 'simp' instead of 'simpa'

Note: This linter can be disabled with `set_option linter.unnecessarySimpa false`
warning: proofs/Calibrator.lean:2080:66: try 'simp' instead of 'simpa'

Note: This linter can be disabled with `set_option linter.unnecessarySimpa false`
warning: proofs/Calibrator.lean:2083:44: try 'simp' instead of 'simpa'

Note: This linter can be disabled with `set_option linter.unnecessarySimpa false`
warning: proofs/Calibrator.lean:2099:30: try 'simp' instead of 'simpa'

Note: This linter can be disabled with `set_option linter.unnecessarySimpa false`
warning: proofs/Calibrator.lean:2104:30: try 'simp' instead of 'simpa'

Note: This linter can be disabled with `set_option linter.unnecessarySimpa false`
warning: proofs/Calibrator.lean:2115:68: try 'simp' instead of 'simpa'

Note: This linter can be disabled with `set_option linter.unnecessarySimpa false`
warning: proofs/Calibrator.lean:2118:46: try 'simp' instead of 'simpa'

Note: This linter can be disabled with `set_option linter.unnecessarySimpa false`
warning: proofs/Calibrator.lean:2137:30: try 'simp' instead of 'simpa'

Note: This linter can be disabled with `set_option linter.unnecessarySimpa false`
warning: proofs/Calibrator.lean:2141:31: try 'simp' instead of 'simpa'

Note: This linter can be disabled with `set_option linter.unnecessarySimpa false`
warning: proofs/Calibrator.lean:2148:32: try 'simp' instead of 'simpa'

Note: This linter can be disabled with `set_option linter.unnecessarySimpa false`
warning: proofs/Calibrator.lean:2152:32: try 'simp' instead of 'simpa'

Note: This linter can be disabled with `set_option linter.unnecessarySimpa false`
warning: proofs/Calibrator.lean:2160:32: try 'simp' instead of 'simpa'

Note: This linter can be disabled with `set_option linter.unnecessarySimpa false`
warning: proofs/Calibrator.lean:2166:30: try 'simp' instead of 'simpa'

Note: This linter can be disabled with `set_option linter.unnecessarySimpa false`
warning: proofs/Calibrator.lean:2171:32: try 'simp' instead of 'simpa'

Note: This linter can be disabled with `set_option linter.unnecessarySimpa false`
warning: proofs/Calibrator.lean:2176:33: try 'simp' instead of 'simpa'

Note: This linter can be disabled with `set_option linter.unnecessarySimpa false`
warning: proofs/Calibrator.lean:2182:37: try 'simp' instead of 'simpa'

Note: This linter can be disabled with `set_option linter.unnecessarySimpa false`
warning: proofs/Calibrator.lean:2188:30: try 'simp' instead of 'simpa'

Note: This linter can be disabled with `set_option linter.unnecessarySimpa false`
warning: proofs/Calibrator.lean:2193:37: try 'simp' instead of 'simpa'

Note: This linter can be disabled with `set_option linter.unnecessarySimpa false`
warning: proofs/Calibrator.lean:2123:56: This simp argument is unused:
  mul_left_comm

Hint: Omit it from the simp argument list.
  simp [g, ParamIx.equivSum, mul_assoc, m̵u̵l̵_̵l̵e̵f̵t̵_̵c̵o̵m̵m̵,̵ ̵mul_comm]

Note: This linter can be disabled with `set_option linter.unusedSimpArgs false`
warning: proofs/Calibrator.lean:2195:79: This simp argument is unused:
  Finset.sum_mul

Hint: Omit it from the simp argument list.
  simp [linearPredictor, evalSmooth, Finset.sum_add_distrib, Finset.mul_sum, F̵i̵n̵s̵e̵t̵.̵s̵u̵m̵_̵m̵u̵l̵,̵add_mul, mul_add,
  ̲  ̲ ̲ ̲ ̲ ̲mul_comm, mul_left_comm, mul_assoc]

Note: This linter can be disabled with `set_option linter.unusedSimpArgs false`
warning: proofs/Calibrator.lean:2196:6: This simp argument is unused:
  add_mul

Hint: Omit it from the simp argument list.
  simp [linearPredictor, evalSmooth, Finset.sum_add_distrib, Finset.mul_sum, Finset.sum_mul,
        a̵d̵d̵_̵mul,̵ ̵m̵u̵l̵_add, mul_comm, mul_left_comm, mul_assoc]

Note: This linter can be disabled with `set_option linter.unusedSimpArgs false`
warning: proofs/Calibrator.lean:2196:34: This simp argument is unused:
  mul_left_comm

Hint: Omit it from the simp argument list.
  simp [linearPredictor, evalSmooth, Finset.sum_add_distrib, Finset.mul_sum, Finset.sum_mul,
        add_mul, mul_add, mul_comm, mul_l̵e̵f̵t̵_̵c̵o̵m̵m̵,̵ ̵m̵u̵l̵_̵assoc]

Note: This linter can be disabled with `set_option linter.unusedSimpArgs false`
warning: proofs/Calibrator.lean:2196:49: This simp argument is unused:
  mul_assoc

Hint: Omit it from the simp argument list.
  simp [linearPredictor, evalSmooth, Finset.sum_add_distrib, Finset.mul_sum, Finset.sum_mul,
        add_mul, mul_add, mul_comm, mul_left_comm,̵ ̵m̵u̵l̵_̵a̵s̵s̵o̵c̵]

Note: This linter can be disabled with `set_option linter.unusedSimpArgs false`
warning: proofs/Calibrator.lean:2197:29: This simp argument is unused:
  mul_comm

Hint: Omit it from the simp argument list.
  simp [hsum_pc, hsum_int, mul_c̵o̵m̵m̵,̵ ̵m̵u̵l_̵l̵eft_comm, mul_assoc]

Note: This linter can be disabled with `set_option linter.unusedSimpArgs false`
warning: proofs/Calibrator.lean:2197:39: This simp argument is unused:
  mul_left_comm

Hint: Omit it from the simp argument list.
  simp [hsum_pc, hsum_int, mul_comm, mul_l̵e̵f̵t̵_̵c̵o̵m̵m̵,̵ ̵m̵u̵l̵_̵assoc]

Note: This linter can be disabled with `set_option linter.unusedSimpArgs false`
warning: proofs/Calibrator.lean:2197:54: This simp argument is unused:
  mul_assoc

Hint: Omit it from the simp argument list.
  simp [hsum_pc, hsum_int, mul_comm, mul_left_comm,̵ ̵m̵u̵l̵_̵a̵s̵s̵o̵c̵]

Note: This linter can be disabled with `set_option linter.unusedSimpArgs false`
warning: proofs/Calibrator.lean:2362:4: try 'simp' instead of 'simpa'

Note: This linter can be disabled with `set_option linter.unnecessarySimpa false`
warning: proofs/Calibrator.lean:2372:31: Try `simp at this` instead of `simpa using this`

Note: This linter can be disabled with `set_option linter.unnecessarySimpa false`
warning: proofs/Calibrator.lean:2386:38: This simp argument is unused:
  norm_norm

Hint: Omit it from the simp argument list.
  simp [u, norm_smul, norm_inv, n̵o̵r̵m̵_̵n̵o̵r̵m̵,̵ ̵hnorm]

Note: This linter can be disabled with `set_option linter.unusedSimpArgs false`
warning: proofs/Calibrator.lean:2568:20: try 'simp' instead of 'simpa'

Note: This linter can be disabled with `set_option linter.unnecessarySimpa false`
warning: proofs/Calibrator.lean:2570:20: try 'simp' instead of 'simpa'

Note: This linter can be disabled with `set_option linter.unnecessarySimpa false`
warning: proofs/Calibrator.lean:2524:66: This simp argument is unused:
  Finset.sum_mul

Hint: Omit it from the simp argument list.
  simp [Finset.sum_add_distrib, Finset.mul_sum, F̵i̵n̵s̵e̵t̵.̵s̵u̵m̵_̵m̵u̵l̵,̵ ̵sub_eq_add_neg, add_comm,
  ̲  ̲ ̲ ̲ ̲ ̲ ̲ ̲ ̲ ̲ ̲ ̲ ̲ ̲ ̲ ̲ ̲ ̲ ̲ ̲ ̲ ̲add_left_comm, add_assoc, mul_comm, mul_left_comm, mul_assoc]

Note: This linter can be disabled with `set_option linter.unusedSimpArgs false`
warning: proofs/Calibrator.lean:2525:22: This simp argument is unused:
  add_comm

Hint: Omit it from the simp argument list.
  simp [Finset.sum_add_distrib, Finset.mul_sum, Finset.sum_mul, sub_eq_add_neg,
                        add_c̵o̵m̵m̵,̵ ̵a̵d̵d̵_̵left_comm, add_assoc, mul_comm, mul_left_comm, mul_assoc]

Note: This linter can be disabled with `set_option linter.unusedSimpArgs false`
warning: proofs/Calibrator.lean:2525:32: This simp argument is unused:
  add_left_comm

Hint: Omit it from the simp argument list.
  simp [Finset.sum_add_distrib, Finset.mul_sum, Finset.sum_mul, sub_eq_add_neg,
                        add_comm, add_l̵e̵f̵t̵_̵c̵o̵m̵m̵,̵ ̵ad̵d̵_̵a̵ssoc, mul_comm, mul_left_comm, mul_assoc]

Note: This linter can be disabled with `set_option linter.unusedSimpArgs false`
warning: proofs/Calibrator.lean:2525:47: This simp argument is unused:
  add_assoc

Hint: Omit it from the simp argument list.
  simp [Finset.sum_add_distrib, Finset.mul_sum, Finset.sum_mul, sub_eq_add_neg,
                        add_comm, add_left_comm, a̵d̵d̵_̵a̵s̵s̵o̵c̵,̵ ̵mul_comm, mul_left_comm, mul_assoc]

Note: This linter can be disabled with `set_option linter.unusedSimpArgs false`
warning: proofs/Calibrator.lean:2525:68: This simp argument is unused:
  mul_left_comm

Hint: Omit it from the simp argument list.
  simp [Finset.sum_add_distrib, Finset.mul_sum, Finset.sum_mul, sub_eq_add_neg,
                        add_comm, add_left_comm, add_assoc, mul_comm, mul_l̵e̵f̵t̵_̵c̵o̵m̵m̵,̵ ̵m̵u̵l̵_̵assoc]

Note: This linter can be disabled with `set_option linter.unusedSimpArgs false`
warning: proofs/Calibrator.lean:2525:83: This simp argument is unused:
  mul_assoc

Hint: Omit it from the simp argument list.
  simp [Finset.sum_add_distrib, Finset.mul_sum, Finset.sum_mul, sub_eq_add_neg,
                        add_comm, add_left_comm, add_assoc, mul_comm, mul_left_comm,̵ ̵m̵u̵l̵_̵a̵s̵s̵o̵c̵]

Note: This linter can be disabled with `set_option linter.unusedSimpArgs false`
warning: proofs/Calibrator.lean:2535:14: This simp argument is unused:
  Finset.sum_ite_eq'

Hint: Omit it from the simp argument list.
  simp [S, Matrix.mulVec, dotProduct, Matrix.diagonal_apply, F̵i̵n̵s̵e̵t̵.̵s̵u̵m̵_̵i̵t̵e̵_̵e̵q̵'̵,̵ ̵Finset.sum_ite_eq, mul_comm,
  ̲  ̲ ̲ ̲ ̲ ̲ ̲ ̲ ̲ ̲ ̲ ̲ ̲ ̲mul_left_comm, mul_assoc]

Note: This linter can be disabled with `set_option linter.unusedSimpArgs false`
warning: proofs/Calibrator.lean:2535:63: This simp argument is unused:
  mul_left_comm

Hint: Omit it from the simp argument list.
  simp [S, Matrix.mulVec, dotProduct, Matrix.diagonal_apply, Finset.sum_ite_eq',
  ̲  ̲ ̲ ̲ ̲ ̲ ̲ ̲ ̲ ̲ ̲ ̲ ̲ ̲Finset.sum_ite_eq, mul_comm, m̵u̵l̵_̵l̵e̵f̵t̵_̵c̵o̵m̵m̵,̵ ̵mul_assoc]

Note: This linter can be disabled with `set_option linter.unusedSimpArgs false`
warning: proofs/Calibrator.lean:2535:78: This simp argument is unused:
  mul_assoc

Hint: Omit it from the simp argument list.
  simp [S, Matrix.mulVec, dotProduct, Matrix.diagonal_apply, Finset.sum_ite_eq',
  ̲  ̲ ̲ ̲ ̲ ̲ ̲ ̲ ̲ ̲ ̲ ̲ ̲ ̲Finset.sum_ite_eq, mul_comm, m̵u̵l̵_̵l̵e̵f̵t̵_̵c̵o̵m̵m̵,̵ ̵m̵u̵l̵_̵a̵s̵s̵o̵c̵]̵m̲u̲l̲_̲l̲e̲f̲t̲_̲c̲o̲m̲m̲]̲

Note: This linter can be disabled with `set_option linter.unusedSimpArgs false`
warning: proofs/Calibrator.lean:2536:46: This simp argument is unused:
  mul_left_comm

Hint: Omit it from the simp argument list.
  simp [hSi, s, mul_comm, mul_l̵e̵f̵t̵_̵c̵o̵m̵m̵,̵ ̵m̵u̵l̵_̵assoc, mul_self_nonneg]

Note: This linter can be disabled with `set_option linter.unusedSimpArgs false`
warning: proofs/Calibrator.lean:2536:61: This simp argument is unused:
  mul_assoc

Hint: Omit it from the simp argument list.
  simp [hSi, s, mul_comm, mul_left_comm, mul_a̵ss̵o̵c̵,̵ ̵m̵u̵l̵_̵s̵elf_nonneg]

Note: This linter can be disabled with `set_option linter.unusedSimpArgs false`
warning: proofs/Calibrator.lean:2555:37: This simp argument is unused:
  mul_comm

Hint: Omit it from the simp argument list.
  simp [dotProduct, pow_two,̵ ̵m̵u̵l̵_̵c̵o̵m̵m̵]

Note: This linter can be disabled with `set_option linter.unusedSimpArgs false`
warning: proofs/Calibrator.lean:2559:28: This simp argument is unused:
  mul_comm

Hint: Omit it from the simp argument list.
  simp [dotProduct,̵ ̵m̵u̵l̵_̵c̵o̵m̵m̵]

Note: This linter can be disabled with `set_option linter.unusedSimpArgs false`
warning: proofs/Calibrator.lean:2728:20: try 'simp' instead of 'simpa'

Note: This linter can be disabled with `set_option linter.unnecessarySimpa false`
warning: proofs/Calibrator.lean:2730:20: try 'simp' instead of 'simpa'

Note: This linter can be disabled with `set_option linter.unnecessarySimpa false`
warning: proofs/Calibrator.lean:2685:66: This simp argument is unused:
  Finset.sum_mul

Hint: Omit it from the simp argument list.
  simp [Finset.sum_add_distrib, Finset.mul_sum, F̵i̵n̵s̵e̵t̵.̵s̵u̵m̵_̵m̵u̵l̵,̵ ̵sub_eq_add_neg, add_comm,
  ̲  ̲ ̲ ̲ ̲ ̲ ̲ ̲ ̲ ̲ ̲ ̲ ̲ ̲ ̲ ̲ ̲ ̲ ̲ ̲ ̲ ̲add_left_comm, add_assoc, mul_comm, mul_left_comm, mul_assoc]

Note: This linter can be disabled with `set_option linter.unusedSimpArgs false`
warning: proofs/Calibrator.lean:2686:22: This simp argument is unused:
  add_comm

Hint: Omit it from the simp argument list.
  simp [Finset.sum_add_distrib, Finset.mul_sum, Finset.sum_mul, sub_eq_add_neg,
                        add_c̵o̵m̵m̵,̵ ̵a̵d̵d̵_̵left_comm, add_assoc, mul_comm, mul_left_comm, mul_assoc]

Note: This linter can be disabled with `set_option linter.unusedSimpArgs false`
warning: proofs/Calibrator.lean:2686:32: This simp argument is unused:
  add_left_comm

Hint: Omit it from the simp argument list.
  simp [Finset.sum_add_distrib, Finset.mul_sum, Finset.sum_mul, sub_eq_add_neg,
                        add_comm, add_l̵e̵f̵t̵_̵c̵o̵m̵m̵,̵ ̵ad̵d̵_̵a̵ssoc, mul_comm, mul_left_comm, mul_assoc]

Note: This linter can be disabled with `set_option linter.unusedSimpArgs false`
warning: proofs/Calibrator.lean:2686:47: This simp argument is unused:
  add_assoc

Hint: Omit it from the simp argument list.
  simp [Finset.sum_add_distrib, Finset.mul_sum, Finset.sum_mul, sub_eq_add_neg,
                        add_comm, add_left_comm, a̵d̵d̵_̵a̵s̵s̵o̵c̵,̵ ̵mul_comm, mul_left_comm, mul_assoc]

Note: This linter can be disabled with `set_option linter.unusedSimpArgs false`
warning: proofs/Calibrator.lean:2686:68: This simp argument is unused:
  mul_left_comm

Hint: Omit it from the simp argument list.
  simp [Finset.sum_add_distrib, Finset.mul_sum, Finset.sum_mul, sub_eq_add_neg,
                        add_comm, add_left_comm, add_assoc, mul_comm, mul_l̵e̵f̵t̵_̵c̵o̵m̵m̵,̵ ̵m̵u̵l̵_̵assoc]

Note: This linter can be disabled with `set_option linter.unusedSimpArgs false`
warning: proofs/Calibrator.lean:2686:83: This simp argument is unused:
  mul_assoc

Hint: Omit it from the simp argument list.
  simp [Finset.sum_add_distrib, Finset.mul_sum, Finset.sum_mul, sub_eq_add_neg,
                        add_comm, add_left_comm, add_assoc, mul_comm, mul_left_comm,̵ ̵m̵u̵l̵_̵a̵s̵s̵o̵c̵]

Note: This linter can be disabled with `set_option linter.unusedSimpArgs false`
warning: proofs/Calibrator.lean:2696:14: This simp argument is unused:
  Finset.sum_ite_eq'

Hint: Omit it from the simp argument list.
  simp [S, Matrix.mulVec, dotProduct, Matrix.diagonal_apply, F̵i̵n̵s̵e̵t̵.̵s̵u̵m̵_̵i̵t̵e̵_̵e̵q̵'̵,̵ ̵Finset.sum_ite_eq, mul_comm,
  ̲  ̲ ̲ ̲ ̲ ̲ ̲ ̲ ̲ ̲ ̲ ̲ ̲ ̲mul_left_comm, mul_assoc]

Note: This linter can be disabled with `set_option linter.unusedSimpArgs false`
warning: proofs/Calibrator.lean:2696:63: This simp argument is unused:
  mul_left_comm

Hint: Omit it from the simp argument list.
  simp [S, Matrix.mulVec, dotProduct, Matrix.diagonal_apply, Finset.sum_ite_eq',
  ̲  ̲ ̲ ̲ ̲ ̲ ̲ ̲ ̲ ̲ ̲ ̲ ̲ ̲Finset.sum_ite_eq, mul_comm, m̵u̵l̵_̵l̵e̵f̵t̵_̵c̵o̵m̵m̵,̵ ̵mul_assoc]

Note: This linter can be disabled with `set_option linter.unusedSimpArgs false`
warning: proofs/Calibrator.lean:2696:78: This simp argument is unused:
  mul_assoc

Hint: Omit it from the simp argument list.
  simp [S, Matrix.mulVec, dotProduct, Matrix.diagonal_apply, Finset.sum_ite_eq',
  ̲  ̲ ̲ ̲ ̲ ̲ ̲ ̲ ̲ ̲ ̲ ̲ ̲ ̲Finset.sum_ite_eq, mul_comm, m̵u̵l̵_̵l̵e̵f̵t̵_̵c̵o̵m̵m̵,̵ ̵m̵u̵l̵_̵a̵s̵s̵o̵c̵]̵m̲u̲l̲_̲l̲e̲f̲t̲_̲c̲o̲m̲m̲]̲

Note: This linter can be disabled with `set_option linter.unusedSimpArgs false`
warning: proofs/Calibrator.lean:2697:46: This simp argument is unused:
  mul_left_comm

Hint: Omit it from the simp argument list.
  simp [hSi, s, mul_comm, mul_l̵e̵f̵t̵_̵c̵o̵m̵m̵,̵ ̵m̵u̵l̵_̵assoc, mul_self_nonneg]

Note: This linter can be disabled with `set_option linter.unusedSimpArgs false`
warning: proofs/Calibrator.lean:2697:61: This simp argument is unused:
  mul_assoc

Hint: Omit it from the simp argument list.
  simp [hSi, s, mul_comm, mul_left_comm, mul_a̵ss̵o̵c̵,̵ ̵m̵u̵l̵_̵s̵elf_nonneg]

Note: This linter can be disabled with `set_option linter.unusedSimpArgs false`
warning: proofs/Calibrator.lean:2715:37: This simp argument is unused:
  mul_comm

Hint: Omit it from the simp argument list.
  simp [dotProduct, pow_two,̵ ̵m̵u̵l̵_̵c̵o̵m̵m̵]

Note: This linter can be disabled with `set_option linter.unusedSimpArgs false`
warning: proofs/Calibrator.lean:2719:28: This simp argument is unused:
  mul_comm

Hint: Omit it from the simp argument list.
  simp [dotProduct,̵ ̵m̵u̵l̵_̵c̵o̵m̵m̵]

Note: This linter can be disabled with `set_option linter.unusedSimpArgs false`
warning: proofs/Calibrator.lean:2772:44: This simp argument is unused:
  Pi.sub_apply

Hint: Omit it from the simp argument list.
  simp [pointwiseNLL, hm.dist_gaussian, P̵i̵.̵s̵u̵b̵_̵a̵p̵p̵l̵y̵,̵ ̵h_lin, X]

Note: This linter can be disabled with `set_option linter.unusedSimpArgs false`
warning: proofs/Calibrator.lean:2777:8: This simp argument is unused:
  Finset.sum_ite_eq'

Hint: Omit it from the simp argument list.
  simp [S, Matrix.mulVec, dotProduct, Matrix.diagonal_apply, F̵i̵n̵s̵e̵t̵.̵s̵u̵m̵_̵i̵t̵e̵_̵e̵q̵'̵,̵ ̵Finset.sum_ite_eq, mul_comm,
  ̲  ̲ ̲ ̲ ̲ ̲ ̲ ̲mul_left_comm, mul_assoc]

Note: This linter can be disabled with `set_option linter.unusedSimpArgs false`
warning: proofs/Calibrator.lean:2777:57: This simp argument is unused:
  mul_left_comm

Hint: Omit it from the simp argument list.
  simp [S, Matrix.mulVec, dotProduct, Matrix.diagonal_apply, Finset.sum_ite_eq',
  ̲  ̲ ̲ ̲ ̲ ̲ ̲ ̲Finset.sum_ite_eq, mul_comm, m̵u̵l̵_̵l̵e̵f̵t̵_̵c̵o̵m̵m̵,̵ ̵mul_assoc]

Note: This linter can be disabled with `set_option linter.unusedSimpArgs false`
warning: proofs/Calibrator.lean:2777:72: This simp argument is unused:
  mul_assoc

Hint: Omit it from the simp argument list.
  simp [S, Matrix.mulVec, dotProduct, Matrix.diagonal_apply, Finset.sum_ite_eq',
  ̲  ̲ ̲ ̲ ̲ ̲ ̲ ̲Finset.sum_ite_eq, mul_comm, m̵u̵l̵_̵l̵e̵f̵t̵_̵c̵o̵m̵m̵,̵ ̵m̵u̵l̵_̵a̵s̵s̵o̵c̵]̵m̲u̲l̲_̲l̲e̲f̲t̲_̲c̲o̲m̲m̲]̲

Note: This linter can be disabled with `set_option linter.unusedSimpArgs false`
warning: proofs/Calibrator.lean:2788:41: This simp argument is unused:
  mul_left_comm

Hint: Omit it from the simp argument list.
  simp [h_diag, pow_two, mul_comm, mul_l̵e̵f̵t̵_̵c̵o̵m̵m̵,̵ ̵m̵u̵l̵_̵assoc]

Note: This linter can be disabled with `set_option linter.unusedSimpArgs false`
warning: proofs/Calibrator.lean:2838:52: This simp argument is unused:
  Finset.sum_add_distrib

Hint: Omit it from the simp argument list.
  simp [g, ParamIxSum, hsum_pc, hsum_int,̵ ̵F̵i̵n̵s̵e̵t̵.̵s̵u̵m̵_̵a̵d̵d̵_̵d̵i̵s̵t̵r̵i̵b̵]

Note: This linter can be disabled with `set_option linter.unusedSimpArgs false`
warning: proofs/Calibrator.lean:3035:73: try 'simp' instead of 'simpa'

Note: This linter can be disabled with `set_option linter.unnecessarySimpa false`
warning: proofs/Calibrator.lean:3134:10: try 'simp' instead of 'simpa'

Note: This linter can be disabled with `set_option linter.unnecessarySimpa false`
warning: proofs/Calibrator.lean:2991:54: This simp argument is unused:
  Finset.sum_mul

Hint: Omit it from the simp argument list.
  simp [Finset.sum_add_distrib, Finset.mul_sum, F̵i̵n̵s̵e̵t̵.̵s̵u̵m̵_̵m̵u̵l̵,̵ ̵sub_eq_add_neg, add_comm, add_left_comm,
  ̲  ̲ ̲ ̲ ̲ ̲ ̲ ̲ ̲ ̲add_assoc]

Note: This linter can be disabled with `set_option linter.unusedSimpArgs false`
warning: proofs/Calibrator.lean:2992:10: This simp argument is unused:
  add_comm

Hint: Omit it from the simp argument list.
  simp [Finset.sum_add_distrib, Finset.mul_sum, Finset.sum_mul, sub_eq_add_neg, a̵d̵d̵_̵c̵o̵m̵m̵,̵ ̵add_left_comm,
  ̲  ̲ ̲ ̲ ̲ ̲ ̲ ̲ ̲ ̲add_assoc]

Note: This linter can be disabled with `set_option linter.unusedSimpArgs false`
warning: proofs/Calibrator.lean:2992:20: This simp argument is unused:
  add_left_comm

Hint: Omit it from the simp argument list.
  simp [Finset.sum_add_distrib, Finset.mul_sum, Finset.sum_mul, sub_eq_add_neg, add_comm,
  ̲  ̲ ̲ ̲ ̲ ̲ ̲ ̲ ̲ ̲a̵d̵d̵_̵l̵e̵f̵t̵_̵c̵o̵m̵m̵,̵ ̵add_assoc]

Note: This linter can be disabled with `set_option linter.unusedSimpArgs false`
warning: proofs/Calibrator.lean:3068:62: This simp argument is unused:
  Finset.sum_mul

Hint: Omit it from the simp argument list.
  simp [Finset.sum_add_distrib, Finset.mul_sum, F̵i̵n̵s̵e̵t̵.̵s̵u̵m̵_̵m̵u̵l̵,̵ ̵sub_eq_add_neg, add_comm,
  ̲  ̲ ̲ ̲ ̲ ̲ ̲ ̲ ̲ ̲ ̲ ̲ ̲ ̲ ̲ ̲ ̲ ̲add_left_comm, add_assoc]

Note: This linter can be disabled with `set_option linter.unusedSimpArgs false`
warning: proofs/Calibrator.lean:3069:18: This simp argument is unused:
  add_comm

Hint: Omit it from the simp argument list.
  simp [Finset.sum_add_distrib, Finset.mul_sum, Finset.sum_mul, sub_eq_add_neg,
                    add_c̵o̵m̵m̵,̵ ̵a̵d̵d̵_̵left_comm, add_assoc]

Note: This linter can be disabled with `set_option linter.unusedSimpArgs false`
warning: proofs/Calibrator.lean:3069:28: This simp argument is unused:
  add_left_comm

Hint: Omit it from the simp argument list.
  simp [Finset.sum_add_distrib, Finset.mul_sum, Finset.sum_mul, sub_eq_add_neg,
                    add_comm, add_l̵e̵f̵t̵_̵c̵o̵m̵m̵,̵ ̵ad̵d̵_̵a̵ssoc]

Note: This linter can be disabled with `set_option linter.unusedSimpArgs false`
warning: proofs/Calibrator.lean:3073:61: This simp argument is unused:
  Matrix.mulVec_sub

Hint: Omit it from the simp argument list.
  simp [Matrix.mulVec_add, Matrix.mulVec_smul, M̵a̵t̵r̵i̵x̵.̵m̵u̵l̵V̵e̵c̵_̵s̵u̵b̵,̵ ̵Matrix.mulVec_neg, Pi.add_apply,
  ̲  ̲ ̲ ̲ ̲ ̲ ̲ ̲ ̲ ̲ ̲ ̲ ̲ ̲ ̲ ̲ ̲ ̲Pi.sub_apply, Pi.neg_apply, Pi.smul_apply, smul_eq_mul, mul_add, add_mul,
  ̲  ̲ ̲ ̲ ̲ ̲ ̲ ̲ ̲ ̲ ̲ ̲ ̲ ̲ ̲ ̲ ̲ ̲sub_eq_add_neg, hb']

Note: This linter can be disabled with `set_option linter.unusedSimpArgs false`
warning: proofs/Calibrator.lean:3078:38: This simp argument is unused:
  mul_left_comm

Hint: Omit it from the simp argument list.
  simp [Finset.mul_sum, m̵u̵l̵_̵l̵e̵f̵t̵_̵c̵o̵m̵m̵,̵ ̵mul_comm, mul_assoc]

Note: This linter can be disabled with `set_option linter.unusedSimpArgs false`
warning: proofs/Calibrator.lean:3248:15: unused variable `hlam`

Note: This linter can be disabled with `set_option linter.unusedVariables false`
warning: proofs/Calibrator.lean:3248:32: unused variable `hS_posDef`

Note: This linter can be disabled with `set_option linter.unusedVariables false`
warning: proofs/Calibrator.lean:3570:58: try 'simp' instead of 'simpa'

Note: This linter can be disabled with `set_option linter.unnecessarySimpa false`
warning: proofs/Calibrator.lean:3571:57: try 'simp' instead of 'simpa'

Note: This linter can be disabled with `set_option linter.unnecessarySimpa false`
warning: proofs/Calibrator.lean:3668:18: try 'simp' instead of 'simpa'

Note: This linter can be disabled with `set_option linter.unnecessarySimpa false`
warning: proofs/Calibrator.lean:3649:64: This simp argument is unused:
  mul_add

Hint: Omit it from the simp argument list.
  simp [Finset.sum_add_distrib, Finset.mul_sum, m̵u̵l̵_̵a̵d̵d̵,̵ ̵add_mul, mul_assoc, mul_left_comm,
  ̲  ̲ ̲ ̲ ̲ ̲ ̲ ̲ ̲ ̲ ̲ ̲ ̲ ̲ ̲ ̲ ̲ ̲ ̲ ̲mul_comm]

Note: This linter can be disabled with `set_option linter.unusedSimpArgs false`
warning: proofs/Calibrator.lean:3649:73: This simp argument is unused:
  add_mul

Hint: Omit it from the simp argument list.
  simp [Finset.sum_add_distrib, Finset.mul_sum, mul_add, a̵d̵d̵_̵m̵u̵l̵,̵ ̵mul_assoc, mul_left_comm,
  ̲  ̲ ̲ ̲ ̲ ̲ ̲ ̲ ̲ ̲ ̲ ̲ ̲ ̲ ̲ ̲ ̲ ̲ ̲ ̲mul_comm]

Note: This linter can be disabled with `set_option linter.unusedSimpArgs false`
warning: proofs/Calibrator.lean:3649:82: This simp argument is unused:
  mul_assoc

Hint: Omit it from the simp argument list.
  simp [Finset.sum_add_distrib, Finset.mul_sum, mul_add, add_mul, m̵u̵l̵_̵a̵s̵s̵o̵c̵,̵ ̵mul_left_comm,
  ̲  ̲ ̲ ̲ ̲ ̲ ̲ ̲ ̲ ̲ ̲ ̲ ̲ ̲ ̲ ̲ ̲ ̲ ̲ ̲mul_comm]

Note: This linter can be disabled with `set_option linter.unusedSimpArgs false`
warning: proofs/Calibrator.lean:3649:93: This simp argument is unused:
  mul_left_comm

Hint: Omit it from the simp argument list.
  simp [Finset.sum_add_distrib, Finset.mul_sum, mul_add, add_mul, mul_assoc,
  ̲  ̲ ̲ ̲ ̲ ̲ ̲ ̲ ̲ ̲ ̲ ̲ ̲ ̲ ̲ ̲ ̲ ̲ ̲ ̲m̵u̵l̵_̵l̵e̵f̵t̵_̵c̵o̵m̵m̵,̵ ̵mul_comm]

Note: This linter can be disabled with `set_option linter.unusedSimpArgs false`
warning: proofs/Calibrator.lean:3649:108: This simp argument is unused:
  mul_comm

Hint: Omit it from the simp argument list.
  simp [Finset.sum_add_distrib, Finset.mul_sum, mul_add, add_mul, mul_assoc,
  ̲  ̲ ̲ ̲ ̲ ̲ ̲ ̲ ̲ ̲ ̲ ̲ ̲ ̲ ̲ ̲ ̲ ̲ ̲ ̲m̵u̵l̵_̵l̵e̵f̵t̵_̵c̵o̵m̵m̵,̵ ̵m̵u̵l̵_̵c̵o̵m̵m̵]̵m̲u̲l̲_̲l̲e̲f̲t̲_̲c̲o̲m̲m̲]̲

Note: This linter can be disabled with `set_option linter.unusedSimpArgs false`
warning: proofs/Calibrator.lean:3702:64: This simp argument is unused:
  mul_add

Hint: Omit it from the simp argument list.
  simp [Finset.sum_add_distrib, Finset.mul_sum, m̵u̵l̵_̵a̵d̵d̵,̵ ̵add_mul, mul_assoc, mul_left_comm,
  ̲  ̲ ̲ ̲ ̲ ̲ ̲ ̲ ̲ ̲ ̲ ̲ ̲ ̲ ̲ ̲ ̲ ̲ ̲ ̲mul_comm]

Note: This linter can be disabled with `set_option linter.unusedSimpArgs false`
warning: proofs/Calibrator.lean:3702:73: This simp argument is unused:
  add_mul

Hint: Omit it from the simp argument list.
  simp [Finset.sum_add_distrib, Finset.mul_sum, mul_add, a̵d̵d̵_̵m̵u̵l̵,̵ ̵mul_assoc, mul_left_comm,
  ̲  ̲ ̲ ̲ ̲ ̲ ̲ ̲ ̲ ̲ ̲ ̲ ̲ ̲ ̲ ̲ ̲ ̲ ̲ ̲mul_comm]

Note: This linter can be disabled with `set_option linter.unusedSimpArgs false`
warning: proofs/Calibrator.lean:3702:82: This simp argument is unused:
  mul_assoc

Hint: Omit it from the simp argument list.
  simp [Finset.sum_add_distrib, Finset.mul_sum, mul_add, add_mul, m̵u̵l̵_̵a̵s̵s̵o̵c̵,̵ ̵mul_left_comm,
  ̲  ̲ ̲ ̲ ̲ ̲ ̲ ̲ ̲ ̲ ̲ ̲ ̲ ̲ ̲ ̲ ̲ ̲ ̲ ̲mul_comm]

Note: This linter can be disabled with `set_option linter.unusedSimpArgs false`
warning: proofs/Calibrator.lean:3702:93: This simp argument is unused:
  mul_left_comm

Hint: Omit it from the simp argument list.
  simp [Finset.sum_add_distrib, Finset.mul_sum, mul_add, add_mul, mul_assoc,
  ̲  ̲ ̲ ̲ ̲ ̲ ̲ ̲ ̲ ̲ ̲ ̲ ̲ ̲ ̲ ̲ ̲ ̲ ̲ ̲m̵u̵l̵_̵l̵e̵f̵t̵_̵c̵o̵m̵m̵,̵ ̵mul_comm]

Note: This linter can be disabled with `set_option linter.unusedSimpArgs false`
warning: proofs/Calibrator.lean:3702:108: This simp argument is unused:
  mul_comm

Hint: Omit it from the simp argument list.
  simp [Finset.sum_add_distrib, Finset.mul_sum, mul_add, add_mul, mul_assoc,
  ̲  ̲ ̲ ̲ ̲ ̲ ̲ ̲ ̲ ̲ ̲ ̲ ̲ ̲ ̲ ̲ ̲ ̲ ̲ ̲m̵u̵l̵_̵l̵e̵f̵t̵_̵c̵o̵m̵m̵,̵ ̵m̵u̵l̵_̵c̵o̵m̵m̵]̵m̲u̲l̲_̲l̲e̲f̲t̲_̲c̲o̲m̲m̲]̲

Note: This linter can be disabled with `set_option linter.unusedSimpArgs false`
warning: proofs/Calibrator.lean:3724:10: This simp argument is unused:
  Finset.sum_ite_eq'

Hint: Omit it from the simp argument list.
  simp [S, Matrix.mulVec, dotProduct, Matrix.diagonal_apply, F̵i̵n̵s̵e̵t̵.̵s̵u̵m̵_̵i̵t̵e̵_̵e̵q̵'̵,̵ ̵Finset.sum_ite_eq, mul_comm,
  ̲  ̲ ̲ ̲ ̲ ̲ ̲ ̲ ̲ ̲mul_left_comm, mul_assoc]

Note: This linter can be disabled with `set_option linter.unusedSimpArgs false`
warning: proofs/Calibrator.lean:3724:59: This simp argument is unused:
  mul_left_comm

Hint: Omit it from the simp argument list.
  simp [S, Matrix.mulVec, dotProduct, Matrix.diagonal_apply, Finset.sum_ite_eq',
  ̲  ̲ ̲ ̲ ̲ ̲ ̲ ̲ ̲ ̲Finset.sum_ite_eq, mul_comm, m̵u̵l̵_̵l̵e̵f̵t̵_̵c̵o̵m̵m̵,̵ ̵mul_assoc]

Note: This linter can be disabled with `set_option linter.unusedSimpArgs false`
warning: proofs/Calibrator.lean:3724:74: This simp argument is unused:
  mul_assoc

Hint: Omit it from the simp argument list.
  simp [S, Matrix.mulVec, dotProduct, Matrix.diagonal_apply, Finset.sum_ite_eq',
  ̲  ̲ ̲ ̲ ̲ ̲ ̲ ̲ ̲ ̲Finset.sum_ite_eq, mul_comm, m̵u̵l̵_̵l̵e̵f̵t̵_̵c̵o̵m̵m̵,̵ ̵m̵u̵l̵_̵a̵s̵s̵o̵c̵]̵m̲u̲l̲_̲l̲e̲f̲t̲_̲c̲o̲m̲m̲]̲

Note: This linter can be disabled with `set_option linter.unusedSimpArgs false`
warning: proofs/Calibrator.lean:3725:33: This simp argument is unused:
  mul_comm

Hint: Omit it from the simp argument list.
  simp [s, hmul, mul_c̵o̵m̵m̵,̵ ̵m̵u̵l_̵l̵eft_comm, mul_assoc, mul_self_nonneg]

Note: This linter can be disabled with `set_option linter.unusedSimpArgs false`
warning: proofs/Calibrator.lean:3725:43: This simp argument is unused:
  mul_left_comm

Hint: Omit it from the simp argument list.
  simp [s, hmul, mul_comm, mul_l̵e̵f̵t̵_̵c̵o̵m̵m̵,̵ ̵m̵u̵l̵_̵assoc, mul_self_nonneg]

Note: This linter can be disabled with `set_option linter.unusedSimpArgs false`
warning: proofs/Calibrator.lean:3725:58: This simp argument is unused:
  mul_assoc

Hint: Omit it from the simp argument list.
  simp [s, hmul, mul_comm, mul_left_comm, mul_a̵ss̵o̵c̵,̵ ̵m̵u̵l̵_̵s̵elf_nonneg]

Note: This linter can be disabled with `set_option linter.unusedSimpArgs false`
warning: proofs/Calibrator.lean:3748:10: This simp argument is unused:
  Finset.sum_ite_eq'

Hint: Omit it from the simp argument list.
  simp [S, Matrix.mulVec, dotProduct, Matrix.diagonal_apply, F̵i̵n̵s̵e̵t̵.̵s̵u̵m̵_̵i̵t̵e̵_̵e̵q̵'̵,̵ ̵Finset.sum_ite_eq, mul_comm,
  ̲  ̲ ̲ ̲ ̲ ̲ ̲ ̲ ̲ ̲mul_left_comm, mul_assoc]

Note: This linter can be disabled with `set_option linter.unusedSimpArgs false`
warning: proofs/Calibrator.lean:3748:59: This simp argument is unused:
  mul_left_comm

Hint: Omit it from the simp argument list.
  simp [S, Matrix.mulVec, dotProduct, Matrix.diagonal_apply, Finset.sum_ite_eq',
  ̲  ̲ ̲ ̲ ̲ ̲ ̲ ̲ ̲ ̲Finset.sum_ite_eq, mul_comm, m̵u̵l̵_̵l̵e̵f̵t̵_̵c̵o̵m̵m̵,̵ ̵mul_assoc]

Note: This linter can be disabled with `set_option linter.unusedSimpArgs false`
warning: proofs/Calibrator.lean:3748:74: This simp argument is unused:
  mul_assoc

Hint: Omit it from the simp argument list.
  simp [S, Matrix.mulVec, dotProduct, Matrix.diagonal_apply, Finset.sum_ite_eq',
  ̲  ̲ ̲ ̲ ̲ ̲ ̲ ̲ ̲ ̲Finset.sum_ite_eq, mul_comm, m̵u̵l̵_̵l̵e̵f̵t̵_̵c̵o̵m̵m̵,̵ ̵m̵u̵l̵_̵a̵s̵s̵o̵c̵]̵m̲u̲l̲_̲l̲e̲f̲t̲_̲c̲o̲m̲m̲]̲

Note: This linter can be disabled with `set_option linter.unusedSimpArgs false`
warning: proofs/Calibrator.lean:3759:43: This simp argument is unused:
  mul_left_comm

Hint: Omit it from the simp argument list.
  simp [h_diag, pow_two, mul_comm, mul_l̵e̵f̵t̵_̵c̵o̵m̵m̵,̵ ̵m̵u̵l̵_̵assoc]

Note: This linter can be disabled with `set_option linter.unusedSimpArgs false`
warning: proofs/Calibrator.lean:3808:50: This simp argument is unused:
  Finset.sum_add_distrib

Hint: Omit it from the simp argument list.
  simp [ParamIxSum, g, hsum_pc, hsum_int,̵ ̵F̵i̵n̵s̵e̵t̵.̵s̵u̵m̵_̵a̵d̵d̵_̵d̵i̵s̵t̵r̵i̵b̵]

Note: This linter can be disabled with `set_option linter.unusedSimpArgs false`
warning: proofs/Calibrator.lean:4154:5: unused variable `hf_int`

Note: This linter can be disabled with `set_option linter.unusedVariables false`
error: proofs/Calibrator.lean:4298:5: unknown tactic
error: proofs/Calibrator.lean:4211:68: unsolved goals
k : ℕ
inst✝ : Fintype (Fin k)
scaling_func : (Fin k → ℝ) → ℝ
_h_scaling_meas : AEStronglyMeasurable scaling_func (Measure.map Prod.snd (stdNormalProdMeasure k))
_h_scaling_sq_int : Integrable (fun c => scaling_func c ^ 2) (Measure.map Prod.snd (stdNormalProdMeasure k))
_h_mean_1 : ∫ (c : Fin k → ℝ), scaling_func c ∂Measure.map Prod.snd (stdNormalProdMeasure k) = 1
model : PhenotypeInformedGAM 1 k 1
h_normalized : IsNormalizedScoreModel model
h_linear_basis : model.pgsBasis.B 1 = id ∧ model.pgsBasis.B 0 = fun x => 1
h_pgs_cont : ∀ (i : Fin (1 + 1)), Continuous (model.pgsBasis.B i)
h_spline_cont : ∀ (i : Fin 1), Continuous (model.pcSplineBasis.b i)
dgp : DataGeneratingProcess k := dgpMultiplicativeBias scaling_func
h_pred_form : ∀ (p : ℝ) (c : Fin k → ℝ), linearPredictor model p c = predictorBase model c + predictorSlope model c * p
c : Fin k → ℝ
⊢ ∑ l, evalSmooth model.pcSplineBasis (model.fₘₗ 0 l) (c l) = 0
error: proofs/Calibrator.lean:4222:4: No goals to be solved
error: proofs/Calibrator.lean:4264:6: Tactic `apply` failed: could not unify the conclusion of `@integral_prod_mul`
  (@integral (?α × ?β) ?L NonUnitalNormedRing.toNormedAddCommGroup RCLike.toInnerProductSpaceReal.toNormedSpace
      Prod.instMeasurableSpace (Measure.prod ?μ ?ν) fun z => ?f z.1 * ?g z.2) =
    (∫ (x : ?α), ?f x ∂?μ) * ∫ (y : ?β), ?g y ∂?ν
with the goal
  (@integral (ℝ × (Fin k → ℝ)) ℝ Real.normedAddCommGroup RCLike.toInnerProductSpaceReal.toNormedSpace
      Prod.instMeasurableSpace (stdNormalProdMeasure k) fun pc => pc.1 * (2 * (scaling_func pc.2 - B) * A pc.2)) =
    (∫ (p : ℝ), p ∂μP) * ∫ (c : Fin k → ℝ), 2 * (scaling_func c - B) * A c ∂μC

Note: The full type of `@integral_prod_mul` is
  ∀ {α : Type ?u.308567} {β : Type ?u.308566} [inst : MeasurableSpace α] [inst_1 : MeasurableSpace β] {μ : Measure α}
    {ν : Measure β} [SFinite ν] [SFinite μ] {L : Type ?u.308565} [inst_4 : RCLike L] (f : α → L) (g : β → L),
    ∫ (z : α × β), f z.1 * g z.2 ∂μ.prod ν = (∫ (x : α), f x ∂μ) * ∫ (y : β), g y ∂ν

k : ℕ
inst✝ : Fintype (Fin k)
scaling_func : (Fin k → ℝ) → ℝ
_h_scaling_meas : AEStronglyMeasurable scaling_func (Measure.map Prod.snd (stdNormalProdMeasure k))
_h_scaling_sq_int : Integrable (fun c => scaling_func c ^ 2) (Measure.map Prod.snd (stdNormalProdMeasure k))
_h_mean_1 : ∫ (c : Fin k → ℝ), scaling_func c ∂Measure.map Prod.snd (stdNormalProdMeasure k) = 1
model : PhenotypeInformedGAM 1 k 1
h_normalized : IsNormalizedScoreModel model
h_linear_basis : model.pgsBasis.B 1 = id ∧ model.pgsBasis.B 0 = fun x => 1
h_pgs_cont : ∀ (i : Fin (1 + 1)), Continuous (model.pgsBasis.B i)
h_spline_cont : ∀ (i : Fin 1), Continuous (model.pcSplineBasis.b i)
dgp : DataGeneratingProcess k := dgpMultiplicativeBias scaling_func
h_pred_form : ∀ (p : ℝ) (c : Fin k → ℝ), linearPredictor model p c = predictorBase model c + predictorSlope model c * p
h_slope_const : ∀ (c : Fin k → ℝ), predictorSlope model c = model.γₘ₀ 0
B : ℝ := model.γₘ₀ 0
A : (Fin k → ℝ) → ℝ := predictorBase model
h_pred_structure : ∀ (p : ℝ) (c : Fin k → ℝ), linearPredictor model p c = A c + B * p
h_base_sq_int : Integrable (fun pc => A pc.2 ^ 2) (stdNormalProdMeasure k)
μP : Measure ℝ := ProbabilityTheory.gaussianReal 0 1
μC : Measure (Fin k → ℝ) := Measure.pi fun x => ProbabilityTheory.gaussianReal 0 1
h_eq :
  ∀ (pc : ℝ × (Fin k → ℝ)), 2 * (scaling_func pc.2 - B) * pc.1 * A pc.2 = pc.1 * (2 * (scaling_func pc.2 - B) * A pc.2)
⊢ ∫ (pc : ℝ × (Fin k → ℝ)), pc.1 * (2 * (scaling_func pc.2 - B) * A pc.2) ∂stdNormalProdMeasure k =
    (∫ (p : ℝ), p ∂μP) * ∫ (c : Fin k → ℝ), 2 * (scaling_func c - B) * A c ∂μC
error: proofs/Calibrator.lean:4290:6: Tactic `apply` failed: could not unify the conclusion of `@integral_prod_mul`
  (@integral (?α × ?β) ?L NonUnitalNormedRing.toNormedAddCommGroup RCLike.toInnerProductSpaceReal.toNormedSpace
      Prod.instMeasurableSpace (Measure.prod ?μ ?ν) fun z => ?f z.1 * ?g z.2) =
    (∫ (x : ?α), ?f x ∂?μ) * ∫ (y : ?β), ?g y ∂?ν
with the goal
  (@integral (ℝ × (Fin k → ℝ)) ℝ Real.normedAddCommGroup RCLike.toInnerProductSpaceReal.toNormedSpace
      Prod.instMeasurableSpace (stdNormalProdMeasure k) fun pc => pc.1 ^ 2 * (scaling_func pc.2 - B) ^ 2) =
    (∫ (p : ℝ), p ^ 2 ∂μP) * ∫ (c : Fin k → ℝ), (scaling_func c - B) ^ 2 ∂μC

Note: The full type of `@integral_prod_mul` is
  ∀ {α : Type ?u.315520} {β : Type ?u.315519} [inst : MeasurableSpace α] [inst_1 : MeasurableSpace β] {μ : Measure α}
    {ν : Measure β} [SFinite ν] [SFinite μ] {L : Type ?u.315518} [inst_4 : RCLike L] (f : α → L) (g : β → L),
    ∫ (z : α × β), f z.1 * g z.2 ∂μ.prod ν = (∫ (x : α), f x ∂μ) * ∫ (y : β), g y ∂ν

k : ℕ
inst✝ : Fintype (Fin k)
scaling_func : (Fin k → ℝ) → ℝ
_h_scaling_meas : AEStronglyMeasurable scaling_func (Measure.map Prod.snd (stdNormalProdMeasure k))
_h_scaling_sq_int : Integrable (fun c => scaling_func c ^ 2) (Measure.map Prod.snd (stdNormalProdMeasure k))
_h_mean_1 : ∫ (c : Fin k → ℝ), scaling_func c ∂Measure.map Prod.snd (stdNormalProdMeasure k) = 1
model : PhenotypeInformedGAM 1 k 1
h_normalized : IsNormalizedScoreModel model
h_linear_basis : model.pgsBasis.B 1 = id ∧ model.pgsBasis.B 0 = fun x => 1
h_pgs_cont : ∀ (i : Fin (1 + 1)), Continuous (model.pgsBasis.B i)
h_spline_cont : ∀ (i : Fin 1), Continuous (model.pcSplineBasis.b i)
dgp : DataGeneratingProcess k := dgpMultiplicativeBias scaling_func
h_pred_form : ∀ (p : ℝ) (c : Fin k → ℝ), linearPredictor model p c = predictorBase model c + predictorSlope model c * p
h_slope_const : ∀ (c : Fin k → ℝ), predictorSlope model c = model.γₘ₀ 0
B : ℝ := model.γₘ₀ 0
A : (Fin k → ℝ) → ℝ := predictorBase model
h_pred_structure : ∀ (p : ℝ) (c : Fin k → ℝ), linearPredictor model p c = A c + B * p
h_base_sq_int : Integrable (fun pc => A pc.2 ^ 2) (stdNormalProdMeasure k)
h_cross_term_zero : ∫ (pc : ℝ × (Fin k → ℝ)), 2 * (scaling_func pc.2 - B) * pc.1 * A pc.2 ∂stdNormalProdMeasure k = 0
μP : Measure ℝ := ProbabilityTheory.gaussianReal 0 1
μC : Measure (Fin k → ℝ) := Measure.pi fun x => ProbabilityTheory.gaussianReal 0 1
h_eq : ∀ (pc : ℝ × (Fin k → ℝ)), (scaling_func pc.2 - B) ^ 2 * pc.1 ^ 2 = pc.1 ^ 2 * (scaling_func pc.2 - B) ^ 2
⊢ ∫ (pc : ℝ × (Fin k → ℝ)), pc.1 ^ 2 * (scaling_func pc.2 - B) ^ 2 ∂stdNormalProdMeasure k =
    (∫ (p : ℝ), p ^ 2 ∂μP) * ∫ (c : Fin k → ℝ), (scaling_func c - B) ^ 2 ∂μC
error: proofs/Calibrator.lean:4279:91: unsolved goals
k : ℕ
inst✝ : Fintype (Fin k)
scaling_func : (Fin k → ℝ) → ℝ
_h_scaling_meas : AEStronglyMeasurable scaling_func (Measure.map Prod.snd (stdNormalProdMeasure k))
_h_scaling_sq_int : Integrable (fun c => scaling_func c ^ 2) (Measure.map Prod.snd (stdNormalProdMeasure k))
_h_mean_1 : ∫ (c : Fin k → ℝ), scaling_func c ∂Measure.map Prod.snd (stdNormalProdMeasure k) = 1
model : PhenotypeInformedGAM 1 k 1
h_normalized : IsNormalizedScoreModel model
h_linear_basis : model.pgsBasis.B 1 = id ∧ model.pgsBasis.B 0 = fun x => 1
h_pgs_cont : ∀ (i : Fin (1 + 1)), Continuous (model.pgsBasis.B i)
h_spline_cont : ∀ (i : Fin 1), Continuous (model.pcSplineBasis.b i)
dgp : DataGeneratingProcess k := dgpMultiplicativeBias scaling_func
h_pred_form : ∀ (p : ℝ) (c : Fin k → ℝ), linearPredictor model p c = predictorBase model c + predictorSlope model c * p
h_slope_const : ∀ (c : Fin k → ℝ), predictorSlope model c = model.γₘ₀ 0
B : ℝ := model.γₘ₀ 0
A : (Fin k → ℝ) → ℝ := predictorBase model
h_pred_structure : ∀ (p : ℝ) (c : Fin k → ℝ), linearPredictor model p c = A c + B * p
h_base_sq_int : Integrable (fun pc => A pc.2 ^ 2) (stdNormalProdMeasure k)
h_cross_term_zero : ∫ (pc : ℝ × (Fin k → ℝ)), 2 * (scaling_func pc.2 - B) * pc.1 * A pc.2 ∂stdNormalProdMeasure k = 0
μP : Measure ℝ := ProbabilityTheory.gaussianReal 0 1
μC : Measure (Fin k → ℝ) := Measure.pi fun x => ProbabilityTheory.gaussianReal 0 1
h_prod :
  ∫ (pc : ℝ × (Fin k → ℝ)), (scaling_func pc.2 - B) ^ 2 * pc.1 ^ 2 ∂stdNormalProdMeasure k =
    (∫ (p : ℝ), p ^ 2 ∂μP) * ∫ (c : Fin k → ℝ), (scaling_func c - B) ^ 2 ∂μC
⊢ 1 * ∫ (c : Fin k → ℝ), (scaling_func c - B) ^ 2 ∂μC =
    ∫ (c : Fin k → ℝ), (scaling_func c - B) ^ 2 ∂Measure.map Prod.snd (stdNormalProdMeasure k)
error: proofs/Calibrator.lean:4200:104: unsolved goals
k : ℕ
inst✝ : Fintype (Fin k)
scaling_func : (Fin k → ℝ) → ℝ
_h_scaling_meas : AEStronglyMeasurable scaling_func (Measure.map Prod.snd (stdNormalProdMeasure k))
_h_scaling_sq_int : Integrable (fun c => scaling_func c ^ 2) (Measure.map Prod.snd (stdNormalProdMeasure k))
_h_mean_1 : ∫ (c : Fin k → ℝ), scaling_func c ∂Measure.map Prod.snd (stdNormalProdMeasure k) = 1
model : PhenotypeInformedGAM 1 k 1
h_normalized : IsNormalizedScoreModel model
h_linear_basis : model.pgsBasis.B 1 = id ∧ model.pgsBasis.B 0 = fun x => 1
h_pgs_cont : ∀ (i : Fin (1 + 1)), Continuous (model.pgsBasis.B i)
h_spline_cont : ∀ (i : Fin 1), Continuous (model.pcSplineBasis.b i)
dgp : DataGeneratingProcess k := dgpMultiplicativeBias scaling_func
h_pred_form : ∀ (p : ℝ) (c : Fin k → ℝ), linearPredictor model p c = predictorBase model c + predictorSlope model c * p
h_slope_const : ∀ (c : Fin k → ℝ), predictorSlope model c = model.γₘ₀ 0
B : ℝ := model.γₘ₀ 0
A : (Fin k → ℝ) → ℝ := predictorBase model
h_pred_structure : ∀ (p : ℝ) (c : Fin k → ℝ), linearPredictor model p c = A c + B * p
h_base_sq_int : Integrable (fun pc => A pc.2 ^ 2) (stdNormalProdMeasure k)
h_cross_term_zero : ∫ (pc : ℝ × (Fin k → ℝ)), 2 * (scaling_func pc.2 - B) * pc.1 * A pc.2 ∂stdNormalProdMeasure k = 0
h_p2_term :
  ∫ (pc : ℝ × (Fin k → ℝ)), (scaling_func pc.2 - B) ^ 2 * pc.1 ^ 2 ∂stdNormalProdMeasure k =
    ∫ (c : Fin k → ℝ), (scaling_func c - B) ^ 2 ∂Measure.map Prod.snd (stdNormalProdMeasure k)
⊢ ∫ (pc : ℝ × (Fin k → ℝ)), (scaling_func pc.2 * pc.1 - pc.1) ^ 2 ∂stdNormalProdMeasure k ≤
    ∫ (pc : ℝ × (Fin k → ℝ)), (scaling_func pc.2 * pc.1 - linearPredictor model pc.1 pc.2) ^ 2 ∂stdNormalProdMeasure k
warning: proofs/Calibrator.lean:4897:4: `Submodule.sub_orthogonalProjection_mem_orthogonal` has been deprecated: Use `Submodule.sub_starProjection_mem_orthogonal` instead
warning: proofs/Calibrator.lean:4918:13: This simp argument is unused:
  iso.symm_apply_apply

Hint: Omit it from the simp argument list.
  simp only ̵[̵i̵s̵o̵.̵s̵y̵m̵m̵_̵a̵p̵p̵l̵y̵_̵a̵p̵p̵l̵y̵]̵

Note: This linter can be disabled with `set_option linter.unusedSimpArgs false`
warning: proofs/Calibrator.lean:5016:8: try 'simp' instead of 'simpa'

Note: This linter can be disabled with `set_option linter.unnecessarySimpa false`
warning: proofs/Calibrator.lean:5017:27: try 'simp' instead of 'simpa'

Note: This linter can be disabled with `set_option linter.unnecessarySimpa false`
warning: proofs/Calibrator.lean:5030:8: try 'simp' instead of 'simpa'

Note: This linter can be disabled with `set_option linter.unnecessarySimpa false`
warning: proofs/Calibrator.lean:5031:28: try 'simp' instead of 'simpa'

Note: This linter can be disabled with `set_option linter.unnecessarySimpa false`
warning: proofs/Calibrator.lean:5149:44: unused variable `h_opt1`

Note: This linter can be disabled with `set_option linter.unusedVariables false`
warning: proofs/Calibrator.lean:6019:10: try 'simp' instead of 'simpa'

Note: This linter can be disabled with `set_option linter.unnecessarySimpa false`
warning: proofs/Calibrator.lean:6038:14: try 'simp' instead of 'simpa'

Note: This linter can be disabled with `set_option linter.unnecessarySimpa false`
warning: proofs/Calibrator.lean:6571:41: unused variable `hμ_pos`

Note: This linter can be disabled with `set_option linter.unusedVariables false`
warning: proofs/Calibrator.lean:6638:69: This simp argument is unused:
  Matrix.mul_apply

Hint: Omit it from the simp argument list.
  simp +decide [̵ ̵M̵a̵t̵r̵i̵x̵.̵d̵e̵t̵_̵a̵p̵p̵l̵y̵'̵,̵ ̵M̵a̵t̵r̵i̵x̵.̵a̵d̵j̵u̵g̵a̵t̵e̵_̵a̵p̵p̵l̵y̵,̵ ̵M̵a̵t̵r̵i̵x̵.̵m̵u̵l̵_̵a̵p̵p̵l̵y̵ ̵]̵[̲M̲a̲t̲r̲i̲x̲.̲d̲e̲t̲_̲a̲p̲p̲l̲y̲'̲,̲ ̲M̲a̲t̲r̲i̲x̲.̲a̲d̲j̲u̲g̲a̲t̲e̲_̲a̲p̲p̲l̲y̲]̲

Note: This linter can be disabled with `set_option linter.unusedSimpArgs false`
warning: proofs/Calibrator.lean:6663:100: This simp argument is unused:
  Finset.filter_ne'

Hint: Omit it from the simp argument list.
  simp +decide [̵ ̵F̵i̵n̵s̵e̵t̵.̵p̵r̵o̵d̵_̵i̵t̵e̵,̵ ̵F̵i̵n̵s̵e̵t̵.̵f̵i̵l̵t̵e̵r̵_̵n̵e̵'̵,̵ ̵F̵i̵n̵s̵e̵t̵.̵f̵i̵l̵t̵e̵r̵_̵e̵q̵'̵ ̵]̵[̲F̲i̲n̲s̲e̲t̲.̲p̲r̲o̲d̲_̲i̲t̲e̲,̲
  ̲ ̲ ̲ ̲ ̲ ̲ ̲ ̲ ̲ ̲ ̲ ̲ ̲ ̲ ̲F̲i̲n̲s̲e̲t̲.̲f̲i̲l̲t̲e̲r̲_̲e̲q̲'̲]̲

Note: This linter can be disabled with `set_option linter.unusedSimpArgs false`
warning: proofs/Calibrator.lean:6663:119: This simp argument is unused:
  Finset.filter_eq'

Hint: Omit it from the simp argument list.
  simp +decide [̵ ̵F̵i̵n̵s̵e̵t̵.̵p̵r̵o̵d̵_̵i̵t̵e̵,̵ ̵F̵i̵n̵s̵e̵t̵.̵f̵i̵l̵t̵e̵r̵_̵n̵e̵'̵,̵ ̵F̵i̵n̵s̵e̵t̵.̵f̵i̵l̵t̵e̵r̵_̵e̵q̵'̵ ̵]̵[̲F̲i̲n̲s̲e̲t̲.̲p̲r̲o̲d̲_̲i̲t̲e̲,̲
  ̲ ̲ ̲ ̲ ̲ ̲ ̲ ̲ ̲ ̲ ̲ ̲ ̲ ̲ ̲F̲i̲n̲s̲e̲t̲.̲f̲i̲l̲t̲e̲r̲_̲n̲e̲'̲]̲

Note: This linter can be disabled with `set_option linter.unusedSimpArgs false`
warning: proofs/Calibrator.lean:6664:92: This simp argument is unused:
  Finset.prod_ite

Hint: Omit it from the simp argument list.
  simp +decide [̵ ̵F̵i̵n̵s̵e̵t̵.̵p̵r̵o̵d̵_̵i̵t̵e̵,̵ ̵F̵i̵n̵s̵e̵t̵.̵f̵i̵l̵t̵e̵r̵_̵n̵e̵'̵,̵ ̵F̵i̵n̵s̵e̵t̵.̵f̵i̵l̵t̵e̵r̵_̵e̵q̵'̵ ̵]̵[̲F̲i̲n̲s̲e̲t̲.̲f̲i̲l̲t̲e̲r̲_̲n̲e̲'̲,̲
  ̲ ̲ ̲ ̲ ̲ ̲ ̲ ̲ ̲ ̲ ̲ ̲ ̲ ̲ ̲F̲i̲n̲s̲e̲t̲.̲f̲i̲l̲t̲e̲r̲_̲e̲q̲'̲]̲

Note: This linter can be disabled with `set_option linter.unusedSimpArgs false`
warning: proofs/Calibrator.lean:6665:56: This simp argument is unused:
  hj

Hint: Omit it from the simp argument list.
  simp +decide [ ̵Pi.single_apply,̵ ̵h̵j̵ ̵]

Note: This linter can be disabled with `set_option linter.unusedSimpArgs false`
warning: proofs/Calibrator.lean:6666:66: This simp argument is unused:
  hj

Hint: Omit it from the simp argument list.
  simp +decide ̵[̵ ̵h̵j̵ ̵]̵

Note: This linter can be disabled with `set_option linter.unusedSimpArgs false`
warning: proofs/Calibrator.lean:6670:45: This simp argument is unused:
  Finset.mul_sum _ _ _

Hint: Omit it from the simp argument list.
  simp +decide [̵ ̵M̵a̵t̵r̵i̵x̵.̵m̵u̵l̵_̵a̵p̵p̵l̵y̵,̵ ̵F̵i̵n̵s̵e̵t̵.̵m̵u̵l̵_̵s̵u̵m̵ ̵_̵ ̵_̵ ̵_̵ ̵]̵[̲M̲a̲t̲r̲i̲x̲.̲m̲u̲l̲_̲a̲p̲p̲l̲y̲]̲

Note: This linter can be disabled with `set_option linter.unusedSimpArgs false`
warning: proofs/Calibrator.lean:6678:41: This simp argument is unused:
  mul_assoc

Hint: Omit it from the simp argument list.
  simp_all +decide [̵ ̵M̵a̵t̵r̵i̵x̵.̵i̵n̵v̵_̵d̵e̵f̵,̵ ̵m̵u̵l̵_̵a̵s̵s̵o̵c̵,̵[̲M̲a̲t̲r̲i̲x̲.̲i̲n̲v̲_̲d̲e̲f̲,̲ mul_left_comm, mul_comm,
  ̲  ̲ ̲ ̲ ̲ ̲ ̲ ̲Matrix.trace_mul_comm (̵ ̵M̵a̵t̵r̵i̵x̵.̵a̵d̵j̵u̵g̵a̵t̵e̵ ̵_̵ ̵)̵ ̵]̵(̲M̲a̲t̲r̲i̲x̲.̲a̲d̲j̲u̲g̲a̲t̲e̲ ̲_̲)̲]̲

Note: This linter can be disabled with `set_option linter.unusedSimpArgs false`
warning: proofs/Calibrator.lean:6680:103: This simp argument is unused:
  mul_assoc

Hint: Omit it from the simp argument list.
  simp_all +decide [̵ ̵M̵a̵t̵r̵i̵x̵.̵t̵r̵a̵c̵e̵_̵s̵m̵u̵l̵,̵ ̵m̵u̵l̵_̵a̵s̵s̵o̵c̵,̵[̲M̲a̲t̲r̲i̲x̲.̲t̲r̲a̲c̲e̲_̲s̲m̲u̲l̲,̲
  ̲  ̲ ̲ ̲ ̲ ̲ ̲ ̲mul_comm, m̵u̵l̵_̵l̵e̵f̵t̵_̵c̵o̵m̵m̵ ̵]̵m̲u̲l̲_̲l̲e̲f̲t̲_̲c̲o̲m̲m̲]̲

Note: This linter can be disabled with `set_option linter.unusedSimpArgs false`
warning: proofs/Calibrator.lean:6680:124: This simp argument is unused:
  mul_left_comm

Hint: Omit it from the simp argument list.
  simp_all +decide [̵ ̵M̵a̵t̵r̵i̵x̵.̵t̵r̵a̵c̵e̵_̵s̵m̵u̵l̵,̵[̲M̲a̲t̲r̲i̲x̲.̲t̲r̲a̲c̲e̲_̲s̲m̲u̲l̲,̲
  ̲  ̲ ̲ ̲ ̲ ̲ ̲ ̲mul_assoc, m̵u̵l̵_̵c̵o̵m̵m̵,̵ ̵m̵u̵l̵_̵l̵e̵f̵t̵_̵c̵o̵m̵m̵ ̵]̵m̲u̲l̲_̲c̲o̲m̲m̲]̲

Note: This linter can be disabled with `set_option linter.unusedSimpArgs false`
warning: proofs/Calibrator.lean:6684:118: This simp argument is unused:
  Real.exp_ne_zero

Hint: Omit it from the simp argument list.
  simp_all +decide [̵ ̵R̵e̵a̵l̵.̵e̵x̵p̵_̵n̵e̵_̵z̵e̵r̵o̵,̵ ̵m̵u̵l̵_̵a̵s̵s̵o̵c̵,̵[̲m̲u̲l̲_̲a̲s̲s̲o̲c̲,̲
  ̲  ̲ ̲ ̲ ̲ ̲mul_comm, m̵u̵l̵_̵l̵e̵f̵t̵_̵c̵o̵m̵m̵ ̵]̵m̲u̲l̲_̲l̲e̲f̲t̲_̲c̲o̲m̲m̲]̲

Note: This linter can be disabled with `set_option linter.unusedSimpArgs false`
warning: proofs/Calibrator.lean:6684:136: This simp argument is unused:
  mul_assoc

Hint: Omit it from the simp argument list.
  simp_all +decide [̵ ̵R̵e̵a̵l̵.̵e̵x̵p̵_̵n̵e̵_̵z̵e̵r̵o̵,̵ ̵m̵u̵l̵_̵a̵s̵s̵o̵c̵,̵[̲R̲e̲a̲l̲.̲e̲x̲p̲_̲n̲e̲_̲z̲e̲r̲o̲,̲
  ̲  ̲ ̲ ̲ ̲ ̲mul_comm, m̵u̵l̵_̵l̵e̵f̵t̵_̵c̵o̵m̵m̵ ̵]̵m̲u̲l̲_̲l̲e̲f̲t̲_̲c̲o̲m̲m̲]̲

Note: This linter can be disabled with `set_option linter.unusedSimpArgs false`
warning: proofs/Calibrator.lean:6684:157: This simp argument is unused:
  mul_left_comm

Hint: Omit it from the simp argument list.
  simp_all +decide [̵ ̵R̵e̵a̵l̵.̵e̵x̵p̵_̵n̵e̵_̵z̵e̵r̵o̵,̵[̲R̲e̲a̲l̲.̲e̲x̲p̲_̲n̲e̲_̲z̲e̲r̲o̲,̲
  ̲  ̲ ̲ ̲ ̲ ̲mul_assoc, m̵u̵l̵_̵c̵o̵m̵m̵,̵ ̵m̵u̵l̵_̵l̵e̵f̵t̵_̵c̵o̵m̵m̵ ̵]̵m̲u̲l̲_̲c̲o̲m̲m̲]̲

Note: This linter can be disabled with `set_option linter.unusedSimpArgs false`
warning: proofs/Calibrator.lean:6721:229: unused variable `log_lik`

Note: This linter can be disabled with `set_option linter.unusedVariables false`
warning: proofs/Calibrator.lean:6759:4: try 'simp' instead of 'simpa'

Note: This linter can be disabled with `set_option linter.unnecessarySimpa false`
error: Lean exited with code 1
Some required targets logged failures:
- Calibrator
error: build failed
