PLINK v2.0.0-a.6.8 M1 (22 Jan 2025)
Options in effect:
  --make-bed
  --max-alleles 2
  --out divergence_g20
  --rm-dup exclude-all
  --silent
  --vcf /var/folders/17/cyjcfr616sl88q3g1zv_s__80000gn/T/plink_vcf_jrtz8v0y/divergence_g20_numeric.vcf

Hostname: infra04-wg368.wireless.umn.edu
Working directory: /Users/user/gnomon
Start time: Tue Feb  3 12:13:24 2026

Random number seed: 1770142404
8192 MiB RAM detected; reserving 4096 MiB for main workspace.
Using up to 8 compute threads.
--vcf: 18931 variants scanned.
--vcf: divergence_g20-temporary.pgen + divergence_g20-temporary.pvar.zst +
divergence_g20-temporary.psam written.
2000 samples (0 females, 0 males, 2000 ambiguous; 2000 founders) loaded from
divergence_g20-temporary.psam.
18904 out of 18931 variants loaded from divergence_g20-temporary.pvar.zst.
Note: No phenotype data present.
Note: Skipping --rm-dup since no duplicate IDs are present.
18904 variants remaining after main filters.
Writing divergence_g20.fam ... done.
Writing divergence_g20.bim ... done.
Writing divergence_g20.bed ... done.

End time: Tue Feb  3 12:13:24 2026
