✔ [2225/2256] Built Mathlib.SetTheory.Ordinal.Basic (17s)
✔ [2226/2259] Built Mathlib.Analysis.Calculus.FDeriv.Pow (29s)
✔ [2228/2264] Built Mathlib.SetTheory.Ordinal.Arithmetic (16s)
✔ [2230/2264] Built Mathlib.Analysis.Calculus.Deriv.Pow (12s)
✔ [2232/2264] Built Mathlib.SetTheory.Ordinal.Family (15s)
✔ [2234/2265] Built Mathlib.Analysis.Calculus.Deriv.Mul (51s)
✔ [2235/2266] Built Mathlib.SetTheory.Ordinal.Enum (4.3s)
✔ [2236/2266] Built Mathlib.LinearAlgebra.Isomorphisms (14s)
✔ [2237/2266] Built Mathlib.SetTheory.Ordinal.Exponential (6.1s)
✔ [2238/2266] Built Mathlib.Analysis.Calculus.Deriv.CompMul (3.7s)
✔ [2239/2266] Built Mathlib.Algebra.Field.Equiv (2.9s)
✔ [2240/2266] Built Mathlib.Analysis.Calculus.Deriv.Inv (10s)
✔ [2241/2266] Built Mathlib.SetTheory.Cardinal.Aleph (9.1s)
✔ [2242/2266] Built Mathlib.Analysis.Calculus.MeanValue (20s)
✔ [2243/2266] Built Mathlib.Algebra.Field.Subfield.Basic (10s)
✔ [2244/2266] Built Mathlib.SetTheory.Ordinal.FixedPoint (5.6s)
✔ [2245/2266] Built Mathlib.Analysis.Calculus.Deriv.Shift (6.5s)
✔ [2246/2269] Built Mathlib.SetTheory.Cardinal.Arithmetic (8.2s)
✔ [2247/2271] Built Mathlib.Analysis.Calculus.ContDiff.RCLike (9.7s)
✔ [2248/2271] Built Mathlib.GroupTheory.OreLocalization.OreSet (4.1s)
✔ [2249/2277] Built Mathlib.SetTheory.Cardinal.Cofinality (7.8s)
✔ [2250/2278] Built Mathlib.Analysis.Calculus.Deriv.ZPow (10s)
✔ [2251/2279] Built Mathlib.SetTheory.Cardinal.Regular (4.5s)
✔ [2252/2279] Built Mathlib.RingTheory.Adjoin.Polynomial (3.8s)
✔ [2253/2282] Built Mathlib.Analysis.Calculus.ContDiff.Basic (101s)
✔ [2254/2282] Built Mathlib.Analysis.Calculus.LogDeriv (8.3s)
✔ [2255/2282] Built Mathlib.SetTheory.Cardinal.Pigeonhole (2.8s)
✔ [2256/2282] Built Mathlib.RingTheory.Algebraic.Defs (3.4s)
✔ [2257/2286] Built Mathlib.GroupTheory.OreLocalization.Basic (15s)
✔ [2258/2286] Built Mathlib.RingTheory.Polynomial.Tower (2.0s)
✔ [2259/2286] Built Mathlib.LinearAlgebra.Basis.Cardinality (4.1s)
✔ [2260/2286] Built Mathlib.Tactic.Qify (3.5s)
✔ [2261/2286] Built Mathlib.RingTheory.OreLocalization.Basic (6.2s)
✔ [2262/2286] Built Mathlib.Tactic.NormNum.IsCoprime (3.1s)
✔ [2263/2286] Built Mathlib.RingTheory.Finiteness.Cardinality (3.7s)
✔ [2264/2286] Built Mathlib.Tactic.Rify (2.5s)
✔ [2265/2287] Built Mathlib.RingTheory.OreLocalization.NonZeroDivisors (2.7s)
✔ [2266/2287] Built Mathlib.RingTheory.Noetherian.Basic (8.4s)
✔ [2267/2288] Built Mathlib.RingTheory.OreLocalization.Ring (8.2s)
✔ [2268/2290] Built Mathlib.Data.Fintype.Parity (2.8s)
✔ [2269/2290] Built Mathlib.Data.Int.Range (3.1s)
✔ [2270/2290] Built Mathlib.NumberTheory.MulChar.Basic (10s)
✔ [2271/2294] Built Mathlib.RingTheory.Polynomial.Basic (17s)
✔ [2272/2294] Built Mathlib.GroupTheory.MonoidLocalization.Basic (37s)
✔ [2273/2295] Built Mathlib.Algebra.FreeMonoid.UniqueProds (3.1s)
✔ [2274/2295] Built Mathlib.NumberTheory.LegendreSymbol.ZModChar (5.7s)
✔ [2275/2296] Built Mathlib.Algebra.Polynomial.Expand (5.0s)
✔ [2276/2296] Built Mathlib.Algebra.CharP.Reduced (3.4s)
✔ [2277/2296] Built Mathlib.GroupTheory.MonoidLocalization.MonoidWithZero (4.1s)
✔ [2278/2296] Built Mathlib.Algebra.Field.ZMod (2.6s)
✔ [2279/2296] Built Mathlib.Data.ZMod.ValMinAbs (4.3s)
✔ [2280/2300] Built Mathlib.Algebra.FreeAlgebra (7.8s)
✔ [2281/2300] Built Mathlib.Algebra.EuclideanDomain.Defs (4.0s)
✔ [2282/2302] Built Mathlib.Algebra.Algebra.Subalgebra.Prod (3.0s)
✔ [2283/2302] Built Mathlib.Algebra.EuclideanDomain.Int (2.2s)
✔ [2284/2302] Built Mathlib.Algebra.EuclideanDomain.Basic (5.9s)
✔ [2285/2302] Built Mathlib.RingTheory.Adjoin.Basic (6.1s)
✔ [2286/2304] Built Mathlib.Analysis.Calculus.ContDiff.Operations (67s)
✔ [2287/2304] Built Mathlib.Algebra.Ring.Associated (2.5s)
✔ [2288/2311] Built Mathlib.Algebra.EuclideanDomain.Field (4.3s)
✔ [2289/2311] Built Mathlib.RingTheory.Localization.Defs (19s)
✔ [2290/2312] Built Mathlib.Algebra.GroupWithZero.Submonoid.Primal (2.8s)
✔ [2291/2315] Built Mathlib.Analysis.Complex.RealDeriv (9.3s)
✔ [2292/2315] Built Mathlib.RingTheory.UniqueFactorizationDomain.Defs (4.0s)
✔ [2293/2317] Built Mathlib.Analysis.Calculus.IteratedDeriv.Lemmas (13s)
✔ [2294/2317] Built Mathlib.Algebra.Module.Submodule.IterateMapComap (3.1s)
✔ [2295/2317] Built Mathlib.RingTheory.OrzechProperty (3.8s)
✔ [2296/2317] Built Mathlib.RingTheory.Localization.Basic (14s)
✔ [2297/2317] Built Mathlib.RingTheory.UniqueFactorizationDomain.Ideal (3.3s)
✔ [2298/2318] Built Mathlib.Algebra.GCDMonoid.Basic (18s)
✔ [2299/2318] Built Mathlib.RingTheory.Noetherian.Orzech (3.6s)
✔ [2300/2318] Built Mathlib.RingTheory.Noetherian.UniqueFactorizationDomain (2.6s)
✔ [2301/2323] Built Mathlib.Analysis.SpecialFunctions.ExpDeriv (13s)
✔ [2302/2323] Built Mathlib.RingTheory.PrincipalIdealDomain (8.1s)
✔ [2303/2328] Built Mathlib.LinearAlgebra.Basis.Submodule (9.3s)
✔ [2304/2328] Built Mathlib.LinearAlgebra.FreeModule.Finite.Basic (3.1s)
✔ [2305/2329] Built Mathlib.LinearAlgebra.Dimension.Basic (6.8s)
✔ [2306/2329] Built Mathlib.LinearAlgebra.InvariantBasisNumber (8.5s)
✔ [2307/2329] Built Mathlib.RingTheory.Adjoin.FG (6.1s)
✔ [2308/2329] Built Mathlib.RingTheory.Localization.FractionRing (24s)
✔ [2309/2329] Built Mathlib.Analysis.SpecialFunctions.Log.Deriv (14s)
✔ [2310/2329] Built Mathlib.SetTheory.Cardinal.Finsupp (2.9s)
✔ [2311/2329] Built Mathlib.LinearAlgebra.Dimension.Subsingleton (2.9s)
✔ [2312/2330] Built Mathlib.RingTheory.Adjoin.Tower (4.8s)
✔ [2313/2330] Built Mathlib.Algebra.CharP.Algebra (3.6s)
✔ [2314/2331] Built Mathlib.Tactic.FunProp.Differentiable (3.5s)
✔ [2315/2331] Built Mathlib.LinearAlgebra.Dimension.Finrank (4.1s)
✔ [2316/2331] Built Mathlib.Algebra.Polynomial.Eval.SMul (4.3s)
✔ [2317/2335] Built Mathlib.Tactic.FunProp.ContDiff (5.0s)
✔ [2318/2335] Built Mathlib.Algebra.Polynomial.Roots (11s)
✔ [2319/2335] Built Mathlib.RingTheory.EuclideanDomain (4.4s)
✔ [2320/2335] Built Mathlib.Algebra.BigOperators.Associated (4.5s)
✔ [2321/2336] Built Mathlib.RingTheory.FiniteType (18s)
✔ [2322/2336] Built Mathlib.LinearAlgebra.Dimension.StrongRankCondition (10s)
✔ [2323/2340] Built Mathlib.RingTheory.UniqueFactorizationDomain.Basic (6.5s)
✔ [2324/2340] Built Mathlib.LinearAlgebra.FreeModule.StrongRankCondition (3.6s)
✔ [2325/2340] Built Mathlib.RingTheory.IntegralClosure.IsIntegral.Defs (2.5s)
✔ [2326/2340] Built Mathlib.RingTheory.Algebraic.Basic (15s)
✔ [2327/2343] Built Mathlib.RingTheory.Finiteness.Bilinear (3.2s)
✔ [2328/2343] Built Mathlib.LinearAlgebra.Dimension.Free (4.8s)
✔ [2329/2344] Built Mathlib.RingTheory.UniqueFactorizationDomain.NormalizedFactors (6.3s)
✔ [2330/2344] Built Mathlib.RingTheory.Finiteness.Ideal (3.6s)
✔ [2331/2344] Built Mathlib.RingTheory.Finiteness.Subalgebra (3.9s)
✔ [2332/2344] Built Mathlib.RingTheory.Real.Irrational (7.7s)
✔ [2333/2344] Built Mathlib.RingTheory.MvPolynomial.Tower (3.9s)
✔ [2334/2344] Built Mathlib.RingTheory.Ideal.Quotient.Noetherian (5.6s)
✔ [2335/2344] Built Mathlib.RingTheory.IntegralClosure.IsIntegral.Basic (13s)
✔ [2336/2344] Built Mathlib.LinearAlgebra.Dimension.Constructions (17s)
✔ [2337/2346] Built Mathlib.Algebra.Polynomial.FieldDivision (19s)
✔ [2338/2346] Built Mathlib.FieldTheory.Minpoly.Basic (7.0s)
✔ [2339/2351] Built Mathlib.RingTheory.FinitePresentation (15s)
✔ [2340/2351] Built Mathlib.Algebra.Polynomial.Eval.Subring (2.8s)
✔ [2341/2351] Built Mathlib.Tactic.NormNum.Irrational (11s)
✔ [2342/2355] Built Mathlib.RingTheory.Localization.Integer (3.9s)
✔ [2343/2359] Built Mathlib.Algebra.Polynomial.Lifts (4.1s)
✔ [2344/2361] Built Mathlib.LinearAlgebra.Dimension.Finite (13s)
✔ [2345/2361] Built Mathlib.GroupTheory.MonoidLocalization.Away (3.3s)
✔ [2346/2361] Built Mathlib.RingTheory.UniqueFactorizationDomain.Multiplicity (3.8s)
✔ [2347/2361] Built Mathlib.FieldTheory.Finiteness (3.0s)
✔ [2348/2361] Built Mathlib.LinearAlgebra.Dimension.RankNullity (9.2s)
✔ [2349/2361] Built Mathlib.RingTheory.OreLocalization.OreSet (2.5s)
✔ [2350/2361] Built Mathlib.LinearAlgebra.FreeModule.Finite.Matrix (6.5s)
✔ [2351/2364] Built Mathlib.LinearAlgebra.Dimension.DivisionRing (8.2s)
✔ [2352/2365] Built Mathlib.Algebra.GCDMonoid.Multiset (5.6s)
✔ [2353/2365] Built Mathlib.RingTheory.Localization.Away.Basic (15s)
✔ [2354/2365] Built Mathlib.Algebra.GCDMonoid.Nat (3.3s)
✔ [2355/2367] Built Mathlib.Combinatorics.Enumerative.Partition (3.8s)
✔ [2356/2370] Built Mathlib.Algebra.Module.LocalizedModule.Basic (41s)
✔ [2357/2370] Built Mathlib.GroupTheory.Perm.Basic (2.2s)
✔ [2358/2370] Built Mathlib.GroupTheory.Perm.Finite (4.5s)
✔ [2359/2371] Built Mathlib.Algebra.Module.LocalizedModule.IsLocalization (6.6s)
✔ [2360/2375] Built Mathlib.Algebra.Polynomial.Laurent (10s)
✔ [2361/2375] Built Mathlib.GroupTheory.Perm.List (5.0s)
✔ [2362/2377] Built Mathlib.Data.List.Iterate (2.5s)
✔ [2363/2380] Built Mathlib.Data.Nat.GCD.BigOperators (3.5s)
✔ [2364/2380] Built Mathlib.GroupTheory.Perm.Option (3.5s)
✔ [2365/2382] Built Mathlib.GroupTheory.Perm.Cycle.Basic (10s)
✔ [2366/2382] Built Mathlib.RingTheory.Localization.Module (11s)
✔ [2367/2382] Built Mathlib.GroupTheory.Perm.Closure (4.1s)
✔ [2368/2385] Built Mathlib.LinearAlgebra.Matrix.SemiringInverse (8.9s)
✔ [2369/2386] Built Mathlib.GroupTheory.NoncommPiCoprod (10s)
✔ [2370/2386] Built Mathlib.Data.Matrix.DMatrix (3.2s)
✔ [2371/2388] Built Mathlib.GroupTheory.Perm.Cycle.Factors (8.0s)
✔ [2372/2388] Built Mathlib.Data.Matrix.Invertible (8.2s)
✔ [2373/2392] Built Mathlib.GroupTheory.Perm.Cycle.Type (7.4s)
✔ [2374/2392] Built Mathlib.LinearAlgebra.FiniteDimensional.Defs (6.0s)
✔ [2375/2396] Built Mathlib.Algebra.Module.LocalizedModule.Submodule (22s)
✔ [2376/2398] Built Mathlib.LinearAlgebra.Matrix.Trace (7.7s)
✔ [2377/2402] Built Mathlib.GroupTheory.Perm.Fin (11s)
✔ [2378/2404] Built Mathlib.Algebra.Polynomial.Identities (6.1s)
✔ [2379/2404] Built Mathlib.RingTheory.Nilpotent.Basic (5.0s)
✔ [2380/2405] Built Mathlib.LinearAlgebra.FiniteDimensional.Basic (17s)
✔ [2381/2405] Built Mathlib.RingTheory.IntegralClosure.Algebra.Defs (3.1s)
✔ [2382/2410] Built Mathlib.RingTheory.Nilpotent.Lemmas (4.3s)
✔ [2383/2410] Built Mathlib.RingTheory.IntegralClosure.IsIntegralClosure.Defs (2.4s)
✔ [2384/2414] Built Mathlib.RingTheory.Polynomial.Nilpotent (7.2s)
✔ [2385/2416] Built Mathlib.RingTheory.LocalRing.Defs (3.6s)
✔ [2386/2416] Built Mathlib.RingTheory.Polynomial.ScaleRoots (8.9s)
