✔ [2387/2416] Built Mathlib.RingTheory.LocalRing.Basic (3.1s)
✔ [2388/2416] Built Mathlib.RingTheory.Polynomial.IntegralNormalization (6.5s)
✔ [2389/2419] Built Mathlib.RingTheory.Ideal.BigOperators (2.2s)
✔ [2390/2422] Built Mathlib.LinearAlgebra.SModEq (6.8s)
✔ [2391/2422] Built Mathlib.Data.ZMod.Aut (3.5s)
✔ [2392/2423] Built Mathlib.RingTheory.Polynomial.Ideal (4.9s)
✔ [2393/2423] Built Mathlib.LinearAlgebra.Matrix.Determinant.Basic (18s)
✔ [2394/2425] Built Mathlib.Data.ZMod.QuotientGroup (6.8s)
✔ [2395/2431] Built Mathlib.Algebra.GCDMonoid.Finset (4.3s)
✔ [2396/2431] Built Mathlib.LinearAlgebra.Matrix.Reindex (5.2s)
✔ [2397/2434] Built Mathlib.LinearAlgebra.Matrix.Polynomial (4.9s)
✔ [2398/2434] Built Mathlib.RingTheory.Polynomial.Quotient (13s)
✔ [2399/2436] Built Mathlib.LinearAlgebra.Matrix.MvPolynomial (3.1s)
✔ [2400/2436] Built Mathlib.GroupTheory.Subgroup.Simple (2.0s)
✔ [2401/2437] Built Mathlib.Data.Nat.Factorization.LCM (3.1s)
✔ [2402/2437] Built Mathlib.LinearAlgebra.Matrix.Basis (9.9s)
✔ [2403/2437] Built Mathlib.LinearAlgebra.Matrix.Transvection (12s)
✔ [2404/2440] Built Mathlib.LinearAlgebra.Matrix.Adjugate (12s)
✔ [2405/2441] Built Mathlib.LinearAlgebra.Matrix.Nondegenerate (4.1s)
✔ [2406/2441] Built Mathlib.Algebra.Polynomial.Splits (11s)
✔ [2407/2448] Built Mathlib.GroupTheory.Exponent (12s)
✔ [2408/2448] Built Mathlib.RingTheory.UniqueFactorizationDomain.FactorSet (9.7s)
✔ [2409/2448] Built Mathlib.Algebra.Polynomial.CancelLeads (4.3s)
✔ [2410/2448] Built Mathlib.RingTheory.UniqueFactorizationDomain.GCDMonoid (5.3s)
✔ [2411/2448] Built Mathlib.RingTheory.Polynomial.Content (9.4s)
✔ [2412/2449] Built Mathlib.GroupTheory.SpecificGroups.Cyclic (27s)
✔ [2413/2450] Built Mathlib.Algebra.Squarefree.Basic (5.0s)
✔ [2414/2450] Built Mathlib.FieldTheory.IntermediateField.Basic (30s)
✔ [2415/2452] Built Mathlib.Data.Nat.Factorization.PrimePow (3.5s)
✔ [2416/2454] Built Mathlib.RingTheory.IntegralDomain (6.5s)
✔ [2417/2454] Built Mathlib.Data.PNat.Prime (3.5s)
✔ [2418/2454] Built Mathlib.FieldTheory.RatFunc.Defs (6.4s)
✔ [2419/2455] Built Mathlib.Algebra.Order.Ring.IsNonarchimedean (4.6s)
✔ [2420/2455] Built Mathlib.RingTheory.RootsOfUnity.Basic (7.9s)
✔ [2421/2458] Built Mathlib.Data.Int.WithZero (4.0s)
✔ [2422/2461] Built Mathlib.RingTheory.ChainOfDivisors (7.5s)
✔ [2423/2461] Built Mathlib.Algebra.Ring.Subsemiring.Pointwise (5.6s)
✔ [2424/2461] Built Mathlib.Algebra.Ring.Action.End (3.1s)
✔ [2425/2464] Built Mathlib.Algebra.Ring.Subring.Pointwise (6.8s)
✔ [2426/2464] Built Mathlib.RingTheory.Ideal.Pointwise (5.7s)
✔ [2427/2466] Built Mathlib.RingTheory.IsPrimary (4.0s)
✔ [2428/2467] Built Mathlib.Algebra.Algebra.Subalgebra.Pointwise (4.1s)
✔ [2429/2467] Built Mathlib.LinearAlgebra.Matrix.SpecialLinearGroup (19s)
✔ [2430/2467] Built Mathlib.RingTheory.TensorProduct.Basic (115s)
✔ [2431/2469] Built Mathlib.RingTheory.Ideal.IsPrimary (3.5s)
✔ [2432/2469] Built Mathlib.RingTheory.TwoSidedIdeal.Operations (7.8s)
✔ [2433/2469] Built Mathlib.RingTheory.LocalRing.MaximalIdeal.Defs (2.5s)
✔ [2434/2469] Built Mathlib.RingTheory.Ideal.Over (8.8s)
✔ [2435/2473] Built Mathlib.RingTheory.Spectrum.Maximal.Defs (2.7s)
✔ [2436/2475] Built Mathlib.RingTheory.Jacobson.Radical (7.3s)
✔ [2437/2475] Built Mathlib.RingTheory.Spectrum.Prime.Defs (2.7s)
✔ [2438/2475] Built Mathlib.RingTheory.Ideal.MinimalPrime.Basic (3.8s)
✔ [2439/2477] Built Mathlib.RingTheory.Jacobson.Ideal (8.0s)
✔ [2440/2480] Built Mathlib.LinearAlgebra.Matrix.Kronecker (17s)
✔ [2441/2480] Built Mathlib.RingTheory.Localization.Ideal (10s)
✔ [2442/2480] Built Mathlib.RingTheory.LocalRing.MaximalIdeal.Basic (4.4s)
✔ [2443/2480] Built Mathlib.RingTheory.Localization.NumDen (4.6s)
✔ [2444/2485] Built Mathlib.LinearAlgebra.Matrix.NonsingularInverse (12s)
✔ [2445/2485] Built Mathlib.RingTheory.Localization.AtPrime.Basic (10s)
✔ [2446/2487] Built Mathlib.RingTheory.MatrixAlgebra (16s)
✔ [2447/2487] Built Mathlib.RingTheory.IsTensorProduct (34s)
✔ [2448/2487] Built Mathlib.LinearAlgebra.Matrix.Block (7.8s)
✔ [2449/2488] Built Mathlib.RingTheory.Localization.LocalizationLocalization (8.7s)
✔ [2450/2488] Built Mathlib.RingTheory.EssentialFiniteness (9.3s)
✔ [2451/2488] Built Mathlib.LinearAlgebra.Matrix.GeneralLinearGroup.Defs (9.9s)
✔ [2452/2489] Built Mathlib.RingTheory.Spectrum.Prime.Basic (7.6s)
✔ [2453/2489] Built Mathlib.RingTheory.Localization.AsSubring (7.5s)
✔ [2454/2489] Built Mathlib.RingTheory.PolynomialAlgebra (9.8s)
✔ [2455/2489] Built Mathlib.RingTheory.TensorProduct.MvPolynomial (14s)
✔ [2456/2489] Built Mathlib.RingTheory.Localization.Submodule (5.8s)
✔ [2457/2489] Built Mathlib.LinearAlgebra.Matrix.ToLinearEquiv (7.3s)
✔ [2458/2489] Built Mathlib.RingTheory.Spectrum.Maximal.Basic (3.0s)
✔ [2459/2496] Built Mathlib.RingTheory.Localization.BaseChange (19s)
✔ [2460/2496] Built Mathlib.RingTheory.MatrixPolynomialAlgebra (6.5s)
✔ [2461/2496] Built Mathlib.RingTheory.LocalRing.ResidueField.Defs (3.1s)
✔ [2462/2496] Built Mathlib.RingTheory.LocalRing.RingHom.Basic (6.2s)
✔ [2463/2499] Built Mathlib.RingTheory.FractionalIdeal.Basic (20s)
✔ [2464/2499] Built Mathlib.LinearAlgebra.Determinant (26s)
✔ [2465/2499] Built Mathlib.LinearAlgebra.Matrix.Charpoly.Basic (14s)
✔ [2466/2499] Built Mathlib.RingTheory.LocalRing.ResidueField.Basic (9.6s)
✔ [2467/2499] Built Mathlib.Algebra.GroupWithZero.Submonoid.Instances (2.6s)
✔ [2468/2499] Built Mathlib.LinearAlgebra.Dimension.Localization (28s)
✔ [2469/2499] Built Mathlib.RingTheory.Norm.Defs (4.3s)
✔ [2470/2503] Built Mathlib.LinearAlgebra.Matrix.Charpoly.Coeff (13s)
✔ [2471/2503] Built Mathlib.RingTheory.FractionalIdeal.Operations (21s)
✔ [2472/2503] Built Mathlib.LinearAlgebra.Matrix.Charpoly.LinearMap (9.6s)
✔ [2473/2503] Built Mathlib.RingTheory.Valuation.Basic (20s)
✔ [2474/2503] Built Mathlib.Topology.Algebra.UniformFilterBasis (3.5s)
✔ [2475/2504] Built Mathlib.Topology.Algebra.OpenSubgroup (10s)
✔ [2476/2506] Built Mathlib.RingTheory.FractionalIdeal.Inverse (7.9s)
✔ [2477/2506] Built Mathlib.RingTheory.Valuation.ExtendToLocalization (4.6s)
✔ [2478/2509] Built Mathlib.RingTheory.LocalRing.ResidueField.Ideal (35s)
✔ [2479/2511] Built Mathlib.RingTheory.IntegralClosure.Algebra.Basic (9.2s)
✔ [2480/2511] Built Mathlib.Topology.Algebra.Nonarchimedean.Basic (4.0s)
✔ [2481/2511] Built Mathlib.RingTheory.Bezout (2.9s)
✔ [2482/2511] Built Mathlib.Algebra.Ring.Action.Field (1.8s)
✔ [2483/2512] Built Mathlib.RingTheory.Valuation.Integers (9.3s)
✔ [2484/2512] Built Mathlib.Topology.Algebra.WithZeroTopology (6.7s)
✔ [2485/2512] Built Mathlib.RingTheory.Spectrum.Prime.RingHom (10s)
✔ [2486/2513] Built Mathlib.Topology.Algebra.Nonarchimedean.Bases (5.7s)
✔ [2487/2513] Built Mathlib.RingTheory.IntegralClosure.IsIntegralClosure.Basic (17s)
✔ [2488/2513] Built Mathlib.RingTheory.Valuation.ValuationRing (11s)
✔ [2489/2514] Built Mathlib.Algebra.CharZero.AddMonoidHom (3.3s)
✔ [2490/2514] Built Mathlib.RingTheory.Spectrum.Maximal.Localization (9.0s)
✔ [2491/2516] Built Mathlib.RingTheory.Valuation.ValuativeRel.Basic (20s)
✔ [2492/2516] Built Mathlib.LinearAlgebra.BilinearForm.Basic (11s)
✔ [2493/2523] Built Mathlib.LinearAlgebra.FreeModule.PID (24s)
✔ [2494/2525] Built Mathlib.Logic.Equiv.Multiset (4.5s)
✔ [2495/2525] Built Mathlib.LinearAlgebra.BilinearForm.Hom (13s)
✔ [2496/2528] Built Mathlib.Logic.Equiv.Finset (4.2s)
✔ [2497/2528] Built Mathlib.RingTheory.Algebraic.Integral (38s)
✔ [2498/2529] Built Mathlib.RingTheory.Valuation.ValuationSubring (38s)
✔ [2499/2533] Built Mathlib.Logic.Encodable.Pi (2.6s)
✔ [2500/2533] Built Mathlib.LinearAlgebra.Matrix.InvariantBasisNumber (4.5s)
✔ [2501/2533] Built Mathlib.LinearAlgebra.Dimension.FreeAndStrongRankCondition (10s)
✔ [2502/2533] Built Mathlib.LinearAlgebra.Dual.Defs (14s)
✔ [2503/2533] Built Mathlib.RingTheory.Localization.Integral (11s)
✔ [2504/2533] Built Mathlib.Topology.Algebra.Valued.ValuationTopology (10s)
✔ [2505/2533] Built Mathlib.FieldTheory.Minpoly.Field (12s)
✔ [2506/2533] Built Mathlib.Data.W.Basic (3.2s)
✔ [2507/2533] Built Mathlib.RingTheory.Finiteness.Projective (3.2s)
✔ [2508/2533] Built Mathlib.LinearAlgebra.Dual.Basis (7.5s)
✔ [2509/2533] Built Mathlib.LinearAlgebra.FiniteDimensional.Lemmas (10s)
✔ [2510/2533] Built Mathlib.RingTheory.IntegralClosure.IntegrallyClosed (14s)
✔ [2511/2533] Built Mathlib.RingTheory.Ideal.GoingUp (15s)
✔ [2512/2533] Built Mathlib.LinearAlgebra.SesquilinearForm.Basic (40s)
✔ [2513/2534] Built Mathlib.Data.W.Cardinal (4.6s)
✔ [2514/2535] Built Mathlib.RingTheory.Polynomial.RationalRoot (10s)
✔ [2515/2535] Built Mathlib.RingTheory.PowerBasis (21s)
✔ [2516/2537] Built Mathlib.Topology.Algebra.Valued.ValuedField (23s)
✔ [2517/2537] Built Mathlib.SetTheory.Cardinal.Subfield (6.9s)
✔ [2518/2537] Built Mathlib.Algebra.Polynomial.GroupRingAction (5.9s)
✔ [2519/2537] Built Mathlib.RingTheory.DedekindDomain.Basic (5.4s)
✔ [2520/2537] Built Mathlib.Algebra.Ring.Action.Invariant (3.3s)
✔ [2521/2537] Built Mathlib.FieldTheory.RatFunc.Basic (76s)
