✔ [1124/1145] Built Mathlib.CategoryTheory.Functor.Hom (4.5s)
✔ [1125/1147] Built Mathlib.CategoryTheory.ConcreteCategory.Basic (6.5s)
✔ [1126/1149] Built Mathlib.CategoryTheory.Category.Cat (6.8s)
✔ [1127/1150] Built Mathlib.Tactic.CategoryTheory.Elementwise (3.7s)
✔ [1128/1151] Built Mathlib.Tactic.CategoryTheory.ToApp (5.4s)
✔ [1130/1151] Built Mathlib.Tactic.CategoryTheory.Monoidal.Datatypes (9.9s)
✔ [1131/1151] Built Mathlib.CategoryTheory.Yoneda (17s)
✔ [1133/1151] Built Mathlib.CategoryTheory.Comma.Basic (24s)
✔ [1134/1151] Built Mathlib.CategoryTheory.Bicategory.Functor.Oplax (7.0s)
✔ [1135/1151] Built Mathlib.CategoryTheory.Bicategory.Functor.Lax (9.1s)
✔ [1136/1151] Built Mathlib.Tactic.CategoryTheory.Monoidal.PureCoherence (5.8s)
✔ [1137/1151] Built Mathlib.CategoryTheory.Comma.Arrow (7.6s)
✔ [1138/1153] Built Mathlib.Tactic.CategoryTheory.Monoidal.Normalize (11s)
✔ [1139/1208] Built Mathlib.CategoryTheory.Adjunction.Basic (12s)
✔ [1194/1213] Built Mathlib.CategoryTheory.MorphismProperty.Basic (5.8s)
✔ [1195/1220] Built Mathlib.Tactic.CategoryTheory.Monoidal.Basic (5.6s)
✔ [1205/1227] Built Mathlib.CategoryTheory.Adjunction.FullyFaithful (5.0s)
✔ [1206/1227] Built Mathlib.CategoryTheory.Bicategory.Functor.Pseudofunctor (16s)
✔ [1208/1229] Built Mathlib.Algebra.Group.UniqueProds.Basic (13s)
✔ [1210/1231] Built Mathlib.Data.Finsupp.Basic (25s)
✔ [1211/1231] Built Mathlib.Data.Finset.Sort (8.7s)
✔ [1212/1231] Built Mathlib.CategoryTheory.Bicategory.Free (20s)
✔ [1213/1231] Built Mathlib.Algebra.Regular.Basic (3.9s)
✔ [1214/1231] Built Mathlib.Data.Finsupp.SMul (4.4s)
✔ [1215/1233] Built Mathlib.LinearAlgebra.Finsupp.Defs (7.1s)
✔ [1216/1236] Built Mathlib.CategoryTheory.Monoidal.Functor (33s)
✔ [1217/1238] Built Mathlib.CategoryTheory.Bicategory.Coherence (11s)
✔ [1218/1238] Built Mathlib.Algebra.MonoidAlgebra.Defs (15s)
✔ [1219/1238] Built Mathlib.Order.SuccPred.Archimedean (5.1s)
✔ [1220/1241] Built Mathlib.Order.SuccPred.WithBot (3.1s)
✔ [1221/1241] Built Mathlib.LinearAlgebra.Finsupp.LSum (9.4s)
✔ [1222/1241] Built Mathlib.Tactic.CategoryTheory.BicategoryCoherence (4.0s)
✔ [1223/1241] Built Mathlib.CategoryTheory.Monoidal.Free.Basic (7.1s)
✔ [1224/1241] Built Mathlib.Algebra.Order.Interval.Set.Monoid (2.7s)
✔ [1225/1241] Built Mathlib.Algebra.MonoidAlgebra.Lift (4.9s)
✔ [1226/1242] Built Mathlib.Algebra.MonoidAlgebra.Opposite (6.5s)
✔ [1227/1242] Built Mathlib.Algebra.Order.Interval.Finset.Basic (3.5s)
✔ [1228/1242] Built Mathlib.LinearAlgebra.Finsupp.Supported (6.1s)
✔ [1229/1242] Built Mathlib.Order.SuccPred.Limit (9.3s)
✔ [1230/1246] Built Mathlib.Algebra.MonoidAlgebra.NoZeroDivisors (3.6s)
✔ [1231/1246] Built Mathlib.Algebra.Order.Antidiag.Prod (3.5s)
✔ [1232/1246] Built Mathlib.CategoryTheory.Monoidal.Free.Coherence (9.1s)
✔ [1233/1246] Built Mathlib.Algebra.MonoidAlgebra.Module (5.6s)
✔ [1234/1246] Built Mathlib.Data.List.NatAntidiagonal (2.4s)
✔ [1235/1246] Built Mathlib.Tactic.CategoryTheory.Coherence (8.6s)
✔ [1236/1248] Built Mathlib.Algebra.MonoidAlgebra.Support (6.0s)
✔ [1237/1252] Built Mathlib.Algebra.Order.SuccPred (9.8s)
✔ [1238/1252] Built Mathlib.Data.Multiset.NatAntidiagonal (2.5s)
✔ [1239/1252] Built Mathlib.Data.Nat.SuccPred (2.9s)
✔ [1240/1252] Built Mathlib.Algebra.Order.Ring.Canonical (3.4s)
✔ [1241/1252] Built Mathlib.Algebra.Order.Ring.InjSurj (2.4s)
✔ [1242/1252] Built Mathlib.Algebra.Order.Nonneg.Lattice (2.9s)
✔ [1243/1254] Built Mathlib.Algebra.Polynomial.Basic (16s)
✔ [1244/1255] Built Mathlib.Algebra.Order.Interval.Finset.SuccPred (6.1s)
✔ [1245/1256] Built Mathlib.Algebra.Order.Field.Canonical (2.5s)
✔ [1246/1256] Built Mathlib.Data.Finset.NatAntidiagonal (3.0s)
✔ [1247/1260] Built Mathlib.Algebra.Notation (2.2s)
✔ [1248/1261] Built Mathlib.Algebra.Order.Nonneg.Ring (3.9s)
✔ [1249/1261] Built Mathlib.Algebra.Order.BigOperators.Group.LocallyFinite (4.3s)
✔ [1250/1261] Built Mathlib.Algebra.Order.Ring.Basic (4.9s)
✔ [1251/1262] Built Mathlib.Algebra.Order.Hom.Basic (4.2s)
✔ [1252/1262] Built Mathlib.Algebra.BigOperators.NatAntidiagonal (3.2s)
✔ [1253/1262] Built Mathlib.Tactic.NormNum.Abs (2.0s)
✔ [1254/1262] Built Mathlib.Algebra.Order.Group.PosPart (5.9s)
✔ [1255/1267] Built Mathlib.Algebra.Order.Nonneg.Field (4.6s)
✔ [1256/1268] Built Mathlib.Algebra.Order.Ring.Rat (2.5s)
✔ [1257/1268] Built Mathlib.Tactic.NormNum.DivMod (3.9s)
✔ [1258/1268] Built Mathlib.Tactic.Positivity.Core (8.4s)
✔ [1259/1274] Built Mathlib.Algebra.BigOperators.Intervals (5.5s)
✔ [1260/1274] Built Mathlib.Algebra.Order.Field.Rat (2.1s)
✔ [1261/1274] Built Mathlib.Algebra.Order.Positive.Ring (3.5s)
✔ [1262/1280] Built Mathlib.Tactic.Ring.RingNF (4.8s)
✔ [1263/1282] Built Mathlib.Data.PNat.Basic (4.4s)
✔ [1264/1286] Built Mathlib.Data.Rat.Cast.Order (7.8s)
✔ [1265/1286] Built Mathlib.Order.Filter.Defs (5.2s)
✔ [1266/1287] Built Mathlib.Tactic.Ring.PNat (2.2s)
✔ [1267/1287] Built Mathlib.Algebra.Order.GroupWithZero.Synonym (1.7s)
✔ [1268/1290] Built Mathlib.Data.Nat.Cast.WithTop (1.7s)
✔ [1269/1290] Built Mathlib.Tactic.Ring (1.0s)
✔ [1270/1295] Built Mathlib.Data.Nat.WithBot (3.3s)
✔ [1271/1298] Built Mathlib.Tactic.Positivity.Basic (16s)
✔ [1272/1298] Built Mathlib.Order.Filter.Basic (8.5s)
✔ [1273/1299] Built Mathlib.Data.Rat.Cast.Lemmas (3.5s)
✔ [1274/1300] Built Mathlib.Tactic.Continuity.Init (1.0s)
✔ [1275/1300] Built Mathlib.Algebra.Order.Ring.WithTop (10s)
✔ [1276/1300] Built Mathlib.Tactic.ContinuousFunctionalCalculus (2.2s)
✔ [1277/1301] Built Mathlib.Algebra.Polynomial.Eval.Defs (9.1s)
✔ [1278/1301] Built Mathlib.Tactic.NormNum.OfScientific (4.1s)
✔ [1279/1301] Built Mathlib.Tactic.Continuity (2.7s)
✔ [1280/1301] Built Mathlib.Order.Filter.Map (7.9s)
✔ [1281/1303] Built Mathlib.Tactic.DepRewrite (7.9s)
✔ [1282/1303] Built Mathlib.Tactic.DeriveCountable (5.1s)
✔ [1283/1305] Built Mathlib.Tactic.NormNum (2.4s)
✔ [1284/1305] Built Mathlib.Order.Filter.Tendsto (3.3s)
✔ [1285/1306] Built Mathlib.Tactic.Linarith (2.8s)
✔ [1286/1306] Built Mathlib.Tactic.DeriveEncodable (6.7s)
✔ [1287/1306] Built Mathlib.Control.Traversable.Lemmas (2.0s)
✔ [1288/1310] Built Mathlib.Tactic.ProxyType (4.8s)
✔ [1289/1310] Built Mathlib.Algebra.Order.Sub.WithTop (2.7s)
✔ [1290/1310] Built Mathlib.Order.Filter.Extr (4.8s)
✔ [1291/1311] Built Mathlib.Data.Nat.Choose.Sum (5.7s)
✔ [1292/1311] Built Mathlib.Data.ENat.Defs (1.7s)
✔ [1293/1313] Built Mathlib.Tactic.Eval (2.0s)
✔ [1294/1313] Built Mathlib.Tactic.DeriveTraversable (6.7s)
✔ [1295/1313] Built Mathlib.Tactic.DeriveFintype (3.9s)
✔ [1296/1314] Built Mathlib.Tactic.Explode.Datatypes (1.2s)
✔ [1297/1314] Built Mathlib.Tactic.Explode.Pretty (1.2s)
✔ [1298/1315] Built Mathlib.Tactic.ExtractLets (2.4s)
✔ [1299/1315] Built Mathlib.Algebra.Polynomial.Coeff (7.7s)
✔ [1300/1317] Built Mathlib.Tactic.Explode (2.0s)
✔ [1301/1317] Built Mathlib.Tactic.FieldSimp.Attr (1.0s)
✔ [1302/1321] Built Mathlib.Data.ENat.Basic (9.6s)
✔ [1303/1321] Built Mathlib.Util.DischargerAsTactic (938ms)
✔ [1304/1322] Built Mathlib.Algebra.MonoidAlgebra.Degree (12s)
✔ [1305/1323] Built Mathlib.Algebra.Polynomial.Eval.Coeff (4.0s)
✔ [1306/1323] Built Mathlib.Tactic.ENatToNat (2.9s)
✔ [1307/1323] Built Mathlib.Algebra.Field.Power (2.5s)
✔ [1308/1323] Built Mathlib.Tactic.FinCases (2.7s)
✔ [1309/1323] Built Mathlib.Tactic.FindSyntax (1.4s)
✔ [1310/1325] Built Mathlib.Tactic.Finiteness (2.5s)
✔ [1311/1329] Built Mathlib.Tactic.FieldSimp.Discharger (4.3s)
✔ [1312/1329] Built Mathlib.Algebra.Polynomial.Degree.Definitions (5.8s)
✔ [1313/1329] Built Mathlib.Algebra.Ring.Aut (3.2s)
✔ [1314/1329] Built Mathlib.Tactic.FieldSimp.Lemmas (6.6s)
✔ [1315/1329] Built Mathlib.Algebra.Order.GroupWithZero.Action.Synonym (2.3s)
✔ [1316/1332] Built Mathlib.Algebra.Order.Group.Basic (3.0s)
✔ [1317/1332] Built Mathlib.Algebra.Star.Basic (7.1s)
✔ [1318/1333] Built Mathlib.Algebra.Polynomial.Degree.Operations (9.1s)
✔ [1319/1333] Built Mathlib.Algebra.Order.Ring.Pow (3.6s)
✔ [1320/1333] Built Mathlib.Algebra.Order.Floor.Defs (4.6s)
✔ [1321/1333] Built Mathlib.Algebra.Polynomial.Degree.Domain (3.4s)
✔ [1322/1333] Built Mathlib.Algebra.Polynomial.Degree.SmallDegree (4.6s)
✔ [1323/1333] Built Mathlib.Algebra.Order.Module.Defs (18s)
✔ [1324/1333] Built Mathlib.Data.Int.LeastGreatest (2.8s)
✔ [1325/1333] Built Mathlib.Algebra.Polynomial.Degree.Support (3.0s)
✔ [1326/1333] Built Mathlib.Algebra.Polynomial.Degree.Units (3.8s)
✔ [1327/1336] Built Mathlib.Algebra.Order.Nonneg.Module (3.6s)
✔ [1328/1336] Built Mathlib.Algebra.Ring.Int.Units (1.9s)
✔ [1329/1340] Built Mathlib.Algebra.Order.Floor.Semiring (7.0s)
✔ [1330/1344] Built Mathlib.Algebra.Polynomial.Eval.Degree (4.7s)
✔ [1331/1344] Built Mathlib.Order.Bounds.OrderIso (2.4s)
✔ [1332/1345] Built Mathlib.Algebra.GroupWithZero.Units.Equiv (2.1s)
✔ [1333/1345] Built Mathlib.Tactic.FieldSimp (30s)
✔ [1334/1345] Built Mathlib.Algebra.Order.Ring.Abs (6.8s)
✔ [1335/1345] Built Mathlib.Algebra.Polynomial.Degree.Lemmas (6.0s)
✔ [1336/1347] Built Mathlib.Algebra.Order.GroupWithZero.Unbundled.OrderIso (4.1s)
✔ [1337/1347] Built Mathlib.Algebra.Order.Interval.Set.Group (7.3s)
✔ [1338/1351] Built Mathlib.Algebra.Order.Group.Pointwise.Bounds (4.3s)
✔ [1339/1354] Built Mathlib.Algebra.Order.Group.MinMax (4.3s)
✔ [1340/1356] Built Mathlib.Tactic.ComputeDegree (8.1s)
✔ [1341/1356] Built Mathlib.GroupTheory.GroupAction.Ring (3.5s)
✔ [1342/1357] Built Mathlib.Algebra.Order.AbsoluteValue.Basic (8.0s)
✔ [1343/1360] Built Mathlib.Order.Interval.Set.Disjoint (4.9s)
✔ [1344/1363] Built Mathlib.Order.ConditionallyCompleteLattice.Group (3.9s)
✔ [1345/1364] Built Mathlib.Data.NNRat.Order (2.6s)
✔ [1346/1364] Built Mathlib.Algebra.Algebra.Rat (5.1s)
✔ [1347/1366] Built Mathlib.Algebra.Order.BigOperators.Ring.List (2.8s)
✔ [1348/1366] Built Mathlib.Algebra.Order.Nonneg.Floor (2.0s)
✔ [1349/1370] Built Mathlib.Algebra.Order.BigOperators.Ring.Multiset (2.3s)
✔ [1350/1370] Built Mathlib.Algebra.Order.Field.Basic (19s)
✔ [1351/1371] Built Mathlib.Algebra.GroupWithZero.Pointwise.Set.Basic (2.6s)
✔ [1352/1371] Built Mathlib.Algebra.Order.Module.Field (5.3s)
✔ [1353/1371] Built Mathlib.Data.Finset.Density (11s)
✔ [1354/1371] Built Mathlib.Algebra.Order.BigOperators.Ring.Finset (12s)
✔ [1355/1373] Built Mathlib.Algebra.GroupWithZero.Indicator (4.2s)
✔ [1356/1373] Built Mathlib.Algebra.Order.CauSeq.Basic (18s)
✔ [1357/1373] Built Mathlib.Algebra.GroupWithZero.Action.Pointwise.Set (11s)
✔ [1358/1373] Built Mathlib.Algebra.Order.Module.Pointwise (4.3s)
✔ [1359/1373] Built Mathlib.Topology.Defs.Basic (2.9s)
✔ [1360/1374] Built Mathlib.Topology.ContinuousMap.Defs (3.3s)
✔ [1361/1378] Built Mathlib.Algebra.Order.Floor.Ring (21s)
✔ [1362/1378] Built Mathlib.Algebra.BigOperators.Expect (9.7s)
✔ [1363/1378] Built Mathlib.Algebra.Order.CauSeq.Completion (10s)
✔ [1364/1379] Built Mathlib.Order.Filter.AtTopBot.Defs (4.2s)
✔ [1365/1381] Built Mathlib.Order.Filter.Bases.Basic (7.7s)
✔ [1366/1381] Built Mathlib.Order.Filter.AtTopBot.Disjoint (2.3s)
✔ [1367/1381] Built Mathlib.Algebra.Order.Round (8.7s)
✔ [1368/1389] Built Mathlib.Order.Filter.AtTopBot.Tendsto (3.6s)
✔ [1369/1389] Built Mathlib.Order.Filter.Prod (6.6s)
✔ [1370/1389] Built Mathlib.Order.Filter.Finite (5.2s)
✔ [1371/1392] Built Mathlib.Data.Real.Basic (9.7s)
✔ [1372/1393] Built Mathlib.Topology.Defs.Filter (5.1s)
✔ [1373/1394] Built Mathlib.Order.Filter.AtTopBot.Basic (6.0s)
✔ [1374/1396] Built Mathlib.Order.Filter.Lift (5.3s)
✔ [1375/1397] Built Mathlib.Data.Rat.Floor (7.0s)
✔ [1376/1397] Built Mathlib.Data.Set.Constructions (2.7s)
✔ [1377/1397] Built Mathlib.Topology.Basic (2.9s)
✔ [1378/1397] Built Mathlib.Data.Set.Finite.Lemmas (2.4s)
✔ [1379/1398] Built Mathlib.Order.Filter.Bases.Finite (2.0s)
✔ [1380/1402] Built Mathlib.Order.Filter.AtTopBot.Prod (2.6s)
✔ [1381/1402] Built Mathlib.Topology.Defs.Induced (2.6s)
✔ [1382/1402] Built Mathlib.Topology.Closure (4.6s)
✔ [1383/1403] Built Mathlib.Order.Filter.AtTopBot.Finite (4.1s)
✔ [1384/1403] Built Mathlib.Data.Countable.Basic (3.6s)
✔ [1385/1404] Built Mathlib.Logic.Equiv.List (3.7s)
✔ [1386/1406] Built Mathlib.Topology.Neighborhoods (4.9s)
✔ [1387/1406] Built Mathlib.Data.Set.Countable (4.0s)
✔ [1388/1406] Built Mathlib.Algebra.Order.Archimedean.Basic (13s)
✔ [1389/1407] Built Mathlib.Order.Filter.Ker (3.1s)
✔ [1390/1407] Built Mathlib.Data.Fin.VecNotation (6.0s)
✔ [1391/1407] Built Mathlib.Topology.NhdsSet (3.4s)
✔ [1392/1407] Built Mathlib.Topology.ClusterPt (4.5s)
✔ [1393/1412] Built Mathlib.Order.Filter.CountablyGenerated (3.7s)
✔ [1394/1412] Built Mathlib.Order.Filter.Pi (4.6s)
✔ [1395/1412] Built Mathlib.Order.Filter.Curry (2.8s)
✔ [1396/1413] Built Mathlib.Topology.Continuous (4.1s)
✔ [1397/1413] Built Mathlib.Order.Filter.AtTopBot.CountablyGenerated (3.4s)
✔ [1398/1413] Built Mathlib.Data.Real.Archimedean (7.9s)
✔ [1399/1413] Built Mathlib.Order.Filter.Cofinite (4.3s)
✔ [1400/1413] Built Mathlib.Topology.Separation.SeparatedNhds (4.1s)
✔ [1401/1420] Built Mathlib.Data.Real.Pointwise (4.1s)
✔ [1402/1420] Built Mathlib.Topology.Order (7.0s)
✔ [1403/1425] Built Mathlib.Order.ZornAtoms (2.5s)
✔ [1404/1425] Built Mathlib.Topology.Bornology.Basic (4.2s)
✔ [1405/1430] Built Mathlib.Order.Filter.SmallSets (4.7s)
✔ [1406/1432] Built Mathlib.Order.Filter.Ultrafilter.Defs (5.6s)
✔ [1407/1432] Built Mathlib.Topology.Maps.Basic (6.6s)
✔ [1408/1436] Built Mathlib.Topology.Defs.Ultrafilter (2.2s)
✔ [1409/1436] Built Mathlib.Data.NNReal.Defs (15s)
✔ [1410/1436] Built Mathlib.Order.Filter.Ultrafilter.Basic (3.7s)
✔ [1411/1436] Built Mathlib.Topology.Maps.OpenQuotient (2.0s)
✔ [1412/1436] Built Mathlib.Data.NNReal.Basic (4.2s)
✔ [1413/1438] Built Mathlib.Topology.Homeomorph.Defs (5.0s)
✔ [1414/1438] Built Mathlib.Topology.Ultrafilter (2.6s)
✔ [1415/1438] Built Mathlib.Order.UpperLower.Basic (15s)
✔ [1416/1438] Built Mathlib.Analysis.Normed.Group.Seminorm (12s)
✔ [1417/1441] Built Mathlib.Order.UpperLower.Fibration (2.8s)
✔ [1418/1446] Built Mathlib.Topology.Constructions.SumProd (10s)
✔ [1419/1446] Built Mathlib.Data.ENNReal.Basic (9.9s)
✔ [1420/1447] Built Mathlib.Tactic.Monotonicity.Basic (2.1s)
✔ [1421/1447] Built Mathlib.Order.UpperLower.CompleteLattice (9.9s)
✔ [1422/1447] Built Mathlib.Data.ENNReal.Real (7.6s)
✔ [1423/1447] Built Mathlib.Topology.Constructions (13s)
✔ [1424/1447] Built Mathlib.Order.UpperLower.Principal (3.9s)
✔ [1425/1447] Built Mathlib.Topology.UniformSpace.Defs (8.1s)
✔ [1426/1449] Built Mathlib.Order.UpperLower.Closure (6.8s)
✔ [1427/1449] Built Mathlib.Topology.UniformSpace.OfFun (4.5s)
✔ [1429/1452] Built Mathlib.Data.ENNReal.Operations (14s)
✔ [1430/1452] Built Mathlib.Topology.ContinuousOn (12s)
✔ [1431/1452] Built Mathlib.Order.SuccPred.Relation (2.9s)
✔ [1432/1452] Built Mathlib.Data.Rel (33s)
✔ [1433/1452] Built Mathlib.Logic.Equiv.Fin.Basic (4.8s)
✔ [1434/1452] Built Mathlib.Topology.Piecewise (4.4s)
✔ [1435/1452] Built Mathlib.Topology.Inseparable (8.2s)
✔ [1436/1452] Built Mathlib.Topology.LocallyFinite (4.9s)
