✔ [2106/2150] Built Mathlib.Tactic.Measurability (1.9s)
✔ [2107/2151] Built Mathlib.Tactic.ModCases (3.0s)
✔ [2108/2152] Built Mathlib.Tactic.Monotonicity.Lemmas (1.8s)
✔ [2109/2152] Built Mathlib.Tactic.MoveAdd (4.0s)
✔ [2110/2152] Built Mathlib.Tactic.Monotonicity (1.8s)
✔ [2111/2152] Built Mathlib.LinearAlgebra.Matrix.Notation (10s)
✔ [2112/2158] Built Mathlib.Tactic.NormNum.BigOperators (9.6s)
✔ [2113/2158] Built Mathlib.Tactic.NormNum.GCD (5.8s)
✔ [2114/2162] Built Mathlib.Algebra.CharP.Basic (3.3s)
✔ [2115/2162] Built Mathlib.Data.Fintype.Units (2.6s)
✔ [2116/2165] Built Mathlib.Algebra.QuadraticDiscriminant (5.8s)
✔ [2117/2165] Built Mathlib.Algebra.Ring.Action.Submonoid (4.2s)
✔ [2118/2165] Built Mathlib.Algebra.Ring.Fin (3.4s)
✔ [2119/2169] Built Mathlib.Analysis.Analytic.CPolynomialDef (30s)
✔ [2120/2169] Built Mathlib.Data.ZMod.Basic (14s)
✔ [2121/2170] Built Mathlib.Algebra.Algebra.Subalgebra.Operations (4.5s)
✔ [2122/2170] Built Mathlib.GroupTheory.QuotientGroup.Finite (3.3s)
✔ [2123/2170] Built Mathlib.Data.ZMod.IntUnitsPower (4.9s)
✔ [2124/2170] Built Mathlib.Analysis.Analytic.Linear (15s)
✔ [2125/2170] Built Mathlib.LinearAlgebra.Matrix.ToLin (37s)
✔ [2126/2171] Built Mathlib.Algebra.Ring.NegOnePow (6.1s)
✔ [2127/2172] Built Mathlib.Analysis.Normed.Module.Ball.Pointwise (14s)
✔ [2128/2172] Built Mathlib.RingTheory.Ideal.Quotient.Basic (11s)
✔ [2129/2172] Built Mathlib.Algebra.Field.NegOnePow (4.7s)
✔ [2130/2174] Built Mathlib.Algebra.Ring.Periodic (10s)
✔ [2131/2174] Built Mathlib.Algebra.ModEq (8.8s)
✔ [2132/2174] Built Mathlib.Data.Int.SuccPred (3.7s)
✔ [2133/2174] Built Mathlib.LinearAlgebra.Complex.Module (20s)
✔ [2134/2176] Built Mathlib.Analysis.Analytic.Composition (42s)
✔ [2135/2176] Built Mathlib.Algebra.Field.Periodic (4.9s)
✔ [2136/2176] Built Mathlib.Order.Circular (3.8s)
✔ [2137/2176] Built Mathlib.Analysis.Complex.Basic (23s)
✔ [2138/2176] Built Mathlib.Algebra.Group.Units.Opposite (3.4s)
✔ [2139/2176] Built Mathlib.Analysis.Analytic.Inverse (36s)
✔ [2140/2176] Built Mathlib.RingTheory.Ideal.Quotient.Operations (51s)
✔ [2141/2176] Built Mathlib.Analysis.Complex.Asymptotics (5.1s)
✔ [2142/2176] Built Mathlib.Algebra.Order.ToIntervalMod (30s)
✔ [2143/2176] Built Mathlib.Algebra.Ring.AddAut (3.5s)
✔ [2144/2178] Built Mathlib.Analysis.Normed.Algebra.Exponential (18s)
✔ [2145/2178] Built Mathlib.Algebra.Order.Ring.GeomSum (4.9s)
✔ [2146/2185] Built Mathlib.Analysis.SpecialFunctions.Exp (9.1s)
✔ [2147/2185] Built Mathlib.Data.Nat.Choose.Central (4.2s)
✔ [2148/2185] Built Mathlib.Analysis.Normed.Group.Quotient (12s)
✔ [2149/2186] Built Mathlib.Analysis.SpecialFunctions.Log.Basic (12s)
✔ [2150/2187] Built Mathlib.Data.Nat.Digits.Defs (10s)
✔ [2151/2187] Built Mathlib.Data.Nat.Cast.Field (3.5s)
✔ [2152/2187] Built Mathlib.Analysis.Analytic.Constructions (80s)
✔ [2153/2187] Built Mathlib.Data.Nat.Factorization.Basic (7.3s)
✔ [2154/2187] Built Mathlib.Data.Nat.Factorization.Induction (5.3s)
✔ [2155/2187] Built Mathlib.Data.Nat.Digits.Lemmas (7.0s)
✔ [2156/2192] Built Mathlib.Analysis.SpecialFunctions.Trigonometric.Basic (24s)
✔ [2157/2192] Built Mathlib.Algebra.Group.Nat.Range (2.9s)
✔ [2158/2192] Built Mathlib.Analysis.Analytic.Within (5.9s)
✔ [2159/2198] Built Mathlib.Data.Nat.Choose.Factorization (4.7s)
✔ [2160/2199] Built Mathlib.Data.Nat.Count (3.1s)
✔ [2161/2199] Built Mathlib.Topology.SeparatedMap (3.6s)
✔ [2162/2201] Built Mathlib.GroupTheory.Divisible (4.6s)
✔ [2163/2206] Built Mathlib.Topology.Instances.ZMultiples (3.5s)
✔ [2164/2206] Built Mathlib.Data.Nat.Multiplicity (4.5s)
✔ [2165/2206] Built Mathlib.Algebra.CharZero.Quotient (3.6s)
✔ [2166/2206] Built Mathlib.Data.Nat.Periodic (2.6s)
✔ [2167/2207] Built Mathlib.Topology.Instances.Sign (2.6s)
✔ [2168/2208] Built Mathlib.Topology.IsLocalHomeomorph (3.3s)
✔ [2169/2208] Built Mathlib.Data.Nat.Prime.Int (2.3s)
✔ [2170/2210] Built Mathlib.Data.Rat.Sqrt (3.4s)
✔ [2171/2210] Built Mathlib.Algebra.CharP.Lemmas (6.2s)
✔ [2172/2210] Built Mathlib.Analysis.SpecialFunctions.Trigonometric.Inverse (7.5s)
✔ [2173/2213] Built Mathlib.Algebra.CharP.Two (4.7s)
✔ [2174/2213] Built Mathlib.Algebra.CharP.Frobenius (5.5s)
✔ [2175/2217] Built Mathlib.Analysis.Analytic.CPolynomial (34s)
✔ [2176/2217] Built Mathlib.Algebra.Polynomial.Derivative (11s)
✔ [2177/2217] Built Mathlib.Algebra.MonoidAlgebra.MapDomain (7.1s)
✔ [2178/2217] Built Mathlib.Data.Nat.Totient (7.3s)
✔ [2179/2217] Built Mathlib.Algebra.MonoidAlgebra.Division (4.3s)
✔ [2180/2219] Built Mathlib.Algebra.Polynomial.Inductions (4.0s)
✔ [2181/2220] Built Mathlib.Algebra.MonoidAlgebra.Basic (18s)
✔ [2182/2220] Built Mathlib.Topology.Instances.AddCircle.Defs (18s)
✔ [2183/2223] Built Mathlib.Algebra.Polynomial.Div (14s)
✔ [2184/2223] Built Mathlib.Order.PiLex (6.5s)
✔ [2185/2223] Built Mathlib.Topology.Instances.AddCircle.Real (4.0s)
✔ [2186/2223] Built Mathlib.Data.DFinsupp.Order (10s)
✔ [2187/2223] Built Mathlib.Data.DFinsupp.NeLocus (5.1s)
✔ [2188/2223] Built Mathlib.Algebra.Polynomial.AlgebraMap (17s)
✔ [2189/2224] Built Mathlib.Algebra.Order.Group.PiLex (3.8s)
✔ [2190/2231] Built Mathlib.Data.DFinsupp.Lex (9.3s)
✔ [2191/2231] Built Mathlib.Algebra.Polynomial.RingDivision (11s)
✔ [2192/2231] Built Mathlib.Algebra.Regular.Pow (2.8s)
✔ [2193/2234] Built Mathlib.Analysis.Normed.Group.AddCircle (14s)
✔ [2194/2235] Built Mathlib.Data.Finsupp.Antidiagonal (3.7s)
✔ [2195/2235] Built Mathlib.Data.Finsupp.Lex (6.6s)
✔ [2196/2235] Built Mathlib.Data.Finsupp.Fin (3.9s)
✔ [2197/2235] Built Mathlib.Analysis.Calculus.FDeriv.Analytic (65s)
✔ [2198/2235] Built Mathlib.Algebra.Polynomial.BigOperators (7.1s)
✔ [2199/2237] Built Mathlib.Algebra.BigOperators.Finsupp.Fin (4.0s)
✔ [2200/2237] Built Mathlib.Analysis.SpecialFunctions.Trigonometric.Angle (16s)
✔ [2201/2237] Built Mathlib.Algebra.MvPolynomial.Basic (18s)
✔ [2202/2237] Built Mathlib.Analysis.SpecialFunctions.Exponential (15s)
✔ [2203/2237] Built Mathlib.Order.PartialSups (4.5s)
✔ [2204/2237] Built Mathlib.Analysis.SpecialFunctions.Complex.Arg (14s)
✔ [2205/2237] Built Mathlib.Algebra.MvPolynomial.Eval (14s)
✔ [2206/2237] Built Mathlib.Algebra.Order.SuccPred.PartialSups (3.2s)
✔ [2207/2237] Built Mathlib.Analysis.Calculus.ContDiff.Defs (64s)
✔ [2208/2241] Built Mathlib.Analysis.SpecialFunctions.Complex.Log (5.3s)
✔ [2209/2241] Built Mathlib.Analysis.Calculus.ContDiff.FaaDiBruno (66s)
✔ [2210/2241] Built Mathlib.Algebra.MvPolynomial.Rename (6.7s)
✔ [2211/2241] Built Mathlib.Analysis.Calculus.IteratedDeriv.Defs (11s)
✔ [2212/2241] Built Mathlib.Analysis.SpecialFunctions.Pow.Complex (9.5s)
✔ [2213/2241] Built Mathlib.GroupTheory.Finiteness (9.5s)
✔ [2214/2241] Built Mathlib.Algebra.MvPolynomial.Degrees (8.8s)
✔ [2215/2241] Built Mathlib.RingTheory.Finiteness.Defs (4.7s)
✔ [2216/2241] Built Mathlib.Analysis.SpecialFunctions.Pow.Real (18s)
✔ [2217/2241] Built Mathlib.Algebra.MvPolynomial.Variables (8.5s)
✔ [2218/2241] Built Mathlib.Algebra.MvPolynomial.Equiv (18s)
✔ [2219/2242] Built Mathlib.Algebra.MvPolynomial.CommRing (5.7s)
✔ [2220/2249] Built Mathlib.RingTheory.Finiteness.Basic (10s)
✔ [2221/2256] Built Mathlib.Order.SuccPred.InitialSeg (2.6s)
✔ [2222/2256] Built Mathlib.RingTheory.Noetherian.Defs (3.9s)
✔ [2223/2260] Built Mathlib.Logic.Small.List (2.8s)
✔ [2224/2264] Built Mathlib.Order.IsNormal (6.7s)
✔ [2225/2264] Built Mathlib.Analysis.Calculus.FDeriv.Mul (124s)
✔ [2226/2264] Built Mathlib.LinearAlgebra.Quotient.Card (2.4s)
✔ [2227/2264] Built Mathlib.RingTheory.Finiteness.Finsupp (4.1s)
✔ [2228/2264] Built Mathlib.RingTheory.Ideal.Prod (4.8s)
