✔ [1430/1447] Built Mathlib.Topology.Irreducible (5.1s)
✔ [1435/1447] Built Mathlib.Topology.Compactness.Compact (15s)
✔ [1436/1447] Built Mathlib.Topology.Bases (17s)
✔ [1437/1447] Built Mathlib.Topology.UniformSpace.Basic (12s)
✔ [1438/1452] Built Mathlib.Topology.Compactness.LocallyFinite (2.9s)
✔ [1442/1454] Built Mathlib.Data.ENNReal.Inv (18s)
✔ [1443/1454] Built Mathlib.Topology.Compactness.LocallyCompact (3.4s)
✔ [1444/1454] Built Mathlib.Topology.UniformSpace.Compact (3.4s)
✔ [1445/1454] Built Mathlib.Topology.Connected.Basic (5.8s)
✔ [1446/1456] Built Mathlib.Order.Filter.CountableInter (4.4s)
✔ [1447/1456] Built Mathlib.Topology.Compactness.SigmaCompact (5.1s)
✔ [1448/1464] Built Mathlib.Topology.Connected.LocallyConnected (3.0s)
✔ [1449/1464] Built Mathlib.Topology.EMetricSpace.Defs (9.6s)
✔ [1450/1468] Built Mathlib.Data.Set.Functor (4.4s)
✔ [1451/1468] Built Mathlib.Data.Set.BoolIndicator (2.8s)
✔ [1452/1473] Built Mathlib.Topology.UniformSpace.DiscreteUniformity (3.1s)
✔ [1453/1473] Built Mathlib.Data.Set.Subset (3.0s)
✔ [1454/1473] Built Mathlib.Topology.Separation.Basic (10s)
✔ [1455/1475] Built Mathlib.Topology.Compactness.Lindelof (6.7s)
✔ [1456/1475] Built Mathlib.Topology.Clopen (2.7s)
✔ [1457/1477] Built Mathlib.Topology.Bornology.Constructions (3.4s)
✔ [1458/1477] Built Mathlib.Topology.Separation.Hausdorff (6.1s)
✔ [1459/1478] Built Mathlib.Algebra.Ring.Pointwise.Set (2.7s)
✔ [1460/1480] Built Mathlib.Topology.Connected.Clopen (6.0s)
✔ [1461/1480] Built Mathlib.Order.Filter.AtTopBot.CompleteLattice (3.7s)
✔ [1462/1480] Built Mathlib.Topology.MetricSpace.Pseudo.Defs (11s)
✔ [1463/1480] Built Mathlib.Order.Filter.AtTopBot.Map (2.2s)
✔ [1464/1482] Built Mathlib.Topology.Algebra.Support (7.4s)
✔ [1465/1484] Built Mathlib.Topology.Connected.TotallyDisconnected (4.1s)
✔ [1466/1484] Built Mathlib.Order.Filter.AtTopBot.Monoid (3.9s)
✔ [1467/1484] Built Mathlib.Topology.Separation.Regular (6.1s)
✔ [1468/1490] Built Mathlib.Order.OrdContinuous (3.6s)
✔ [1469/1490] Built Mathlib.Order.Interval.Set.Pi (5.1s)
✔ [1470/1490] Built Mathlib.Order.Filter.AtTopBot.Group (5.1s)
✔ [1471/1491] Built Mathlib.Order.Filter.Interval (7.6s)
✔ [1472/1496] Built Mathlib.Topology.Order.LeftRight (2.9s)
✔ [1473/1496] Built Mathlib.Data.ENNReal.Lemmas (2.7s)
✔ [1474/1497] Built Mathlib.Topology.UniformSpace.Separation (3.8s)
✔ [1475/1503] Built Mathlib.Topology.DenseEmbedding (4.2s)
✔ [1476/1503] Built Mathlib.Topology.MetricSpace.Defs (4.2s)
✔ [1477/1505] Built Mathlib.Order.Interval.Set.OrdConnectedComponent (6.4s)
✔ [1478/1507] Built Mathlib.Topology.Homeomorph.Lemmas (10s)
✔ [1479/1507] Built Mathlib.Topology.Order.OrderClosed (14s)
✔ [1480/1508] Built Mathlib.Data.EReal.Basic (12s)
✔ [1481/1508] Built Mathlib.Order.Filter.AtTopBot.Ring (2.8s)
✔ [1482/1508] Built Mathlib.Topology.Algebra.Constructions (5.0s)
✔ [1483/1508] Built Mathlib.Topology.Order.Basic (14s)
✔ [1484/1508] Built Mathlib.Algebra.Field.Subfield.Defs (12s)
✔ [1485/1508] Built Mathlib.Algebra.Order.Group.Pointwise.Interval (23s)
✔ [1486/1508] Built Mathlib.Order.Filter.AtTopBot.Field (7.8s)
✔ [1487/1510] Built Mathlib.Data.EReal.Operations (22s)
✔ [1488/1511] Built Mathlib.Topology.Order.T5 (4.2s)
✔ [1489/1511] Built Mathlib.Topology.UniformSpace.Cauchy (10s)
✔ [1490/1514] Built Mathlib.Topology.Order.Real (3.3s)
✔ [1491/1514] Built Mathlib.Order.Filter.NAry (3.8s)
✔ [1492/1517] Built Mathlib.Algebra.AddTorsor.Defs (3.6s)
✔ [1493/1517] Built Mathlib.Algebra.Group.Pointwise.Set.Lattice (5.5s)
✔ [1494/1517] Built Mathlib.Topology.Order.LeftRightNhds (13s)
✔ [1495/1517] Built Mathlib.Topology.UniformSpace.UniformEmbedding (7.0s)
✔ [1496/1517] Built Mathlib.Topology.UniformSpace.UniformConvergence (7.9s)
✔ [1497/1517] Built Mathlib.Topology.Algebra.Monoid.Defs (2.4s)
✔ [1498/1517] Built Mathlib.Topology.UniformSpace.Pi (3.5s)
✔ [1499/1517] Built Mathlib.Topology.Order.IsLUB (7.4s)
✔ [1500/1517] Built Mathlib.Topology.MetricSpace.Pseudo.Constructions (5.8s)
✔ [1501/1519] Built Mathlib.Topology.UniformSpace.LocallyUniformConvergence (4.3s)
✔ [1502/1519] Built Mathlib.Order.Filter.Pointwise (13s)
✔ [1503/1520] Built Mathlib.Topology.Algebra.ConstMulAction (12s)
✔ [1504/1521] Built Mathlib.Algebra.Group.Subgroup.MulOpposite (3.4s)
✔ [1505/1524] Built Mathlib.Topology.Algebra.MulAction (6.2s)
✔ [1506/1524] Built Mathlib.Topology.Order.DenselyOrdered (8.4s)
✔ [1507/1524] Built Mathlib.Topology.EMetricSpace.Basic (8.0s)
✔ [1508/1524] Built Mathlib.Data.Sigma.Lex (1.7s)
✔ [1509/1525] Built Mathlib.Data.Prod.Lex (6.3s)
✔ [1510/1525] Built Mathlib.Algebra.Group.Subgroup.MulOppositeLemmas (3.7s)
✔ [1511/1525] Built Mathlib.Order.WellQuasiOrder (2.6s)
✔ [1512/1525] Built Mathlib.Topology.MetricSpace.Pseudo.Lemmas (3.9s)
✔ [1513/1525] Built Mathlib.Topology.EMetricSpace.Pi (3.6s)
✔ [1514/1529] Built Mathlib.Algebra.Group.Subgroup.ZPowers.Basic (4.1s)
✔ [1515/1530] Built Mathlib.Topology.MetricSpace.Pseudo.Basic (6.5s)
✔ [1516/1536] Built Mathlib.GroupTheory.Subgroup.Center (3.2s)
✔ [1517/1536] Built Mathlib.Order.WellFoundedSet (8.7s)
✔ [1518/1538] Built Mathlib.Topology.MetricSpace.Pseudo.Pi (4.7s)
✔ [1519/1539] Built Mathlib.Topology.Algebra.Monoid (16s)
✔ [1520/1539] Built Mathlib.Topology.Algebra.Group.Defs (3.2s)
✔ [1521/1539] Built Mathlib.GroupTheory.Subgroup.Centralizer (4.5s)
✔ [1522/1539] Built Mathlib.Topology.MetricSpace.Basic (3.3s)
✔ [1523/1539] Built Mathlib.Topology.Order.LocalExtr (7.2s)
✔ [1524/1539] Built Mathlib.Algebra.Group.Submonoid.Pointwise (6.1s)
✔ [1525/1539] Built Mathlib.Topology.Algebra.GroupWithZero (5.2s)
✔ [1526/1540] Built Mathlib.GroupTheory.GroupAction.ConjAct (4.4s)
✔ [1527/1540] Built Mathlib.Topology.Algebra.Order.Group (5.8s)
✔ [1528/1542] Built Mathlib.Topology.Order.Bornology (2.8s)
✔ [1529/1550] Built Mathlib.Algebra.Group.Submonoid.Units (6.6s)
✔ [1530/1553] Built Mathlib.Topology.MetricSpace.ProperSpace (3.2s)
✔ [1531/1553] Built Mathlib.Tactic.Order.CollectFacts (4.4s)
✔ [1532/1553] Built Mathlib.Algebra.Group.Subgroup.Pointwise (7.0s)
✔ [1533/1553] Built Mathlib.Topology.MetricSpace.Cauchy (3.3s)
✔ [1534/1555] Built Mathlib.Tactic.Order.Graph.Basic (2.5s)
✔ [1535/1555] Built Mathlib.Topology.EMetricSpace.Diam (3.6s)
✔ [1536/1555] Built Mathlib.Tactic.Order.Preprocessing (2.5s)
✔ [1537/1555] Built Mathlib.Tactic.Order.Graph.Tarjan (2.1s)
✔ [1538/1555] Built Mathlib.Data.Int.ConditionallyCompleteOrder (3.3s)
✔ [1539/1560] Built Mathlib.Data.Int.Interval (4.4s)
✔ [1540/1561] Built Mathlib.Data.Fintype.Pigeonhole (2.3s)
✔ [1541/1561] Built Mathlib.Tactic.Order (3.8s)
✔ [1542/1561] Built Mathlib.Analysis.Normed.Group.Basic (25s)
✔ [1543/1565] Built Mathlib.Order.Filter.AtTopBot.Archimedean (5.4s)
✔ [1544/1565] Built Mathlib.Topology.Order.MonotoneContinuity (5.4s)
✔ [1545/1565] Built Mathlib.Order.SuccPred.LinearLocallyFinite (6.6s)
✔ [1546/1565] Built Mathlib.Analysis.Normed.Group.Submodule (3.6s)
✔ [1547/1567] Built Mathlib.Topology.Order.Monotone (7.6s)
✔ [1548/1567] Built Mathlib.Topology.Algebra.Group.Basic (22s)
✔ [1549/1570] Built Mathlib.Data.Set.UnionLift (3.3s)
✔ [1550/1570] Built Mathlib.Topology.Instances.Discrete (3.7s)
✔ [1551/1570] Built Mathlib.Analysis.Normed.Group.Constructions (9.3s)
✔ [1552/1570] Built Mathlib.Topology.Metrizable.Basic (4.7s)
✔ [1553/1570] Built Mathlib.Topology.Algebra.Group.GroupTopology (7.4s)
✔ [1554/1571] Built Mathlib.Topology.Defs.Sequences (2.4s)
✔ [1555/1571] Built Mathlib.Topology.ContinuousMap.Basic (9.8s)
✔ [1556/1571] Built Mathlib.Topology.Order.IntermediateValue (18s)
✔ [1557/1571] Built Mathlib.Topology.Metrizable.Uniformity (5.6s)
✔ [1558/1571] Built Mathlib.Topology.Algebra.Ring.Basic (7.0s)
✔ [1559/1571] Built Mathlib.Topology.UniformSpace.CompleteSeparated (2.8s)
✔ [1560/1571] Built Mathlib.Topology.Sequences (3.9s)
✔ [1561/1573] Built Mathlib.Topology.Algebra.IsUniformGroup.Defs (20s)
✔ [1562/1577] Built Mathlib.Topology.UniformSpace.Real (2.6s)
✔ [1563/1578] Built Mathlib.Topology.Coherent (3.4s)
✔ [1564/1578] Built Mathlib.Topology.Order.Compact (8.3s)
✔ [1565/1578] Built Mathlib.Topology.Algebra.Field (7.8s)
✔ [1566/1579] Built Mathlib.Topology.UniformSpace.Equiv (6.4s)
✔ [1567/1580] Built Mathlib.Topology.UniformSpace.UniformApproximation (4.0s)
✔ [1568/1580] Built Mathlib.Topology.Algebra.IsUniformGroup.Constructions (3.0s)
✔ [1569/1580] Built Mathlib.Algebra.Group.Subgroup.Actions (2.0s)
✔ [1570/1585] Built Mathlib.Algebra.Group.Subgroup.ZPowers.Lemmas (3.1s)
✔ [1571/1586] Built Mathlib.Topology.MetricSpace.Bounded (8.5s)
✔ [1572/1586] Built Mathlib.Topology.Algebra.Order.Field (9.0s)
✔ [1573/1586] Built Mathlib.Data.List.Lemmas (3.0s)
✔ [1574/1588] Built Mathlib.Algebra.Group.Commutator (2.1s)
✔ [1575/1588] Built Mathlib.Topology.Instances.Int (3.7s)
✔ [1576/1592] Built Mathlib.Topology.Bornology.Real (3.0s)
✔ [1577/1593] Built Mathlib.Data.List.Permutation (5.1s)
✔ [1578/1593] Built Mathlib.Topology.UniformSpace.UniformConvergenceTopology (12s)
✔ [1579/1596] Built Mathlib.Algebra.Quotient (2.1s)
✔ [1580/1596] Built Mathlib.Topology.Algebra.Ring.Real (4.1s)
✔ [1581/1598] Built Mathlib.Data.Fintype.List (2.5s)
✔ [1582/1598] Built Mathlib.GroupTheory.Congruence.Defs (7.8s)
✔ [1583/1598] Built Mathlib.Data.Finite.Sigma (2.3s)
✔ [1584/1598] Built Mathlib.GroupTheory.Coset.Defs (5.1s)
✔ [1585/1601] Built Mathlib.Topology.UniformSpace.Equicontinuity (6.9s)
✔ [1586/1601] Built Mathlib.Analysis.Normed.Group.Continuity (8.1s)
✔ [1587/1601] Built Mathlib.Data.List.Cycle (8.3s)
✔ [1588/1601] Built Mathlib.GroupTheory.GroupAction.Basic (7.6s)
✔ [1589/1601] Built Mathlib.Topology.Algebra.Group.Pointwise (10s)
✔ [1590/1601] Built Mathlib.Tactic.TautoSet (2.2s)
✔ [1591/1602] Built Mathlib.GroupTheory.Congruence.Hom (5.7s)
✔ [1592/1602] Built Mathlib.Topology.UniformSpace.HeineCantor (3.2s)
✔ [1593/1602] Built Mathlib.Topology.DiscreteSubset (4.7s)
✔ [1594/1604] Built Mathlib.Dynamics.PeriodicPts.Defs (5.2s)
✔ [1595/1608] Built Mathlib.GroupTheory.Coset.Basic (11s)
✔ [1596/1610] Built Mathlib.Algebra.Module.LinearMap.DivisionRing (2.6s)
✔ [1597/1613] Built Mathlib.Algebra.Group.Fin.Tuple (2.9s)
✔ [1598/1613] Built Mathlib.Algebra.Algebra.Prod (3.9s)
✔ [1599/1617] Built Mathlib.GroupTheory.QuotientGroup.Defs (8.0s)
✔ [1600/1617] Built Mathlib.LinearAlgebra.GeneralLinearGroup (3.7s)
✔ [1601/1617] Built Mathlib.Algebra.Group.Graph (7.1s)
✔ [1602/1617] Built Mathlib.Order.Sublattice (8.4s)
✔ [1603/1617] Built Mathlib.LinearAlgebra.Quotient.Defs (6.0s)
✔ [1604/1617] Built Mathlib.Algebra.GroupWithZero.Idempotent (2.3s)
✔ [1605/1617] Built Mathlib.GroupTheory.Commutator.Basic (5.5s)
✔ [1606/1622] Built Mathlib.GroupTheory.QuotientGroup.Basic (11s)
✔ [1607/1622] Built Mathlib.Algebra.Module.Submodule.Invariant (4.6s)
✔ [1608/1622] Built Mathlib.Topology.Algebra.ContinuousMonoidHom (9.5s)
✔ [1609/1625] Built Mathlib.Algebra.Ring.Idempotent (3.5s)
✔ [1610/1625] Built Mathlib.Data.Finsupp.Option (5.1s)
✔ [1611/1627] Built Mathlib.Topology.UniformSpace.AbstractCompletion (6.1s)
✔ [1612/1628] Built Mathlib.GroupTheory.GroupAction.Quotient (10s)
✔ [1613/1628] Built Mathlib.Order.Interval.Set.ProjIcc (5.9s)
✔ [1614/1628] Built Mathlib.LinearAlgebra.Prod (21s)
✔ [1615/1628] Built Mathlib.Topology.UniformSpace.Completion (7.2s)
✔ [1616/1628] Built Mathlib.Topology.Bornology.Hom (3.1s)
✔ [1617/1633] Built Mathlib.Topology.Algebra.Group.Quotient (4.9s)
✔ [1618/1633] Built Mathlib.LinearAlgebra.Finsupp.LinearCombination (13s)
✔ [1619/1633] Built Mathlib.Topology.EMetricSpace.Lipschitz (7.0s)
✔ [1620/1638] Built Mathlib.Topology.Algebra.UniformMulAction (5.8s)
✔ [1621/1639] Built Mathlib.Order.Interval.Set.Monotone (3.6s)
✔ [1622/1639] Built Mathlib.Data.Fintype.Lattice (2.9s)
✔ [1623/1639] Built Mathlib.LinearAlgebra.Pi (14s)
✔ [1624/1639] Built Mathlib.Topology.MetricSpace.Antilipschitz (4.7s)
✔ [1625/1642] Built Mathlib.Topology.Algebra.IsUniformGroup.Basic (13s)
✔ [1626/1642] Built Mathlib.Topology.Filter (3.9s)
✔ [1627/1642] Built Mathlib.Topology.Algebra.Module.Basic (7.1s)
✔ [1628/1643] Built Mathlib.LinearAlgebra.Basis.Defs (15s)
✔ [1629/1643] Built Mathlib.Data.DFinsupp.Ext (4.3s)
✔ [1630/1646] Built Mathlib.Topology.MetricSpace.Isometry (11s)
✔ [1631/1647] Built Mathlib.Topology.Maps.Proper.Basic (3.3s)
✔ [1632/1648] Built Mathlib.Data.DFinsupp.Module (4.4s)
✔ [1633/1648] Built Mathlib.LinearAlgebra.Quotient.Basic (15s)
✔ [1634/1648] Built Mathlib.Data.List.Pi (2.5s)
✔ [1635/1648] Built Mathlib.LinearAlgebra.Finsupp.SumProd (3.8s)
✔ [1636/1648] Built Mathlib.Topology.MetricSpace.Lipschitz (5.2s)
✔ [1637/1648] Built Mathlib.Data.Finsupp.ToDFinsupp (5.1s)
✔ [1638/1648] Built Mathlib.Data.Fintype.Quotient (3.5s)
✔ [1639/1654] Built Mathlib.Data.DFinsupp.BigOperators (13s)
✔ [1640/1654] Built Mathlib.Data.DFinsupp.Sigma (4.1s)
✔ [1641/1654] Built Mathlib.Data.DFinsupp.Submonoid (3.7s)
✔ [1642/1656] Built Mathlib.Data.Finset.Fin (2.7s)
✔ [1643/1658] Built Mathlib.Topology.MetricSpace.IsometricSMul (19s)
✔ [1644/1661] Built Mathlib.Order.Interval.Set.Fin (11s)
✔ [1645/1661] Built Mathlib.LinearAlgebra.Projection (24s)
✔ [1646/1662] Built Mathlib.Algebra.Group.Fin.Basic (4.4s)
✔ [1647/1665] Built Mathlib.LinearAlgebra.LinearIndependent.Defs (19s)
✔ [1648/1665] Built Mathlib.Tactic.LinearCombination.Lemmas (5.9s)
✔ [1649/1665] Built Mathlib.Tactic.Ring.Compare (8.9s)
✔ [1650/1665] Built Mathlib.Logic.Equiv.Fin.Rotate (3.0s)
✔ [1651/1668] Built Mathlib.Order.Interval.Finset.Fin (13s)
✔ [1652/1668] Built Mathlib.Tactic.NoncommRing (2.6s)
✔ [1653/1671] Built Mathlib.Tactic.LinearCombination (4.4s)
✔ [1654/1671] Built Mathlib.Data.Fintype.Fin (3.0s)
✔ [1655/1671] Built Mathlib.RingTheory.NonUnitalSubring.Basic (9.3s)
✔ [1656/1671] Built Mathlib.Algebra.Algebra.NonUnitalHom (14s)
✔ [1657/1674] Built Mathlib.Tactic.Module (27s)
