✔ [1990/2035] Built Mathlib.Algebra.Star.Center (2.5s)
✔ [1992/2037] Built Mathlib.Algebra.Order.Star.Basic (13s)
✔ [1993/2043] Built Mathlib.RingTheory.Coprime.Basic (6.8s)
✔ [1994/2043] Built Mathlib.RingTheory.Coprime.Lemmas (6.5s)
✔ [1995/2045] Built Mathlib.Analysis.Calculus.Deriv.Comp (28s)
✔ [1996/2046] Built Mathlib.Algebra.Field.IsField (4.8s)
✔ [1997/2048] Built Mathlib.RingTheory.Nilpotent.Defs (4.8s)
✔ [1998/2048] Built Mathlib.Algebra.Star.MonoidHom (5.7s)
✔ [1999/2048] Built Mathlib.RingTheory.Ideal.Basic (4.0s)
✔ [2000/2048] Built Mathlib.Data.Real.Star (2.6s)
✔ [2001/2051] Built Mathlib.Topology.Algebra.Module.Star (6.2s)
✔ [2002/2051] Built Mathlib.Algebra.Group.Submonoid.Finite (3.2s)
✔ [2003/2053] Built Mathlib.Data.Int.ModEq (4.1s)
✔ [2004/2053] Built Mathlib.Algebra.Group.Subgroup.Finite (7.4s)
✔ [2005/2054] Built Mathlib.Data.Nat.Prime.Basic (5.1s)
✔ [2006/2056] Built Mathlib.RingTheory.Ideal.Operations (27s)
✔ [2007/2056] Built Mathlib.Algebra.Star.NonUnitalSubalgebra (65s)
✔ [2008/2056] Built Mathlib.Dynamics.PeriodicPts.Lemmas (3.9s)
✔ [2009/2056] Built Mathlib.GroupTheory.Coset.Card (8.0s)
✔ [2010/2057] Built Mathlib.Data.Set.Card (20s)
✔ [2011/2059] Built Mathlib.RingTheory.Ideal.Maps (20s)
✔ [2012/2059] Built Mathlib.Analysis.NormedSpace.Multilinear.Basic (92s)
✔ [2013/2059] Built Mathlib.Data.Nat.Log (4.6s)
✔ [2014/2059] Built Mathlib.Data.Nat.Prime.Pow (2.1s)
✔ [2015/2059] Built Mathlib.Algebra.Star.Subalgebra (25s)
✔ [2016/2059] Built Mathlib.Algebra.Algebra.Spectrum.Basic (11s)
✔ [2017/2061] Built Mathlib.GroupTheory.Index (15s)
✔ [2018/2064] Built Mathlib.Algebra.IsPrimePow (2.8s)
✔ [2019/2064] Built Mathlib.Analysis.Normed.Operator.BoundedLinearMaps (21s)
✔ [2020/2066] Built Mathlib.Algebra.Star.Unitary (19s)
✔ [2021/2066] Built Mathlib.Data.List.Prime (2.6s)
✔ [2022/2067] Built Mathlib.Data.Nat.Prime.Infinite (2.4s)
✔ [2023/2067] Built Mathlib.Analysis.Calculus.FDeriv.Linear (6.1s)
✔ [2024/2067] Built Mathlib.Order.Interval.Set.Infinite (2.9s)
✔ [2025/2070] Built Mathlib.Analysis.NormedSpace.Alternating.Basic (39s)
✔ [2026/2071] Built Mathlib.Data.Nat.Factors (4.1s)
✔ [2027/2071] Built Mathlib.Analysis.CStarAlgebra.Basic (11s)
✔ [2028/2071] Built Mathlib.Algebra.Group.AddChar (9.3s)
✔ [2029/2071] Built Mathlib.Analysis.Calculus.Deriv.Linear (6.7s)
✔ [2030/2071] Built Mathlib.Analysis.NormedSpace.Multilinear.Curry (66s)
✔ [2031/2071] Built Mathlib.Algebra.Group.TypeTags.Finite (2.5s)
✔ [2032/2071] Built Mathlib.Analysis.Calculus.FDeriv.Equiv (31s)
✔ [2033/2075] Built Mathlib.Data.Nat.PrimeFin (3.8s)
✔ [2034/2075] Built Mathlib.Topology.Instances.RealVectorSpace (3.7s)
✔ [2035/2075] Built Mathlib.Analysis.Calculus.Deriv.Inverse (6.0s)
✔ [2036/2075] Built Mathlib.Analysis.Calculus.FDeriv.Prod (51s)
✔ [2037/2075] Built Mathlib.Analysis.Calculus.FDeriv.Add (50s)
✔ [2038/2075] Built Mathlib.Topology.Sets.Closeds (8.1s)
✔ [2039/2078] Built Mathlib.Analysis.Calculus.FormalMultilinearSeries (29s)
✔ [2040/2078] Built Mathlib.Analysis.Calculus.FDeriv.Bilinear (11s)
✔ [2041/2078] Built Mathlib.NumberTheory.Divisors (22s)
✔ [2042/2079] Built Mathlib.Topology.LocallyConstant.Basic (6.3s)
✔ [2043/2079] Built Mathlib.Analysis.Calculus.Deriv.Add (14s)
✔ [2044/2079] Built Mathlib.Data.Complex.Basic (14s)
✔ [2045/2080] Built Mathlib.Analysis.Analytic.ConvergenceRadius (35s)
✔ [2046/2080] Built Mathlib.Analysis.Calculus.Deriv.Slope (10s)
✔ [2047/2080] Built Mathlib.GroupTheory.OrderOfElement (45s)
✔ [2048/2080] Built Mathlib.Analysis.Calculus.Deriv.AffineMap (5.6s)
✔ [2049/2080] Built Mathlib.Data.Complex.BigOperators (3.4s)
✔ [2050/2080] Built Mathlib.Analysis.Complex.Norm (7.7s)
✔ [2051/2080] Built Mathlib.Analysis.Calculus.ContDiff.FTaylorSeries (65s)
✔ [2052/2080] Built Mathlib.Algebra.CharP.Invertible (3.4s)
✔ [2053/2081] Built Mathlib.Analysis.Analytic.OfScalars (16s)
✔ [2054/2082] Built Mathlib.Analysis.Normed.Ring.Finite (4.7s)
✔ [2055/2082] Built Mathlib.Analysis.Complex.Order (5.4s)
✔ [2056/2082] Built Mathlib.Algebra.Algebra.Subalgebra.Tower (4.1s)
✔ [2057/2083] Built Mathlib.Analysis.Calculus.FDeriv.CompCLM (61s)
✔ [2058/2087] Built Mathlib.Data.Finite.Sum (2.4s)
✔ [2059/2093] Built Mathlib.Algebra.BigOperators.RingEquiv (2.4s)
✔ [2060/2094] Built Mathlib.Algebra.Star.BigOperators (3.3s)
✔ [2061/2094] Built Mathlib.LinearAlgebra.Matrix.Defs (5.7s)
✔ [2062/2094] Built Mathlib.LinearAlgebra.Basis.Prod (3.8s)
✔ [2063/2103] Built Mathlib.LinearAlgebra.Basis.Fin (5.4s)
✔ [2064/2103] Built Mathlib.Data.Matrix.Diagonal (5.2s)
✔ [2065/2103] Built Mathlib.LinearAlgebra.StdBasis (8.3s)
✔ [2066/2108] Built Mathlib.RingTheory.AlgebraTower (7.3s)
✔ [2067/2109] Built Mathlib.Analysis.RCLike.Basic (37s)
✔ [2068/2113] Built Mathlib.Algebra.Ring.Action.ConjAct (3.2s)
✔ [2069/2116] Built Mathlib.Algebra.Order.CauSeq.BigOperators (14s)
✔ [2070/2116] Built Mathlib.Data.Nat.Factorial.Cast (3.9s)
✔ [2071/2116] Built Mathlib.Data.Matrix.Mul (20s)
✔ [2072/2116] Built Mathlib.Analysis.SpecificLimits.RCLike (4.8s)
✔ [2073/2116] Built Mathlib.Topology.MetricSpace.CauSeqFilter (4.1s)
✔ [2074/2124] Built Mathlib.Data.Nat.Choose.Cast (4.3s)
✔ [2075/2125] Built Mathlib.Analysis.Analytic.Basic (67s)
✔ [2076/2125] Built Mathlib.Order.Preorder.Finsupp (3.6s)
✔ [2077/2130] Built Mathlib.Algebra.Order.Group.Finset (6.4s)
✔ [2078/2130] Built Mathlib.Analysis.Complex.Exponential (15s)
✔ [2079/2130] Built Mathlib.Data.Finsupp.Order (7.3s)
✔ [2080/2130] Built Mathlib.Data.Matrix.Basic (16s)
✔ [2081/2133] Built Mathlib.Data.Finsupp.Multiset (5.4s)
✔ [2082/2134] Built Mathlib.Data.Matrix.Basis (16s)
✔ [2083/2135] Built Mathlib.RingTheory.Multiplicity (18s)
✔ [2084/2135] Built Mathlib.Analysis.Analytic.ChangeOrigin (29s)
✔ [2085/2135] Built Mathlib.Tactic.Generalize (1.1s)
✔ [2086/2135] Built Mathlib.Analysis.Complex.Trigonometric (21s)
✔ [2087/2135] Built Mathlib.LinearAlgebra.Matrix.StdBasis (2.8s)
✔ [2088/2136] Built Mathlib.Analysis.Calculus.FDeriv.Pi (5.1s)
✔ [2089/2137] Built Mathlib.Data.Matrix.Composition (3.9s)
✔ [2090/2137] Built Mathlib.NumberTheory.Padics.PadicVal.Defs (2.5s)
✔ [2091/2138] Built Mathlib.Tactic.Group (3.3s)
✔ [2092/2139] Built Mathlib.Tactic.Have (1.0s)
✔ [2093/2139] Built Mathlib.LinearAlgebra.Matrix.ConjTranspose (6.4s)
✔ [2094/2139] Built Mathlib.Data.Nat.Factorization.Defs (4.7s)
✔ [2095/2141] Built Mathlib.Tactic.LiftLets (1.8s)
✔ [2096/2141] Built Mathlib.Tactic.ITauto (7.4s)
✔ [2097/2142] Built Mathlib.Tactic.IntervalCases (6.8s)
✔ [2099/2144] Built Mathlib.LinearAlgebra.Matrix.RowCol (6.2s)
✔ [2100/2144] Built Mathlib.Tactic.LinearCombination' (6.9s)
✔ [2101/2147] Built Mathlib.Tactic.Linarith.Oracle.FourierMotzkin (3.8s)
✔ [2103/2147] Built Mathlib.Data.Matrix.Block (10s)
✔ [2104/2147] Built Mathlib.Tactic.Measurability.Init (2.1s)
✔ [2105/2147] Built Mathlib.Tactic.Linter.TextBased (3.4s)
