✔ [1833/1856] Built Mathlib.Algebra.DirectSum.Finsupp (2.5s)
✔ [1835/1856] Built Mathlib.Logic.Equiv.Embedding (2.6s)
✔ [1836/1856] Built Mathlib.Topology.Algebra.MetricSpace.Lipschitz (3.2s)
✔ [1837/1857] Built Mathlib.Data.Fintype.CardEmbedding (3.1s)
✔ [1838/1864] Built Mathlib.Algebra.BigOperators.Group.Finset.Powerset (3.6s)
✔ [1839/1868] Built Mathlib.GroupTheory.FreeGroup.Basic (16s)
✔ [1840/1868] Built Mathlib.Data.Fintype.Inv (3.0s)
✔ [1841/1869] Built Mathlib.Data.Fintype.Sort (3.5s)
✔ [1842/1870] Built Mathlib.Analysis.LocallyConvex.WithSeminorms (23s)
✔ [1843/1870] Built Mathlib.Logic.Equiv.Fintype (3.2s)
✔ [1844/1870] Built Mathlib.Algebra.BigOperators.Module (4.1s)
✔ [1845/1871] Built Mathlib.GroupTheory.FreeAbelianGroup (12s)
✔ [1846/1871] Built Mathlib.Algebra.Order.Field.Power (4.9s)
✔ [1847/1871] Built Mathlib.Algebra.FreeAbelianGroup.Finsupp (3.9s)
✔ [1848/1876] Built Mathlib.Algebra.Polynomial.Degree.TrailingDegree (5.9s)
✔ [1849/1877] Built Mathlib.LinearAlgebra.Finsupp.VectorSpace (6.2s)
✔ [1850/1877] Built Mathlib.Algebra.Polynomial.Monomial (4.9s)
✔ [1851/1879] Built Mathlib.Algebra.Polynomial.Degree.Monomial (3.4s)
✔ [1852/1880] Built Mathlib.Algebra.Polynomial.EraseLead (6.4s)
✔ [1853/1883] Built Mathlib.Algebra.BigOperators.WithTop (3.9s)
✔ [1854/1883] Built Mathlib.LinearAlgebra.Multilinear.Basic (32s)
✔ [1855/1883] Built Mathlib.Algebra.Polynomial.Reverse (6.8s)
✔ [1856/1883] Built Mathlib.LinearAlgebra.TensorProduct.Basic (64s)
✔ [1857/1884] Built Mathlib.Data.ENNReal.BigOperators (4.1s)
✔ [1858/1884] Built Mathlib.Topology.Order.LiminfLimsup (5.9s)
✔ [1859/1884] Built Mathlib.Analysis.Asymptotics.Defs (27s)
✔ [1860/1884] Built Mathlib.Topology.MetricSpace.Pseudo.Real (2.8s)
✔ [1861/1884] Built Mathlib.Algebra.Polynomial.Monic (7.1s)
✔ [1862/1885] Built Mathlib.LinearAlgebra.Multilinear.Curry (10s)
✔ [1863/1889] Built Mathlib.Logic.Equiv.PartialEquiv (9.1s)
✔ [1864/1889] Built Mathlib.Topology.Algebra.Module.Multilinear.Basic (19s)
✔ [1865/1891] Built Mathlib.Topology.Compactness.Bases (3.0s)
✔ [1866/1893] Built Mathlib.Order.Copy (6.3s)
✔ [1867/1893] Built Mathlib.Topology.Algebra.Module.Multilinear.Bounded (7.1s)
✔ [1868/1893] Built Mathlib.LinearAlgebra.TensorProduct.Associator (27s)
✔ [1869/1895] Built Mathlib.Topology.Instances.ENNReal.Lemmas (19s)
✔ [1870/1896] Built Mathlib.Topology.Order.Lattice (4.6s)
✔ [1871/1896] Built Mathlib.Topology.Sets.Opens (7.7s)
✔ [1872/1896] Built Mathlib.Topology.Algebra.InfiniteSum.Real (4.2s)
✔ [1873/1896] Built Mathlib.Analysis.Normed.Group.InfiniteSum (3.8s)
✔ [1874/1896] Built Mathlib.Analysis.Normed.Order.Lattice (5.6s)
✔ [1875/1896] Built Mathlib.Data.Nat.Factorial.BigOperators (3.7s)
✔ [1876/1897] Built Mathlib.Algebra.Ring.GeomSum (7.0s)
✔ [1877/1898] Built Mathlib.Algebra.Field.GeomSum (4.6s)
✔ [1878/1898] Built Mathlib.Analysis.Normed.Ring.InfiniteSum (11s)
✔ [1879/1900] Built Mathlib.Topology.OpenPartialHomeomorph (15s)
✔ [1880/1902] Built Mathlib.Algebra.Algebra.Bilinear (9.9s)
✔ [1881/1902] Built Mathlib.Algebra.Group.Pointwise.Set.BigOperators (4.6s)
✔ [1882/1905] Built Mathlib.Algebra.Order.Group.Action (1.9s)
✔ [1883/1905] Built Mathlib.Algebra.GroupWithZero.Submonoid.Pointwise (3.8s)
✔ [1884/1905] Built Mathlib.Algebra.Regular.Opposite (2.4s)
✔ [1885/1911] Built Mathlib.Algebra.Ring.Submonoid.Pointwise (5.2s)
✔ [1886/1911] Built Mathlib.Algebra.GroupWithZero.Subgroup (4.1s)
✔ [1887/1911] Built Mathlib.Algebra.Ring.NonZeroDivisors (4.0s)
✔ [1888/1911] Built Mathlib.Algebra.Order.Kleene (7.3s)
✔ [1889/1913] Built Mathlib.Analysis.Asymptotics.Lemmas (17s)
✔ [1890/1916] Built Mathlib.GroupTheory.GroupAction.SubMulAction.Pointwise (5.5s)
✔ [1891/1917] Built Mathlib.Data.Set.Semiring (4.2s)
✔ [1892/1918] Built Mathlib.Data.Nat.Cast.Order.Field (3.3s)
✔ [1893/1918] Built Mathlib.Data.Nat.Choose.Bounds (4.5s)
✔ [1894/1918] Built Mathlib.Algebra.Module.Submodule.Pointwise (9.0s)
✔ [1895/1922] Built Mathlib.Order.Filter.AtTopBot.ModEq (3.4s)
✔ [1896/1924] Built Mathlib.Topology.Semicontinuous (14s)
✔ [1897/1924] Built Mathlib.Data.EReal.Inv (9.9s)
✔ [1898/1926] Built Mathlib.LinearAlgebra.TensorProduct.Tower (62s)
✔ [1899/1928] Built Mathlib.Algebra.Polynomial.Eval.Algebra (2.5s)
✔ [1900/1929] Built Mathlib.Topology.Algebra.InfiniteSum.Module (5.8s)
✔ [1901/1929] Built Mathlib.Topology.Instances.EReal.Lemmas (8.8s)
✔ [1902/1930] Built Mathlib.LinearAlgebra.DirectSum.TensorProduct (11s)
✔ [1903/1933] Built Mathlib.RingTheory.Polynomial.Pochhammer (8.1s)
✔ [1904/1933] Built Mathlib.RingTheory.Ideal.Defs (3.8s)
✔ [1905/1939] Built Mathlib.Combinatorics.Enumerative.Composition (11s)
✔ [1906/1942] Built Mathlib.Algebra.Algebra.Operations (28s)
✔ [1907/1943] Built Mathlib.RingTheory.Ideal.Quotient.Defs (6.3s)
✔ [1908/1943] Built Mathlib.RingTheory.Ideal.Lattice (3.3s)
✔ [1909/1943] Built Mathlib.LinearAlgebra.DirectSum.Finsupp (12s)
✔ [1910/1946] Built Mathlib.Topology.Algebra.Ring.Ideal (3.9s)
✔ [1911/1946] Built Mathlib.RingTheory.Ideal.Span (4.4s)
✔ [1912/1946] Built Mathlib.RingTheory.Ideal.Prime (3.3s)
✔ [1913/1946] Built Mathlib.Tactic.Positivity.Finset (6.2s)
✔ [1914/1946] Built Mathlib.RingTheory.Ideal.Maximal (5.7s)
✔ [1915/1949] Built Mathlib.Algebra.Algebra.Subalgebra.Lattice (13s)
✔ [1916/1950] Built Mathlib.LinearAlgebra.TensorProduct.Basis (8.2s)
✔ [1917/1955] Built Mathlib.Tactic.Positivity (2.1s)
✔ [1918/1964] Built Mathlib.RingTheory.Ideal.Nonunits (2.5s)
✔ [1919/1965] Built Mathlib.Algebra.Module.Projective (8.4s)
✔ [1920/1965] Built Mathlib.Analysis.Asymptotics.Theta (9.4s)
✔ [1921/1965] Built Mathlib.Analysis.Convex.EGauge (11s)
✔ [1922/1965] Built Mathlib.Topology.Algebra.Algebra (12s)
✔ [1923/1968] Built Mathlib.Data.ENat.Lattice (4.8s)
✔ [1924/1968] Built Mathlib.Topology.Algebra.SeparationQuotient.Section (4.0s)
✔ [1925/1968] Built Mathlib.Analysis.Asymptotics.AsymptoticEquivalent (9.0s)
✔ [1926/1968] Built Mathlib.Topology.Algebra.GroupCompletion (8.2s)
✔ [1927/1971] Built Mathlib.Analysis.SpecificLimits.Basic (13s)
✔ [1928/1975] Built Mathlib.Topology.MetricSpace.Completion (5.0s)
✔ [1929/1975] Built Mathlib.Topology.Algebra.Module.Multilinear.Topology (18s)
✔ [1930/1975] Built Mathlib.Analysis.Asymptotics.TVS (35s)
✔ [1931/1975] Built Mathlib.Algebra.Ring.Hom.InjSurj (2.1s)
✔ [1932/1975] Built Mathlib.Analysis.Normed.Group.Completion (3.6s)
✔ [1933/1977] Built Mathlib.Analysis.Calculus.TangentCone (22s)
✔ [1934/1977] Built Mathlib.Topology.Algebra.Module.StrongTopology (33s)
✔ [1935/1978] Built Mathlib.Algebra.Ring.TransferInstance (4.6s)
✔ [1936/1978] Built Mathlib.Analysis.Calculus.FDeriv.Defs (7.5s)
✔ [1937/1980] Built Mathlib.Data.Finite.Card (3.4s)
✔ [1938/1982] Built Mathlib.Data.Fintype.Perm (6.3s)
✔ [1939/1989] Built Mathlib.Analysis.SpecificLimits.Normed (27s)
✔ [1940/1989] Built Mathlib.Topology.Algebra.UniformRing (8.3s)
✔ [1941/1989] Built Mathlib.Data.Int.Order.Units (2.4s)
✔ [1942/1989] Built Mathlib.LinearAlgebra.Multilinear.Basis (3.7s)
✔ [1943/1989] Built Mathlib.GroupTheory.Perm.Support (5.0s)
✔ [1944/2003] Built Mathlib.Analysis.Normed.Ring.Units (8.6s)
✔ [1945/2007] Built Mathlib.Topology.Algebra.UniformField (5.8s)
✔ [1946/2007] Built Mathlib.GroupTheory.Perm.Sign (7.0s)
✔ [1947/2008] Built Mathlib.Topology.Perfect (2.8s)
✔ [1948/2008] Built Mathlib.LinearAlgebra.AffineSpace.Slope (6.5s)
✔ [1949/2008] Built Mathlib.Analysis.Normed.Group.AddTorsor (5.1s)
✔ [1950/2012] Built Mathlib.Analysis.Normed.Operator.Basic (27s)
✔ [1951/2012] Built Mathlib.Topology.Algebra.Module.PerfectSpace (3.8s)
✔ [1952/2012] Built Mathlib.Analysis.Normed.Operator.Asymptotics (4.6s)
✔ [1953/2012] Built Mathlib.Analysis.Normed.Operator.NNNorm (11s)
✔ [1954/2013] Built Mathlib.Analysis.Convex.Jensen (13s)
✔ [1955/2014] Built Mathlib.LinearAlgebra.Alternating.Basic (22s)
✔ [1956/2014] Built Mathlib.Algebra.Algebra.Field (3.9s)
✔ [1957/2014] Built Mathlib.Topology.MetricSpace.HausdorffDistance (9.1s)
✔ [1958/2014] Built Mathlib.Algebra.BigOperators.Balance (3.8s)
✔ [1959/2018] Built Mathlib.Topology.MetricSpace.Thickening (9.3s)
✔ [1960/2018] Built Mathlib.Topology.Algebra.Module.Alternating.Basic (17s)
✔ [1961/2018] Built Mathlib.Analysis.Calculus.FDeriv.Basic (27s)
✔ [1962/2018] Built Mathlib.Algebra.Order.Module.Basic (3.7s)
✔ [1963/2019] Built Mathlib.Data.NNRat.Lemmas (3.4s)
✔ [1964/2019] Built Mathlib.Analysis.Normed.Group.Pointwise (10s)
✔ [1965/2019] Built Mathlib.Analysis.Calculus.FDeriv.RestrictScalars (8.2s)
✔ [1966/2019] Built Mathlib.Analysis.Calculus.FDeriv.Comp (10s)
✔ [1967/2019] Built Mathlib.Topology.Algebra.Module.Alternating.Topology (13s)
✔ [1968/2019] Built Mathlib.Analysis.Normed.Operator.Bilinear (52s)
✔ [1969/2022] Built Mathlib.Algebra.Order.Group.Opposite (2.4s)
✔ [1970/2023] Built Mathlib.Algebra.Order.Module.Rat (3.2s)
✔ [1971/2025] Built Mathlib.Analysis.Calculus.FDeriv.Congr (9.8s)
✔ [1972/2025] Built Mathlib.Analysis.Normed.Module.Convex (5.9s)
✔ [1973/2025] Built Mathlib.Algebra.Field.Opposite (3.6s)
✔ [1974/2026] Built Mathlib.Algebra.Star.StarRingHom (5.9s)
✔ [1975/2027] Built Mathlib.Algebra.Order.BigOperators.Expect (8.3s)
✔ [1976/2027] Built Mathlib.Algebra.Star.Rat (2.8s)
✔ [1977/2027] Built Mathlib.Analysis.Calculus.FDeriv.Const (11s)
✔ [1978/2030] Built Mathlib.Analysis.Normed.Operator.NormedSpace (15s)
✔ [1979/2030] Built Mathlib.Algebra.Star.Pi (2.7s)
✔ [1980/2030] Built Mathlib.Algebra.Module.LinearMap.Star (2.6s)
✔ [1981/2030] Built Mathlib.Analysis.Normed.Module.Completion (7.7s)
✔ [1982/2030] Built Mathlib.Algebra.Star.SelfAdjoint (12s)
✔ [1983/2030] Built Mathlib.Analysis.Normed.Group.Hom (15s)
✔ [1984/2030] Built Mathlib.Analysis.Calculus.Deriv.Basic (30s)
✔ [1985/2032] Built Mathlib.Algebra.Star.StarAlgHom (20s)
✔ [1986/2035] Built Mathlib.Analysis.Normed.Operator.Mul (24s)
✔ [1987/2035] Built Mathlib.Algebra.Star.StarProjection (3.1s)
✔ [1988/2035] Built Mathlib.Algebra.Star.Module (8.2s)
✔ [1989/2035] Built Mathlib.Algebra.Star.Pointwise (3.5s)
✔ [1990/2035] Built Mathlib.Algebra.Star.Prod (2.6s)
